[0.007s] Invoking command in '/home/rinese/RM/RM_prac/build/navigation_pkg': CMAKE_PREFIX_PATH=/opt/ros/humble /usr/bin/cmake /home/rinese/RM/RM_prac/src/navigation_pkg -DCMAKE_INSTALL_PREFIX=/home/rinese/RM/RM_prac/install/navigation_pkg
[0.051s] -- The C compiler identification is GNU 11.4.0
[0.090s] -- The CXX compiler identification is GNU 11.4.0
[0.095s] -- Detecting C compiler ABI info
[0.141s] -- Detecting C compiler ABI info - done
[0.149s] -- Check for working C compiler: /usr/bin/cc - skipped
[0.149s] -- Detecting C compile features
[0.149s] -- Detecting C compile features - done
[0.152s] -- Detecting CXX compiler ABI info
[0.208s] -- Detecting CXX compiler ABI info - done
[0.216s] -- Check for working CXX compiler: /usr/bin/c++ - skipped
[0.216s] -- Detecting CXX compile features
[0.217s] -- Detecting CXX compile features - done
[0.219s] -- Found ament_cmake: 1.3.12 (/opt/ros/humble/share/ament_cmake/cmake)
[0.323s] -- Found Python3: /usr/bin/python3 (found version "3.10.12") found components: Interpreter 
[0.445s] -- Configuring done
[0.453s] -- Generating done
[0.453s] -- Build files have been written to: /home/rinese/RM/RM_prac/build/navigation_pkg
[0.454s] Invoked command in '/home/rinese/RM/RM_prac/build/navigation_pkg' returned '0': CMAKE_PREFIX_PATH=/opt/ros/humble /usr/bin/cmake /home/rinese/RM/RM_prac/src/navigation_pkg -DCMAKE_INSTALL_PREFIX=/home/rinese/RM/RM_prac/install/navigation_pkg
[0.456s] Invoking command in '/home/rinese/RM/RM_prac/build/navigation_pkg': CMAKE_PREFIX_PATH=/opt/ros/humble /usr/bin/cmake --build /home/rinese/RM/RM_prac/build/navigation_pkg -- -j8 -l8
[0.481s] Invoked command in '/home/rinese/RM/RM_prac/build/navigation_pkg' returned '0': CMAKE_PREFIX_PATH=/opt/ros/humble /usr/bin/cmake --build /home/rinese/RM/RM_prac/build/navigation_pkg -- -j8 -l8
[0.487s] Invoking command in '/home/rinese/RM/RM_prac/build/navigation_pkg': CMAKE_PREFIX_PATH=/opt/ros/humble /usr/bin/cmake --install /home/rinese/RM/RM_prac/build/navigation_pkg
[0.491s] -- Install configuration: ""
[0.491s] -- Installing: /home/rinese/RM/RM_prac/install/navigation_pkg/share/navigation_pkg/launch
[0.491s] -- Installing: /home/rinese/RM/RM_prac/install/navigation_pkg/share/navigation_pkg/launch/turtlebot3_navigation.launch.py
[0.492s] -- Installing: /home/rinese/RM/RM_prac/install/navigation_pkg/share/navigation_pkg/launch/speed_limit.launch.py
[0.492s] -- Installing: /home/rinese/RM/RM_prac/install/navigation_pkg/share/navigation_pkg/launch/navigation_with_speed_limit.launch.py
[0.492s] -- Installing: /home/rinese/RM/RM_prac/install/navigation_pkg/share/navigation_pkg/launch/navigation.launch.py
[0.492s] -- Installing: /home/rinese/RM/RM_prac/install/navigation_pkg/share/navigation_pkg/param
[0.492s] -- Installing: /home/rinese/RM/RM_prac/install/navigation_pkg/share/navigation_pkg/param/keepout_params.yaml
[0.492s] -- Installing: /home/rinese/RM/RM_prac/install/navigation_pkg/share/navigation_pkg/param/nav2_params.yaml
[0.492s] -- Installing: /home/rinese/RM/RM_prac/install/navigation_pkg/share/navigation_pkg/param/speed_params.yaml
[0.492s] -- Installing: /home/rinese/RM/RM_prac/install/navigation_pkg/share/navigation_pkg/param/nav2_params_speed_limit.yaml
[0.492s] -- Installing: /home/rinese/RM/RM_prac/install/navigation_pkg/share/ament_index/resource_index/package_run_dependencies/navigation_pkg
[0.493s] -- Installing: /home/rinese/RM/RM_prac/install/navigation_pkg/share/ament_index/resource_index/parent_prefix_path/navigation_pkg
[0.493s] -- Installing: /home/rinese/RM/RM_prac/install/navigation_pkg/share/navigation_pkg/environment/ament_prefix_path.sh
[0.493s] -- Installing: /home/rinese/RM/RM_prac/install/navigation_pkg/share/navigation_pkg/environment/ament_prefix_path.dsv
[0.493s] -- Installing: /home/rinese/RM/RM_prac/install/navigation_pkg/share/navigation_pkg/environment/path.sh
[0.493s] -- Installing: /home/rinese/RM/RM_prac/install/navigation_pkg/share/navigation_pkg/environment/path.dsv
[0.493s] -- Installing: /home/rinese/RM/RM_prac/install/navigation_pkg/share/navigation_pkg/local_setup.bash
[0.493s] -- Installing: /home/rinese/RM/RM_prac/install/navigation_pkg/share/navigation_pkg/local_setup.sh
[0.493s] -- Installing: /home/rinese/RM/RM_prac/install/navigation_pkg/share/navigation_pkg/local_setup.zsh
[0.493s] -- Installing: /home/rinese/RM/RM_prac/install/navigation_pkg/share/navigation_pkg/local_setup.dsv
[0.493s] -- Installing: /home/rinese/RM/RM_prac/install/navigation_pkg/share/navigation_pkg/package.dsv
[0.493s] -- Installing: /home/rinese/RM/RM_prac/install/navigation_pkg/share/ament_index/resource_index/packages/navigation_pkg
[0.493s] -- Installing: /home/rinese/RM/RM_prac/install/navigation_pkg/share/navigation_pkg/cmake/navigation_pkgConfig.cmake
[0.493s] -- Installing: /home/rinese/RM/RM_prac/install/navigation_pkg/share/navigation_pkg/cmake/navigation_pkgConfig-version.cmake
[0.493s] -- Installing: /home/rinese/RM/RM_prac/install/navigation_pkg/share/navigation_pkg/package.xml
[0.495s] Invoked command in '/home/rinese/RM/RM_prac/build/navigation_pkg' returned '0': CMAKE_PREFIX_PATH=/opt/ros/humble /usr/bin/cmake --install /home/rinese/RM/RM_prac/build/navigation_pkg
