[0.024s] Invoking command in '/home/leo/RM_prac/build/practica3_pkg': CMAKE_PREFIX_PATH=/opt/ros/humble /usr/bin/cmake /home/leo/RM_prac/src/practica3_pkg -DCMAKE_INSTALL_PREFIX=/home/leo/RM_prac/install/practica3_pkg
[0.372s] -- The C compiler identification is GNU 11.4.0
[1.521s] -- The CXX compiler identification is GNU 11.4.0
[2.120s] -- Detecting C compiler ABI info
[2.374s] -- Detecting C compiler ABI info - done
[2.381s] -- Check for working C compiler: /usr/bin/cc - skipped
[2.382s] -- Detecting C compile features
[2.382s] -- Detecting C compile features - done
[2.386s] -- Detecting CXX compiler ABI info
[2.640s] -- Detecting CXX compiler ABI info - done
[2.649s] -- Check for working CXX compiler: /usr/bin/c++ - skipped
[2.650s] -- Detecting CXX compile features
[2.650s] -- Detecting CXX compile features - done
[2.652s] -- Found ament_cmake: 1.3.11 (/opt/ros/humble/share/ament_cmake/cmake)
[2.816s] -- Found Python3: /usr/bin/python3 (found version "3.10.12") found components: Interpreter 
[2.911s] -- Found rclcpp: 16.0.11 (/opt/ros/humble/share/rclcpp/cmake)
[3.136s] -- Found rosidl_generator_c: 3.1.6 (/opt/ros/humble/share/rosidl_generator_c/cmake)
[3.139s] -- Found rosidl_adapter: 3.1.6 (/opt/ros/humble/share/rosidl_adapter/cmake)
[3.146s] -- Found rosidl_generator_cpp: 3.1.6 (/opt/ros/humble/share/rosidl_generator_cpp/cmake)
[3.156s] -- Using all available rosidl_typesupport_c: rosidl_typesupport_fastrtps_c;rosidl_typesupport_introspection_c
[3.168s] -- Using all available rosidl_typesupport_cpp: rosidl_typesupport_fastrtps_cpp;rosidl_typesupport_introspection_cpp
[3.205s] -- Found rmw_implementation_cmake: 6.1.2 (/opt/ros/humble/share/rmw_implementation_cmake/cmake)
[3.207s] -- Found rmw_fastrtps_cpp: 6.2.7 (/opt/ros/humble/share/rmw_fastrtps_cpp/cmake)
[4.277s] -- Found OpenSSL: /usr/lib/x86_64-linux-gnu/libcrypto.so (found version "3.0.2")  
[5.932s] -- Found FastRTPS: /opt/ros/humble/include  
[11.533s] -- Using RMW implementation 'rmw_fastrtps_cpp' as default
[11.537s] -- Looking for pthread.h
[12.152s] -- Looking for pthread.h - found
[12.152s] -- Performing Test CMAKE_HAVE_LIBC_PTHREAD
[12.783s] -- Performing Test CMAKE_HAVE_LIBC_PTHREAD - Success
[12.784s] -- Found Threads: TRUE  
[12.873s] -- Found geometry_msgs: 4.2.4 (/opt/ros/humble/share/geometry_msgs/cmake)
[12.893s] -- Found tf2: 0.25.12 (/opt/ros/humble/share/tf2/cmake)
[12.916s] -- Found tf2_geometry_msgs: 0.25.12 (/opt/ros/humble/share/tf2_geometry_msgs/cmake)
[13.052s] -- Found eigen3_cmake_module: 0.1.1 (/opt/ros/humble/share/eigen3_cmake_module/cmake)
[13.052s] -- Found Eigen3: TRUE (found version "3.4.0") 
[13.052s] -- Ensuring Eigen3 include directory is part of orocos-kdl CMake target
[13.315s] -- Found ament_lint_auto: 0.12.11 (/opt/ros/humble/share/ament_lint_auto/cmake)
[13.504s] -- Added test 'cppcheck' to perform static code analysis on C / C++ code
[13.504s] -- Configured cppcheck include dirs: 
[13.504s] -- Configured cppcheck exclude dirs and/or files: 
[13.506s] -- Added test 'lint_cmake' to check CMake code style
[13.508s] -- Added test 'uncrustify' to check C / C++ code style
[13.508s] -- Configured uncrustify additional arguments: 
[13.509s] -- Added test 'xmllint' to check XML markup files
[13.513s] -- Configuring done
[13.590s] -- Generating done
[13.619s] -- Build files have been written to: /home/leo/RM_prac/build/practica3_pkg
[13.692s] Invoked command in '/home/leo/RM_prac/build/practica3_pkg' returned '0': CMAKE_PREFIX_PATH=/opt/ros/humble /usr/bin/cmake /home/leo/RM_prac/src/practica3_pkg -DCMAKE_INSTALL_PREFIX=/home/leo/RM_prac/install/practica3_pkg
[13.693s] Invoking command in '/home/leo/RM_prac/build/practica3_pkg': CMAKE_PREFIX_PATH=/opt/ros/humble /usr/bin/cmake --build /home/leo/RM_prac/build/practica3_pkg -- -j8 -l8
[13.930s] [ 50%] [32mBuilding CXX object CMakeFiles/transform_listener.dir/src/transform_listener.cpp.o[0m
[31.388s] [100%] [32m[1mLinking CXX executable transform_listener[0m
[32.042s] [100%] Built target transform_listener
[32.051s] Invoked command in '/home/leo/RM_prac/build/practica3_pkg' returned '0': CMAKE_PREFIX_PATH=/opt/ros/humble /usr/bin/cmake --build /home/leo/RM_prac/build/practica3_pkg -- -j8 -l8
[32.053s] Invoking command in '/home/leo/RM_prac/build/practica3_pkg': CMAKE_PREFIX_PATH=/opt/ros/humble /usr/bin/cmake --install /home/leo/RM_prac/build/practica3_pkg
[32.060s] -- Install configuration: ""
[32.060s] -- Installing: /home/leo/RM_prac/install/practica3_pkg/lib/practica3_pkg/transform_listener
[32.063s] -- Set runtime path of "/home/leo/RM_prac/install/practica3_pkg/lib/practica3_pkg/transform_listener" to ""
[32.064s] -- Installing: /home/leo/RM_prac/install/practica3_pkg/share/ament_index/resource_index/package_run_dependencies/practica3_pkg
[32.064s] -- Installing: /home/leo/RM_prac/install/practica3_pkg/share/ament_index/resource_index/parent_prefix_path/practica3_pkg
[32.064s] -- Installing: /home/leo/RM_prac/install/practica3_pkg/share/practica3_pkg/environment/ament_prefix_path.sh
[32.065s] -- Installing: /home/leo/RM_prac/install/practica3_pkg/share/practica3_pkg/environment/ament_prefix_path.dsv
[32.065s] -- Installing: /home/leo/RM_prac/install/practica3_pkg/share/practica3_pkg/environment/path.sh
[32.065s] -- Installing: /home/leo/RM_prac/install/practica3_pkg/share/practica3_pkg/environment/path.dsv
[32.065s] -- Installing: /home/leo/RM_prac/install/practica3_pkg/share/practica3_pkg/local_setup.bash
[32.066s] -- Installing: /home/leo/RM_prac/install/practica3_pkg/share/practica3_pkg/local_setup.sh
[32.066s] -- Installing: /home/leo/RM_prac/install/practica3_pkg/share/practica3_pkg/local_setup.zsh
[32.066s] -- Installing: /home/leo/RM_prac/install/practica3_pkg/share/practica3_pkg/local_setup.dsv
[32.066s] -- Installing: /home/leo/RM_prac/install/practica3_pkg/share/practica3_pkg/package.dsv
[32.066s] -- Installing: /home/leo/RM_prac/install/practica3_pkg/share/ament_index/resource_index/packages/practica3_pkg
[32.066s] -- Installing: /home/leo/RM_prac/install/practica3_pkg/share/practica3_pkg/cmake/practica3_pkgConfig.cmake
[32.067s] -- Installing: /home/leo/RM_prac/install/practica3_pkg/share/practica3_pkg/cmake/practica3_pkgConfig-version.cmake
[32.067s] -- Installing: /home/leo/RM_prac/install/practica3_pkg/share/practica3_pkg/package.xml
[32.070s] Invoked command in '/home/leo/RM_prac/build/practica3_pkg' returned '0': CMAKE_PREFIX_PATH=/opt/ros/humble /usr/bin/cmake --install /home/leo/RM_prac/build/practica3_pkg
