[0.015s] Invoking command in '/home/rinese/RM_prac/build/upv_maps_pkg': CMAKE_PREFIX_PATH=${CMAKE_PREFIX_PATH}:/opt/ros/humble /usr/bin/cmake /home/rinese/RM_prac/src/upv_maps_pkg -DCMAKE_INSTALL_PREFIX=/home/rinese/RM_prac/install/upv_maps_pkg
[2.403s] -- The C compiler identification is GNU 11.4.0
[2.406s] -- The CXX compiler identification is GNU 11.4.0
[2.406s] -- Detecting C compiler ABI info
[2.406s] -- Detecting C compiler ABI info - done
[2.406s] -- Check for working C compiler: /usr/bin/cc - skipped
[2.406s] -- Detecting C compile features
[2.407s] -- Detecting C compile features - done
[2.407s] -- Detecting CXX compiler ABI info
[2.407s] -- Detecting CXX compiler ABI info - done
[2.407s] -- Check for working CXX compiler: /usr/bin/c++ - skipped
[2.407s] -- Detecting CXX compile features
[2.407s] -- Detecting CXX compile features - done
[2.407s] -- Found ament_cmake: 1.3.13 (/opt/ros/humble/share/ament_cmake/cmake)
[2.411s] -- Found Python3: /usr/bin/python3 (found version "3.10.12") found components: Interpreter 
[2.411s] -- Found ament_lint_auto: 0.12.15 (/opt/ros/humble/share/ament_lint_auto/cmake)
[2.411s] -- Added test 'lint_cmake' to check CMake code style
[2.411s] -- Added test 'xmllint' to check XML markup files
[2.411s] -- Configuring done
[2.411s] -- Generating done
[2.411s] -- Build files have been written to: /home/rinese/RM_prac/build/upv_maps_pkg
[2.480s] Invoked command in '/home/rinese/RM_prac/build/upv_maps_pkg' returned '0': CMAKE_PREFIX_PATH=${CMAKE_PREFIX_PATH}:/opt/ros/humble /usr/bin/cmake /home/rinese/RM_prac/src/upv_maps_pkg -DCMAKE_INSTALL_PREFIX=/home/rinese/RM_prac/install/upv_maps_pkg
[2.480s] Invoking command in '/home/rinese/RM_prac/build/upv_maps_pkg': CMAKE_PREFIX_PATH=${CMAKE_PREFIX_PATH}:/opt/ros/humble /usr/bin/cmake --build /home/rinese/RM_prac/build/upv_maps_pkg -- -j8 -l8
[2.577s] Invoked command in '/home/rinese/RM_prac/build/upv_maps_pkg' returned '0': CMAKE_PREFIX_PATH=${CMAKE_PREFIX_PATH}:/opt/ros/humble /usr/bin/cmake --build /home/rinese/RM_prac/build/upv_maps_pkg -- -j8 -l8
[2.580s] Invoking command in '/home/rinese/RM_prac/build/upv_maps_pkg': CMAKE_PREFIX_PATH=${CMAKE_PREFIX_PATH}:/opt/ros/humble /usr/bin/cmake --install /home/rinese/RM_prac/build/upv_maps_pkg
[2.593s] -- Install configuration: ""
[2.593s] -- Installing: /home/rinese/RM_prac/install/upv_maps_pkg/share/upv_maps_pkg/maps
[2.593s] -- Installing: /home/rinese/RM_prac/install/upv_maps_pkg/share/upv_maps_pkg/maps/disa
[2.593s] -- Installing: /home/rinese/RM_prac/install/upv_maps_pkg/share/upv_maps_pkg/maps/coppeliasim
[2.594s] -- Installing: /home/rinese/RM_prac/install/upv_maps_pkg/share/upv_maps_pkg/maps/coppeliasim/coppeliasim_map.yaml
[2.594s] -- Installing: /home/rinese/RM_prac/install/upv_maps_pkg/share/upv_maps_pkg/maps/coppeliasim/coppeliasim_map.pgm
[2.594s] -- Installing: /home/rinese/RM_prac/install/upv_maps_pkg/share/upv_maps_pkg/maps/coppeliasim/speed_mask_coppeliasim_map.pgm
[2.594s] -- Installing: /home/rinese/RM_prac/install/upv_maps_pkg/share/upv_maps_pkg/maps/coppeliasim/speed_mask_coppeliasim_map.yaml
[2.594s] -- Installing: /home/rinese/RM_prac/install/upv_maps_pkg/share/upv_maps_pkg/maps/etsinf
[2.594s] -- Installing: /home/rinese/RM_prac/install/upv_maps_pkg/share/upv_maps_pkg/maps/etsinf/lab_map.pgm
[2.597s] -- Installing: /home/rinese/RM_prac/install/upv_maps_pkg/share/upv_maps_pkg/maps/etsinf/speed_mask_lab_map.pgm
[2.597s] -- Installing: /home/rinese/RM_prac/install/upv_maps_pkg/share/upv_maps_pkg/maps/etsinf/lab_map.yaml
[2.597s] -- Installing: /home/rinese/RM_prac/install/upv_maps_pkg/share/upv_maps_pkg/maps/etsinf/speed_mask_lab_map.yaml
[2.598s] -- Installing: /home/rinese/RM_prac/install/upv_maps_pkg/share/ament_index/resource_index/package_run_dependencies/upv_maps_pkg
[2.598s] -- Installing: /home/rinese/RM_prac/install/upv_maps_pkg/share/ament_index/resource_index/parent_prefix_path/upv_maps_pkg
[2.598s] -- Installing: /home/rinese/RM_prac/install/upv_maps_pkg/share/upv_maps_pkg/environment/ament_prefix_path.sh
[2.598s] -- Installing: /home/rinese/RM_prac/install/upv_maps_pkg/share/upv_maps_pkg/environment/ament_prefix_path.dsv
[2.599s] -- Installing: /home/rinese/RM_prac/install/upv_maps_pkg/share/upv_maps_pkg/environment/path.sh
[2.599s] -- Installing: /home/rinese/RM_prac/install/upv_maps_pkg/share/upv_maps_pkg/environment/path.dsv
[2.599s] -- Installing: /home/rinese/RM_prac/install/upv_maps_pkg/share/upv_maps_pkg/local_setup.bash
[2.599s] -- Installing: /home/rinese/RM_prac/install/upv_maps_pkg/share/upv_maps_pkg/local_setup.sh
[2.599s] -- Installing: /home/rinese/RM_prac/install/upv_maps_pkg/share/upv_maps_pkg/local_setup.zsh
[2.599s] -- Installing: /home/rinese/RM_prac/install/upv_maps_pkg/share/upv_maps_pkg/local_setup.dsv
[2.599s] -- Installing: /home/rinese/RM_prac/install/upv_maps_pkg/share/upv_maps_pkg/package.dsv
[2.600s] -- Installing: /home/rinese/RM_prac/install/upv_maps_pkg/share/ament_index/resource_index/packages/upv_maps_pkg
[2.600s] -- Installing: /home/rinese/RM_prac/install/upv_maps_pkg/share/upv_maps_pkg/cmake/upv_maps_pkgConfig.cmake
[2.600s] -- Installing: /home/rinese/RM_prac/install/upv_maps_pkg/share/upv_maps_pkg/cmake/upv_maps_pkgConfig-version.cmake
[2.600s] -- Installing: /home/rinese/RM_prac/install/upv_maps_pkg/share/upv_maps_pkg/package.xml
[2.605s] Invoked command in '/home/rinese/RM_prac/build/upv_maps_pkg' returned '0': CMAKE_PREFIX_PATH=${CMAKE_PREFIX_PATH}:/opt/ros/humble /usr/bin/cmake --install /home/rinese/RM_prac/build/upv_maps_pkg
