[0.015s] Invoking command in '/home/leo/RM_prac/build/csm': CMAKE_PREFIX_PATH=${CMAKE_PREFIX_PATH}:/opt/ros/humble /usr/bin/cmake /home/leo/RM_prac/src/csm -DCMAKE_INSTALL_PREFIX=/home/leo/RM_prac/install/csm
[0.132s] -- The C compiler identification is GNU 11.4.0
[0.464s] -- The CXX compiler identification is GNU 11.4.0
[0.620s] -- Detecting C compiler ABI info
[0.715s] -- Detecting C compiler ABI info - done
[0.718s] -- Check for working C compiler: /usr/bin/cc - skipped
[0.718s] -- Detecting C compile features
[0.719s] -- Detecting C compile features - done
[0.721s] -- Detecting CXX compiler ABI info
[0.807s] -- Detecting CXX compiler ABI info - done
[0.810s] -- Check for working CXX compiler: /usr/bin/c++ - skipped
[0.810s] -- Detecting CXX compile features
[0.811s] -- Detecting CXX compile features - done
[0.817s] -- Found ament_cmake: 1.3.9 (/opt/ros/humble/share/ament_cmake/cmake)
[0.885s] -- Found Python3: /usr/bin/python3 (found version "3.10.12") found components: Interpreter 
[0.936s] -- Found rclcpp: 16.0.9 (/opt/ros/humble/share/rclcpp/cmake)
[1.026s] -- Found rosidl_generator_c: 3.1.5 (/opt/ros/humble/share/rosidl_generator_c/cmake)
[1.030s] -- Found rosidl_adapter: 3.1.5 (/opt/ros/humble/share/rosidl_adapter/cmake)
[1.036s] -- Found rosidl_generator_cpp: 3.1.5 (/opt/ros/humble/share/rosidl_generator_cpp/cmake)
[1.047s] -- Using all available rosidl_typesupport_c: rosidl_typesupport_fastrtps_c;rosidl_typesupport_introspection_c
[1.061s] -- Using all available rosidl_typesupport_cpp: rosidl_typesupport_fastrtps_cpp;rosidl_typesupport_introspection_cpp
[1.106s] -- Found rmw_implementation_cmake: 6.1.2 (/opt/ros/humble/share/rmw_implementation_cmake/cmake)
[1.108s] -- Found rmw_fastrtps_cpp: 6.2.6 (/opt/ros/humble/share/rmw_fastrtps_cpp/cmake)
[1.622s] -- Found OpenSSL: /usr/lib/x86_64-linux-gnu/libcrypto.so (found version "3.0.2")  
[1.994s] -- Found FastRTPS: /opt/ros/humble/include  
[2.666s] -- Using RMW implementation 'rmw_fastrtps_cpp' as default
[2.682s] -- Looking for pthread.h
[2.760s] -- Looking for pthread.h - found
[2.761s] -- Performing Test CMAKE_HAVE_LIBC_PTHREAD
[2.838s] -- Performing Test CMAKE_HAVE_LIBC_PTHREAD - Success
[2.839s] -- Found Threads: TRUE  
[2.965s] -- Configuring done
[2.968s] -- Generating done
[2.969s] -- Build files have been written to: /home/leo/RM_prac/build/csm
[2.976s] Invoked command in '/home/leo/RM_prac/build/csm' returned '0': CMAKE_PREFIX_PATH=${CMAKE_PREFIX_PATH}:/opt/ros/humble /usr/bin/cmake /home/leo/RM_prac/src/csm -DCMAKE_INSTALL_PREFIX=/home/leo/RM_prac/install/csm
[2.976s] Invoking command in '/home/leo/RM_prac/build/csm': CMAKE_PREFIX_PATH=${CMAKE_PREFIX_PATH}:/opt/ros/humble /usr/bin/cmake --build /home/leo/RM_prac/build/csm -- -j32 -l32
[2.996s] [  4%] [32mBuilding CXX object CMakeFiles/csm.dir/src/csm/math_utils.cpp.o[0m
[2.996s] [ 12%] [32mBuilding CXX object CMakeFiles/csm.dir/src/csm/math_utils_gsl.cpp.o[0m
[2.996s] [ 12%] [32mBuilding CXX object CMakeFiles/csm.dir/src/csm/sm_options.cpp.o[0m
[2.996s] [ 16%] [32mBuilding CXX object CMakeFiles/csm.dir/src/csm/clustering.cpp.o[0m
[2.997s] [ 20%] [32mBuilding CXX object CMakeFiles/csm.dir/src/gpc/gpc.cpp.o[0m
[2.997s] [ 25%] [32mBuilding CXX object CMakeFiles/csm.dir/src/csm/laser_data.cpp.o[0m
[2.998s] [ 33%] [32mBuilding CXX object CMakeFiles/csm.dir/src/csm/utils.cpp.o[0m
[2.998s] [ 33%] [32mBuilding CXX object CMakeFiles/csm.dir/src/egsl/egsl_misc.cpp.o[0m
[2.998s] [ 41%] [32mBuilding CXX object CMakeFiles/csm.dir/src/csm/orientation.cpp.o[0m
[2.998s] [ 41%] [32mBuilding CXX object CMakeFiles/csm.dir/src/csm/logging.cpp.o[0m
[2.998s] [ 45%] [32mBuilding CXX object CMakeFiles/csm.dir/src/icp/icp_corr_dumb.cpp.o[0m
[2.998s] [ 50%] [32mBuilding CXX object CMakeFiles/csm.dir/src/egsl/egsl.cpp.o[0m
[2.999s] [ 54%] [32mBuilding CXX object CMakeFiles/csm.dir/src/egsl/egsl_conversions.cpp.o[0m
[2.999s] [ 58%] [32mBuilding CXX object CMakeFiles/csm.dir/src/gpc/gpc_utils.cpp.o[0m
[2.999s] [ 62%] [32mBuilding CXX object CMakeFiles/csm.dir/src/icp/icp_debug.cpp.o[0m
[2.999s] [ 66%] [32mBuilding CXX object CMakeFiles/csm.dir/src/egsl/egsl_ops.cpp.o[0m
[3.000s] [ 70%] [32mBuilding CXX object CMakeFiles/csm.dir/src/icp/icp_loop.cpp.o[0m
[3.000s] [ 75%] [32mBuilding CXX object CMakeFiles/csm.dir/src/icp/icp_outliers.cpp.o[0m
[3.000s] [ 79%] [32mBuilding CXX object CMakeFiles/csm.dir/src/icp/icp.cpp.o[0m
[3.000s] [ 83%] [32mBuilding CXX object CMakeFiles/csm.dir/src/icp/icp_corr_tricks.cpp.o[0m
[3.000s] [ 87%] [32mBuilding CXX object CMakeFiles/csm.dir/src/icp/icp_covariance.cpp.o[0m
[3.001s] [ 95%] [32mBuilding CXX object CMakeFiles/csm.dir/src/options/options_interface.cpp.o[0m
[3.002s] [ 95%] [32mBuilding CXX object CMakeFiles/csm.dir/src/options/options.cpp.o[0m
[9.650s] [100%] [32m[1mLinking CXX shared library libcsm.so[0m
[9.863s] [100%] Built target csm
[9.868s] Invoked command in '/home/leo/RM_prac/build/csm' returned '0': CMAKE_PREFIX_PATH=${CMAKE_PREFIX_PATH}:/opt/ros/humble /usr/bin/cmake --build /home/leo/RM_prac/build/csm -- -j32 -l32
[9.897s] Invoking command in '/home/leo/RM_prac/build/csm': CMAKE_PREFIX_PATH=${CMAKE_PREFIX_PATH}:/opt/ros/humble /usr/bin/cmake --install /home/leo/RM_prac/build/csm
[9.899s] -- Install configuration: ""
[9.899s] -- Installing: /home/leo/RM_prac/install/csm/lib/libcsm.so
[9.902s] -- Installing: /home/leo/RM_prac/install/csm/include/..//include
[9.903s] -- Installing: /home/leo/RM_prac/install/csm/include/..//include/gsl_eigen
[9.903s] -- Installing: /home/leo/RM_prac/install/csm/include/..//include/gsl_eigen/gsl_eigen.h
[9.903s] -- Installing: /home/leo/RM_prac/install/csm/include/..//include/csm
[9.903s] -- Installing: /home/leo/RM_prac/install/csm/include/..//include/csm/laser_data_inline.h
[9.903s] -- Installing: /home/leo/RM_prac/install/csm/include/..//include/csm/csm.h
[9.903s] -- Installing: /home/leo/RM_prac/install/csm/include/..//include/csm/algos.h
[9.903s] -- Installing: /home/leo/RM_prac/install/csm/include/..//include/csm/laser_data.h
[9.904s] -- Installing: /home/leo/RM_prac/install/csm/include/..//include/csm/restrict.h
[9.904s] -- Installing: /home/leo/RM_prac/install/csm/share/csm/resource
[9.904s] -- Installing: /home/leo/RM_prac/install/csm/share/csm/resource/csm
[9.904s] -- Installing: /home/leo/RM_prac/install/csm/include/../gsl_eigen
[9.904s] -- Installing: /home/leo/RM_prac/install/csm/include/../gsl_eigen/gsl_eigen.h
[9.904s] -- Installing: /home/leo/RM_prac/install/csm/share/csm/environment/library_path.sh
[9.904s] -- Installing: /home/leo/RM_prac/install/csm/share/csm/environment/library_path.dsv
[9.904s] -- Installing: /home/leo/RM_prac/install/csm/share/ament_index/resource_index/package_run_dependencies/csm
[9.904s] -- Installing: /home/leo/RM_prac/install/csm/share/ament_index/resource_index/parent_prefix_path/csm
[9.904s] -- Installing: /home/leo/RM_prac/install/csm/share/csm/environment/ament_prefix_path.sh
[9.904s] -- Installing: /home/leo/RM_prac/install/csm/share/csm/environment/ament_prefix_path.dsv
[9.904s] -- Installing: /home/leo/RM_prac/install/csm/share/csm/environment/path.sh
[9.905s] -- Installing: /home/leo/RM_prac/install/csm/share/csm/environment/path.dsv
[9.905s] -- Installing: /home/leo/RM_prac/install/csm/share/csm/local_setup.bash
[9.905s] -- Installing: /home/leo/RM_prac/install/csm/share/csm/local_setup.sh
[9.905s] -- Installing: /home/leo/RM_prac/install/csm/share/csm/local_setup.zsh
[9.905s] -- Installing: /home/leo/RM_prac/install/csm/share/csm/local_setup.dsv
[9.905s] -- Installing: /home/leo/RM_prac/install/csm/share/csm/package.dsv
[9.905s] -- Installing: /home/leo/RM_prac/install/csm/share/ament_index/resource_index/packages/csm
[9.905s] -- Installing: /home/leo/RM_prac/install/csm/share/csm/cmake/ament_cmake_export_dependencies-extras.cmake
[9.905s] -- Installing: /home/leo/RM_prac/install/csm/share/csm/cmake/ament_cmake_export_include_directories-extras.cmake
[9.905s] -- Installing: /home/leo/RM_prac/install/csm/share/csm/cmake/ament_cmake_export_libraries-extras.cmake
[9.905s] -- Installing: /home/leo/RM_prac/install/csm/share/csm/cmake/csmConfig.cmake
[9.905s] -- Installing: /home/leo/RM_prac/install/csm/share/csm/cmake/csmConfig-version.cmake
[9.905s] -- Installing: /home/leo/RM_prac/install/csm/share/csm/package.xml
[9.906s] Invoked command in '/home/leo/RM_prac/build/csm' returned '0': CMAKE_PREFIX_PATH=${CMAKE_PREFIX_PATH}:/opt/ros/humble /usr/bin/cmake --install /home/leo/RM_prac/build/csm
