[0.025s] Invoking command in '/home/rinese/RM_prac/build/intro_ros_pkg': CMAKE_PREFIX_PATH=${CMAKE_PREFIX_PATH}:/opt/ros/humble /usr/bin/cmake /home/rinese/RM_prac/src/intro_ros_pkg -DCMAKE_INSTALL_PREFIX=/home/rinese/RM_prac/install/intro_ros_pkg
[0.135s] -- The C compiler identification is GNU 11.4.0
[0.255s] -- The CXX compiler identification is GNU 11.4.0
[0.270s] -- Detecting C compiler ABI info
[0.343s] -- Detecting C compiler ABI info - done
[0.348s] -- Check for working C compiler: /usr/bin/cc - skipped
[0.354s] -- Detecting C compile features
[0.354s] -- Detecting C compile features - done
[0.356s] -- Detecting CXX compiler ABI info
[0.446s] -- Detecting CXX compiler ABI info - done
[0.456s] -- Check for working CXX compiler: /usr/bin/c++ - skipped
[0.460s] -- Detecting CXX compile features
[0.460s] -- Detecting CXX compile features - done
[0.462s] -- Found ament_cmake: 1.3.13 (/opt/ros/humble/share/ament_cmake/cmake)
[0.652s] -- Found Python3: /usr/bin/python3 (found version "3.10.12") found components: Interpreter 
[0.767s] -- Found rclcpp: 16.0.18 (/opt/ros/humble/share/rclcpp/cmake)
[0.845s] -- Found rosidl_generator_c: 3.1.8 (/opt/ros/humble/share/rosidl_generator_c/cmake)
[0.851s] -- Found rosidl_adapter: 3.1.8 (/opt/ros/humble/share/rosidl_adapter/cmake)
[0.864s] -- Found rosidl_generator_cpp: 3.1.8 (/opt/ros/humble/share/rosidl_generator_cpp/cmake)
[0.883s] -- Using all available rosidl_typesupport_c: rosidl_typesupport_fastrtps_c;rosidl_typesupport_introspection_c
[0.904s] -- Using all available rosidl_typesupport_cpp: rosidl_typesupport_fastrtps_cpp;rosidl_typesupport_introspection_cpp
[0.962s] -- Found rmw_implementation_cmake: 6.1.2 (/opt/ros/humble/share/rmw_implementation_cmake/cmake)
[0.966s] -- Found rmw_fastrtps_cpp: 6.2.10 (/opt/ros/humble/share/rmw_fastrtps_cpp/cmake)
[1.056s] -- Found OpenSSL: /usr/lib/x86_64-linux-gnu/libcrypto.so (found version "3.0.2")  
[1.089s] -- Found FastRTPS: /opt/ros/humble/include  
[1.126s] -- Using RMW implementation 'rmw_fastrtps_cpp' as default
[1.139s] -- Looking for pthread.h
[1.220s] -- Looking for pthread.h - found
[1.220s] -- Performing Test CMAKE_HAVE_LIBC_PTHREAD
[1.299s] -- Performing Test CMAKE_HAVE_LIBC_PTHREAD - Success
[1.300s] -- Found Threads: TRUE  
[1.374s] -- Found tf2_geometry_msgs: 0.25.19 (/opt/ros/humble/share/tf2_geometry_msgs/cmake)
[1.414s] -- Found eigen3_cmake_module: 0.1.1 (/opt/ros/humble/share/eigen3_cmake_module/cmake)
[1.415s] -- Found Eigen3: TRUE (found version "3.4.0") 
[1.417s] -- Ensuring Eigen3 include directory is part of orocos-kdl CMake target
[1.555s] -- Found ament_lint_auto: 0.12.15 (/opt/ros/humble/share/ament_lint_auto/cmake)
[1.652s] -- Added test 'cppcheck' to perform static code analysis on C / C++ code
[1.652s] -- Configured cppcheck include dirs: 
[1.652s] -- Configured cppcheck exclude dirs and/or files: 
[1.652s] -- Added test 'flake8' to check Python code syntax and style conventions
[1.652s] -- Added test 'lint_cmake' to check CMake code style
[1.652s] -- Added test 'pep257' to check Python code against some of the docstring style conventions in PEP 257
[1.653s] -- Added test 'uncrustify' to check C / C++ code style
[1.653s] -- Configured uncrustify additional arguments: 
[1.654s] -- Added test 'xmllint' to check XML markup files
[1.655s] -- Configuring done
[1.671s] -- Generating done
[1.680s] -- Build files have been written to: /home/rinese/RM_prac/build/intro_ros_pkg
[1.711s] Invoked command in '/home/rinese/RM_prac/build/intro_ros_pkg' returned '0': CMAKE_PREFIX_PATH=${CMAKE_PREFIX_PATH}:/opt/ros/humble /usr/bin/cmake /home/rinese/RM_prac/src/intro_ros_pkg -DCMAKE_INSTALL_PREFIX=/home/rinese/RM_prac/install/intro_ros_pkg
[1.711s] Invoking command in '/home/rinese/RM_prac/build/intro_ros_pkg': CMAKE_PREFIX_PATH=${CMAKE_PREFIX_PATH}:/opt/ros/humble /usr/bin/cmake --build /home/rinese/RM_prac/build/intro_ros_pkg -- -j8 -l8
[1.750s] [ 25%] [32mBuilding CXX object CMakeFiles/publisher.dir/src/publisher_node.cpp.o[0m
[1.751s] [ 50%] [32mBuilding CXX object CMakeFiles/subscriber.dir/src/subscriber_node.cpp.o[0m
[9.244s] [ 75%] [32m[1mLinking CXX executable publisher[0m
[9.797s] [ 75%] Built target publisher
[13.872s] [100%] [32m[1mLinking CXX executable subscriber[0m
[14.450s] [100%] Built target subscriber
[14.477s] Invoked command in '/home/rinese/RM_prac/build/intro_ros_pkg' returned '0': CMAKE_PREFIX_PATH=${CMAKE_PREFIX_PATH}:/opt/ros/humble /usr/bin/cmake --build /home/rinese/RM_prac/build/intro_ros_pkg -- -j8 -l8
[14.477s] Invoking command in '/home/rinese/RM_prac/build/intro_ros_pkg': CMAKE_PREFIX_PATH=${CMAKE_PREFIX_PATH}:/opt/ros/humble /usr/bin/cmake --install /home/rinese/RM_prac/build/intro_ros_pkg
[15.168s] -- Install configuration: ""
[15.168s] -- Installing: /home/rinese/RM_prac/install/intro_ros_pkg/lib/intro_ros_pkg/publisher
[15.168s] -- Set runtime path of "/home/rinese/RM_prac/install/intro_ros_pkg/lib/intro_ros_pkg/publisher" to ""
[15.168s] -- Installing: /home/rinese/RM_prac/install/intro_ros_pkg/lib/intro_ros_pkg/subscriber
[15.168s] -- Set runtime path of "/home/rinese/RM_prac/install/intro_ros_pkg/lib/intro_ros_pkg/subscriber" to ""
[15.168s] -- Installing: /home/rinese/RM_prac/install/intro_ros_pkg/share/intro_ros_pkg//launch
[15.168s] -- Installing: /home/rinese/RM_prac/install/intro_ros_pkg/share/intro_ros_pkg//launch/intro_ros_param.launch.py
[15.168s] -- Installing: /home/rinese/RM_prac/install/intro_ros_pkg/share/intro_ros_pkg//launch/intro_ros_remap.launch.py
[15.168s] -- Installing: /home/rinese/RM_prac/install/intro_ros_pkg/share/intro_ros_pkg//launch/intro_ros.launch.py
[15.168s] -- Installing: /home/rinese/RM_prac/install/intro_ros_pkg/share/ament_index/resource_index/package_run_dependencies/intro_ros_pkg
[15.168s] -- Installing: /home/rinese/RM_prac/install/intro_ros_pkg/share/ament_index/resource_index/parent_prefix_path/intro_ros_pkg
[15.168s] -- Installing: /home/rinese/RM_prac/install/intro_ros_pkg/share/intro_ros_pkg/environment/ament_prefix_path.sh
[15.168s] -- Installing: /home/rinese/RM_prac/install/intro_ros_pkg/share/intro_ros_pkg/environment/ament_prefix_path.dsv
[15.172s] -- Installing: /home/rinese/RM_prac/install/intro_ros_pkg/share/intro_ros_pkg/environment/path.sh
[15.172s] -- Installing: /home/rinese/RM_prac/install/intro_ros_pkg/share/intro_ros_pkg/environment/path.dsv
[15.172s] -- Installing: /home/rinese/RM_prac/install/intro_ros_pkg/share/intro_ros_pkg/local_setup.bash
[15.172s] -- Installing: /home/rinese/RM_prac/install/intro_ros_pkg/share/intro_ros_pkg/local_setup.sh
[15.172s] -- Installing: /home/rinese/RM_prac/install/intro_ros_pkg/share/intro_ros_pkg/local_setup.zsh
[15.172s] -- Installing: /home/rinese/RM_prac/install/intro_ros_pkg/share/intro_ros_pkg/local_setup.dsv
[15.172s] -- Installing: /home/rinese/RM_prac/install/intro_ros_pkg/share/intro_ros_pkg/package.dsv
[15.172s] -- Installing: /home/rinese/RM_prac/install/intro_ros_pkg/share/ament_index/resource_index/packages/intro_ros_pkg
[15.172s] -- Installing: /home/rinese/RM_prac/install/intro_ros_pkg/share/intro_ros_pkg/cmake/intro_ros_pkgConfig.cmake
[15.172s] -- Installing: /home/rinese/RM_prac/install/intro_ros_pkg/share/intro_ros_pkg/cmake/intro_ros_pkgConfig-version.cmake
[15.172s] -- Installing: /home/rinese/RM_prac/install/intro_ros_pkg/share/intro_ros_pkg/package.xml
[15.182s] Invoked command in '/home/rinese/RM_prac/build/intro_ros_pkg' returned '0': CMAKE_PREFIX_PATH=${CMAKE_PREFIX_PATH}:/opt/ros/humble /usr/bin/cmake --install /home/rinese/RM_prac/build/intro_ros_pkg
