[0.013s] Invoking command in '/home/leo/RM_prac/build/practica3_pkg': CMAKE_PREFIX_PATH=${CMAKE_PREFIX_PATH}:/opt/ros/humble /usr/bin/cmake /home/leo/RM_prac/src/practica3_pkg -DCMAKE_INSTALL_PREFIX=/home/leo/RM_prac/install/practica3_pkg
[0.124s] -- The C compiler identification is GNU 11.4.0
[0.456s] -- The CXX compiler identification is GNU 11.4.0
[0.682s] -- Detecting C compiler ABI info
[0.749s] -- Detecting C compiler ABI info - done
[0.752s] -- Check for working C compiler: /usr/bin/cc - skipped
[0.753s] -- Detecting C compile features
[0.753s] -- Detecting C compile features - done
[0.754s] -- Detecting CXX compiler ABI info
[0.813s] -- Detecting CXX compiler ABI info - done
[0.816s] -- Check for working CXX compiler: /usr/bin/c++ - skipped
[0.816s] -- Detecting CXX compile features
[0.816s] -- Detecting CXX compile features - done
[0.817s] -- Found ament_cmake: 1.3.9 (/opt/ros/humble/share/ament_cmake/cmake)
[0.880s] -- Found Python3: /usr/bin/python3 (found version "3.10.12") found components: Interpreter 
[0.928s] -- Found rclcpp: 16.0.9 (/opt/ros/humble/share/rclcpp/cmake)
[1.018s] -- Found rosidl_generator_c: 3.1.5 (/opt/ros/humble/share/rosidl_generator_c/cmake)
[1.021s] -- Found rosidl_adapter: 3.1.5 (/opt/ros/humble/share/rosidl_adapter/cmake)
[1.028s] -- Found rosidl_generator_cpp: 3.1.5 (/opt/ros/humble/share/rosidl_generator_cpp/cmake)
[1.039s] -- Using all available rosidl_typesupport_c: rosidl_typesupport_fastrtps_c;rosidl_typesupport_introspection_c
[1.053s] -- Using all available rosidl_typesupport_cpp: rosidl_typesupport_fastrtps_cpp;rosidl_typesupport_introspection_cpp
[1.097s] -- Found rmw_implementation_cmake: 6.1.2 (/opt/ros/humble/share/rmw_implementation_cmake/cmake)
[1.099s] -- Found rmw_fastrtps_cpp: 6.2.6 (/opt/ros/humble/share/rmw_fastrtps_cpp/cmake)
[1.460s] -- Found OpenSSL: /usr/lib/x86_64-linux-gnu/libcrypto.so (found version "3.0.2")  
[1.896s] -- Found FastRTPS: /opt/ros/humble/include  
[2.895s] -- Using RMW implementation 'rmw_fastrtps_cpp' as default
[2.900s] -- Looking for pthread.h
[2.977s] -- Looking for pthread.h - found
[2.977s] -- Performing Test CMAKE_HAVE_LIBC_PTHREAD
[3.091s] -- Performing Test CMAKE_HAVE_LIBC_PTHREAD - Success
[3.092s] -- Found Threads: TRUE  
[3.173s] -- Found geometry_msgs: 4.2.4 (/opt/ros/humble/share/geometry_msgs/cmake)
[3.204s] -- Found tf2: 0.25.7 (/opt/ros/humble/share/tf2/cmake)
[3.218s] -- Found tf2_geometry_msgs: 0.25.7 (/opt/ros/humble/share/tf2_geometry_msgs/cmake)
[3.271s] -- Found eigen3_cmake_module: 0.1.1 (/opt/ros/humble/share/eigen3_cmake_module/cmake)
[3.272s] -- Found Eigen3: TRUE (found version "3.4.0") 
[3.272s] -- Ensuring Eigen3 include directory is part of orocos-kdl CMake target
[3.606s] -- Found ament_lint_auto: 0.12.11 (/opt/ros/humble/share/ament_lint_auto/cmake)
[3.664s] -- Added test 'cppcheck' to perform static code analysis on C / C++ code
[3.664s] -- Configured cppcheck include dirs: 
[3.664s] -- Configured cppcheck exclude dirs and/or files: 
[3.665s] -- Added test 'lint_cmake' to check CMake code style
[3.666s] -- Added test 'uncrustify' to check C / C++ code style
[3.667s] -- Configured uncrustify additional arguments: 
[3.667s] -- Added test 'xmllint' to check XML markup files
[3.669s] -- Configuring done
[3.680s] -- Generating done
[3.680s] -- Build files have been written to: /home/leo/RM_prac/build/practica3_pkg
[3.689s] Invoked command in '/home/leo/RM_prac/build/practica3_pkg' returned '0': CMAKE_PREFIX_PATH=${CMAKE_PREFIX_PATH}:/opt/ros/humble /usr/bin/cmake /home/leo/RM_prac/src/practica3_pkg -DCMAKE_INSTALL_PREFIX=/home/leo/RM_prac/install/practica3_pkg
[3.689s] Invoking command in '/home/leo/RM_prac/build/practica3_pkg': CMAKE_PREFIX_PATH=${CMAKE_PREFIX_PATH}:/opt/ros/humble /usr/bin/cmake --build /home/leo/RM_prac/build/practica3_pkg -- -j32 -l32
[3.726s] [ 50%] [32mBuilding CXX object CMakeFiles/transform_listener.dir/src/transform_listener.cpp.o[0m
[7.820s] [100%] [32m[1mLinking CXX executable transform_listener[0m
[8.053s] [100%] Built target transform_listener
[8.058s] Invoked command in '/home/leo/RM_prac/build/practica3_pkg' returned '0': CMAKE_PREFIX_PATH=${CMAKE_PREFIX_PATH}:/opt/ros/humble /usr/bin/cmake --build /home/leo/RM_prac/build/practica3_pkg -- -j32 -l32
[8.069s] Invoking command in '/home/leo/RM_prac/build/practica3_pkg': CMAKE_PREFIX_PATH=${CMAKE_PREFIX_PATH}:/opt/ros/humble /usr/bin/cmake --install /home/leo/RM_prac/build/practica3_pkg
[8.071s] -- Install configuration: ""
[8.071s] -- Installing: /home/leo/RM_prac/install/practica3_pkg/lib/practica3_pkg/transform_listener
[8.073s] -- Set runtime path of "/home/leo/RM_prac/install/practica3_pkg/lib/practica3_pkg/transform_listener" to ""
[8.073s] -- Installing: /home/leo/RM_prac/install/practica3_pkg/share/ament_index/resource_index/package_run_dependencies/practica3_pkg
[8.073s] -- Installing: /home/leo/RM_prac/install/practica3_pkg/share/ament_index/resource_index/parent_prefix_path/practica3_pkg
[8.073s] -- Installing: /home/leo/RM_prac/install/practica3_pkg/share/practica3_pkg/environment/ament_prefix_path.sh
[8.073s] -- Installing: /home/leo/RM_prac/install/practica3_pkg/share/practica3_pkg/environment/ament_prefix_path.dsv
[8.073s] -- Installing: /home/leo/RM_prac/install/practica3_pkg/share/practica3_pkg/environment/path.sh
[8.073s] -- Installing: /home/leo/RM_prac/install/practica3_pkg/share/practica3_pkg/environment/path.dsv
[8.074s] -- Installing: /home/leo/RM_prac/install/practica3_pkg/share/practica3_pkg/local_setup.bash
[8.074s] -- Installing: /home/leo/RM_prac/install/practica3_pkg/share/practica3_pkg/local_setup.sh
[8.074s] -- Installing: /home/leo/RM_prac/install/practica3_pkg/share/practica3_pkg/local_setup.zsh
[8.074s] -- Installing: /home/leo/RM_prac/install/practica3_pkg/share/practica3_pkg/local_setup.dsv
[8.074s] -- Installing: /home/leo/RM_prac/install/practica3_pkg/share/practica3_pkg/package.dsv
[8.074s] -- Installing: /home/leo/RM_prac/install/practica3_pkg/share/ament_index/resource_index/packages/practica3_pkg
[8.074s] -- Installing: /home/leo/RM_prac/install/practica3_pkg/share/practica3_pkg/cmake/practica3_pkgConfig.cmake
[8.074s] -- Installing: /home/leo/RM_prac/install/practica3_pkg/share/practica3_pkg/cmake/practica3_pkgConfig-version.cmake
[8.074s] -- Installing: /home/leo/RM_prac/install/practica3_pkg/share/practica3_pkg/package.xml
[8.075s] Invoked command in '/home/leo/RM_prac/build/practica3_pkg' returned '0': CMAKE_PREFIX_PATH=${CMAKE_PREFIX_PATH}:/opt/ros/humble /usr/bin/cmake --install /home/leo/RM_prac/build/practica3_pkg
