[0.020s] Invoking command in '/home/rinese/RM_prac/build/ros2_vfh': CMAKE_PREFIX_PATH=${CMAKE_PREFIX_PATH}:/opt/ros/humble /usr/bin/cmake /home/rinese/RM_prac/src/ros2_vfh -DCMAKE_INSTALL_PREFIX=/home/rinese/RM_prac/install/ros2_vfh
[0.121s] -- The C compiler identification is GNU 11.4.0
[0.243s] -- The CXX compiler identification is GNU 11.4.0
[0.258s] -- Detecting C compiler ABI info
[0.334s] -- Detecting C compiler ABI info - done
[0.344s] -- Check for working C compiler: /usr/bin/cc - skipped
[0.344s] -- Detecting C compile features
[0.344s] -- Detecting C compile features - done
[0.348s] -- Detecting CXX compiler ABI info
[0.455s] -- Detecting CXX compiler ABI info - done
[0.462s] -- Check for working CXX compiler: /usr/bin/c++ - skipped
[0.463s] -- Detecting CXX compile features
[0.463s] -- Detecting CXX compile features - done
[0.465s] -- Found ament_cmake: 1.3.13 (/opt/ros/humble/share/ament_cmake/cmake)
[0.630s] -- Found Python3: /usr/bin/python3 (found version "3.10.12") found components: Interpreter 
[0.755s] -- Found rclcpp: 16.0.18 (/opt/ros/humble/share/rclcpp/cmake)
[0.840s] -- Found rosidl_generator_c: 3.1.8 (/opt/ros/humble/share/rosidl_generator_c/cmake)
[0.848s] -- Found rosidl_adapter: 3.1.8 (/opt/ros/humble/share/rosidl_adapter/cmake)
[0.859s] -- Found rosidl_generator_cpp: 3.1.8 (/opt/ros/humble/share/rosidl_generator_cpp/cmake)
[0.872s] -- Using all available rosidl_typesupport_c: rosidl_typesupport_fastrtps_c;rosidl_typesupport_introspection_c
[0.893s] -- Using all available rosidl_typesupport_cpp: rosidl_typesupport_fastrtps_cpp;rosidl_typesupport_introspection_cpp
[0.952s] -- Found rmw_implementation_cmake: 6.1.2 (/opt/ros/humble/share/rmw_implementation_cmake/cmake)
[0.955s] -- Found rmw_fastrtps_cpp: 6.2.10 (/opt/ros/humble/share/rmw_fastrtps_cpp/cmake)
[1.046s] -- Found OpenSSL: /usr/lib/x86_64-linux-gnu/libcrypto.so (found version "3.0.2")  
[1.081s] -- Found FastRTPS: /opt/ros/humble/include  
[1.135s] -- Using RMW implementation 'rmw_fastrtps_cpp' as default
[1.144s] -- Looking for pthread.h
[1.218s] -- Looking for pthread.h - found
[1.218s] -- Performing Test CMAKE_HAVE_LIBC_PTHREAD
[1.293s] -- Performing Test CMAKE_HAVE_LIBC_PTHREAD - Success
[1.293s] -- Found Threads: TRUE  
[1.359s] -- Found tf2: 0.25.19 (/opt/ros/humble/share/tf2/cmake)
[1.389s] -- Found tf2_geometry_msgs: 0.25.19 (/opt/ros/humble/share/tf2_geometry_msgs/cmake)
[1.408s] -- Found eigen3_cmake_module: 0.1.1 (/opt/ros/humble/share/eigen3_cmake_module/cmake)
[1.410s] -- Found Eigen3: TRUE (found version "3.4.0") 
[1.410s] -- Ensuring Eigen3 include directory is part of orocos-kdl CMake target
[1.541s] -- Found sensor_msgs: 4.9.1 (/opt/ros/humble/share/sensor_msgs/cmake)
[1.567s] -- Found visualization_msgs: 4.9.1 (/opt/ros/humble/share/visualization_msgs/cmake)
[1.593s] -- Found nav_msgs: 4.9.1 (/opt/ros/humble/share/nav_msgs/cmake)
[1.686s] -- Configuring done
[1.691s] -- Generating done
[1.700s] -- Build files have been written to: /home/rinese/RM_prac/build/ros2_vfh
[1.735s] Invoked command in '/home/rinese/RM_prac/build/ros2_vfh' returned '0': CMAKE_PREFIX_PATH=${CMAKE_PREFIX_PATH}:/opt/ros/humble /usr/bin/cmake /home/rinese/RM_prac/src/ros2_vfh -DCMAKE_INSTALL_PREFIX=/home/rinese/RM_prac/install/ros2_vfh
[1.738s] Invoking command in '/home/rinese/RM_prac/build/ros2_vfh': CMAKE_PREFIX_PATH=${CMAKE_PREFIX_PATH}:/opt/ros/humble /usr/bin/cmake --build /home/rinese/RM_prac/build/ros2_vfh -- -j8 -l8
[3.232s] [ 33%] [32mBuilding CXX object CMakeFiles/vfh_node.dir/src/vfh_algorithm.cpp.o[0m
[3.232s] [ 66%] [32mBuilding CXX object CMakeFiles/vfh_node.dir/src/vfh_node.cpp.o[0m
[21.086s] [100%] [32m[1mLinking CXX executable vfh_node[0m
[21.688s] [100%] Built target vfh_node
[21.698s] Invoked command in '/home/rinese/RM_prac/build/ros2_vfh' returned '0': CMAKE_PREFIX_PATH=${CMAKE_PREFIX_PATH}:/opt/ros/humble /usr/bin/cmake --build /home/rinese/RM_prac/build/ros2_vfh -- -j8 -l8
[21.699s] Invoking command in '/home/rinese/RM_prac/build/ros2_vfh': CMAKE_PREFIX_PATH=${CMAKE_PREFIX_PATH}:/opt/ros/humble /usr/bin/cmake --install /home/rinese/RM_prac/build/ros2_vfh
[21.704s] -- Install configuration: ""
[21.704s] -- Installing: /home/rinese/RM_prac/install/ros2_vfh/lib/ros2_vfh/vfh_node
[21.708s] -- Set runtime path of "/home/rinese/RM_prac/install/ros2_vfh/lib/ros2_vfh/vfh_node" to ""
[21.708s] -- Installing: /home/rinese/RM_prac/install/ros2_vfh/share/ros2_vfh/launch
[21.708s] -- Installing: /home/rinese/RM_prac/install/ros2_vfh/share/ros2_vfh/launch/rviz2_map.launch.py
[21.708s] -- Installing: /home/rinese/RM_prac/install/ros2_vfh/share/ros2_vfh/launch/vfh_coppeliasim.launch.py
[21.708s] -- Installing: /home/rinese/RM_prac/install/ros2_vfh/share/ros2_vfh/launch/vfh_no_wandering.launch.py
[21.708s] -- Installing: /home/rinese/RM_prac/install/ros2_vfh/share/ros2_vfh/launch/vfh.launch.py
[21.708s] -- Installing: /home/rinese/RM_prac/install/ros2_vfh/share/ros2_vfh/launch/rviz2_odom.launch.py
[21.708s] -- Installing: /home/rinese/RM_prac/install/ros2_vfh/share/ros2_vfh/rviz
[21.708s] -- Installing: /home/rinese/RM_prac/install/ros2_vfh/share/ros2_vfh/rviz/tb3_map.rviz
[21.708s] -- Installing: /home/rinese/RM_prac/install/ros2_vfh/share/ros2_vfh/rviz/vfh_odom.rviz
[21.708s] -- Installing: /home/rinese/RM_prac/install/ros2_vfh/share/ros2_vfh/rviz/tb3_odom.rviz
[21.708s] -- Installing: /home/rinese/RM_prac/install/ros2_vfh/share/ros2_vfh/rviz/vfh_map.rviz
[21.708s] -- Installing: /home/rinese/RM_prac/install/ros2_vfh/share/ament_index/resource_index/package_run_dependencies/ros2_vfh
[21.708s] -- Installing: /home/rinese/RM_prac/install/ros2_vfh/share/ament_index/resource_index/parent_prefix_path/ros2_vfh
[21.708s] -- Installing: /home/rinese/RM_prac/install/ros2_vfh/share/ros2_vfh/environment/ament_prefix_path.sh
[21.708s] -- Installing: /home/rinese/RM_prac/install/ros2_vfh/share/ros2_vfh/environment/ament_prefix_path.dsv
[21.708s] -- Installing: /home/rinese/RM_prac/install/ros2_vfh/share/ros2_vfh/environment/path.sh
[21.709s] -- Installing: /home/rinese/RM_prac/install/ros2_vfh/share/ros2_vfh/environment/path.dsv
[21.709s] -- Installing: /home/rinese/RM_prac/install/ros2_vfh/share/ros2_vfh/local_setup.bash
[21.709s] -- Installing: /home/rinese/RM_prac/install/ros2_vfh/share/ros2_vfh/local_setup.sh
[21.709s] -- Installing: /home/rinese/RM_prac/install/ros2_vfh/share/ros2_vfh/local_setup.zsh
[21.709s] -- Installing: /home/rinese/RM_prac/install/ros2_vfh/share/ros2_vfh/local_setup.dsv
[21.709s] -- Installing: /home/rinese/RM_prac/install/ros2_vfh/share/ros2_vfh/package.dsv
[21.709s] -- Installing: /home/rinese/RM_prac/install/ros2_vfh/share/ament_index/resource_index/packages/ros2_vfh
[21.709s] -- Installing: /home/rinese/RM_prac/install/ros2_vfh/share/ros2_vfh/cmake/ros2_vfhConfig.cmake
[21.709s] -- Installing: /home/rinese/RM_prac/install/ros2_vfh/share/ros2_vfh/cmake/ros2_vfhConfig-version.cmake
[21.709s] -- Installing: /home/rinese/RM_prac/install/ros2_vfh/share/ros2_vfh/package.xml
[21.711s] Invoked command in '/home/rinese/RM_prac/build/ros2_vfh' returned '0': CMAKE_PREFIX_PATH=${CMAKE_PREFIX_PATH}:/opt/ros/humble /usr/bin/cmake --install /home/rinese/RM_prac/build/ros2_vfh
