[0.040s] Invoking command in '/home/rinese/RM_prac/build/intro_ros_pkg': CMAKE_PREFIX_PATH=${CMAKE_PREFIX_PATH}:/opt/ros/humble /usr/bin/cmake /home/rinese/RM_prac/src/intro_ros_pkg -DCMAKE_INSTALL_PREFIX=/home/rinese/RM_prac/install/intro_ros_pkg
[0.168s] -- The C compiler identification is GNU 11.4.0
[0.321s] -- The CXX compiler identification is GNU 11.4.0
[0.349s] -- Detecting C compiler ABI info
[0.545s] -- Detecting C compiler ABI info - done
[0.576s] -- Check for working C compiler: /usr/bin/cc - skipped
[0.577s] -- Detecting C compile features
[0.588s] -- Detecting C compile features - done
[0.588s] -- Detecting CXX compiler ABI info
[0.835s] -- Detecting CXX compiler ABI info - done
[0.873s] -- Check for working CXX compiler: /usr/bin/c++ - skipped
[0.874s] -- Detecting CXX compile features
[0.875s] -- Detecting CXX compile features - done
[0.882s] -- Found ament_cmake: 1.3.13 (/opt/ros/humble/share/ament_cmake/cmake)
[1.369s] -- Found Python3: /usr/bin/python3 (found version "3.10.12") found components: Interpreter 
[1.574s] -- Found rclcpp: 16.0.18 (/opt/ros/humble/share/rclcpp/cmake)
[1.705s] -- Found rosidl_generator_c: 3.1.8 (/opt/ros/humble/share/rosidl_generator_c/cmake)
[1.721s] -- Found rosidl_adapter: 3.1.8 (/opt/ros/humble/share/rosidl_adapter/cmake)
[1.744s] -- Found rosidl_generator_cpp: 3.1.8 (/opt/ros/humble/share/rosidl_generator_cpp/cmake)
[1.780s] -- Using all available rosidl_typesupport_c: rosidl_typesupport_fastrtps_c;rosidl_typesupport_introspection_c
[1.819s] -- Using all available rosidl_typesupport_cpp: rosidl_typesupport_fastrtps_cpp;rosidl_typesupport_introspection_cpp
[1.958s] -- Found rmw_implementation_cmake: 6.1.2 (/opt/ros/humble/share/rmw_implementation_cmake/cmake)
[1.965s] -- Found rmw_fastrtps_cpp: 6.2.10 (/opt/ros/humble/share/rmw_fastrtps_cpp/cmake)
[2.189s] -- Found OpenSSL: /usr/lib/x86_64-linux-gnu/libcrypto.so (found version "3.0.2")  
[2.267s] -- Found FastRTPS: /opt/ros/humble/include  
[2.369s] -- Using RMW implementation 'rmw_fastrtps_cpp' as default
[2.396s] -- Looking for pthread.h
[2.609s] -- Looking for pthread.h - found
[2.610s] -- Performing Test CMAKE_HAVE_LIBC_PTHREAD
[2.807s] -- Performing Test CMAKE_HAVE_LIBC_PTHREAD - Success
[2.809s] -- Found Threads: TRUE  
[2.994s] -- Found tf2_geometry_msgs: 0.25.19 (/opt/ros/humble/share/tf2_geometry_msgs/cmake)
[3.088s] -- Found eigen3_cmake_module: 0.1.1 (/opt/ros/humble/share/eigen3_cmake_module/cmake)
[3.092s] -- Found Eigen3: TRUE (found version "3.4.0") 
[3.092s] -- Ensuring Eigen3 include directory is part of orocos-kdl CMake target
[3.385s] -- Found ament_lint_auto: 0.12.15 (/opt/ros/humble/share/ament_lint_auto/cmake)
[3.546s] -- Added test 'cppcheck' to perform static code analysis on C / C++ code
[3.547s] -- Configured cppcheck include dirs: 
[3.547s] -- Configured cppcheck exclude dirs and/or files: 
[3.548s] -- Added test 'flake8' to check Python code syntax and style conventions
[3.549s] -- Added test 'lint_cmake' to check CMake code style
[3.551s] -- Added test 'pep257' to check Python code against some of the docstring style conventions in PEP 257
[3.554s] -- Added test 'uncrustify' to check C / C++ code style
[3.554s] -- Configured uncrustify additional arguments: 
[3.554s] -- Added test 'xmllint' to check XML markup files
[3.556s] -- Configuring done
[3.594s] -- Generating done
[3.617s] -- Build files have been written to: /home/rinese/RM_prac/build/intro_ros_pkg
[3.664s] Invoked command in '/home/rinese/RM_prac/build/intro_ros_pkg' returned '0': CMAKE_PREFIX_PATH=${CMAKE_PREFIX_PATH}:/opt/ros/humble /usr/bin/cmake /home/rinese/RM_prac/src/intro_ros_pkg -DCMAKE_INSTALL_PREFIX=/home/rinese/RM_prac/install/intro_ros_pkg
[3.665s] Invoking command in '/home/rinese/RM_prac/build/intro_ros_pkg': CMAKE_PREFIX_PATH=${CMAKE_PREFIX_PATH}:/opt/ros/humble /usr/bin/cmake --build /home/rinese/RM_prac/build/intro_ros_pkg -- -j8 -l8
[3.852s] [ 25%] [32mBuilding CXX object CMakeFiles/subscriber.dir/src/subscriber_node.cpp.o[0m
[3.873s] [ 50%] [32mBuilding CXX object CMakeFiles/publisher.dir/src/publisher_node.cpp.o[0m
[24.705s] [ 75%] [32m[1mLinking CXX executable publisher[0m
[25.605s] [ 75%] Built target publisher
[31.973s] [100%] [32m[1mLinking CXX executable subscriber[0m
[32.961s] [100%] Built target subscriber
[32.999s] Invoked command in '/home/rinese/RM_prac/build/intro_ros_pkg' returned '0': CMAKE_PREFIX_PATH=${CMAKE_PREFIX_PATH}:/opt/ros/humble /usr/bin/cmake --build /home/rinese/RM_prac/build/intro_ros_pkg -- -j8 -l8
[33.028s] Invoking command in '/home/rinese/RM_prac/build/intro_ros_pkg': CMAKE_PREFIX_PATH=${CMAKE_PREFIX_PATH}:/opt/ros/humble /usr/bin/cmake --install /home/rinese/RM_prac/build/intro_ros_pkg
[35.479s] -- Install configuration: ""
[35.479s] -- Installing: /home/rinese/RM_prac/install/intro_ros_pkg/lib/intro_ros_pkg/publisher
[35.479s] -- Set runtime path of "/home/rinese/RM_prac/install/intro_ros_pkg/lib/intro_ros_pkg/publisher" to ""
[35.479s] -- Installing: /home/rinese/RM_prac/install/intro_ros_pkg/lib/intro_ros_pkg/subscriber
[35.481s] -- Set runtime path of "/home/rinese/RM_prac/install/intro_ros_pkg/lib/intro_ros_pkg/subscriber" to ""
[35.481s] -- Installing: /home/rinese/RM_prac/install/intro_ros_pkg/share/intro_ros_pkg//launch
[35.481s] -- Installing: /home/rinese/RM_prac/install/intro_ros_pkg/share/intro_ros_pkg//launch/intro_ros_param.launch.py
[35.481s] -- Installing: /home/rinese/RM_prac/install/intro_ros_pkg/share/intro_ros_pkg//launch/intro_ros_remap.launch.py
[35.481s] -- Installing: /home/rinese/RM_prac/install/intro_ros_pkg/share/intro_ros_pkg//launch/intro_ros.launch.py
[35.481s] -- Installing: /home/rinese/RM_prac/install/intro_ros_pkg/share/ament_index/resource_index/package_run_dependencies/intro_ros_pkg
[35.481s] -- Installing: /home/rinese/RM_prac/install/intro_ros_pkg/share/ament_index/resource_index/parent_prefix_path/intro_ros_pkg
[35.482s] -- Installing: /home/rinese/RM_prac/install/intro_ros_pkg/share/intro_ros_pkg/environment/ament_prefix_path.sh
[35.482s] -- Installing: /home/rinese/RM_prac/install/intro_ros_pkg/share/intro_ros_pkg/environment/ament_prefix_path.dsv
[35.482s] -- Installing: /home/rinese/RM_prac/install/intro_ros_pkg/share/intro_ros_pkg/environment/path.sh
[35.482s] -- Installing: /home/rinese/RM_prac/install/intro_ros_pkg/share/intro_ros_pkg/environment/path.dsv
[35.482s] -- Installing: /home/rinese/RM_prac/install/intro_ros_pkg/share/intro_ros_pkg/local_setup.bash
[35.482s] -- Installing: /home/rinese/RM_prac/install/intro_ros_pkg/share/intro_ros_pkg/local_setup.sh
[35.482s] -- Installing: /home/rinese/RM_prac/install/intro_ros_pkg/share/intro_ros_pkg/local_setup.zsh
[35.483s] -- Installing: /home/rinese/RM_prac/install/intro_ros_pkg/share/intro_ros_pkg/local_setup.dsv
[35.483s] -- Installing: /home/rinese/RM_prac/install/intro_ros_pkg/share/intro_ros_pkg/package.dsv
[35.483s] -- Installing: /home/rinese/RM_prac/install/intro_ros_pkg/share/ament_index/resource_index/packages/intro_ros_pkg
[35.483s] -- Installing: /home/rinese/RM_prac/install/intro_ros_pkg/share/intro_ros_pkg/cmake/intro_ros_pkgConfig.cmake
[35.483s] -- Installing: /home/rinese/RM_prac/install/intro_ros_pkg/share/intro_ros_pkg/cmake/intro_ros_pkgConfig-version.cmake
[35.483s] -- Installing: /home/rinese/RM_prac/install/intro_ros_pkg/share/intro_ros_pkg/package.xml
[35.496s] Invoked command in '/home/rinese/RM_prac/build/intro_ros_pkg' returned '0': CMAKE_PREFIX_PATH=${CMAKE_PREFIX_PATH}:/opt/ros/humble /usr/bin/cmake --install /home/rinese/RM_prac/build/intro_ros_pkg
