[0.064s] DEBUG:colcon:Command line arguments: ['/usr/bin/colcon', 'build', '--packages-select', 'kinematic_control_pkg']
[0.064s] DEBUG:colcon:Parsed command line arguments: Namespace(log_base=None, log_level=None, verb_name='build', build_base='build', install_base='install', merge_install=False, symlink_install=False, test_result_base=None, continue_on_error=False, executor='parallel', parallel_workers=8, event_handlers=None, ignore_user_meta=False, metas=['./colcon.meta'], base_paths=['.'], packages_ignore=None, packages_ignore_regex=None, paths=None, packages_up_to=None, packages_up_to_regex=None, packages_above=None, packages_above_and_dependencies=None, packages_above_depth=None, packages_select_by_dep=None, packages_skip_by_dep=None, packages_skip_up_to=None, packages_select_build_failed=False, packages_skip_build_finished=False, packages_select_test_failures=False, packages_skip_test_passed=False, packages_select=['kinematic_control_pkg'], packages_skip=None, packages_select_regex=None, packages_skip_regex=None, packages_start=None, packages_end=None, allow_overriding=[], cmake_args=None, cmake_target=None, cmake_target_skip_unavailable=False, cmake_clean_cache=False, cmake_clean_first=False, cmake_force_configure=False, ament_cmake_args=None, catkin_cmake_args=None, catkin_skip_building_tests=False, mixin_files=None, mixin=None, verb_parser=<colcon_mixin.mixin.mixin_argument.MixinArgumentDecorator object at 0x7222aa45ac50>, verb_extension=<colcon_core.verb.build.BuildVerb object at 0x7222aa459db0>, main=<bound method BuildVerb.main of <colcon_core.verb.build.BuildVerb object at 0x7222aa459db0>>, mixin_verb=('build',))
[0.176s] Level 1:colcon.colcon_core.package_discovery:discover_packages(colcon_meta) check parameters
[0.176s] Level 1:colcon.colcon_core.package_discovery:discover_packages(recursive) check parameters
[0.176s] Level 1:colcon.colcon_core.package_discovery:discover_packages(ignore) check parameters
[0.176s] Level 1:colcon.colcon_core.package_discovery:discover_packages(path) check parameters
[0.176s] Level 1:colcon.colcon_core.package_discovery:discover_packages(colcon_meta) discover
[0.176s] Level 1:colcon.colcon_core.package_discovery:discover_packages(recursive) discover
[0.176s] INFO:colcon.colcon_core.package_discovery:Crawling recursively for packages in '/home/rinese/RM/RM_prac'
[0.176s] Level 1:colcon.colcon_core.package_identification:_identify(.) by extensions ['ignore', 'ignore_ament_install']
[0.176s] Level 1:colcon.colcon_core.package_identification:_identify(.) by extension 'ignore'
[0.176s] Level 1:colcon.colcon_core.package_identification:_identify(.) by extension 'ignore_ament_install'
[0.176s] Level 1:colcon.colcon_core.package_identification:_identify(.) by extensions ['colcon_pkg']
[0.176s] Level 1:colcon.colcon_core.package_identification:_identify(.) by extension 'colcon_pkg'
[0.176s] Level 1:colcon.colcon_core.package_identification:_identify(.) by extensions ['colcon_meta']
[0.176s] Level 1:colcon.colcon_core.package_identification:_identify(.) by extension 'colcon_meta'
[0.176s] Level 1:colcon.colcon_core.package_identification:_identify(.) by extensions ['ros']
[0.176s] Level 1:colcon.colcon_core.package_identification:_identify(.) by extension 'ros'
[0.183s] Level 1:colcon.colcon_core.package_identification:_identify(.) by extensions ['cmake', 'python']
[0.183s] Level 1:colcon.colcon_core.package_identification:_identify(.) by extension 'cmake'
[0.183s] Level 1:colcon.colcon_core.package_identification:_identify(.) by extension 'python'
[0.183s] Level 1:colcon.colcon_core.package_identification:_identify(.) by extensions ['python_setup_py']
[0.183s] Level 1:colcon.colcon_core.package_identification:_identify(.) by extension 'python_setup_py'
[0.183s] Level 1:colcon.colcon_core.package_identification:_identify(build) by extensions ['ignore', 'ignore_ament_install']
[0.183s] Level 1:colcon.colcon_core.package_identification:_identify(build) by extension 'ignore'
[0.183s] Level 1:colcon.colcon_core.package_identification:_identify(build) ignored
[0.183s] Level 1:colcon.colcon_core.package_identification:_identify(install) by extensions ['ignore', 'ignore_ament_install']
[0.183s] Level 1:colcon.colcon_core.package_identification:_identify(install) by extension 'ignore'
[0.183s] Level 1:colcon.colcon_core.package_identification:_identify(install) ignored
[0.183s] Level 1:colcon.colcon_core.package_identification:_identify(log) by extensions ['ignore', 'ignore_ament_install']
[0.183s] Level 1:colcon.colcon_core.package_identification:_identify(log) by extension 'ignore'
[0.183s] Level 1:colcon.colcon_core.package_identification:_identify(log) ignored
[0.183s] Level 1:colcon.colcon_core.package_identification:_identify(src) by extensions ['ignore', 'ignore_ament_install']
[0.183s] Level 1:colcon.colcon_core.package_identification:_identify(src) by extension 'ignore'
[0.183s] Level 1:colcon.colcon_core.package_identification:_identify(src) by extension 'ignore_ament_install'
[0.183s] Level 1:colcon.colcon_core.package_identification:_identify(src) by extensions ['colcon_pkg']
[0.184s] Level 1:colcon.colcon_core.package_identification:_identify(src) by extension 'colcon_pkg'
[0.184s] Level 1:colcon.colcon_core.package_identification:_identify(src) by extensions ['colcon_meta']
[0.184s] Level 1:colcon.colcon_core.package_identification:_identify(src) by extension 'colcon_meta'
[0.184s] Level 1:colcon.colcon_core.package_identification:_identify(src) by extensions ['ros']
[0.184s] Level 1:colcon.colcon_core.package_identification:_identify(src) by extension 'ros'
[0.184s] Level 1:colcon.colcon_core.package_identification:_identify(src) by extensions ['cmake', 'python']
[0.184s] Level 1:colcon.colcon_core.package_identification:_identify(src) by extension 'cmake'
[0.184s] Level 1:colcon.colcon_core.package_identification:_identify(src) by extension 'python'
[0.184s] Level 1:colcon.colcon_core.package_identification:_identify(src) by extensions ['python_setup_py']
[0.184s] Level 1:colcon.colcon_core.package_identification:_identify(src) by extension 'python_setup_py'
[0.184s] Level 1:colcon.colcon_core.package_identification:_identify(src/bringup_turtlebot3_pkg) by extensions ['ignore', 'ignore_ament_install']
[0.184s] Level 1:colcon.colcon_core.package_identification:_identify(src/bringup_turtlebot3_pkg) by extension 'ignore'
[0.184s] Level 1:colcon.colcon_core.package_identification:_identify(src/bringup_turtlebot3_pkg) by extension 'ignore_ament_install'
[0.184s] Level 1:colcon.colcon_core.package_identification:_identify(src/bringup_turtlebot3_pkg) by extensions ['colcon_pkg']
[0.184s] Level 1:colcon.colcon_core.package_identification:_identify(src/bringup_turtlebot3_pkg) by extension 'colcon_pkg'
[0.184s] Level 1:colcon.colcon_core.package_identification:_identify(src/bringup_turtlebot3_pkg) by extensions ['colcon_meta']
[0.184s] Level 1:colcon.colcon_core.package_identification:_identify(src/bringup_turtlebot3_pkg) by extension 'colcon_meta'
[0.184s] Level 1:colcon.colcon_core.package_identification:_identify(src/bringup_turtlebot3_pkg) by extensions ['ros']
[0.184s] Level 1:colcon.colcon_core.package_identification:_identify(src/bringup_turtlebot3_pkg) by extension 'ros'
[0.185s] DEBUG:colcon.colcon_core.package_identification:Package 'src/bringup_turtlebot3_pkg' with type 'ros.ament_cmake' and name 'bringup_turtlebot3_pkg'
[0.185s] Level 1:colcon.colcon_core.package_identification:_identify(src/intro_ros_pkg) by extensions ['ignore', 'ignore_ament_install']
[0.185s] Level 1:colcon.colcon_core.package_identification:_identify(src/intro_ros_pkg) by extension 'ignore'
[0.186s] Level 1:colcon.colcon_core.package_identification:_identify(src/intro_ros_pkg) by extension 'ignore_ament_install'
[0.186s] Level 1:colcon.colcon_core.package_identification:_identify(src/intro_ros_pkg) by extensions ['colcon_pkg']
[0.186s] Level 1:colcon.colcon_core.package_identification:_identify(src/intro_ros_pkg) by extension 'colcon_pkg'
[0.186s] Level 1:colcon.colcon_core.package_identification:_identify(src/intro_ros_pkg) by extensions ['colcon_meta']
[0.186s] Level 1:colcon.colcon_core.package_identification:_identify(src/intro_ros_pkg) by extension 'colcon_meta'
[0.186s] Level 1:colcon.colcon_core.package_identification:_identify(src/intro_ros_pkg) by extensions ['ros']
[0.186s] Level 1:colcon.colcon_core.package_identification:_identify(src/intro_ros_pkg) by extension 'ros'
[0.186s] DEBUG:colcon.colcon_core.package_identification:Package 'src/intro_ros_pkg' with type 'ros.ament_cmake' and name 'intro_ros_pkg'
[0.186s] Level 1:colcon.colcon_core.package_identification:_identify(src/kinematic_control_pkg) by extensions ['ignore', 'ignore_ament_install']
[0.186s] Level 1:colcon.colcon_core.package_identification:_identify(src/kinematic_control_pkg) by extension 'ignore'
[0.186s] Level 1:colcon.colcon_core.package_identification:_identify(src/kinematic_control_pkg) by extension 'ignore_ament_install'
[0.186s] Level 1:colcon.colcon_core.package_identification:_identify(src/kinematic_control_pkg) by extensions ['colcon_pkg']
[0.186s] Level 1:colcon.colcon_core.package_identification:_identify(src/kinematic_control_pkg) by extension 'colcon_pkg'
[0.186s] Level 1:colcon.colcon_core.package_identification:_identify(src/kinematic_control_pkg) by extensions ['colcon_meta']
[0.186s] Level 1:colcon.colcon_core.package_identification:_identify(src/kinematic_control_pkg) by extension 'colcon_meta'
[0.186s] Level 1:colcon.colcon_core.package_identification:_identify(src/kinematic_control_pkg) by extensions ['ros']
[0.186s] Level 1:colcon.colcon_core.package_identification:_identify(src/kinematic_control_pkg) by extension 'ros'
[0.187s] DEBUG:colcon.colcon_core.package_identification:Package 'src/kinematic_control_pkg' with type 'ros.ament_cmake' and name 'kinematic_control_pkg'
[0.187s] Level 1:colcon.colcon_core.package_identification:_identify(src/navigation_pkg) by extensions ['ignore', 'ignore_ament_install']
[0.187s] Level 1:colcon.colcon_core.package_identification:_identify(src/navigation_pkg) by extension 'ignore'
[0.187s] Level 1:colcon.colcon_core.package_identification:_identify(src/navigation_pkg) by extension 'ignore_ament_install'
[0.187s] Level 1:colcon.colcon_core.package_identification:_identify(src/navigation_pkg) by extensions ['colcon_pkg']
[0.187s] Level 1:colcon.colcon_core.package_identification:_identify(src/navigation_pkg) by extension 'colcon_pkg'
[0.187s] Level 1:colcon.colcon_core.package_identification:_identify(src/navigation_pkg) by extensions ['colcon_meta']
[0.187s] Level 1:colcon.colcon_core.package_identification:_identify(src/navigation_pkg) by extension 'colcon_meta'
[0.188s] Level 1:colcon.colcon_core.package_identification:_identify(src/navigation_pkg) by extensions ['ros']
[0.188s] Level 1:colcon.colcon_core.package_identification:_identify(src/navigation_pkg) by extension 'ros'
[0.188s] DEBUG:colcon.colcon_core.package_identification:Package 'src/navigation_pkg' with type 'ros.ament_cmake' and name 'navigation_pkg'
[0.188s] Level 1:colcon.colcon_core.package_identification:_identify(src/pure_pursuit_pkg) by extensions ['ignore', 'ignore_ament_install']
[0.188s] Level 1:colcon.colcon_core.package_identification:_identify(src/pure_pursuit_pkg) by extension 'ignore'
[0.188s] Level 1:colcon.colcon_core.package_identification:_identify(src/pure_pursuit_pkg) by extension 'ignore_ament_install'
[0.188s] Level 1:colcon.colcon_core.package_identification:_identify(src/pure_pursuit_pkg) by extensions ['colcon_pkg']
[0.188s] Level 1:colcon.colcon_core.package_identification:_identify(src/pure_pursuit_pkg) by extension 'colcon_pkg'
[0.188s] Level 1:colcon.colcon_core.package_identification:_identify(src/pure_pursuit_pkg) by extensions ['colcon_meta']
[0.188s] Level 1:colcon.colcon_core.package_identification:_identify(src/pure_pursuit_pkg) by extension 'colcon_meta'
[0.188s] Level 1:colcon.colcon_core.package_identification:_identify(src/pure_pursuit_pkg) by extensions ['ros']
[0.188s] Level 1:colcon.colcon_core.package_identification:_identify(src/pure_pursuit_pkg) by extension 'ros'
[0.189s] DEBUG:colcon.colcon_core.package_identification:Package 'src/pure_pursuit_pkg' with type 'ros.ament_cmake' and name 'pure_pursuit_pkg'
[0.189s] Level 1:colcon.colcon_core.package_identification:_identify(src/slam_pkg) by extensions ['ignore', 'ignore_ament_install']
[0.189s] Level 1:colcon.colcon_core.package_identification:_identify(src/slam_pkg) by extension 'ignore'
[0.189s] Level 1:colcon.colcon_core.package_identification:_identify(src/slam_pkg) by extension 'ignore_ament_install'
[0.189s] Level 1:colcon.colcon_core.package_identification:_identify(src/slam_pkg) by extensions ['colcon_pkg']
[0.189s] Level 1:colcon.colcon_core.package_identification:_identify(src/slam_pkg) by extension 'colcon_pkg'
[0.189s] Level 1:colcon.colcon_core.package_identification:_identify(src/slam_pkg) by extensions ['colcon_meta']
[0.189s] Level 1:colcon.colcon_core.package_identification:_identify(src/slam_pkg) by extension 'colcon_meta'
[0.189s] Level 1:colcon.colcon_core.package_identification:_identify(src/slam_pkg) by extensions ['ros']
[0.189s] Level 1:colcon.colcon_core.package_identification:_identify(src/slam_pkg) by extension 'ros'
[0.190s] DEBUG:colcon.colcon_core.package_identification:Package 'src/slam_pkg' with type 'ros.ament_cmake' and name 'slam_pkg'
[0.190s] Level 1:colcon.colcon_core.package_identification:_identify(src/transformations_pkg) by extensions ['ignore', 'ignore_ament_install']
[0.190s] Level 1:colcon.colcon_core.package_identification:_identify(src/transformations_pkg) by extension 'ignore'
[0.190s] Level 1:colcon.colcon_core.package_identification:_identify(src/transformations_pkg) by extension 'ignore_ament_install'
[0.190s] Level 1:colcon.colcon_core.package_identification:_identify(src/transformations_pkg) by extensions ['colcon_pkg']
[0.190s] Level 1:colcon.colcon_core.package_identification:_identify(src/transformations_pkg) by extension 'colcon_pkg'
[0.190s] Level 1:colcon.colcon_core.package_identification:_identify(src/transformations_pkg) by extensions ['colcon_meta']
[0.190s] Level 1:colcon.colcon_core.package_identification:_identify(src/transformations_pkg) by extension 'colcon_meta'
[0.190s] Level 1:colcon.colcon_core.package_identification:_identify(src/transformations_pkg) by extensions ['ros']
[0.190s] Level 1:colcon.colcon_core.package_identification:_identify(src/transformations_pkg) by extension 'ros'
[0.192s] DEBUG:colcon.colcon_core.package_identification:Package 'src/transformations_pkg' with type 'ros.ament_cmake' and name 'transformations_pkg'
[0.192s] Level 1:colcon.colcon_core.package_identification:_identify(src/turtlebot3_coppeliasim) by extensions ['ignore', 'ignore_ament_install']
[0.192s] Level 1:colcon.colcon_core.package_identification:_identify(src/turtlebot3_coppeliasim) by extension 'ignore'
[0.192s] Level 1:colcon.colcon_core.package_identification:_identify(src/turtlebot3_coppeliasim) by extension 'ignore_ament_install'
[0.192s] Level 1:colcon.colcon_core.package_identification:_identify(src/turtlebot3_coppeliasim) by extensions ['colcon_pkg']
[0.192s] Level 1:colcon.colcon_core.package_identification:_identify(src/turtlebot3_coppeliasim) by extension 'colcon_pkg'
[0.192s] Level 1:colcon.colcon_core.package_identification:_identify(src/turtlebot3_coppeliasim) by extensions ['colcon_meta']
[0.192s] Level 1:colcon.colcon_core.package_identification:_identify(src/turtlebot3_coppeliasim) by extension 'colcon_meta'
[0.192s] Level 1:colcon.colcon_core.package_identification:_identify(src/turtlebot3_coppeliasim) by extensions ['ros']
[0.192s] Level 1:colcon.colcon_core.package_identification:_identify(src/turtlebot3_coppeliasim) by extension 'ros'
[0.192s] DEBUG:colcon.colcon_core.package_identification:Package 'src/turtlebot3_coppeliasim' with type 'ros.ament_cmake' and name 'turtlebot3_coppeliasim'
[0.192s] Level 1:colcon.colcon_core.package_discovery:discover_packages(recursive) using defaults
[0.192s] Level 1:colcon.colcon_core.package_discovery:discover_packages(ignore) discover
[0.192s] Level 1:colcon.colcon_core.package_discovery:discover_packages(ignore) using defaults
[0.192s] Level 1:colcon.colcon_core.package_discovery:discover_packages(path) discover
[0.192s] Level 1:colcon.colcon_core.package_discovery:discover_packages(path) using defaults
[0.213s] INFO:colcon.colcon_core.package_selection:Skipping not selected package 'bringup_turtlebot3_pkg' in 'src/bringup_turtlebot3_pkg'
[0.213s] INFO:colcon.colcon_core.package_selection:Skipping not selected package 'intro_ros_pkg' in 'src/intro_ros_pkg'
[0.213s] INFO:colcon.colcon_core.package_selection:Skipping not selected package 'navigation_pkg' in 'src/navigation_pkg'
[0.213s] INFO:colcon.colcon_core.package_selection:Skipping not selected package 'pure_pursuit_pkg' in 'src/pure_pursuit_pkg'
[0.213s] INFO:colcon.colcon_core.package_selection:Skipping not selected package 'slam_pkg' in 'src/slam_pkg'
[0.213s] INFO:colcon.colcon_core.package_selection:Skipping not selected package 'transformations_pkg' in 'src/transformations_pkg'
[0.213s] INFO:colcon.colcon_core.package_selection:Skipping not selected package 'turtlebot3_coppeliasim' in 'src/turtlebot3_coppeliasim'
[0.213s] Level 1:colcon.colcon_core.package_discovery:discover_packages(prefix_path) check parameters
[0.213s] Level 1:colcon.colcon_core.package_discovery:discover_packages(prefix_path) discover
[0.215s] DEBUG:colcon.colcon_installed_package_information.package_discovery:Found 437 installed packages in /opt/ros/humble
[0.216s] Level 1:colcon.colcon_core.package_discovery:discover_packages(prefix_path) using defaults
[0.249s] Level 5:colcon.colcon_core.verb:set package 'kinematic_control_pkg' build argument 'cmake_args' from command line to 'None'
[0.249s] Level 5:colcon.colcon_core.verb:set package 'kinematic_control_pkg' build argument 'cmake_target' from command line to 'None'
[0.249s] Level 5:colcon.colcon_core.verb:set package 'kinematic_control_pkg' build argument 'cmake_target_skip_unavailable' from command line to 'False'
[0.249s] Level 5:colcon.colcon_core.verb:set package 'kinematic_control_pkg' build argument 'cmake_clean_cache' from command line to 'False'
[0.249s] Level 5:colcon.colcon_core.verb:set package 'kinematic_control_pkg' build argument 'cmake_clean_first' from command line to 'False'
[0.249s] Level 5:colcon.colcon_core.verb:set package 'kinematic_control_pkg' build argument 'cmake_force_configure' from command line to 'False'
[0.249s] Level 5:colcon.colcon_core.verb:set package 'kinematic_control_pkg' build argument 'ament_cmake_args' from command line to 'None'
[0.249s] Level 5:colcon.colcon_core.verb:set package 'kinematic_control_pkg' build argument 'catkin_cmake_args' from command line to 'None'
[0.249s] Level 5:colcon.colcon_core.verb:set package 'kinematic_control_pkg' build argument 'catkin_skip_building_tests' from command line to 'False'
[0.249s] DEBUG:colcon.colcon_core.verb:Building package 'kinematic_control_pkg' with the following arguments: {'ament_cmake_args': None, 'build_base': '/home/rinese/RM/RM_prac/build/kinematic_control_pkg', 'catkin_cmake_args': None, 'catkin_skip_building_tests': False, 'cmake_args': None, 'cmake_clean_cache': False, 'cmake_clean_first': False, 'cmake_force_configure': False, 'cmake_target': None, 'cmake_target_skip_unavailable': False, 'install_base': '/home/rinese/RM/RM_prac/install/kinematic_control_pkg', 'merge_install': False, 'path': '/home/rinese/RM/RM_prac/src/kinematic_control_pkg', 'symlink_install': False, 'test_result_base': None}
[0.249s] INFO:colcon.colcon_core.executor:Executing jobs using 'parallel' executor
[0.250s] DEBUG:colcon.colcon_parallel_executor.executor.parallel:run_until_complete
[0.250s] INFO:colcon.colcon_ros.task.ament_cmake.build:Building ROS package in '/home/rinese/RM/RM_prac/src/kinematic_control_pkg' with build type 'ament_cmake'
[0.250s] INFO:colcon.colcon_cmake.task.cmake.build:Building CMake package in '/home/rinese/RM/RM_prac/src/kinematic_control_pkg'
[0.251s] INFO:colcon.colcon_core.plugin_system:Skipping extension 'colcon_core.shell.bat': Not used on non-Windows systems
[0.251s] INFO:colcon.colcon_core.shell:Skip shell extension 'powershell' for command environment: Not usable outside of PowerShell
[0.252s] DEBUG:colcon.colcon_core.shell:Skip shell extension 'dsv' for command environment
[0.258s] DEBUG:colcon.colcon_core.event_handler.log_command:Invoking command in '/home/rinese/RM/RM_prac/build/kinematic_control_pkg': CMAKE_PREFIX_PATH=/opt/ros/humble /usr/bin/cmake /home/rinese/RM/RM_prac/src/kinematic_control_pkg -DCMAKE_INSTALL_PREFIX=/home/rinese/RM/RM_prac/install/kinematic_control_pkg
[1.868s] DEBUG:colcon.colcon_core.event_handler.log_command:Invoked command in '/home/rinese/RM/RM_prac/build/kinematic_control_pkg' returned '0': CMAKE_PREFIX_PATH=/opt/ros/humble /usr/bin/cmake /home/rinese/RM/RM_prac/src/kinematic_control_pkg -DCMAKE_INSTALL_PREFIX=/home/rinese/RM/RM_prac/install/kinematic_control_pkg
[1.868s] DEBUG:colcon.colcon_core.event_handler.log_command:Invoking command in '/home/rinese/RM/RM_prac/build/kinematic_control_pkg': CMAKE_PREFIX_PATH=/opt/ros/humble /usr/bin/cmake --build /home/rinese/RM/RM_prac/build/kinematic_control_pkg -- -j8 -l8
[11.116s] DEBUG:colcon.colcon_core.event_handler.log_command:Invoked command in '/home/rinese/RM/RM_prac/build/kinematic_control_pkg' returned '0': CMAKE_PREFIX_PATH=/opt/ros/humble /usr/bin/cmake --build /home/rinese/RM/RM_prac/build/kinematic_control_pkg -- -j8 -l8
[11.123s] DEBUG:colcon.colcon_core.event_handler.log_command:Invoking command in '/home/rinese/RM/RM_prac/build/kinematic_control_pkg': CMAKE_PREFIX_PATH=/opt/ros/humble /usr/bin/cmake --install /home/rinese/RM/RM_prac/build/kinematic_control_pkg
[11.168s] Level 1:colcon.colcon_core.environment:create_environment_scripts_only(kinematic_control_pkg)
[11.169s] DEBUG:colcon.colcon_core.event_handler.log_command:Invoked command in '/home/rinese/RM/RM_prac/build/kinematic_control_pkg' returned '0': CMAKE_PREFIX_PATH=/opt/ros/humble /usr/bin/cmake --install /home/rinese/RM/RM_prac/build/kinematic_control_pkg
[11.170s] Level 1:colcon.colcon_core.environment:checking '/home/rinese/RM/RM_prac/install/kinematic_control_pkg' for CMake module files
[11.171s] Level 1:colcon.colcon_core.environment:checking '/home/rinese/RM/RM_prac/install/kinematic_control_pkg' for CMake config files
[11.171s] Level 1:colcon.colcon_core.shell:create_environment_hook('kinematic_control_pkg', 'cmake_prefix_path')
[11.171s] INFO:colcon.colcon_core.shell:Creating environment hook '/home/rinese/RM/RM_prac/install/kinematic_control_pkg/share/kinematic_control_pkg/hook/cmake_prefix_path.ps1'
[11.171s] INFO:colcon.colcon_core.shell:Creating environment descriptor '/home/rinese/RM/RM_prac/install/kinematic_control_pkg/share/kinematic_control_pkg/hook/cmake_prefix_path.dsv'
[11.172s] INFO:colcon.colcon_core.shell:Creating environment hook '/home/rinese/RM/RM_prac/install/kinematic_control_pkg/share/kinematic_control_pkg/hook/cmake_prefix_path.sh'
[11.172s] Level 1:colcon.colcon_core.environment:checking '/home/rinese/RM/RM_prac/install/kinematic_control_pkg/lib'
[11.172s] Level 1:colcon.colcon_core.shell:create_environment_hook('kinematic_control_pkg', 'ld_library_path_lib')
[11.173s] INFO:colcon.colcon_core.shell:Creating environment hook '/home/rinese/RM/RM_prac/install/kinematic_control_pkg/share/kinematic_control_pkg/hook/ld_library_path_lib.ps1'
[11.173s] INFO:colcon.colcon_core.shell:Creating environment descriptor '/home/rinese/RM/RM_prac/install/kinematic_control_pkg/share/kinematic_control_pkg/hook/ld_library_path_lib.dsv'
[11.173s] INFO:colcon.colcon_core.shell:Creating environment hook '/home/rinese/RM/RM_prac/install/kinematic_control_pkg/share/kinematic_control_pkg/hook/ld_library_path_lib.sh'
[11.173s] Level 1:colcon.colcon_core.environment:checking '/home/rinese/RM/RM_prac/install/kinematic_control_pkg/bin'
[11.173s] Level 1:colcon.colcon_core.environment:checking '/home/rinese/RM/RM_prac/install/kinematic_control_pkg/lib/pkgconfig/kinematic_control_pkg.pc'
[11.173s] Level 1:colcon.colcon_core.environment:checking '/home/rinese/RM/RM_prac/install/kinematic_control_pkg/lib/python3.10/site-packages'
[11.174s] Level 1:colcon.colcon_core.environment:checking '/home/rinese/RM/RM_prac/install/kinematic_control_pkg/bin'
[11.174s] INFO:colcon.colcon_core.shell:Creating package script '/home/rinese/RM/RM_prac/install/kinematic_control_pkg/share/kinematic_control_pkg/package.ps1'
[11.174s] INFO:colcon.colcon_core.shell:Creating package descriptor '/home/rinese/RM/RM_prac/install/kinematic_control_pkg/share/kinematic_control_pkg/package.dsv'
[11.175s] INFO:colcon.colcon_core.shell:Creating package script '/home/rinese/RM/RM_prac/install/kinematic_control_pkg/share/kinematic_control_pkg/package.sh'
[11.175s] INFO:colcon.colcon_core.shell:Creating package script '/home/rinese/RM/RM_prac/install/kinematic_control_pkg/share/kinematic_control_pkg/package.bash'
[11.175s] INFO:colcon.colcon_core.shell:Creating package script '/home/rinese/RM/RM_prac/install/kinematic_control_pkg/share/kinematic_control_pkg/package.zsh'
[11.176s] Level 1:colcon.colcon_core.environment:create_file_with_runtime_dependencies(/home/rinese/RM/RM_prac/install/kinematic_control_pkg/share/colcon-core/packages/kinematic_control_pkg)
[11.176s] Level 1:colcon.colcon_core.environment:create_environment_scripts_only(kinematic_control_pkg)
[11.176s] Level 1:colcon.colcon_core.environment:checking '/home/rinese/RM/RM_prac/install/kinematic_control_pkg' for CMake module files
[11.177s] Level 1:colcon.colcon_core.environment:checking '/home/rinese/RM/RM_prac/install/kinematic_control_pkg' for CMake config files
[11.177s] Level 1:colcon.colcon_core.shell:create_environment_hook('kinematic_control_pkg', 'cmake_prefix_path')
[11.177s] INFO:colcon.colcon_core.shell:Creating environment hook '/home/rinese/RM/RM_prac/install/kinematic_control_pkg/share/kinematic_control_pkg/hook/cmake_prefix_path.ps1'
[11.177s] INFO:colcon.colcon_core.shell:Creating environment descriptor '/home/rinese/RM/RM_prac/install/kinematic_control_pkg/share/kinematic_control_pkg/hook/cmake_prefix_path.dsv'
[11.178s] INFO:colcon.colcon_core.shell:Creating environment hook '/home/rinese/RM/RM_prac/install/kinematic_control_pkg/share/kinematic_control_pkg/hook/cmake_prefix_path.sh'
[11.178s] Level 1:colcon.colcon_core.environment:checking '/home/rinese/RM/RM_prac/install/kinematic_control_pkg/lib'
[11.178s] Level 1:colcon.colcon_core.shell:create_environment_hook('kinematic_control_pkg', 'ld_library_path_lib')
[11.178s] INFO:colcon.colcon_core.shell:Creating environment hook '/home/rinese/RM/RM_prac/install/kinematic_control_pkg/share/kinematic_control_pkg/hook/ld_library_path_lib.ps1'
[11.178s] INFO:colcon.colcon_core.shell:Creating environment descriptor '/home/rinese/RM/RM_prac/install/kinematic_control_pkg/share/kinematic_control_pkg/hook/ld_library_path_lib.dsv'
[11.179s] INFO:colcon.colcon_core.shell:Creating environment hook '/home/rinese/RM/RM_prac/install/kinematic_control_pkg/share/kinematic_control_pkg/hook/ld_library_path_lib.sh'
[11.179s] Level 1:colcon.colcon_core.environment:checking '/home/rinese/RM/RM_prac/install/kinematic_control_pkg/bin'
[11.179s] Level 1:colcon.colcon_core.environment:checking '/home/rinese/RM/RM_prac/install/kinematic_control_pkg/lib/pkgconfig/kinematic_control_pkg.pc'
[11.179s] Level 1:colcon.colcon_core.environment:checking '/home/rinese/RM/RM_prac/install/kinematic_control_pkg/lib/python3.10/site-packages'
[11.179s] Level 1:colcon.colcon_core.environment:checking '/home/rinese/RM/RM_prac/install/kinematic_control_pkg/bin'
[11.180s] INFO:colcon.colcon_core.shell:Creating package script '/home/rinese/RM/RM_prac/install/kinematic_control_pkg/share/kinematic_control_pkg/package.ps1'
[11.180s] INFO:colcon.colcon_core.shell:Creating package descriptor '/home/rinese/RM/RM_prac/install/kinematic_control_pkg/share/kinematic_control_pkg/package.dsv'
[11.180s] INFO:colcon.colcon_core.shell:Creating package script '/home/rinese/RM/RM_prac/install/kinematic_control_pkg/share/kinematic_control_pkg/package.sh'
[11.181s] INFO:colcon.colcon_core.shell:Creating package script '/home/rinese/RM/RM_prac/install/kinematic_control_pkg/share/kinematic_control_pkg/package.bash'
[11.181s] INFO:colcon.colcon_core.shell:Creating package script '/home/rinese/RM/RM_prac/install/kinematic_control_pkg/share/kinematic_control_pkg/package.zsh'
[11.181s] Level 1:colcon.colcon_core.environment:create_file_with_runtime_dependencies(/home/rinese/RM/RM_prac/install/kinematic_control_pkg/share/colcon-core/packages/kinematic_control_pkg)
[11.181s] DEBUG:colcon.colcon_parallel_executor.executor.parallel:closing loop
[11.182s] DEBUG:colcon.colcon_parallel_executor.executor.parallel:loop closed
[11.182s] DEBUG:colcon.colcon_parallel_executor.executor.parallel:run_until_complete finished with '0'
[11.182s] DEBUG:colcon.colcon_core.event_reactor:joining thread
[11.185s] INFO:colcon.colcon_core.plugin_system:Skipping extension 'colcon_notification.desktop_notification.terminal_notifier': Not used on non-Darwin systems
[11.185s] INFO:colcon.colcon_core.plugin_system:Skipping extension 'colcon_notification.desktop_notification.win32': Not used on non-Windows systems
[11.185s] INFO:colcon.colcon_notification.desktop_notification:Sending desktop notification using 'notify2'
[11.192s] DEBUG:colcon.colcon_core.event_reactor:joined thread
[11.192s] INFO:colcon.colcon_core.shell:Creating prefix script '/home/rinese/RM/RM_prac/install/local_setup.ps1'
[11.193s] INFO:colcon.colcon_core.shell:Creating prefix util module '/home/rinese/RM/RM_prac/install/_local_setup_util_ps1.py'
[11.194s] INFO:colcon.colcon_core.shell:Creating prefix chain script '/home/rinese/RM/RM_prac/install/setup.ps1'
[11.194s] INFO:colcon.colcon_core.shell:Creating prefix script '/home/rinese/RM/RM_prac/install/local_setup.sh'
[11.195s] INFO:colcon.colcon_core.shell:Creating prefix util module '/home/rinese/RM/RM_prac/install/_local_setup_util_sh.py'
[11.195s] INFO:colcon.colcon_core.shell:Creating prefix chain script '/home/rinese/RM/RM_prac/install/setup.sh'
[11.196s] INFO:colcon.colcon_core.shell:Creating prefix script '/home/rinese/RM/RM_prac/install/local_setup.bash'
[11.196s] INFO:colcon.colcon_core.shell:Creating prefix chain script '/home/rinese/RM/RM_prac/install/setup.bash'
[11.197s] INFO:colcon.colcon_core.shell:Creating prefix script '/home/rinese/RM/RM_prac/install/local_setup.zsh'
[11.198s] INFO:colcon.colcon_core.shell:Creating prefix chain script '/home/rinese/RM/RM_prac/install/setup.zsh'
