[  2%] Built target pure_pursuit_pkg__cpp
[ 10%] Built target pure_pursuit_pkg__rosidl_generator_c
[ 10%] Built target ament_cmake_python_copy_pure_pursuit_pkg
[ 18%] Built target pure_pursuit_pkg__rosidl_typesupport_c
[ 27%] Built target pure_pursuit_pkg__rosidl_typesupport_fastrtps_cpp
[ 35%] Built target pure_pursuit_pkg__rosidl_typesupport_cpp
[ 43%] Built target pure_pursuit_pkg__rosidl_typesupport_introspection_cpp
[ 51%] Built target pure_pursuit_pkg__rosidl_typesupport_fastrtps_c
[ 59%] Built target pure_pursuit_pkg__rosidl_typesupport_introspection_c
[35m[1mConsolidate compiler generated dependencies of target waypoint_tools_lib[0m
[ 59%] Built target pure_pursuit_pkg
[ 62%] [32mBuilding CXX object CMakeFiles/waypoints_node.dir/src/waypoints_node.cpp.o[0m
[ 64%] [32mBuilding CXX object CMakeFiles/waypoint_tools_lib.dir/src/waypoint_tools/WayPointPathTools.cpp.o[0m
[ 67%] Built target pure_pursuit_pkg__py
[35m[1mConsolidate compiler generated dependencies of target pure_pursuit_pkg__rosidl_generator_py[0m
[ 72%] Built target pure_pursuit_pkg__rosidl_generator_py
[35m[1mConsolidate compiler generated dependencies of target pure_pursuit_pkg__rosidl_typesupport_fastrtps_c__pyext[0m
[35m[1mConsolidate compiler generated dependencies of target pure_pursuit_pkg__rosidl_typesupport_introspection_c__pyext[0m
[35m[1mConsolidate compiler generated dependencies of target pure_pursuit_pkg__rosidl_typesupport_c__pyext[0m
[ 89%] Built target pure_pursuit_pkg__rosidl_typesupport_fastrtps_c__pyext
[ 89%] Built target pure_pursuit_pkg__rosidl_typesupport_c__pyext
[ 89%] Built target pure_pursuit_pkg__rosidl_typesupport_introspection_c__pyext
running egg_info
writing pure_pursuit_pkg.egg-info/PKG-INFO
writing dependency_links to pure_pursuit_pkg.egg-info/dependency_links.txt
writing top-level names to pure_pursuit_pkg.egg-info/top_level.txt
reading manifest file 'pure_pursuit_pkg.egg-info/SOURCES.txt'
writing manifest file 'pure_pursuit_pkg.egg-info/SOURCES.txt'
[ 89%] Built target ament_cmake_python_build_pure_pursuit_pkg_egg
