[0.026s] Invoking command in '/home/leo/RM_prac/build/practica5_pkg': CMAKE_PREFIX_PATH=/opt/ros/humble /usr/bin/cmake /home/leo/RM_prac/src/practica5_pkg -DCMAKE_INSTALL_PREFIX=/home/leo/RM_prac/install/practica5_pkg
[0.367s] -- The C compiler identification is GNU 11.4.0
[1.287s] -- The CXX compiler identification is GNU 11.4.0
[1.989s] -- Detecting C compiler ABI info
[2.233s] -- Detecting C compiler ABI info - done
[2.242s] -- Check for working C compiler: /usr/bin/cc - skipped
[2.242s] -- Detecting C compile features
[2.243s] -- Detecting C compile features - done
[2.246s] -- Detecting CXX compiler ABI info
[2.481s] -- Detecting CXX compiler ABI info - done
[2.489s] -- Check for working CXX compiler: /usr/bin/c++ - skipped
[2.489s] -- Detecting CXX compile features
[2.490s] -- Detecting CXX compile features - done
[2.498s] -- Found ament_cmake: 1.3.11 (/opt/ros/humble/share/ament_cmake/cmake)
[2.653s] -- Found Python3: /usr/bin/python3 (found version "3.10.12") found components: Interpreter 
[2.773s] -- Found rclcpp: 16.0.11 (/opt/ros/humble/share/rclcpp/cmake)
[3.021s] -- Found rosidl_generator_c: 3.1.6 (/opt/ros/humble/share/rosidl_generator_c/cmake)
[3.028s] -- Found rosidl_adapter: 3.1.6 (/opt/ros/humble/share/rosidl_adapter/cmake)
[3.040s] -- Found rosidl_generator_cpp: 3.1.6 (/opt/ros/humble/share/rosidl_generator_cpp/cmake)
[3.058s] -- Using all available rosidl_typesupport_c: rosidl_typesupport_fastrtps_c;rosidl_typesupport_introspection_c
[3.079s] -- Using all available rosidl_typesupport_cpp: rosidl_typesupport_fastrtps_cpp;rosidl_typesupport_introspection_cpp
[3.141s] -- Found rmw_implementation_cmake: 6.1.2 (/opt/ros/humble/share/rmw_implementation_cmake/cmake)
[3.145s] -- Found rmw_fastrtps_cpp: 6.2.7 (/opt/ros/humble/share/rmw_fastrtps_cpp/cmake)
[4.241s] -- Found OpenSSL: /usr/lib/x86_64-linux-gnu/libcrypto.so (found version "3.0.2")  
[5.623s] -- Found FastRTPS: /opt/ros/humble/include  
[9.312s] -- Using RMW implementation 'rmw_fastrtps_cpp' as default
[9.319s] -- Looking for pthread.h
[9.620s] -- Looking for pthread.h - found
[9.620s] -- Performing Test CMAKE_HAVE_LIBC_PTHREAD
[9.919s] -- Performing Test CMAKE_HAVE_LIBC_PTHREAD - Success
[9.920s] -- Found Threads: TRUE  
[10.012s] -- Found tf2: 0.25.12 (/opt/ros/humble/share/tf2/cmake)
[10.037s] -- Found tf2_geometry_msgs: 0.25.12 (/opt/ros/humble/share/tf2_geometry_msgs/cmake)
[10.159s] -- Found eigen3_cmake_module: 0.1.1 (/opt/ros/humble/share/eigen3_cmake_module/cmake)
[10.161s] -- Found Eigen3: TRUE (found version "3.4.0") 
[10.161s] -- Ensuring Eigen3 include directory is part of orocos-kdl CMake target
[10.316s] -- Found visualization_msgs: 4.2.4 (/opt/ros/humble/share/visualization_msgs/cmake)
[10.473s] -- Found nav_msgs: 4.2.4 (/opt/ros/humble/share/nav_msgs/cmake)
[10.557s] -- Found rosidl_default_generators: 1.2.0 (/opt/ros/humble/share/rosidl_default_generators/cmake)
[11.520s] -- Found ament_cmake_ros: 0.10.0 (/opt/ros/humble/share/ament_cmake_ros/cmake)
[12.784s] -- Using all available rosidl_typesupport_c: rosidl_typesupport_fastrtps_c;rosidl_typesupport_introspection_c
[13.301s] -- Using all available rosidl_typesupport_cpp: rosidl_typesupport_fastrtps_cpp;rosidl_typesupport_introspection_cpp
[13.707s] -- Found PythonInterp: /usr/bin/python3 (found suitable version "3.10.12", minimum required is "3.6") 
[13.708s] -- Found python_cmake_module: 0.10.0 (/opt/ros/humble/share/python_cmake_module/cmake)
[14.763s] -- Found PythonLibs: /usr/lib/x86_64-linux-gnu/libpython3.10.so (found suitable version "3.10.12", minimum required is "3.5") 
[14.763s] -- Using PYTHON_EXECUTABLE: /usr/bin/python3
[14.763s] -- Using PYTHON_INCLUDE_DIRS: /usr/include/python3.10
[14.763s] -- Using PYTHON_LIBRARIES: /usr/lib/x86_64-linux-gnu/libpython3.10.so
[14.878s] -- Found PythonExtra: .so  
[15.274s] -- Configuring done
[15.433s] -- Generating done
[15.508s] -- Build files have been written to: /home/leo/RM_prac/build/practica5_pkg
[15.567s] Invoked command in '/home/leo/RM_prac/build/practica5_pkg' returned '0': CMAKE_PREFIX_PATH=/opt/ros/humble /usr/bin/cmake /home/leo/RM_prac/src/practica5_pkg -DCMAKE_INSTALL_PREFIX=/home/leo/RM_prac/install/practica5_pkg
[15.568s] Invoking command in '/home/leo/RM_prac/build/practica5_pkg': CMAKE_PREFIX_PATH=/opt/ros/humble /usr/bin/cmake --build /home/leo/RM_prac/build/practica5_pkg -- -j8 -l8
[15.800s] [  2%] [34m[1mGenerating C code for ROS interfaces[0m
[15.871s] [  5%] [34m[1mGenerating C++ code for ROS interfaces[0m
[15.904s] [  5%] Built target ament_cmake_python_copy_practica5_pkg
[16.676s] running egg_info
[16.676s] creating practica5_pkg.egg-info
[16.676s] writing practica5_pkg.egg-info/PKG-INFO
[16.676s] writing dependency_links to practica5_pkg.egg-info/dependency_links.txt
[16.676s] writing top-level names to practica5_pkg.egg-info/top_level.txt
[16.676s] writing manifest file 'practica5_pkg.egg-info/SOURCES.txt'
[16.680s] reading manifest file 'practica5_pkg.egg-info/SOURCES.txt'
[16.681s] writing manifest file 'practica5_pkg.egg-info/SOURCES.txt'
[16.800s] [  5%] Built target ament_cmake_python_build_practica5_pkg_egg
[16.830s] [  8%] [32mBuilding C object CMakeFiles/practica5_pkg__rosidl_generator_c.dir/rosidl_generator_c/practica5_pkg/msg/detail/reference__functions.c.o[0m
[17.107s] [ 11%] [32m[1mLinking C shared library libpractica5_pkg__rosidl_generator_c.so[0m
[17.209s] [ 11%] Built target practica5_pkg__cpp
[17.285s] [ 14%] [34m[1mGenerating C++ type support dispatch for ROS interfaces[0m
[17.305s] [ 17%] [34m[1mGenerating C++ type support for eProsima Fast-RTPS[0m
[17.329s] [ 20%] [34m[1mGenerating C++ introspection for ROS interfaces[0m
[17.748s] [ 20%] Built target practica5_pkg__rosidl_generator_c
[17.819s] [ 22%] [34m[1mGenerating C type support for eProsima Fast-RTPS[0m
[17.831s] [ 25%] [34m[1mGenerating C introspection for ROS interfaces[0m
[17.851s] [ 28%] [34m[1mGenerating C type support dispatch for ROS interfaces[0m
[18.084s] [ 31%] [32mBuilding CXX object CMakeFiles/practica5_pkg__rosidl_typesupport_cpp.dir/rosidl_typesupport_cpp/practica5_pkg/msg/reference__type_support.cpp.o[0m
[18.244s] [ 34%] [32mBuilding CXX object CMakeFiles/practica5_pkg__rosidl_typesupport_introspection_cpp.dir/rosidl_typesupport_introspection_cpp/practica5_pkg/msg/detail/reference__type_support.cpp.o[0m
[18.357s] [ 37%] [32mBuilding CXX object CMakeFiles/practica5_pkg__rosidl_typesupport_fastrtps_cpp.dir/rosidl_typesupport_fastrtps_cpp/practica5_pkg/msg/detail/dds_fastrtps/reference__type_support.cpp.o[0m
[18.836s] [ 40%] [32mBuilding CXX object CMakeFiles/practica5_pkg__rosidl_typesupport_fastrtps_c.dir/rosidl_typesupport_fastrtps_c/practica5_pkg/msg/detail/reference__type_support_c.cpp.o[0m
[18.908s] [ 42%] [32mBuilding C object CMakeFiles/practica5_pkg__rosidl_typesupport_introspection_c.dir/rosidl_typesupport_introspection_c/practica5_pkg/msg/detail/reference__type_support.c.o[0m
[18.948s] [ 45%] [32mBuilding CXX object CMakeFiles/practica5_pkg__rosidl_typesupport_c.dir/rosidl_typesupport_c/practica5_pkg/msg/reference__type_support.cpp.o[0m
[19.013s] [ 48%] [32m[1mLinking C shared library libpractica5_pkg__rosidl_typesupport_introspection_c.so[0m
[19.128s] [ 51%] [32m[1mLinking CXX shared library libpractica5_pkg__rosidl_typesupport_cpp.so[0m
[19.137s] [ 54%] [32m[1mLinking CXX shared library libpractica5_pkg__rosidl_typesupport_c.so[0m
[19.460s] [ 54%] Built target practica5_pkg__rosidl_typesupport_introspection_c
[19.553s] [ 54%] Built target practica5_pkg__rosidl_typesupport_c
[19.576s] [ 54%] Built target practica5_pkg__rosidl_typesupport_cpp
[19.585s] [ 57%] [32m[1mLinking CXX shared library libpractica5_pkg__rosidl_typesupport_fastrtps_cpp.so[0m
[19.632s] [ 60%] [32mBuilding CXX object CMakeFiles/controller_odom.dir/src/controller_odom.cpp.o[0m
[19.667s] [ 62%] [32mBuilding CXX object CMakeFiles/infinite_reference_node.dir/src/infinite_reference_node.cpp.o[0m
[19.946s] [ 65%] [32m[1mLinking CXX shared library libpractica5_pkg__rosidl_typesupport_introspection_cpp.so[0m
[20.026s] [ 68%] [32m[1mLinking CXX shared library libpractica5_pkg__rosidl_typesupport_fastrtps_c.so[0m
[20.101s] [ 68%] Built target practica5_pkg__rosidl_typesupport_fastrtps_cpp
[20.571s] [ 68%] Built target practica5_pkg__rosidl_typesupport_introspection_cpp
[20.658s] [ 68%] Built target practica5_pkg__rosidl_typesupport_fastrtps_c
[20.807s] [ 68%] Built target practica5_pkg
[20.956s] [ 71%] [34m[1mGenerating Python code for ROS interfaces[0m
[22.086s] [ 71%] Built target practica5_pkg__py
[22.251s] [ 74%] [32mBuilding C object CMakeFiles/practica5_pkg__rosidl_generator_py.dir/rosidl_generator_py/practica5_pkg/msg/_reference_s.c.o[0m
[22.835s] [ 77%] [32m[1mLinking C shared library rosidl_generator_py/practica5_pkg/libpractica5_pkg__rosidl_generator_py.so[0m
[23.162s] [ 77%] Built target practica5_pkg__rosidl_generator_py
[23.189s] [ 80%] [32mBuilding C object CMakeFiles/practica5_pkg__rosidl_typesupport_c__pyext.dir/rosidl_generator_py/practica5_pkg/_practica5_pkg_s.ep.rosidl_typesupport_c.c.o[0m
[23.285s] [ 82%] [32mBuilding C object CMakeFiles/practica5_pkg__rosidl_typesupport_introspection_c__pyext.dir/rosidl_generator_py/practica5_pkg/_practica5_pkg_s.ep.rosidl_typesupport_introspection_c.c.o[0m
[23.306s] [ 85%] [32mBuilding C object CMakeFiles/practica5_pkg__rosidl_typesupport_fastrtps_c__pyext.dir/rosidl_generator_py/practica5_pkg/_practica5_pkg_s.ep.rosidl_typesupport_fastrtps_c.c.o[0m
[23.446s] [ 88%] [32m[1mLinking C shared library rosidl_generator_py/practica5_pkg/practica5_pkg_s__rosidl_typesupport_c.cpython-310-x86_64-linux-gnu.so[0m
[23.554s] [ 91%] [32m[1mLinking C shared library rosidl_generator_py/practica5_pkg/practica5_pkg_s__rosidl_typesupport_introspection_c.cpython-310-x86_64-linux-gnu.so[0m
[23.596s] [ 94%] [32m[1mLinking C shared library rosidl_generator_py/practica5_pkg/practica5_pkg_s__rosidl_typesupport_fastrtps_c.cpython-310-x86_64-linux-gnu.so[0m
[23.942s] [ 94%] Built target practica5_pkg__rosidl_typesupport_c__pyext
[23.955s] [ 94%] Built target practica5_pkg__rosidl_typesupport_introspection_c__pyext
[23.964s] [ 94%] Built target practica5_pkg__rosidl_typesupport_fastrtps_c__pyext
[29.837s] [ 97%] [32m[1mLinking CXX executable infinite_reference_node[0m
[30.388s] [ 97%] Built target infinite_reference_node
[35.925s] [100%] [32m[1mLinking CXX executable controller_odom[0m
[36.736s] [100%] Built target controller_odom
[36.747s] Invoked command in '/home/leo/RM_prac/build/practica5_pkg' returned '0': CMAKE_PREFIX_PATH=/opt/ros/humble /usr/bin/cmake --build /home/leo/RM_prac/build/practica5_pkg -- -j8 -l8
[36.749s] Invoking command in '/home/leo/RM_prac/build/practica5_pkg': CMAKE_PREFIX_PATH=/opt/ros/humble /usr/bin/cmake --install /home/leo/RM_prac/build/practica5_pkg
[36.758s] -- Install configuration: ""
[36.758s] -- Installing: /home/leo/RM_prac/install/practica5_pkg/share/ament_index/resource_index/rosidl_interfaces/practica5_pkg
[36.758s] -- Installing: /home/leo/RM_prac/install/practica5_pkg/include/practica5_pkg/practica5_pkg
[36.759s] -- Installing: /home/leo/RM_prac/install/practica5_pkg/include/practica5_pkg/practica5_pkg/msg
[36.759s] -- Installing: /home/leo/RM_prac/install/practica5_pkg/include/practica5_pkg/practica5_pkg/msg/reference.h
[36.759s] -- Installing: /home/leo/RM_prac/install/practica5_pkg/include/practica5_pkg/practica5_pkg/msg/rosidl_generator_c__visibility_control.h
[36.759s] -- Installing: /home/leo/RM_prac/install/practica5_pkg/include/practica5_pkg/practica5_pkg/msg/detail
[36.759s] -- Installing: /home/leo/RM_prac/install/practica5_pkg/include/practica5_pkg/practica5_pkg/msg/detail/reference__functions.h
[36.759s] -- Installing: /home/leo/RM_prac/install/practica5_pkg/include/practica5_pkg/practica5_pkg/msg/detail/reference__type_support.h
[36.759s] -- Installing: /home/leo/RM_prac/install/practica5_pkg/include/practica5_pkg/practica5_pkg/msg/detail/reference__functions.c
[36.760s] -- Installing: /home/leo/RM_prac/install/practica5_pkg/include/practica5_pkg/practica5_pkg/msg/detail/reference__struct.h
[36.760s] -- Installing: /home/leo/RM_prac/install/practica5_pkg/share/practica5_pkg/environment/library_path.sh
[36.760s] -- Installing: /home/leo/RM_prac/install/practica5_pkg/share/practica5_pkg/environment/library_path.dsv
[36.760s] -- Installing: /home/leo/RM_prac/install/practica5_pkg/lib/libpractica5_pkg__rosidl_generator_c.so
[36.760s] -- Set runtime path of "/home/leo/RM_prac/install/practica5_pkg/lib/libpractica5_pkg__rosidl_generator_c.so" to ""
[36.761s] -- Up-to-date: /home/leo/RM_prac/install/practica5_pkg/include/practica5_pkg/practica5_pkg
[36.761s] -- Up-to-date: /home/leo/RM_prac/install/practica5_pkg/include/practica5_pkg/practica5_pkg/msg
[36.761s] -- Installing: /home/leo/RM_prac/install/practica5_pkg/include/practica5_pkg/practica5_pkg/msg/rosidl_typesupport_fastrtps_c__visibility_control.h
[36.761s] -- Up-to-date: /home/leo/RM_prac/install/practica5_pkg/include/practica5_pkg/practica5_pkg/msg/detail
[36.761s] -- Installing: /home/leo/RM_prac/install/practica5_pkg/include/practica5_pkg/practica5_pkg/msg/detail/reference__rosidl_typesupport_fastrtps_c.h
[36.761s] -- Installing: /home/leo/RM_prac/install/practica5_pkg/lib/libpractica5_pkg__rosidl_typesupport_fastrtps_c.so
[36.762s] -- Set runtime path of "/home/leo/RM_prac/install/practica5_pkg/lib/libpractica5_pkg__rosidl_typesupport_fastrtps_c.so" to ""
[36.762s] -- Up-to-date: /home/leo/RM_prac/install/practica5_pkg/include/practica5_pkg/practica5_pkg
[36.762s] -- Up-to-date: /home/leo/RM_prac/install/practica5_pkg/include/practica5_pkg/practica5_pkg/msg
[36.762s] -- Installing: /home/leo/RM_prac/install/practica5_pkg/include/practica5_pkg/practica5_pkg/msg/rosidl_generator_cpp__visibility_control.hpp
[36.762s] -- Up-to-date: /home/leo/RM_prac/install/practica5_pkg/include/practica5_pkg/practica5_pkg/msg/detail
[36.762s] -- Installing: /home/leo/RM_prac/install/practica5_pkg/include/practica5_pkg/practica5_pkg/msg/detail/reference__builder.hpp
[36.762s] -- Installing: /home/leo/RM_prac/install/practica5_pkg/include/practica5_pkg/practica5_pkg/msg/detail/reference__traits.hpp
[36.763s] -- Installing: /home/leo/RM_prac/install/practica5_pkg/include/practica5_pkg/practica5_pkg/msg/detail/reference__type_support.hpp
[36.763s] -- Installing: /home/leo/RM_prac/install/practica5_pkg/include/practica5_pkg/practica5_pkg/msg/detail/reference__struct.hpp
[36.763s] -- Installing: /home/leo/RM_prac/install/practica5_pkg/include/practica5_pkg/practica5_pkg/msg/reference.hpp
[36.763s] -- Up-to-date: /home/leo/RM_prac/install/practica5_pkg/include/practica5_pkg/practica5_pkg
[36.763s] -- Up-to-date: /home/leo/RM_prac/install/practica5_pkg/include/practica5_pkg/practica5_pkg/msg
[36.764s] -- Installing: /home/leo/RM_prac/install/practica5_pkg/include/practica5_pkg/practica5_pkg/msg/rosidl_typesupport_fastrtps_cpp__visibility_control.h
[36.764s] -- Up-to-date: /home/leo/RM_prac/install/practica5_pkg/include/practica5_pkg/practica5_pkg/msg/detail
[36.764s] -- Installing: /home/leo/RM_prac/install/practica5_pkg/include/practica5_pkg/practica5_pkg/msg/detail/dds_fastrtps
[36.764s] -- Installing: /home/leo/RM_prac/install/practica5_pkg/include/practica5_pkg/practica5_pkg/msg/detail/reference__rosidl_typesupport_fastrtps_cpp.hpp
[36.764s] -- Installing: /home/leo/RM_prac/install/practica5_pkg/lib/libpractica5_pkg__rosidl_typesupport_fastrtps_cpp.so
[36.764s] -- Set runtime path of "/home/leo/RM_prac/install/practica5_pkg/lib/libpractica5_pkg__rosidl_typesupport_fastrtps_cpp.so" to ""
[36.764s] -- Up-to-date: /home/leo/RM_prac/install/practica5_pkg/include/practica5_pkg/practica5_pkg
[36.765s] -- Up-to-date: /home/leo/RM_prac/install/practica5_pkg/include/practica5_pkg/practica5_pkg/msg
[36.765s] -- Installing: /home/leo/RM_prac/install/practica5_pkg/include/practica5_pkg/practica5_pkg/msg/rosidl_typesupport_introspection_c__visibility_control.h
[36.765s] -- Up-to-date: /home/leo/RM_prac/install/practica5_pkg/include/practica5_pkg/practica5_pkg/msg/detail
[36.765s] -- Installing: /home/leo/RM_prac/install/practica5_pkg/include/practica5_pkg/practica5_pkg/msg/detail/reference__type_support.c
[36.765s] -- Installing: /home/leo/RM_prac/install/practica5_pkg/include/practica5_pkg/practica5_pkg/msg/detail/reference__rosidl_typesupport_introspection_c.h
[36.765s] -- Installing: /home/leo/RM_prac/install/practica5_pkg/lib/libpractica5_pkg__rosidl_typesupport_introspection_c.so
[36.765s] -- Set runtime path of "/home/leo/RM_prac/install/practica5_pkg/lib/libpractica5_pkg__rosidl_typesupport_introspection_c.so" to ""
[36.766s] -- Installing: /home/leo/RM_prac/install/practica5_pkg/lib/libpractica5_pkg__rosidl_typesupport_c.so
[36.766s] -- Set runtime path of "/home/leo/RM_prac/install/practica5_pkg/lib/libpractica5_pkg__rosidl_typesupport_c.so" to ""
[36.766s] -- Up-to-date: /home/leo/RM_prac/install/practica5_pkg/include/practica5_pkg/practica5_pkg
[36.766s] -- Up-to-date: /home/leo/RM_prac/install/practica5_pkg/include/practica5_pkg/practica5_pkg/msg
[36.766s] -- Up-to-date: /home/leo/RM_prac/install/practica5_pkg/include/practica5_pkg/practica5_pkg/msg/detail
[36.766s] -- Installing: /home/leo/RM_prac/install/practica5_pkg/include/practica5_pkg/practica5_pkg/msg/detail/reference__type_support.cpp
[36.767s] -- Installing: /home/leo/RM_prac/install/practica5_pkg/include/practica5_pkg/practica5_pkg/msg/detail/reference__rosidl_typesupport_introspection_cpp.hpp
[36.767s] -- Installing: /home/leo/RM_prac/install/practica5_pkg/lib/libpractica5_pkg__rosidl_typesupport_introspection_cpp.so
[36.767s] -- Set runtime path of "/home/leo/RM_prac/install/practica5_pkg/lib/libpractica5_pkg__rosidl_typesupport_introspection_cpp.so" to ""
[36.767s] -- Installing: /home/leo/RM_prac/install/practica5_pkg/lib/libpractica5_pkg__rosidl_typesupport_cpp.so
[36.767s] -- Set runtime path of "/home/leo/RM_prac/install/practica5_pkg/lib/libpractica5_pkg__rosidl_typesupport_cpp.so" to ""
[36.767s] -- Installing: /home/leo/RM_prac/install/practica5_pkg/share/practica5_pkg/environment/pythonpath.sh
[36.767s] -- Installing: /home/leo/RM_prac/install/practica5_pkg/share/practica5_pkg/environment/pythonpath.dsv
[36.767s] -- Installing: /home/leo/RM_prac/install/practica5_pkg/local/lib/python3.10/dist-packages/practica5_pkg-0.0.0-py3.10.egg-info
[36.768s] -- Installing: /home/leo/RM_prac/install/practica5_pkg/local/lib/python3.10/dist-packages/practica5_pkg-0.0.0-py3.10.egg-info/SOURCES.txt
[36.768s] -- Installing: /home/leo/RM_prac/install/practica5_pkg/local/lib/python3.10/dist-packages/practica5_pkg-0.0.0-py3.10.egg-info/dependency_links.txt
[36.768s] -- Installing: /home/leo/RM_prac/install/practica5_pkg/local/lib/python3.10/dist-packages/practica5_pkg-0.0.0-py3.10.egg-info/PKG-INFO
[36.768s] -- Installing: /home/leo/RM_prac/install/practica5_pkg/local/lib/python3.10/dist-packages/practica5_pkg-0.0.0-py3.10.egg-info/top_level.txt
[36.768s] -- Installing: /home/leo/RM_prac/install/practica5_pkg/local/lib/python3.10/dist-packages/practica5_pkg
[36.768s] -- Installing: /home/leo/RM_prac/install/practica5_pkg/local/lib/python3.10/dist-packages/practica5_pkg/msg
[36.768s] -- Installing: /home/leo/RM_prac/install/practica5_pkg/local/lib/python3.10/dist-packages/practica5_pkg/msg/_reference_s.c
[36.768s] -- Installing: /home/leo/RM_prac/install/practica5_pkg/local/lib/python3.10/dist-packages/practica5_pkg/msg/__init__.py
[36.768s] -- Installing: /home/leo/RM_prac/install/practica5_pkg/local/lib/python3.10/dist-packages/practica5_pkg/msg/_reference.py
[36.768s] -- Installing: /home/leo/RM_prac/install/practica5_pkg/local/lib/python3.10/dist-packages/practica5_pkg/practica5_pkg_s__rosidl_typesupport_introspection_c.cpython-310-x86_64-linux-gnu.so
[36.768s] -- Installing: /home/leo/RM_prac/install/practica5_pkg/local/lib/python3.10/dist-packages/practica5_pkg/libpractica5_pkg__rosidl_generator_py.so
[36.768s] -- Installing: /home/leo/RM_prac/install/practica5_pkg/local/lib/python3.10/dist-packages/practica5_pkg/__init__.py
[36.768s] -- Installing: /home/leo/RM_prac/install/practica5_pkg/local/lib/python3.10/dist-packages/practica5_pkg/_practica5_pkg_s.ep.rosidl_typesupport_fastrtps_c.c
[36.768s] -- Installing: /home/leo/RM_prac/install/practica5_pkg/local/lib/python3.10/dist-packages/practica5_pkg/_practica5_pkg_s.ep.rosidl_typesupport_c.c
[36.769s] -- Installing: /home/leo/RM_prac/install/practica5_pkg/local/lib/python3.10/dist-packages/practica5_pkg/_practica5_pkg_s.ep.rosidl_typesupport_introspection_c.c
[36.769s] -- Installing: /home/leo/RM_prac/install/practica5_pkg/local/lib/python3.10/dist-packages/practica5_pkg/practica5_pkg_s__rosidl_typesupport_fastrtps_c.cpython-310-x86_64-linux-gnu.so
[36.769s] -- Installing: /home/leo/RM_prac/install/practica5_pkg/local/lib/python3.10/dist-packages/practica5_pkg/practica5_pkg_s__rosidl_typesupport_c.cpython-310-x86_64-linux-gnu.so
[36.796s] Listing '/home/leo/RM_prac/install/practica5_pkg/local/lib/python3.10/dist-packages/practica5_pkg'...
[36.796s] Compiling '/home/leo/RM_prac/install/practica5_pkg/local/lib/python3.10/dist-packages/practica5_pkg/__init__.py'...
[36.796s] Listing '/home/leo/RM_prac/install/practica5_pkg/local/lib/python3.10/dist-packages/practica5_pkg/msg'...
[36.796s] Compiling '/home/leo/RM_prac/install/practica5_pkg/local/lib/python3.10/dist-packages/practica5_pkg/msg/__init__.py'...
[36.796s] Compiling '/home/leo/RM_prac/install/practica5_pkg/local/lib/python3.10/dist-packages/practica5_pkg/msg/_reference.py'...
[36.800s] -- Installing: /home/leo/RM_prac/install/practica5_pkg/local/lib/python3.10/dist-packages/practica5_pkg/practica5_pkg_s__rosidl_typesupport_fastrtps_c.cpython-310-x86_64-linux-gnu.so
[36.800s] -- Set runtime path of "/home/leo/RM_prac/install/practica5_pkg/local/lib/python3.10/dist-packages/practica5_pkg/practica5_pkg_s__rosidl_typesupport_fastrtps_c.cpython-310-x86_64-linux-gnu.so" to ""
[36.800s] -- Installing: /home/leo/RM_prac/install/practica5_pkg/local/lib/python3.10/dist-packages/practica5_pkg/practica5_pkg_s__rosidl_typesupport_introspection_c.cpython-310-x86_64-linux-gnu.so
[36.801s] -- Set runtime path of "/home/leo/RM_prac/install/practica5_pkg/local/lib/python3.10/dist-packages/practica5_pkg/practica5_pkg_s__rosidl_typesupport_introspection_c.cpython-310-x86_64-linux-gnu.so" to ""
[36.801s] -- Installing: /home/leo/RM_prac/install/practica5_pkg/local/lib/python3.10/dist-packages/practica5_pkg/practica5_pkg_s__rosidl_typesupport_c.cpython-310-x86_64-linux-gnu.so
[36.801s] -- Set runtime path of "/home/leo/RM_prac/install/practica5_pkg/local/lib/python3.10/dist-packages/practica5_pkg/practica5_pkg_s__rosidl_typesupport_c.cpython-310-x86_64-linux-gnu.so" to ""
[36.801s] -- Installing: /home/leo/RM_prac/install/practica5_pkg/lib/libpractica5_pkg__rosidl_generator_py.so
[36.801s] -- Set runtime path of "/home/leo/RM_prac/install/practica5_pkg/lib/libpractica5_pkg__rosidl_generator_py.so" to ""
[36.802s] -- Installing: /home/leo/RM_prac/install/practica5_pkg/share/practica5_pkg/msg/Reference.idl
[36.802s] -- Installing: /home/leo/RM_prac/install/practica5_pkg/share/practica5_pkg/msg/Reference.msg
[36.802s] -- Installing: /home/leo/RM_prac/install/practica5_pkg/lib/practica5_pkg/controller_odom
[36.806s] -- Set runtime path of "/home/leo/RM_prac/install/practica5_pkg/lib/practica5_pkg/controller_odom" to ""
[36.806s] -- Installing: /home/leo/RM_prac/install/practica5_pkg/lib/practica5_pkg/infinite_reference_node
[36.807s] -- Set runtime path of "/home/leo/RM_prac/install/practica5_pkg/lib/practica5_pkg/infinite_reference_node" to ""
[36.807s] -- Up-to-date: /home/leo/RM_prac/install/practica5_pkg/share/practica5_pkg/msg
[36.807s] -- Up-to-date: /home/leo/RM_prac/install/practica5_pkg/share/practica5_pkg/msg/Reference.msg
[36.807s] -- Installing: /home/leo/RM_prac/install/practica5_pkg/share/ament_index/resource_index/package_run_dependencies/practica5_pkg
[36.808s] -- Installing: /home/leo/RM_prac/install/practica5_pkg/share/ament_index/resource_index/parent_prefix_path/practica5_pkg
[36.808s] -- Installing: /home/leo/RM_prac/install/practica5_pkg/share/practica5_pkg/environment/ament_prefix_path.sh
[36.808s] -- Installing: /home/leo/RM_prac/install/practica5_pkg/share/practica5_pkg/environment/ament_prefix_path.dsv
[36.808s] -- Installing: /home/leo/RM_prac/install/practica5_pkg/share/practica5_pkg/environment/path.sh
[36.808s] -- Installing: /home/leo/RM_prac/install/practica5_pkg/share/practica5_pkg/environment/path.dsv
[36.808s] -- Installing: /home/leo/RM_prac/install/practica5_pkg/share/practica5_pkg/local_setup.bash
[36.808s] -- Installing: /home/leo/RM_prac/install/practica5_pkg/share/practica5_pkg/local_setup.sh
[36.809s] -- Installing: /home/leo/RM_prac/install/practica5_pkg/share/practica5_pkg/local_setup.zsh
[36.809s] -- Installing: /home/leo/RM_prac/install/practica5_pkg/share/practica5_pkg/local_setup.dsv
[36.809s] -- Installing: /home/leo/RM_prac/install/practica5_pkg/share/practica5_pkg/package.dsv
[36.809s] -- Installing: /home/leo/RM_prac/install/practica5_pkg/share/ament_index/resource_index/packages/practica5_pkg
[36.809s] -- Installing: /home/leo/RM_prac/install/practica5_pkg/share/practica5_pkg/cmake/export_practica5_pkg__rosidl_generator_cExport.cmake
[36.809s] -- Installing: /home/leo/RM_prac/install/practica5_pkg/share/practica5_pkg/cmake/export_practica5_pkg__rosidl_generator_cExport-noconfig.cmake
[36.809s] -- Installing: /home/leo/RM_prac/install/practica5_pkg/share/practica5_pkg/cmake/export_practica5_pkg__rosidl_typesupport_fastrtps_cExport.cmake
[36.810s] -- Installing: /home/leo/RM_prac/install/practica5_pkg/share/practica5_pkg/cmake/export_practica5_pkg__rosidl_typesupport_fastrtps_cExport-noconfig.cmake
[36.810s] -- Installing: /home/leo/RM_prac/install/practica5_pkg/share/practica5_pkg/cmake/export_practica5_pkg__rosidl_generator_cppExport.cmake
[36.810s] -- Installing: /home/leo/RM_prac/install/practica5_pkg/share/practica5_pkg/cmake/export_practica5_pkg__rosidl_typesupport_fastrtps_cppExport.cmake
[36.810s] -- Installing: /home/leo/RM_prac/install/practica5_pkg/share/practica5_pkg/cmake/export_practica5_pkg__rosidl_typesupport_fastrtps_cppExport-noconfig.cmake
[36.810s] -- Installing: /home/leo/RM_prac/install/practica5_pkg/share/practica5_pkg/cmake/practica5_pkg__rosidl_typesupport_introspection_cExport.cmake
[36.810s] -- Installing: /home/leo/RM_prac/install/practica5_pkg/share/practica5_pkg/cmake/practica5_pkg__rosidl_typesupport_introspection_cExport-noconfig.cmake
[36.810s] -- Installing: /home/leo/RM_prac/install/practica5_pkg/share/practica5_pkg/cmake/practica5_pkg__rosidl_typesupport_cExport.cmake
[36.811s] -- Installing: /home/leo/RM_prac/install/practica5_pkg/share/practica5_pkg/cmake/practica5_pkg__rosidl_typesupport_cExport-noconfig.cmake
[36.811s] -- Installing: /home/leo/RM_prac/install/practica5_pkg/share/practica5_pkg/cmake/practica5_pkg__rosidl_typesupport_introspection_cppExport.cmake
[36.811s] -- Installing: /home/leo/RM_prac/install/practica5_pkg/share/practica5_pkg/cmake/practica5_pkg__rosidl_typesupport_introspection_cppExport-noconfig.cmake
[36.811s] -- Installing: /home/leo/RM_prac/install/practica5_pkg/share/practica5_pkg/cmake/practica5_pkg__rosidl_typesupport_cppExport.cmake
[36.811s] -- Installing: /home/leo/RM_prac/install/practica5_pkg/share/practica5_pkg/cmake/practica5_pkg__rosidl_typesupport_cppExport-noconfig.cmake
[36.811s] -- Installing: /home/leo/RM_prac/install/practica5_pkg/share/practica5_pkg/cmake/export_practica5_pkg__rosidl_generator_pyExport.cmake
[36.811s] -- Installing: /home/leo/RM_prac/install/practica5_pkg/share/practica5_pkg/cmake/export_practica5_pkg__rosidl_generator_pyExport-noconfig.cmake
[36.812s] -- Installing: /home/leo/RM_prac/install/practica5_pkg/share/practica5_pkg/cmake/rosidl_cmake-extras.cmake
[36.812s] -- Installing: /home/leo/RM_prac/install/practica5_pkg/share/practica5_pkg/cmake/ament_cmake_export_dependencies-extras.cmake
[36.812s] -- Installing: /home/leo/RM_prac/install/practica5_pkg/share/practica5_pkg/cmake/ament_cmake_export_include_directories-extras.cmake
[36.812s] -- Installing: /home/leo/RM_prac/install/practica5_pkg/share/practica5_pkg/cmake/ament_cmake_export_libraries-extras.cmake
[36.812s] -- Installing: /home/leo/RM_prac/install/practica5_pkg/share/practica5_pkg/cmake/ament_cmake_export_targets-extras.cmake
[36.812s] -- Installing: /home/leo/RM_prac/install/practica5_pkg/share/practica5_pkg/cmake/rosidl_cmake_export_typesupport_targets-extras.cmake
[36.812s] -- Installing: /home/leo/RM_prac/install/practica5_pkg/share/practica5_pkg/cmake/rosidl_cmake_export_typesupport_libraries-extras.cmake
[36.812s] -- Installing: /home/leo/RM_prac/install/practica5_pkg/share/practica5_pkg/cmake/practica5_pkgConfig.cmake
[36.813s] -- Installing: /home/leo/RM_prac/install/practica5_pkg/share/practica5_pkg/cmake/practica5_pkgConfig-version.cmake
[36.813s] -- Installing: /home/leo/RM_prac/install/practica5_pkg/share/practica5_pkg/package.xml
[36.815s] Invoked command in '/home/leo/RM_prac/build/practica5_pkg' returned '0': CMAKE_PREFIX_PATH=/opt/ros/humble /usr/bin/cmake --install /home/leo/RM_prac/build/practica5_pkg
