[0.013s] Invoking command in '/home/leo/RM_prac/build/practica1_pkg': CMAKE_PREFIX_PATH=${CMAKE_PREFIX_PATH}:/opt/ros/humble /usr/bin/cmake /home/leo/RM_prac/src/practica1_pkg -DCMAKE_INSTALL_PREFIX=/home/leo/RM_prac/install/practica1_pkg
[0.133s] -- The C compiler identification is GNU 11.4.0
[0.460s] -- The CXX compiler identification is GNU 11.4.0
[0.740s] -- Detecting C compiler ABI info
[0.814s] -- Detecting C compiler ABI info - done
[0.817s] -- Check for working C compiler: /usr/bin/cc - skipped
[0.818s] -- Detecting C compile features
[0.818s] -- Detecting C compile features - done
[0.819s] -- Detecting CXX compiler ABI info
[0.896s] -- Detecting CXX compiler ABI info - done
[0.900s] -- Check for working CXX compiler: /usr/bin/c++ - skipped
[0.900s] -- Detecting CXX compile features
[0.900s] -- Detecting CXX compile features - done
[0.900s] -- Found ament_cmake: 1.3.9 (/opt/ros/humble/share/ament_cmake/cmake)
[0.963s] -- Found Python3: /usr/bin/python3 (found version "3.10.12") found components: Interpreter 
[1.001s] -- Found rclcpp: 16.0.9 (/opt/ros/humble/share/rclcpp/cmake)
[1.081s] -- Found rosidl_generator_c: 3.1.5 (/opt/ros/humble/share/rosidl_generator_c/cmake)
[1.085s] -- Found rosidl_adapter: 3.1.5 (/opt/ros/humble/share/rosidl_adapter/cmake)
[1.092s] -- Found rosidl_generator_cpp: 3.1.5 (/opt/ros/humble/share/rosidl_generator_cpp/cmake)
[1.103s] -- Using all available rosidl_typesupport_c: rosidl_typesupport_fastrtps_c;rosidl_typesupport_introspection_c
[1.116s] -- Using all available rosidl_typesupport_cpp: rosidl_typesupport_fastrtps_cpp;rosidl_typesupport_introspection_cpp
[1.162s] -- Found rmw_implementation_cmake: 6.1.2 (/opt/ros/humble/share/rmw_implementation_cmake/cmake)
[1.165s] -- Found rmw_fastrtps_cpp: 6.2.6 (/opt/ros/humble/share/rmw_fastrtps_cpp/cmake)
[1.513s] -- Found OpenSSL: /usr/lib/x86_64-linux-gnu/libcrypto.so (found version "3.0.2")  
[2.141s] -- Found FastRTPS: /opt/ros/humble/include  
[2.931s] -- Using RMW implementation 'rmw_fastrtps_cpp' as default
[2.935s] -- Looking for pthread.h
[2.996s] -- Looking for pthread.h - found
[2.996s] -- Performing Test CMAKE_HAVE_LIBC_PTHREAD
[3.055s] -- Performing Test CMAKE_HAVE_LIBC_PTHREAD - Success
[3.056s] -- Found Threads: TRUE  
[3.127s] -- Found tf2_geometry_msgs: 0.25.7 (/opt/ros/humble/share/tf2_geometry_msgs/cmake)
[3.174s] -- Found eigen3_cmake_module: 0.1.1 (/opt/ros/humble/share/eigen3_cmake_module/cmake)
[3.175s] -- Found Eigen3: TRUE (found version "3.4.0") 
[3.175s] -- Ensuring Eigen3 include directory is part of orocos-kdl CMake target
[3.391s] -- Found ament_lint_auto: 0.12.11 (/opt/ros/humble/share/ament_lint_auto/cmake)
[3.455s] -- Added test 'cppcheck' to perform static code analysis on C / C++ code
[3.455s] -- Configured cppcheck include dirs: 
[3.455s] -- Configured cppcheck exclude dirs and/or files: 
[3.455s] -- Added test 'flake8' to check Python code syntax and style conventions
[3.456s] -- Added test 'lint_cmake' to check CMake code style
[3.457s] -- Added test 'pep257' to check Python code against some of the docstring style conventions in PEP 257
[3.457s] -- Added test 'uncrustify' to check C / C++ code style
[3.457s] -- Configured uncrustify additional arguments: 
[3.458s] -- Added test 'xmllint' to check XML markup files
[3.459s] -- Configuring done
[3.474s] -- Generating done
[3.475s] -- Build files have been written to: /home/leo/RM_prac/build/practica1_pkg
[3.487s] Invoked command in '/home/leo/RM_prac/build/practica1_pkg' returned '0': CMAKE_PREFIX_PATH=${CMAKE_PREFIX_PATH}:/opt/ros/humble /usr/bin/cmake /home/leo/RM_prac/src/practica1_pkg -DCMAKE_INSTALL_PREFIX=/home/leo/RM_prac/install/practica1_pkg
[3.489s] Invoking command in '/home/leo/RM_prac/build/practica1_pkg': CMAKE_PREFIX_PATH=${CMAKE_PREFIX_PATH}:/opt/ros/humble /usr/bin/cmake --build /home/leo/RM_prac/build/practica1_pkg -- -j32 -l32
[3.522s] [ 25%] [32mBuilding CXX object CMakeFiles/publisher.dir/src/publisher_node.cpp.o[0m
[3.525s] [ 50%] [32mBuilding CXX object CMakeFiles/subscriber.dir/src/subscriber_node.cpp.o[0m
[5.894s] [ 75%] [32m[1mLinking CXX executable publisher[0m
[6.051s] [ 75%] Built target publisher
[7.529s] [100%] [32m[1mLinking CXX executable subscriber[0m
[7.774s] [100%] Built target subscriber
[7.778s] Invoked command in '/home/leo/RM_prac/build/practica1_pkg' returned '0': CMAKE_PREFIX_PATH=${CMAKE_PREFIX_PATH}:/opt/ros/humble /usr/bin/cmake --build /home/leo/RM_prac/build/practica1_pkg -- -j32 -l32
[7.790s] Invoking command in '/home/leo/RM_prac/build/practica1_pkg': CMAKE_PREFIX_PATH=${CMAKE_PREFIX_PATH}:/opt/ros/humble /usr/bin/cmake --install /home/leo/RM_prac/build/practica1_pkg
[7.792s] -- Install configuration: ""
[7.793s] -- Installing: /home/leo/RM_prac/install/practica1_pkg/lib/practica1_pkg/publisher
[7.793s] -- Set runtime path of "/home/leo/RM_prac/install/practica1_pkg/lib/practica1_pkg/publisher" to ""
[7.793s] -- Installing: /home/leo/RM_prac/install/practica1_pkg/lib/practica1_pkg/subscriber
[7.795s] -- Set runtime path of "/home/leo/RM_prac/install/practica1_pkg/lib/practica1_pkg/subscriber" to ""
[7.795s] -- Installing: /home/leo/RM_prac/install/practica1_pkg/share/practica1_pkg//launch
[7.795s] -- Installing: /home/leo/RM_prac/install/practica1_pkg/share/practica1_pkg//launch/practica1_remap.launch.py
[7.795s] -- Installing: /home/leo/RM_prac/install/practica1_pkg/share/practica1_pkg//launch/practica1_param.launch.py
[7.795s] -- Installing: /home/leo/RM_prac/install/practica1_pkg/share/practica1_pkg//launch/practica1.launch.py
[7.796s] -- Installing: /home/leo/RM_prac/install/practica1_pkg/share/ament_index/resource_index/package_run_dependencies/practica1_pkg
[7.796s] -- Installing: /home/leo/RM_prac/install/practica1_pkg/share/ament_index/resource_index/parent_prefix_path/practica1_pkg
[7.796s] -- Installing: /home/leo/RM_prac/install/practica1_pkg/share/practica1_pkg/environment/ament_prefix_path.sh
[7.796s] -- Installing: /home/leo/RM_prac/install/practica1_pkg/share/practica1_pkg/environment/ament_prefix_path.dsv
[7.796s] -- Installing: /home/leo/RM_prac/install/practica1_pkg/share/practica1_pkg/environment/path.sh
[7.796s] -- Installing: /home/leo/RM_prac/install/practica1_pkg/share/practica1_pkg/environment/path.dsv
[7.796s] -- Installing: /home/leo/RM_prac/install/practica1_pkg/share/practica1_pkg/local_setup.bash
[7.796s] -- Installing: /home/leo/RM_prac/install/practica1_pkg/share/practica1_pkg/local_setup.sh
[7.796s] -- Installing: /home/leo/RM_prac/install/practica1_pkg/share/practica1_pkg/local_setup.zsh
[7.796s] -- Installing: /home/leo/RM_prac/install/practica1_pkg/share/practica1_pkg/local_setup.dsv
[7.796s] -- Installing: /home/leo/RM_prac/install/practica1_pkg/share/practica1_pkg/package.dsv
[7.796s] -- Installing: /home/leo/RM_prac/install/practica1_pkg/share/ament_index/resource_index/packages/practica1_pkg
[7.796s] -- Installing: /home/leo/RM_prac/install/practica1_pkg/share/practica1_pkg/cmake/practica1_pkgConfig.cmake
[7.796s] -- Installing: /home/leo/RM_prac/install/practica1_pkg/share/practica1_pkg/cmake/practica1_pkgConfig-version.cmake
[7.797s] -- Installing: /home/leo/RM_prac/install/practica1_pkg/share/practica1_pkg/package.xml
[7.797s] Invoked command in '/home/leo/RM_prac/build/practica1_pkg' returned '0': CMAKE_PREFIX_PATH=${CMAKE_PREFIX_PATH}:/opt/ros/humble /usr/bin/cmake --install /home/leo/RM_prac/build/practica1_pkg
