[0.013s] Invoking command in '/home/leo/RM_prac/build/turtlebot3_coppeliasim': CMAKE_PREFIX_PATH=${CMAKE_PREFIX_PATH}:/opt/ros/humble /usr/bin/cmake /home/leo/RM_prac/src/turtlebot3_coppeliasim -DCMAKE_INSTALL_PREFIX=/home/leo/RM_prac/install/turtlebot3_coppeliasim
[0.126s] -- The C compiler identification is GNU 11.4.0
[0.483s] -- The CXX compiler identification is GNU 11.4.0
[0.742s] -- Detecting C compiler ABI info
[0.817s] -- Detecting C compiler ABI info - done
[0.820s] -- Check for working C compiler: /usr/bin/cc - skipped
[0.820s] -- Detecting C compile features
[0.820s] -- Detecting C compile features - done
[0.822s] -- Detecting CXX compiler ABI info
[0.900s] -- Detecting CXX compiler ABI info - done
[0.904s] -- Check for working CXX compiler: /usr/bin/c++ - skipped
[0.904s] -- Detecting CXX compile features
[0.904s] -- Detecting CXX compile features - done
[0.905s] -- Found ament_cmake: 1.3.9 (/opt/ros/humble/share/ament_cmake/cmake)
[0.967s] -- Found Python3: /usr/bin/python3 (found version "3.10.12") found components: Interpreter 
[1.034s] -- Configuring done
[1.035s] -- Generating done
[1.035s] -- Build files have been written to: /home/leo/RM_prac/build/turtlebot3_coppeliasim
[1.037s] Invoked command in '/home/leo/RM_prac/build/turtlebot3_coppeliasim' returned '0': CMAKE_PREFIX_PATH=${CMAKE_PREFIX_PATH}:/opt/ros/humble /usr/bin/cmake /home/leo/RM_prac/src/turtlebot3_coppeliasim -DCMAKE_INSTALL_PREFIX=/home/leo/RM_prac/install/turtlebot3_coppeliasim
[1.038s] Invoking command in '/home/leo/RM_prac/build/turtlebot3_coppeliasim': CMAKE_PREFIX_PATH=${CMAKE_PREFIX_PATH}:/opt/ros/humble /usr/bin/cmake --build /home/leo/RM_prac/build/turtlebot3_coppeliasim -- -j32 -l32
[1.052s] Invoked command in '/home/leo/RM_prac/build/turtlebot3_coppeliasim' returned '0': CMAKE_PREFIX_PATH=${CMAKE_PREFIX_PATH}:/opt/ros/humble /usr/bin/cmake --build /home/leo/RM_prac/build/turtlebot3_coppeliasim -- -j32 -l32
[1.063s] Invoking command in '/home/leo/RM_prac/build/turtlebot3_coppeliasim': CMAKE_PREFIX_PATH=${CMAKE_PREFIX_PATH}:/opt/ros/humble /usr/bin/cmake --install /home/leo/RM_prac/build/turtlebot3_coppeliasim
[1.066s] -- Install configuration: ""
[1.066s] -- Installing: /home/leo/RM_prac/install/turtlebot3_coppeliasim/share/turtlebot3_coppeliasim/launch
[1.066s] -- Installing: /home/leo/RM_prac/install/turtlebot3_coppeliasim/share/turtlebot3_coppeliasim/launch/rviz2.launch.py
[1.066s] -- Installing: /home/leo/RM_prac/install/turtlebot3_coppeliasim/share/turtlebot3_coppeliasim/launch/turtlebot3_coppeliasim.launch.py
[1.066s] -- Installing: /home/leo/RM_prac/install/turtlebot3_coppeliasim/share/turtlebot3_coppeliasim/launch/turtlebot3_bill_coppeliasim.launch.py
[1.067s] -- Installing: /home/leo/RM_prac/install/turtlebot3_coppeliasim/share/turtlebot3_coppeliasim/param
[1.067s] -- Installing: /home/leo/RM_prac/install/turtlebot3_coppeliasim/share/turtlebot3_coppeliasim/param/burger.yaml
[1.067s] -- Installing: /home/leo/RM_prac/install/turtlebot3_coppeliasim/share/turtlebot3_coppeliasim/scenes
[1.067s] -- Installing: /home/leo/RM_prac/install/turtlebot3_coppeliasim/share/turtlebot3_coppeliasim/scenes/turtlebot3_burger_ROS2.ttt
[1.075s] -- Installing: /home/leo/RM_prac/install/turtlebot3_coppeliasim/share/turtlebot3_coppeliasim/scenes/turtlebot3_burger_bill_ROS2.ttt
[1.083s] -- Installing: /home/leo/RM_prac/install/turtlebot3_coppeliasim/share/turtlebot3_coppeliasim/rviz
[1.083s] -- Installing: /home/leo/RM_prac/install/turtlebot3_coppeliasim/share/turtlebot3_coppeliasim/rviz/tb3_coppeliasim.rviz
[1.083s] -- Installing: /home/leo/RM_prac/install/turtlebot3_coppeliasim/share/turtlebot3_coppeliasim/urdf
[1.083s] -- Installing: /home/leo/RM_prac/install/turtlebot3_coppeliasim/share/turtlebot3_coppeliasim/urdf/common_properties.urdf
[1.083s] -- Installing: /home/leo/RM_prac/install/turtlebot3_coppeliasim/share/turtlebot3_coppeliasim/urdf/turtlebot3_waffle_pi.urdf
[1.084s] -- Installing: /home/leo/RM_prac/install/turtlebot3_coppeliasim/share/turtlebot3_coppeliasim/urdf/turtlebot3_burger_cam.urdf
[1.084s] -- Installing: /home/leo/RM_prac/install/turtlebot3_coppeliasim/share/turtlebot3_coppeliasim/urdf/turtlebot3_burger.urdf
[1.084s] -- Installing: /home/leo/RM_prac/install/turtlebot3_coppeliasim/share/turtlebot3_coppeliasim/urdf/turtlebot3_waffle.urdf
[1.084s] -- Installing: /home/leo/RM_prac/install/turtlebot3_coppeliasim/share/turtlebot3_coppeliasim/models
[1.084s] -- Installing: /home/leo/RM_prac/install/turtlebot3_coppeliasim/share/turtlebot3_coppeliasim/models/turtlebot3_common
[1.085s] -- Installing: /home/leo/RM_prac/install/turtlebot3_coppeliasim/share/turtlebot3_coppeliasim/models/turtlebot3_common/model.config
[1.085s] -- Installing: /home/leo/RM_prac/install/turtlebot3_coppeliasim/share/turtlebot3_coppeliasim/models/turtlebot3_common/meshes
[1.085s] -- Installing: /home/leo/RM_prac/install/turtlebot3_coppeliasim/share/turtlebot3_coppeliasim/models/turtlebot3_common/meshes/lds.dae
[1.085s] -- Installing: /home/leo/RM_prac/install/turtlebot3_coppeliasim/share/turtlebot3_coppeliasim/models/turtlebot3_common/meshes/r200.dae
[1.086s] -- Installing: /home/leo/RM_prac/install/turtlebot3_coppeliasim/share/turtlebot3_coppeliasim/models/turtlebot3_common/meshes/tire.dae
[1.086s] -- Installing: /home/leo/RM_prac/install/turtlebot3_coppeliasim/share/turtlebot3_coppeliasim/models/turtlebot3_common/meshes/sensors
[1.087s] -- Installing: /home/leo/RM_prac/install/turtlebot3_coppeliasim/share/turtlebot3_coppeliasim/models/turtlebot3_common/meshes/sensors/astra.dae
[1.098s] -- Installing: /home/leo/RM_prac/install/turtlebot3_coppeliasim/share/turtlebot3_coppeliasim/models/turtlebot3_common/meshes/sensors/r200.jpg
[1.098s] -- Installing: /home/leo/RM_prac/install/turtlebot3_coppeliasim/share/turtlebot3_coppeliasim/models/turtlebot3_common/meshes/sensors/r200.dae
[1.099s] -- Installing: /home/leo/RM_prac/install/turtlebot3_coppeliasim/share/turtlebot3_coppeliasim/models/turtlebot3_common/meshes/sensors/astra.jpg
[1.099s] -- Installing: /home/leo/RM_prac/install/turtlebot3_coppeliasim/share/turtlebot3_coppeliasim/models/turtlebot3_common/meshes/sensors/lds.stl
[1.100s] -- Installing: /home/leo/RM_prac/install/turtlebot3_coppeliasim/share/turtlebot3_coppeliasim/models/turtlebot3_common/meshes/waffle_pi_base.dae
[1.101s] -- Installing: /home/leo/RM_prac/install/turtlebot3_coppeliasim/share/turtlebot3_coppeliasim/models/turtlebot3_common/meshes/burger_base.dae
[1.101s] -- Installing: /home/leo/RM_prac/install/turtlebot3_coppeliasim/share/turtlebot3_coppeliasim/models/turtlebot3_common/meshes/bases
[1.101s] -- Installing: /home/leo/RM_prac/install/turtlebot3_coppeliasim/share/turtlebot3_coppeliasim/models/turtlebot3_common/meshes/bases/burger_base.stl
[1.108s] -- Installing: /home/leo/RM_prac/install/turtlebot3_coppeliasim/share/turtlebot3_coppeliasim/models/turtlebot3_common/meshes/bases/waffle_base.stl
[1.129s] -- Installing: /home/leo/RM_prac/install/turtlebot3_coppeliasim/share/turtlebot3_coppeliasim/models/turtlebot3_common/meshes/bases/waffle_pi_base.stl
[1.139s] -- Installing: /home/leo/RM_prac/install/turtlebot3_coppeliasim/share/turtlebot3_coppeliasim/models/turtlebot3_common/meshes/wheels
[1.139s] -- Installing: /home/leo/RM_prac/install/turtlebot3_coppeliasim/share/turtlebot3_coppeliasim/models/turtlebot3_common/meshes/wheels/right_tire.stl
[1.141s] -- Installing: /home/leo/RM_prac/install/turtlebot3_coppeliasim/share/turtlebot3_coppeliasim/models/turtlebot3_common/meshes/wheels/left_tire.stl
[1.143s] -- Installing: /home/leo/RM_prac/install/turtlebot3_coppeliasim/share/turtlebot3_coppeliasim/models/turtlebot3_common/meshes/waffle_base.dae
[1.143s] -- Installing: /home/leo/RM_prac/install/turtlebot3_coppeliasim/share/turtlebot3_coppeliasim/models/turtlebot3_burger_cam
[1.143s] -- Installing: /home/leo/RM_prac/install/turtlebot3_coppeliasim/share/turtlebot3_coppeliasim/models/turtlebot3_burger_cam/model.config
[1.143s] -- Installing: /home/leo/RM_prac/install/turtlebot3_coppeliasim/share/turtlebot3_coppeliasim/models/turtlebot3_burger_cam/model-1_4.sdf
[1.143s] -- Installing: /home/leo/RM_prac/install/turtlebot3_coppeliasim/share/turtlebot3_coppeliasim/models/turtlebot3_burger_cam/model.sdf
[1.144s] -- Installing: /home/leo/RM_prac/install/turtlebot3_coppeliasim/share/turtlebot3_coppeliasim/models/turtlebot3_burger
[1.144s] -- Installing: /home/leo/RM_prac/install/turtlebot3_coppeliasim/share/turtlebot3_coppeliasim/models/turtlebot3_burger/model.config
[1.144s] -- Installing: /home/leo/RM_prac/install/turtlebot3_coppeliasim/share/turtlebot3_coppeliasim/models/turtlebot3_burger/model-1_4.sdf
[1.144s] -- Installing: /home/leo/RM_prac/install/turtlebot3_coppeliasim/share/turtlebot3_coppeliasim/models/turtlebot3_burger/model.sdf
[1.144s] -- Installing: /home/leo/RM_prac/install/turtlebot3_coppeliasim/share/turtlebot3_coppeliasim/models/turtlebot3_waffle_pi
[1.145s] -- Installing: /home/leo/RM_prac/install/turtlebot3_coppeliasim/share/turtlebot3_coppeliasim/models/turtlebot3_waffle_pi/model.config
[1.145s] -- Installing: /home/leo/RM_prac/install/turtlebot3_coppeliasim/share/turtlebot3_coppeliasim/models/turtlebot3_waffle_pi/model-1_4_.sdf
[1.145s] -- Installing: /home/leo/RM_prac/install/turtlebot3_coppeliasim/share/turtlebot3_coppeliasim/models/turtlebot3_waffle_pi/model.sdf
[1.145s] -- Installing: /home/leo/RM_prac/install/turtlebot3_coppeliasim/share/turtlebot3_coppeliasim/models/turtlebot3_waffle
[1.145s] -- Installing: /home/leo/RM_prac/install/turtlebot3_coppeliasim/share/turtlebot3_coppeliasim/models/turtlebot3_waffle/model.config
[1.145s] -- Installing: /home/leo/RM_prac/install/turtlebot3_coppeliasim/share/turtlebot3_coppeliasim/models/turtlebot3_waffle/model-1_4.sdf
[1.146s] -- Installing: /home/leo/RM_prac/install/turtlebot3_coppeliasim/share/turtlebot3_coppeliasim/models/turtlebot3_waffle/model.sdf
[1.146s] -- Installing: /home/leo/RM_prac/install/turtlebot3_coppeliasim/share/ament_index/resource_index/package_run_dependencies/turtlebot3_coppeliasim
[1.146s] -- Installing: /home/leo/RM_prac/install/turtlebot3_coppeliasim/share/ament_index/resource_index/parent_prefix_path/turtlebot3_coppeliasim
[1.146s] -- Installing: /home/leo/RM_prac/install/turtlebot3_coppeliasim/share/turtlebot3_coppeliasim/environment/ament_prefix_path.sh
[1.146s] -- Installing: /home/leo/RM_prac/install/turtlebot3_coppeliasim/share/turtlebot3_coppeliasim/environment/ament_prefix_path.dsv
[1.146s] -- Installing: /home/leo/RM_prac/install/turtlebot3_coppeliasim/share/turtlebot3_coppeliasim/environment/path.sh
[1.146s] -- Installing: /home/leo/RM_prac/install/turtlebot3_coppeliasim/share/turtlebot3_coppeliasim/environment/path.dsv
[1.146s] -- Installing: /home/leo/RM_prac/install/turtlebot3_coppeliasim/share/turtlebot3_coppeliasim/local_setup.bash
[1.147s] -- Installing: /home/leo/RM_prac/install/turtlebot3_coppeliasim/share/turtlebot3_coppeliasim/local_setup.sh
[1.147s] -- Installing: /home/leo/RM_prac/install/turtlebot3_coppeliasim/share/turtlebot3_coppeliasim/local_setup.zsh
[1.147s] -- Installing: /home/leo/RM_prac/install/turtlebot3_coppeliasim/share/turtlebot3_coppeliasim/local_setup.dsv
[1.147s] -- Installing: /home/leo/RM_prac/install/turtlebot3_coppeliasim/share/turtlebot3_coppeliasim/package.dsv
[1.147s] -- Installing: /home/leo/RM_prac/install/turtlebot3_coppeliasim/share/ament_index/resource_index/packages/turtlebot3_coppeliasim
[1.147s] -- Installing: /home/leo/RM_prac/install/turtlebot3_coppeliasim/share/turtlebot3_coppeliasim/cmake/ament_cmake_export_include_directories-extras.cmake
[1.147s] -- Installing: /home/leo/RM_prac/install/turtlebot3_coppeliasim/share/turtlebot3_coppeliasim/cmake/turtlebot3_coppeliasimConfig.cmake
[1.147s] -- Installing: /home/leo/RM_prac/install/turtlebot3_coppeliasim/share/turtlebot3_coppeliasim/cmake/turtlebot3_coppeliasimConfig-version.cmake
[1.147s] -- Installing: /home/leo/RM_prac/install/turtlebot3_coppeliasim/share/turtlebot3_coppeliasim/package.xml
[1.148s] Invoked command in '/home/leo/RM_prac/build/turtlebot3_coppeliasim' returned '0': CMAKE_PREFIX_PATH=${CMAKE_PREFIX_PATH}:/opt/ros/humble /usr/bin/cmake --install /home/leo/RM_prac/build/turtlebot3_coppeliasim
