-- The C compiler identification is GNU 11.4.0
-- The CXX compiler identification is GNU 11.4.0
-- Detecting C compiler ABI info
-- Detecting C compiler ABI info - done
-- Check for working C compiler: /usr/bin/cc - skipped
-- Detecting C compile features
-- Detecting C compile features - done
-- Detecting CXX compiler ABI info
-- Detecting CXX compiler ABI info - done
-- Check for working CXX compiler: /usr/bin/c++ - skipped
-- Detecting CXX compile features
-- Detecting CXX compile features - done
-- Found ament_cmake: 1.3.13 (/opt/ros/humble/share/ament_cmake/cmake)
-- Found Python3: /usr/bin/python3 (found version "3.10.12") found components: Interpreter 
-- Found rclcpp: 16.0.18 (/opt/ros/humble/share/rclcpp/cmake)
-- Found rosidl_generator_c: 3.1.8 (/opt/ros/humble/share/rosidl_generator_c/cmake)
-- Found rosidl_adapter: 3.1.8 (/opt/ros/humble/share/rosidl_adapter/cmake)
-- Found rosidl_generator_cpp: 3.1.8 (/opt/ros/humble/share/rosidl_generator_cpp/cmake)
-- Using all available rosidl_typesupport_c: rosidl_typesupport_fastrtps_c;rosidl_typesupport_introspection_c
-- Using all available rosidl_typesupport_cpp: rosidl_typesupport_fastrtps_cpp;rosidl_typesupport_introspection_cpp
-- Found rmw_implementation_cmake: 6.1.2 (/opt/ros/humble/share/rmw_implementation_cmake/cmake)
-- Found rmw_fastrtps_cpp: 6.2.10 (/opt/ros/humble/share/rmw_fastrtps_cpp/cmake)
-- Found OpenSSL: /usr/lib/x86_64-linux-gnu/libcrypto.so (found version "3.0.2")  
-- Found FastRTPS: /opt/ros/humble/include  
-- Using RMW implementation 'rmw_fastrtps_cpp' as default
-- Looking for pthread.h
-- Looking for pthread.h - found
-- Performing Test CMAKE_HAVE_LIBC_PTHREAD
-- Performing Test CMAKE_HAVE_LIBC_PTHREAD - Success
-- Found Threads: TRUE  
-- Found geometry_msgs: 4.9.1 (/opt/ros/humble/share/geometry_msgs/cmake)
-- Found tf2: 0.25.19 (/opt/ros/humble/share/tf2/cmake)
-- Found tf2_geometry_msgs: 0.25.19 (/opt/ros/humble/share/tf2_geometry_msgs/cmake)
-- Found eigen3_cmake_module: 0.1.1 (/opt/ros/humble/share/eigen3_cmake_module/cmake)
-- Found Eigen3: TRUE (found version "3.4.0") 
-- Ensuring Eigen3 include directory is part of orocos-kdl CMake target
-- Found visualization_msgs: 4.9.1 (/opt/ros/humble/share/visualization_msgs/cmake)
-- Found nav_msgs: 4.9.1 (/opt/ros/humble/share/nav_msgs/cmake)
-- Found rosidl_default_generators: 1.2.0 (/opt/ros/humble/share/rosidl_default_generators/cmake)
-- Found ament_cmake_ros: 0.10.0 (/opt/ros/humble/share/ament_cmake_ros/cmake)
-- Using all available rosidl_typesupport_c: rosidl_typesupport_fastrtps_c;rosidl_typesupport_introspection_c
-- Using all available rosidl_typesupport_cpp: rosidl_typesupport_fastrtps_cpp;rosidl_typesupport_introspection_cpp
-- Found PythonInterp: /usr/bin/python3 (found suitable version "3.10.12", minimum required is "3.6") 
-- Found python_cmake_module: 0.10.0 (/opt/ros/humble/share/python_cmake_module/cmake)
-- Found PythonLibs: /usr/lib/x86_64-linux-gnu/libpython3.10.so (found suitable version "3.10.12", minimum required is "3.5") 
-- Using PYTHON_EXECUTABLE: /usr/bin/python3
-- Using PYTHON_INCLUDE_DIRS: /usr/include/python3.10
-- Using PYTHON_LIBRARIES: /usr/lib/x86_64-linux-gnu/libpython3.10.so
-- Found PythonExtra: .so  
-- Configuring done
-- Generating done
-- Build files have been written to: /home/rinese/RM_prac/build/pure_pursuit_pkg
[  2%] [34m[1mGenerating C code for ROS interfaces[0m
[  5%] [34m[1mGenerating C++ code for ROS interfaces[0m
[  5%] Built target ament_cmake_python_copy_pure_pursuit_pkg
[  5%] Built target pure_pursuit_pkg__cpp
[  8%] [34m[1mGenerating C++ type support for eProsima Fast-RTPS[0m
[ 10%] [34m[1mGenerating C++ type support dispatch for ROS interfaces[0m
[ 13%] [34m[1mGenerating C++ introspection for ROS interfaces[0m
[ 16%] [32mBuilding C object CMakeFiles/pure_pursuit_pkg__rosidl_generator_c.dir/rosidl_generator_c/pure_pursuit_pkg/msg/detail/way_point_path__functions.c.o[0m
running egg_info
creating pure_pursuit_pkg.egg-info
writing pure_pursuit_pkg.egg-info/PKG-INFO
writing dependency_links to pure_pursuit_pkg.egg-info/dependency_links.txt
writing top-level names to pure_pursuit_pkg.egg-info/top_level.txt
writing manifest file 'pure_pursuit_pkg.egg-info/SOURCES.txt'
reading manifest file 'pure_pursuit_pkg.egg-info/SOURCES.txt'
writing manifest file 'pure_pursuit_pkg.egg-info/SOURCES.txt'
[ 18%] [32m[1mLinking C shared library libpure_pursuit_pkg__rosidl_generator_c.so[0m
[ 18%] Built target ament_cmake_python_build_pure_pursuit_pkg_egg
[ 18%] Built target pure_pursuit_pkg__rosidl_generator_c
[ 21%] [34m[1mGenerating C type support for eProsima Fast-RTPS[0m
[ 27%] [34m[1mGenerating C type support dispatch for ROS interfaces[0m
[ 27%] [34m[1mGenerating C introspection for ROS interfaces[0m
[ 29%] [32mBuilding CXX object CMakeFiles/pure_pursuit_pkg__rosidl_typesupport_cpp.dir/rosidl_typesupport_cpp/pure_pursuit_pkg/msg/way_point_path__type_support.cpp.o[0m
[ 32%] [32mBuilding CXX object CMakeFiles/pure_pursuit_pkg__rosidl_typesupport_c.dir/rosidl_typesupport_c/pure_pursuit_pkg/msg/way_point_path__type_support.cpp.o[0m
[ 35%] [32mBuilding CXX object CMakeFiles/pure_pursuit_pkg__rosidl_typesupport_fastrtps_cpp.dir/rosidl_typesupport_fastrtps_cpp/pure_pursuit_pkg/msg/detail/dds_fastrtps/way_point_path__type_support.cpp.o[0m
[ 37%] [32m[1mLinking CXX shared library libpure_pursuit_pkg__rosidl_typesupport_c.so[0m
[ 40%] [32mBuilding C object CMakeFiles/pure_pursuit_pkg__rosidl_typesupport_introspection_c.dir/rosidl_typesupport_introspection_c/pure_pursuit_pkg/msg/detail/way_point_path__type_support.c.o[0m
[ 40%] Built target pure_pursuit_pkg__rosidl_typesupport_c
[ 43%] [32mBuilding CXX object CMakeFiles/pure_pursuit_pkg__rosidl_typesupport_introspection_cpp.dir/rosidl_typesupport_introspection_cpp/pure_pursuit_pkg/msg/detail/way_point_path__type_support.cpp.o[0m
[ 45%] [32m[1mLinking C shared library libpure_pursuit_pkg__rosidl_typesupport_introspection_c.so[0m
[ 45%] Built target pure_pursuit_pkg__rosidl_typesupport_introspection_c
[ 48%] [32mBuilding CXX object CMakeFiles/pure_pursuit_pkg__rosidl_typesupport_fastrtps_c.dir/rosidl_typesupport_fastrtps_c/pure_pursuit_pkg/msg/detail/way_point_path__type_support_c.cpp.o[0m
[ 51%] [32m[1mLinking CXX shared library libpure_pursuit_pkg__rosidl_typesupport_cpp.so[0m
[ 51%] Built target pure_pursuit_pkg__rosidl_typesupport_cpp
[ 54%] [32mBuilding CXX object CMakeFiles/waypoints_node.dir/src/waypoints_node.cpp.o[0m
[ 56%] [32mBuilding CXX object CMakeFiles/waypoint_tools_lib.dir/src/waypoint_tools/WayPointPathTools.cpp.o[0m
[ 59%] [32m[1mLinking CXX shared library libpure_pursuit_pkg__rosidl_typesupport_fastrtps_cpp.so[0m
[ 62%] [32m[1mLinking CXX shared library libpure_pursuit_pkg__rosidl_typesupport_introspection_cpp.so[0m
[ 62%] Built target pure_pursuit_pkg__rosidl_typesupport_fastrtps_cpp
[ 64%] [32m[1mLinking CXX shared library libpure_pursuit_pkg__rosidl_typesupport_fastrtps_c.so[0m
[ 64%] Built target pure_pursuit_pkg__rosidl_typesupport_introspection_cpp
[ 64%] Built target pure_pursuit_pkg__rosidl_typesupport_fastrtps_c
[ 64%] Built target pure_pursuit_pkg
[ 67%] [34m[1mGenerating Python code for ROS interfaces[0m
[ 70%] [32m[1mLinking CXX shared library libwaypoint_tools_lib.so[0m
[ 70%] Built target pure_pursuit_pkg__py
[ 72%] [32mBuilding C object CMakeFiles/pure_pursuit_pkg__rosidl_generator_py.dir/rosidl_generator_py/pure_pursuit_pkg/msg/_way_point_path_s.c.o[0m
[ 72%] Built target waypoint_tools_lib
[ 75%] [32m[1mLinking C shared library rosidl_generator_py/pure_pursuit_pkg/libpure_pursuit_pkg__rosidl_generator_py.so[0m
[ 78%] [32mBuilding CXX object CMakeFiles/pure_pursuit_odom.dir/src/pure_pursuit_odom.cpp.o[0m
[ 78%] Built target pure_pursuit_pkg__rosidl_generator_py
[ 81%] [32mBuilding C object CMakeFiles/pure_pursuit_pkg__rosidl_typesupport_fastrtps_c__pyext.dir/rosidl_generator_py/pure_pursuit_pkg/_pure_pursuit_pkg_s.ep.rosidl_typesupport_fastrtps_c.c.o[0m
[ 83%] [32mBuilding C object CMakeFiles/pure_pursuit_pkg__rosidl_typesupport_introspection_c__pyext.dir/rosidl_generator_py/pure_pursuit_pkg/_pure_pursuit_pkg_s.ep.rosidl_typesupport_introspection_c.c.o[0m
[ 86%] [32mBuilding C object CMakeFiles/pure_pursuit_pkg__rosidl_typesupport_c__pyext.dir/rosidl_generator_py/pure_pursuit_pkg/_pure_pursuit_pkg_s.ep.rosidl_typesupport_c.c.o[0m
[ 89%] [32m[1mLinking C shared library rosidl_generator_py/pure_pursuit_pkg/pure_pursuit_pkg_s__rosidl_typesupport_fastrtps_c.cpython-310-x86_64-linux-gnu.so[0m
[ 91%] [32m[1mLinking C shared library rosidl_generator_py/pure_pursuit_pkg/pure_pursuit_pkg_s__rosidl_typesupport_introspection_c.cpython-310-x86_64-linux-gnu.so[0m
[ 91%] Built target pure_pursuit_pkg__rosidl_typesupport_fastrtps_c__pyext
[ 94%] [32m[1mLinking C shared library rosidl_generator_py/pure_pursuit_pkg/pure_pursuit_pkg_s__rosidl_typesupport_c.cpython-310-x86_64-linux-gnu.so[0m
[ 94%] Built target pure_pursuit_pkg__rosidl_typesupport_introspection_c__pyext
[ 94%] Built target pure_pursuit_pkg__rosidl_typesupport_c__pyext
[ 97%] [32m[1mLinking CXX executable waypoints_node[0m
[ 97%] Built target waypoints_node
[100%] [32m[1mLinking CXX executable pure_pursuit_odom[0m
[100%] Built target pure_pursuit_odom
-- Install configuration: ""
-- Installing: /home/rinese/RM_prac/install/pure_pursuit_pkg/share/ament_index/resource_index/rosidl_interfaces/pure_pursuit_pkg
-- Installing: /home/rinese/RM_prac/install/pure_pursuit_pkg/include/pure_pursuit_pkg/pure_pursuit_pkg
-- Installing: /home/rinese/RM_prac/install/pure_pursuit_pkg/include/pure_pursuit_pkg/pure_pursuit_pkg/msg
-- Installing: /home/rinese/RM_prac/install/pure_pursuit_pkg/include/pure_pursuit_pkg/pure_pursuit_pkg/msg/detail
-- Installing: /home/rinese/RM_prac/install/pure_pursuit_pkg/include/pure_pursuit_pkg/pure_pursuit_pkg/msg/detail/way_point_path__type_support.h
-- Installing: /home/rinese/RM_prac/install/pure_pursuit_pkg/include/pure_pursuit_pkg/pure_pursuit_pkg/msg/detail/way_point_path__struct.h
-- Installing: /home/rinese/RM_prac/install/pure_pursuit_pkg/include/pure_pursuit_pkg/pure_pursuit_pkg/msg/detail/way_point_path__functions.h
-- Installing: /home/rinese/RM_prac/install/pure_pursuit_pkg/include/pure_pursuit_pkg/pure_pursuit_pkg/msg/detail/way_point_path__functions.c
-- Installing: /home/rinese/RM_prac/install/pure_pursuit_pkg/include/pure_pursuit_pkg/pure_pursuit_pkg/msg/way_point_path.h
-- Installing: /home/rinese/RM_prac/install/pure_pursuit_pkg/include/pure_pursuit_pkg/pure_pursuit_pkg/msg/rosidl_generator_c__visibility_control.h
-- Installing: /home/rinese/RM_prac/install/pure_pursuit_pkg/share/pure_pursuit_pkg/environment/library_path.sh
-- Installing: /home/rinese/RM_prac/install/pure_pursuit_pkg/share/pure_pursuit_pkg/environment/library_path.dsv
-- Installing: /home/rinese/RM_prac/install/pure_pursuit_pkg/lib/libpure_pursuit_pkg__rosidl_generator_c.so
-- Set runtime path of "/home/rinese/RM_prac/install/pure_pursuit_pkg/lib/libpure_pursuit_pkg__rosidl_generator_c.so" to ""
-- Up-to-date: /home/rinese/RM_prac/install/pure_pursuit_pkg/include/pure_pursuit_pkg/pure_pursuit_pkg
-- Up-to-date: /home/rinese/RM_prac/install/pure_pursuit_pkg/include/pure_pursuit_pkg/pure_pursuit_pkg/msg
-- Installing: /home/rinese/RM_prac/install/pure_pursuit_pkg/include/pure_pursuit_pkg/pure_pursuit_pkg/msg/rosidl_typesupport_fastrtps_c__visibility_control.h
-- Up-to-date: /home/rinese/RM_prac/install/pure_pursuit_pkg/include/pure_pursuit_pkg/pure_pursuit_pkg/msg/detail
-- Installing: /home/rinese/RM_prac/install/pure_pursuit_pkg/include/pure_pursuit_pkg/pure_pursuit_pkg/msg/detail/way_point_path__rosidl_typesupport_fastrtps_c.h
-- Installing: /home/rinese/RM_prac/install/pure_pursuit_pkg/lib/libpure_pursuit_pkg__rosidl_typesupport_fastrtps_c.so
-- Set runtime path of "/home/rinese/RM_prac/install/pure_pursuit_pkg/lib/libpure_pursuit_pkg__rosidl_typesupport_fastrtps_c.so" to ""
-- Up-to-date: /home/rinese/RM_prac/install/pure_pursuit_pkg/include/pure_pursuit_pkg/pure_pursuit_pkg
-- Up-to-date: /home/rinese/RM_prac/install/pure_pursuit_pkg/include/pure_pursuit_pkg/pure_pursuit_pkg/msg
-- Up-to-date: /home/rinese/RM_prac/install/pure_pursuit_pkg/include/pure_pursuit_pkg/pure_pursuit_pkg/msg/detail
-- Installing: /home/rinese/RM_prac/install/pure_pursuit_pkg/include/pure_pursuit_pkg/pure_pursuit_pkg/msg/detail/way_point_path__struct.hpp
-- Installing: /home/rinese/RM_prac/install/pure_pursuit_pkg/include/pure_pursuit_pkg/pure_pursuit_pkg/msg/detail/way_point_path__builder.hpp
-- Installing: /home/rinese/RM_prac/install/pure_pursuit_pkg/include/pure_pursuit_pkg/pure_pursuit_pkg/msg/detail/way_point_path__type_support.hpp
-- Installing: /home/rinese/RM_prac/install/pure_pursuit_pkg/include/pure_pursuit_pkg/pure_pursuit_pkg/msg/detail/way_point_path__traits.hpp
-- Installing: /home/rinese/RM_prac/install/pure_pursuit_pkg/include/pure_pursuit_pkg/pure_pursuit_pkg/msg/rosidl_generator_cpp__visibility_control.hpp
-- Installing: /home/rinese/RM_prac/install/pure_pursuit_pkg/include/pure_pursuit_pkg/pure_pursuit_pkg/msg/way_point_path.hpp
-- Up-to-date: /home/rinese/RM_prac/install/pure_pursuit_pkg/include/pure_pursuit_pkg/pure_pursuit_pkg
-- Up-to-date: /home/rinese/RM_prac/install/pure_pursuit_pkg/include/pure_pursuit_pkg/pure_pursuit_pkg/msg
-- Installing: /home/rinese/RM_prac/install/pure_pursuit_pkg/include/pure_pursuit_pkg/pure_pursuit_pkg/msg/rosidl_typesupport_fastrtps_cpp__visibility_control.h
-- Up-to-date: /home/rinese/RM_prac/install/pure_pursuit_pkg/include/pure_pursuit_pkg/pure_pursuit_pkg/msg/detail
-- Installing: /home/rinese/RM_prac/install/pure_pursuit_pkg/include/pure_pursuit_pkg/pure_pursuit_pkg/msg/detail/dds_fastrtps
-- Installing: /home/rinese/RM_prac/install/pure_pursuit_pkg/include/pure_pursuit_pkg/pure_pursuit_pkg/msg/detail/way_point_path__rosidl_typesupport_fastrtps_cpp.hpp
-- Installing: /home/rinese/RM_prac/install/pure_pursuit_pkg/lib/libpure_pursuit_pkg__rosidl_typesupport_fastrtps_cpp.so
-- Set runtime path of "/home/rinese/RM_prac/install/pure_pursuit_pkg/lib/libpure_pursuit_pkg__rosidl_typesupport_fastrtps_cpp.so" to ""
-- Up-to-date: /home/rinese/RM_prac/install/pure_pursuit_pkg/include/pure_pursuit_pkg/pure_pursuit_pkg
-- Up-to-date: /home/rinese/RM_prac/install/pure_pursuit_pkg/include/pure_pursuit_pkg/pure_pursuit_pkg/msg
-- Installing: /home/rinese/RM_prac/install/pure_pursuit_pkg/include/pure_pursuit_pkg/pure_pursuit_pkg/msg/rosidl_typesupport_introspection_c__visibility_control.h
-- Up-to-date: /home/rinese/RM_prac/install/pure_pursuit_pkg/include/pure_pursuit_pkg/pure_pursuit_pkg/msg/detail
-- Installing: /home/rinese/RM_prac/install/pure_pursuit_pkg/include/pure_pursuit_pkg/pure_pursuit_pkg/msg/detail/way_point_path__rosidl_typesupport_introspection_c.h
-- Installing: /home/rinese/RM_prac/install/pure_pursuit_pkg/include/pure_pursuit_pkg/pure_pursuit_pkg/msg/detail/way_point_path__type_support.c
-- Installing: /home/rinese/RM_prac/install/pure_pursuit_pkg/lib/libpure_pursuit_pkg__rosidl_typesupport_introspection_c.so
-- Set runtime path of "/home/rinese/RM_prac/install/pure_pursuit_pkg/lib/libpure_pursuit_pkg__rosidl_typesupport_introspection_c.so" to ""
-- Installing: /home/rinese/RM_prac/install/pure_pursuit_pkg/lib/libpure_pursuit_pkg__rosidl_typesupport_c.so
-- Set runtime path of "/home/rinese/RM_prac/install/pure_pursuit_pkg/lib/libpure_pursuit_pkg__rosidl_typesupport_c.so" to ""
-- Up-to-date: /home/rinese/RM_prac/install/pure_pursuit_pkg/include/pure_pursuit_pkg/pure_pursuit_pkg
-- Up-to-date: /home/rinese/RM_prac/install/pure_pursuit_pkg/include/pure_pursuit_pkg/pure_pursuit_pkg/msg
-- Up-to-date: /home/rinese/RM_prac/install/pure_pursuit_pkg/include/pure_pursuit_pkg/pure_pursuit_pkg/msg/detail
-- Installing: /home/rinese/RM_prac/install/pure_pursuit_pkg/include/pure_pursuit_pkg/pure_pursuit_pkg/msg/detail/way_point_path__rosidl_typesupport_introspection_cpp.hpp
-- Installing: /home/rinese/RM_prac/install/pure_pursuit_pkg/include/pure_pursuit_pkg/pure_pursuit_pkg/msg/detail/way_point_path__type_support.cpp
-- Installing: /home/rinese/RM_prac/install/pure_pursuit_pkg/lib/libpure_pursuit_pkg__rosidl_typesupport_introspection_cpp.so
-- Set runtime path of "/home/rinese/RM_prac/install/pure_pursuit_pkg/lib/libpure_pursuit_pkg__rosidl_typesupport_introspection_cpp.so" to ""
-- Installing: /home/rinese/RM_prac/install/pure_pursuit_pkg/lib/libpure_pursuit_pkg__rosidl_typesupport_cpp.so
-- Set runtime path of "/home/rinese/RM_prac/install/pure_pursuit_pkg/lib/libpure_pursuit_pkg__rosidl_typesupport_cpp.so" to ""
-- Installing: /home/rinese/RM_prac/install/pure_pursuit_pkg/share/pure_pursuit_pkg/environment/pythonpath.sh
-- Installing: /home/rinese/RM_prac/install/pure_pursuit_pkg/share/pure_pursuit_pkg/environment/pythonpath.dsv
-- Installing: /home/rinese/RM_prac/install/pure_pursuit_pkg/local/lib/python3.10/dist-packages/pure_pursuit_pkg-0.0.0-py3.10.egg-info
-- Installing: /home/rinese/RM_prac/install/pure_pursuit_pkg/local/lib/python3.10/dist-packages/pure_pursuit_pkg-0.0.0-py3.10.egg-info/dependency_links.txt
-- Installing: /home/rinese/RM_prac/install/pure_pursuit_pkg/local/lib/python3.10/dist-packages/pure_pursuit_pkg-0.0.0-py3.10.egg-info/SOURCES.txt
-- Installing: /home/rinese/RM_prac/install/pure_pursuit_pkg/local/lib/python3.10/dist-packages/pure_pursuit_pkg-0.0.0-py3.10.egg-info/PKG-INFO
-- Installing: /home/rinese/RM_prac/install/pure_pursuit_pkg/local/lib/python3.10/dist-packages/pure_pursuit_pkg-0.0.0-py3.10.egg-info/top_level.txt
-- Installing: /home/rinese/RM_prac/install/pure_pursuit_pkg/local/lib/python3.10/dist-packages/pure_pursuit_pkg
-- Installing: /home/rinese/RM_prac/install/pure_pursuit_pkg/local/lib/python3.10/dist-packages/pure_pursuit_pkg/msg
-- Installing: /home/rinese/RM_prac/install/pure_pursuit_pkg/local/lib/python3.10/dist-packages/pure_pursuit_pkg/msg/_way_point_path_s.c
-- Installing: /home/rinese/RM_prac/install/pure_pursuit_pkg/local/lib/python3.10/dist-packages/pure_pursuit_pkg/msg/_way_point_path.py
-- Installing: /home/rinese/RM_prac/install/pure_pursuit_pkg/local/lib/python3.10/dist-packages/pure_pursuit_pkg/msg/__init__.py
-- Installing: /home/rinese/RM_prac/install/pure_pursuit_pkg/local/lib/python3.10/dist-packages/pure_pursuit_pkg/pure_pursuit_pkg_s__rosidl_typesupport_introspection_c.cpython-310-x86_64-linux-gnu.so
-- Installing: /home/rinese/RM_prac/install/pure_pursuit_pkg/local/lib/python3.10/dist-packages/pure_pursuit_pkg/_pure_pursuit_pkg_s.ep.rosidl_typesupport_c.c
-- Installing: /home/rinese/RM_prac/install/pure_pursuit_pkg/local/lib/python3.10/dist-packages/pure_pursuit_pkg/pure_pursuit_pkg_s__rosidl_typesupport_fastrtps_c.cpython-310-x86_64-linux-gnu.so
-- Installing: /home/rinese/RM_prac/install/pure_pursuit_pkg/local/lib/python3.10/dist-packages/pure_pursuit_pkg/pure_pursuit_pkg_s__rosidl_typesupport_c.cpython-310-x86_64-linux-gnu.so
-- Installing: /home/rinese/RM_prac/install/pure_pursuit_pkg/local/lib/python3.10/dist-packages/pure_pursuit_pkg/_pure_pursuit_pkg_s.ep.rosidl_typesupport_fastrtps_c.c
-- Installing: /home/rinese/RM_prac/install/pure_pursuit_pkg/local/lib/python3.10/dist-packages/pure_pursuit_pkg/libpure_pursuit_pkg__rosidl_generator_py.so
-- Installing: /home/rinese/RM_prac/install/pure_pursuit_pkg/local/lib/python3.10/dist-packages/pure_pursuit_pkg/_pure_pursuit_pkg_s.ep.rosidl_typesupport_introspection_c.c
-- Installing: /home/rinese/RM_prac/install/pure_pursuit_pkg/local/lib/python3.10/dist-packages/pure_pursuit_pkg/__init__.py
Listing '/home/rinese/RM_prac/install/pure_pursuit_pkg/local/lib/python3.10/dist-packages/pure_pursuit_pkg'...
Compiling '/home/rinese/RM_prac/install/pure_pursuit_pkg/local/lib/python3.10/dist-packages/pure_pursuit_pkg/__init__.py'...
Listing '/home/rinese/RM_prac/install/pure_pursuit_pkg/local/lib/python3.10/dist-packages/pure_pursuit_pkg/msg'...
Compiling '/home/rinese/RM_prac/install/pure_pursuit_pkg/local/lib/python3.10/dist-packages/pure_pursuit_pkg/msg/__init__.py'...
Compiling '/home/rinese/RM_prac/install/pure_pursuit_pkg/local/lib/python3.10/dist-packages/pure_pursuit_pkg/msg/_way_point_path.py'...
-- Installing: /home/rinese/RM_prac/install/pure_pursuit_pkg/local/lib/python3.10/dist-packages/pure_pursuit_pkg/pure_pursuit_pkg_s__rosidl_typesupport_fastrtps_c.cpython-310-x86_64-linux-gnu.so
-- Set runtime path of "/home/rinese/RM_prac/install/pure_pursuit_pkg/local/lib/python3.10/dist-packages/pure_pursuit_pkg/pure_pursuit_pkg_s__rosidl_typesupport_fastrtps_c.cpython-310-x86_64-linux-gnu.so" to ""
-- Installing: /home/rinese/RM_prac/install/pure_pursuit_pkg/local/lib/python3.10/dist-packages/pure_pursuit_pkg/pure_pursuit_pkg_s__rosidl_typesupport_introspection_c.cpython-310-x86_64-linux-gnu.so
-- Set runtime path of "/home/rinese/RM_prac/install/pure_pursuit_pkg/local/lib/python3.10/dist-packages/pure_pursuit_pkg/pure_pursuit_pkg_s__rosidl_typesupport_introspection_c.cpython-310-x86_64-linux-gnu.so" to ""
-- Installing: /home/rinese/RM_prac/install/pure_pursuit_pkg/local/lib/python3.10/dist-packages/pure_pursuit_pkg/pure_pursuit_pkg_s__rosidl_typesupport_c.cpython-310-x86_64-linux-gnu.so
-- Set runtime path of "/home/rinese/RM_prac/install/pure_pursuit_pkg/local/lib/python3.10/dist-packages/pure_pursuit_pkg/pure_pursuit_pkg_s__rosidl_typesupport_c.cpython-310-x86_64-linux-gnu.so" to ""
-- Installing: /home/rinese/RM_prac/install/pure_pursuit_pkg/lib/libpure_pursuit_pkg__rosidl_generator_py.so
-- Set runtime path of "/home/rinese/RM_prac/install/pure_pursuit_pkg/lib/libpure_pursuit_pkg__rosidl_generator_py.so" to ""
-- Installing: /home/rinese/RM_prac/install/pure_pursuit_pkg/share/pure_pursuit_pkg/msg/WayPointPath.idl
-- Installing: /home/rinese/RM_prac/install/pure_pursuit_pkg/share/pure_pursuit_pkg/msg/WayPointPath.msg
-- Installing: /home/rinese/RM_prac/install/pure_pursuit_pkg/lib/pure_pursuit_pkg/pure_pursuit_odom
-- Set runtime path of "/home/rinese/RM_prac/install/pure_pursuit_pkg/lib/pure_pursuit_pkg/pure_pursuit_odom" to ""
-- Installing: /home/rinese/RM_prac/install/pure_pursuit_pkg/lib/pure_pursuit_pkg/waypoints_node
-- Set runtime path of "/home/rinese/RM_prac/install/pure_pursuit_pkg/lib/pure_pursuit_pkg/waypoints_node" to ""
-- Up-to-date: /home/rinese/RM_prac/install/pure_pursuit_pkg/share/pure_pursuit_pkg/msg
-- Up-to-date: /home/rinese/RM_prac/install/pure_pursuit_pkg/share/pure_pursuit_pkg/msg/WayPointPath.msg
-- Installing: /home/rinese/RM_prac/install/pure_pursuit_pkg/share/pure_pursuit_pkg/config
-- Installing: /home/rinese/RM_prac/install/pure_pursuit_pkg/share/pure_pursuit_pkg/config/path.yaml
-- Installing: /home/rinese/RM_prac/install/pure_pursuit_pkg/share/pure_pursuit_pkg/launch
-- Installing: /home/rinese/RM_prac/install/pure_pursuit_pkg/share/pure_pursuit_pkg/launch/pure_pursuit_controller.launch.py
-- Installing: /home/rinese/RM_prac/install/pure_pursuit_pkg/share/pure_pursuit_pkg/launch/pure_pursuit_controller_eventhandler.launch.py
-- Installing: /home/rinese/RM_prac/install/pure_pursuit_pkg/lib/libwaypoint_tools_lib.so
-- Set runtime path of "/home/rinese/RM_prac/install/pure_pursuit_pkg/lib/libwaypoint_tools_lib.so" to ""
-- Installing: /home/rinese/RM_prac/install/pure_pursuit_pkg/share/ament_index/resource_index/package_run_dependencies/pure_pursuit_pkg
-- Installing: /home/rinese/RM_prac/install/pure_pursuit_pkg/share/ament_index/resource_index/parent_prefix_path/pure_pursuit_pkg
-- Installing: /home/rinese/RM_prac/install/pure_pursuit_pkg/share/pure_pursuit_pkg/environment/ament_prefix_path.sh
-- Installing: /home/rinese/RM_prac/install/pure_pursuit_pkg/share/pure_pursuit_pkg/environment/ament_prefix_path.dsv
-- Installing: /home/rinese/RM_prac/install/pure_pursuit_pkg/share/pure_pursuit_pkg/environment/path.sh
-- Installing: /home/rinese/RM_prac/install/pure_pursuit_pkg/share/pure_pursuit_pkg/environment/path.dsv
-- Installing: /home/rinese/RM_prac/install/pure_pursuit_pkg/share/pure_pursuit_pkg/local_setup.bash
-- Installing: /home/rinese/RM_prac/install/pure_pursuit_pkg/share/pure_pursuit_pkg/local_setup.sh
-- Installing: /home/rinese/RM_prac/install/pure_pursuit_pkg/share/pure_pursuit_pkg/local_setup.zsh
-- Installing: /home/rinese/RM_prac/install/pure_pursuit_pkg/share/pure_pursuit_pkg/local_setup.dsv
-- Installing: /home/rinese/RM_prac/install/pure_pursuit_pkg/share/pure_pursuit_pkg/package.dsv
-- Installing: /home/rinese/RM_prac/install/pure_pursuit_pkg/share/ament_index/resource_index/packages/pure_pursuit_pkg
-- Installing: /home/rinese/RM_prac/install/pure_pursuit_pkg/share/pure_pursuit_pkg/cmake/export_pure_pursuit_pkg__rosidl_generator_cExport.cmake
-- Installing: /home/rinese/RM_prac/install/pure_pursuit_pkg/share/pure_pursuit_pkg/cmake/export_pure_pursuit_pkg__rosidl_generator_cExport-noconfig.cmake
-- Installing: /home/rinese/RM_prac/install/pure_pursuit_pkg/share/pure_pursuit_pkg/cmake/export_pure_pursuit_pkg__rosidl_typesupport_fastrtps_cExport.cmake
-- Installing: /home/rinese/RM_prac/install/pure_pursuit_pkg/share/pure_pursuit_pkg/cmake/export_pure_pursuit_pkg__rosidl_typesupport_fastrtps_cExport-noconfig.cmake
-- Installing: /home/rinese/RM_prac/install/pure_pursuit_pkg/share/pure_pursuit_pkg/cmake/export_pure_pursuit_pkg__rosidl_generator_cppExport.cmake
-- Installing: /home/rinese/RM_prac/install/pure_pursuit_pkg/share/pure_pursuit_pkg/cmake/export_pure_pursuit_pkg__rosidl_typesupport_fastrtps_cppExport.cmake
-- Installing: /home/rinese/RM_prac/install/pure_pursuit_pkg/share/pure_pursuit_pkg/cmake/export_pure_pursuit_pkg__rosidl_typesupport_fastrtps_cppExport-noconfig.cmake
-- Installing: /home/rinese/RM_prac/install/pure_pursuit_pkg/share/pure_pursuit_pkg/cmake/pure_pursuit_pkg__rosidl_typesupport_introspection_cExport.cmake
-- Installing: /home/rinese/RM_prac/install/pure_pursuit_pkg/share/pure_pursuit_pkg/cmake/pure_pursuit_pkg__rosidl_typesupport_introspection_cExport-noconfig.cmake
-- Installing: /home/rinese/RM_prac/install/pure_pursuit_pkg/share/pure_pursuit_pkg/cmake/pure_pursuit_pkg__rosidl_typesupport_cExport.cmake
-- Installing: /home/rinese/RM_prac/install/pure_pursuit_pkg/share/pure_pursuit_pkg/cmake/pure_pursuit_pkg__rosidl_typesupport_cExport-noconfig.cmake
-- Installing: /home/rinese/RM_prac/install/pure_pursuit_pkg/share/pure_pursuit_pkg/cmake/pure_pursuit_pkg__rosidl_typesupport_introspection_cppExport.cmake
-- Installing: /home/rinese/RM_prac/install/pure_pursuit_pkg/share/pure_pursuit_pkg/cmake/pure_pursuit_pkg__rosidl_typesupport_introspection_cppExport-noconfig.cmake
-- Installing: /home/rinese/RM_prac/install/pure_pursuit_pkg/share/pure_pursuit_pkg/cmake/pure_pursuit_pkg__rosidl_typesupport_cppExport.cmake
-- Installing: /home/rinese/RM_prac/install/pure_pursuit_pkg/share/pure_pursuit_pkg/cmake/pure_pursuit_pkg__rosidl_typesupport_cppExport-noconfig.cmake
-- Installing: /home/rinese/RM_prac/install/pure_pursuit_pkg/share/pure_pursuit_pkg/cmake/export_pure_pursuit_pkg__rosidl_generator_pyExport.cmake
-- Installing: /home/rinese/RM_prac/install/pure_pursuit_pkg/share/pure_pursuit_pkg/cmake/export_pure_pursuit_pkg__rosidl_generator_pyExport-noconfig.cmake
-- Installing: /home/rinese/RM_prac/install/pure_pursuit_pkg/share/pure_pursuit_pkg/cmake/rosidl_cmake-extras.cmake
-- Installing: /home/rinese/RM_prac/install/pure_pursuit_pkg/share/pure_pursuit_pkg/cmake/ament_cmake_export_dependencies-extras.cmake
-- Installing: /home/rinese/RM_prac/install/pure_pursuit_pkg/share/pure_pursuit_pkg/cmake/ament_cmake_export_include_directories-extras.cmake
-- Installing: /home/rinese/RM_prac/install/pure_pursuit_pkg/share/pure_pursuit_pkg/cmake/ament_cmake_export_libraries-extras.cmake
-- Installing: /home/rinese/RM_prac/install/pure_pursuit_pkg/share/pure_pursuit_pkg/cmake/ament_cmake_export_targets-extras.cmake
-- Installing: /home/rinese/RM_prac/install/pure_pursuit_pkg/share/pure_pursuit_pkg/cmake/rosidl_cmake_export_typesupport_targets-extras.cmake
-- Installing: /home/rinese/RM_prac/install/pure_pursuit_pkg/share/pure_pursuit_pkg/cmake/rosidl_cmake_export_typesupport_libraries-extras.cmake
-- Installing: /home/rinese/RM_prac/install/pure_pursuit_pkg/share/pure_pursuit_pkg/cmake/pure_pursuit_pkgConfig.cmake
-- Installing: /home/rinese/RM_prac/install/pure_pursuit_pkg/share/pure_pursuit_pkg/cmake/pure_pursuit_pkgConfig-version.cmake
-- Installing: /home/rinese/RM_prac/install/pure_pursuit_pkg/share/pure_pursuit_pkg/package.xml
