[0.024s] Invoking command in '/home/leo/RM_prac/build/practica2_pkg': CMAKE_PREFIX_PATH=/opt/ros/humble /usr/bin/cmake /home/leo/RM_prac/src/practica2_pkg -DCMAKE_INSTALL_PREFIX=/home/leo/RM_prac/install/practica2_pkg
[0.375s] -- The C compiler identification is GNU 11.4.0
[1.394s] -- The CXX compiler identification is GNU 11.4.0
[1.991s] -- Detecting C compiler ABI info
[2.242s] -- Detecting C compiler ABI info - done
[2.250s] -- Check for working C compiler: /usr/bin/cc - skipped
[2.250s] -- Detecting C compile features
[2.250s] -- Detecting C compile features - done
[2.253s] -- Detecting CXX compiler ABI info
[2.492s] -- Detecting CXX compiler ABI info - done
[2.499s] -- Check for working CXX compiler: /usr/bin/c++ - skipped
[2.500s] -- Detecting CXX compile features
[2.500s] -- Detecting CXX compile features - done
[2.507s] -- Found ament_cmake: 1.3.11 (/opt/ros/humble/share/ament_cmake/cmake)
[2.655s] -- Found Python3: /usr/bin/python3 (found version "3.10.12") found components: Interpreter 
[2.782s] -- Found rclcpp: 16.0.11 (/opt/ros/humble/share/rclcpp/cmake)
[3.030s] -- Found rosidl_generator_c: 3.1.6 (/opt/ros/humble/share/rosidl_generator_c/cmake)
[3.036s] -- Found rosidl_adapter: 3.1.6 (/opt/ros/humble/share/rosidl_adapter/cmake)
[3.049s] -- Found rosidl_generator_cpp: 3.1.6 (/opt/ros/humble/share/rosidl_generator_cpp/cmake)
[3.067s] -- Using all available rosidl_typesupport_c: rosidl_typesupport_fastrtps_c;rosidl_typesupport_introspection_c
[3.088s] -- Using all available rosidl_typesupport_cpp: rosidl_typesupport_fastrtps_cpp;rosidl_typesupport_introspection_cpp
[3.150s] -- Found rmw_implementation_cmake: 6.1.2 (/opt/ros/humble/share/rmw_implementation_cmake/cmake)
[3.154s] -- Found rmw_fastrtps_cpp: 6.2.7 (/opt/ros/humble/share/rmw_fastrtps_cpp/cmake)
[4.250s] -- Found OpenSSL: /usr/lib/x86_64-linux-gnu/libcrypto.so (found version "3.0.2")  
[5.904s] -- Found FastRTPS: /opt/ros/humble/include  
[8.401s] -- Using RMW implementation 'rmw_fastrtps_cpp' as default
[8.417s] -- Looking for pthread.h
[8.752s] -- Looking for pthread.h - found
[8.753s] -- Performing Test CMAKE_HAVE_LIBC_PTHREAD
[9.067s] -- Performing Test CMAKE_HAVE_LIBC_PTHREAD - Success
[9.068s] -- Found Threads: TRUE  
[9.144s] -- Found geometry_msgs: 4.2.4 (/opt/ros/humble/share/geometry_msgs/cmake)
[9.166s] -- Found tf2: 0.25.12 (/opt/ros/humble/share/tf2/cmake)
[9.178s] -- Found tf2_geometry_msgs: 0.25.12 (/opt/ros/humble/share/tf2_geometry_msgs/cmake)
[9.289s] -- Found eigen3_cmake_module: 0.1.1 (/opt/ros/humble/share/eigen3_cmake_module/cmake)
[9.291s] -- Found Eigen3: TRUE (found version "3.4.0") 
[9.292s] -- Ensuring Eigen3 include directory is part of orocos-kdl CMake target
[9.428s] -- Found nav_msgs: 4.2.4 (/opt/ros/humble/share/nav_msgs/cmake)
[9.453s] -- Found ament_lint_auto: 0.12.11 (/opt/ros/humble/share/ament_lint_auto/cmake)
[9.538s] -- Added test 'cppcheck' to perform static code analysis on C / C++ code
[9.538s] -- Configured cppcheck include dirs: 
[9.538s] -- Configured cppcheck exclude dirs and/or files: 
[9.539s] -- Added test 'lint_cmake' to check CMake code style
[9.541s] -- Added test 'uncrustify' to check C / C++ code style
[9.541s] -- Configured uncrustify additional arguments: 
[9.542s] -- Added test 'xmllint' to check XML markup files
[9.543s] -- Configuring done
[9.557s] -- Generating done
[9.561s] -- Build files have been written to: /home/leo/RM_prac/build/practica2_pkg
[9.577s] Invoked command in '/home/leo/RM_prac/build/practica2_pkg' returned '0': CMAKE_PREFIX_PATH=/opt/ros/humble /usr/bin/cmake /home/leo/RM_prac/src/practica2_pkg -DCMAKE_INSTALL_PREFIX=/home/leo/RM_prac/install/practica2_pkg
[9.584s] Invoking command in '/home/leo/RM_prac/build/practica2_pkg': CMAKE_PREFIX_PATH=/opt/ros/humble /usr/bin/cmake --build /home/leo/RM_prac/build/practica2_pkg -- -j8 -l8
[9.624s] [ 50%] [32mBuilding CXX object CMakeFiles/ejercicio_practica2.dir/src/ejercicio_practica2.cpp.o[0m
[28.863s] [100%] [32m[1mLinking CXX executable ejercicio_practica2[0m
[29.728s] [100%] Built target ejercicio_practica2
[29.749s] Invoked command in '/home/leo/RM_prac/build/practica2_pkg' returned '0': CMAKE_PREFIX_PATH=/opt/ros/humble /usr/bin/cmake --build /home/leo/RM_prac/build/practica2_pkg -- -j8 -l8
[29.751s] Invoking command in '/home/leo/RM_prac/build/practica2_pkg': CMAKE_PREFIX_PATH=/opt/ros/humble /usr/bin/cmake --install /home/leo/RM_prac/build/practica2_pkg
[29.758s] -- Install configuration: ""
[29.759s] -- Installing: /home/leo/RM_prac/install/practica2_pkg/lib/practica2_pkg/ejercicio_practica2
[29.763s] -- Set runtime path of "/home/leo/RM_prac/install/practica2_pkg/lib/practica2_pkg/ejercicio_practica2" to ""
[29.763s] -- Installing: /home/leo/RM_prac/install/practica2_pkg/share/ament_index/resource_index/package_run_dependencies/practica2_pkg
[29.764s] -- Installing: /home/leo/RM_prac/install/practica2_pkg/share/ament_index/resource_index/parent_prefix_path/practica2_pkg
[29.765s] -- Installing: /home/leo/RM_prac/install/practica2_pkg/share/practica2_pkg/environment/ament_prefix_path.sh
[29.765s] -- Installing: /home/leo/RM_prac/install/practica2_pkg/share/practica2_pkg/environment/ament_prefix_path.dsv
[29.766s] -- Installing: /home/leo/RM_prac/install/practica2_pkg/share/practica2_pkg/environment/path.sh
[29.766s] -- Installing: /home/leo/RM_prac/install/practica2_pkg/share/practica2_pkg/environment/path.dsv
[29.766s] -- Installing: /home/leo/RM_prac/install/practica2_pkg/share/practica2_pkg/local_setup.bash
[29.767s] -- Installing: /home/leo/RM_prac/install/practica2_pkg/share/practica2_pkg/local_setup.sh
[29.767s] -- Installing: /home/leo/RM_prac/install/practica2_pkg/share/practica2_pkg/local_setup.zsh
[29.767s] -- Installing: /home/leo/RM_prac/install/practica2_pkg/share/practica2_pkg/local_setup.dsv
[29.767s] -- Installing: /home/leo/RM_prac/install/practica2_pkg/share/practica2_pkg/package.dsv
[29.767s] -- Installing: /home/leo/RM_prac/install/practica2_pkg/share/ament_index/resource_index/packages/practica2_pkg
[29.768s] -- Installing: /home/leo/RM_prac/install/practica2_pkg/share/practica2_pkg/cmake/practica2_pkgConfig.cmake
[29.768s] -- Installing: /home/leo/RM_prac/install/practica2_pkg/share/practica2_pkg/cmake/practica2_pkgConfig-version.cmake
[29.768s] -- Installing: /home/leo/RM_prac/install/practica2_pkg/share/practica2_pkg/package.xml
[29.772s] Invoked command in '/home/leo/RM_prac/build/practica2_pkg' returned '0': CMAKE_PREFIX_PATH=/opt/ros/humble /usr/bin/cmake --install /home/leo/RM_prac/build/practica2_pkg
