[0.039s] Invoking command in '/home/rinese/RM_prac/build/kinematic_control_pkg': CMAKE_PREFIX_PATH=${CMAKE_PREFIX_PATH}:/opt/ros/humble /usr/bin/cmake /home/rinese/RM_prac/src/kinematic_control_pkg -DCMAKE_INSTALL_PREFIX=/home/rinese/RM_prac/install/kinematic_control_pkg
[0.169s] -- The C compiler identification is GNU 11.4.0
[0.332s] -- The CXX compiler identification is GNU 11.4.0
[0.390s] -- Detecting C compiler ABI info
[0.596s] -- Detecting C compiler ABI info - done
[0.621s] -- Check for working C compiler: /usr/bin/cc - skipped
[0.621s] -- Detecting C compile features
[0.622s] -- Detecting C compile features - done
[0.631s] -- Detecting CXX compiler ABI info
[0.855s] -- Detecting CXX compiler ABI info - done
[0.894s] -- Check for working CXX compiler: /usr/bin/c++ - skipped
[0.895s] -- Detecting CXX compile features
[0.895s] -- Detecting CXX compile features - done
[0.902s] -- Found ament_cmake: 1.3.13 (/opt/ros/humble/share/ament_cmake/cmake)
[1.372s] -- Found Python3: /usr/bin/python3 (found version "3.10.12") found components: Interpreter 
[1.632s] -- Found rclcpp: 16.0.18 (/opt/ros/humble/share/rclcpp/cmake)
[1.742s] -- Found rosidl_generator_c: 3.1.8 (/opt/ros/humble/share/rosidl_generator_c/cmake)
[1.757s] -- Found rosidl_adapter: 3.1.8 (/opt/ros/humble/share/rosidl_adapter/cmake)
[1.778s] -- Found rosidl_generator_cpp: 3.1.8 (/opt/ros/humble/share/rosidl_generator_cpp/cmake)
[1.808s] -- Using all available rosidl_typesupport_c: rosidl_typesupport_fastrtps_c;rosidl_typesupport_introspection_c
[1.849s] -- Using all available rosidl_typesupport_cpp: rosidl_typesupport_fastrtps_cpp;rosidl_typesupport_introspection_cpp
[1.954s] -- Found rmw_implementation_cmake: 6.1.2 (/opt/ros/humble/share/rmw_implementation_cmake/cmake)
[1.963s] -- Found rmw_fastrtps_cpp: 6.2.10 (/opt/ros/humble/share/rmw_fastrtps_cpp/cmake)
[2.182s] -- Found OpenSSL: /usr/lib/x86_64-linux-gnu/libcrypto.so (found version "3.0.2")  
[2.257s] -- Found FastRTPS: /opt/ros/humble/include  
[2.384s] -- Using RMW implementation 'rmw_fastrtps_cpp' as default
[2.408s] -- Looking for pthread.h
[2.634s] -- Looking for pthread.h - found
[2.634s] -- Performing Test CMAKE_HAVE_LIBC_PTHREAD
[2.795s] -- Performing Test CMAKE_HAVE_LIBC_PTHREAD - Success
[2.802s] -- Found Threads: TRUE  
[2.960s] -- Found tf2: 0.25.19 (/opt/ros/humble/share/tf2/cmake)
[3.065s] -- Found tf2_geometry_msgs: 0.25.19 (/opt/ros/humble/share/tf2_geometry_msgs/cmake)
[3.104s] -- Found eigen3_cmake_module: 0.1.1 (/opt/ros/humble/share/eigen3_cmake_module/cmake)
[3.107s] -- Found Eigen3: TRUE (found version "3.4.0") 
[3.108s] -- Ensuring Eigen3 include directory is part of orocos-kdl CMake target
[3.402s] -- Found visualization_msgs: 4.9.1 (/opt/ros/humble/share/visualization_msgs/cmake)
[3.497s] -- Found nav_msgs: 4.9.1 (/opt/ros/humble/share/nav_msgs/cmake)
[3.535s] -- Found rosidl_default_generators: 1.2.0 (/opt/ros/humble/share/rosidl_default_generators/cmake)
[4.803s] -- Found ament_cmake_ros: 0.10.0 (/opt/ros/humble/share/ament_cmake_ros/cmake)
[6.831s] -- Using all available rosidl_typesupport_c: rosidl_typesupport_fastrtps_c;rosidl_typesupport_introspection_c
[7.452s] -- Using all available rosidl_typesupport_cpp: rosidl_typesupport_fastrtps_cpp;rosidl_typesupport_introspection_cpp
[7.502s] -- Found PythonInterp: /usr/bin/python3 (found suitable version "3.10.12", minimum required is "3.6") 
[7.507s] -- Found python_cmake_module: 0.10.0 (/opt/ros/humble/share/python_cmake_module/cmake)
[7.603s] -- Found PythonLibs: /usr/lib/x86_64-linux-gnu/libpython3.10.so (found suitable version "3.10.12", minimum required is "3.5") 
[7.604s] -- Using PYTHON_EXECUTABLE: /usr/bin/python3
[7.605s] -- Using PYTHON_INCLUDE_DIRS: /usr/include/python3.10
[7.605s] -- Using PYTHON_LIBRARIES: /usr/lib/x86_64-linux-gnu/libpython3.10.so
[7.765s] -- Found PythonExtra: .so  
[8.035s] -- Configuring done
[8.194s] -- Generating done
[8.273s] -- Build files have been written to: /home/rinese/RM_prac/build/kinematic_control_pkg
[8.353s] Invoked command in '/home/rinese/RM_prac/build/kinematic_control_pkg' returned '0': CMAKE_PREFIX_PATH=${CMAKE_PREFIX_PATH}:/opt/ros/humble /usr/bin/cmake /home/rinese/RM_prac/src/kinematic_control_pkg -DCMAKE_INSTALL_PREFIX=/home/rinese/RM_prac/install/kinematic_control_pkg
[8.357s] Invoking command in '/home/rinese/RM_prac/build/kinematic_control_pkg': CMAKE_PREFIX_PATH=${CMAKE_PREFIX_PATH}:/opt/ros/humble /usr/bin/cmake --build /home/rinese/RM_prac/build/kinematic_control_pkg -- -j8 -l8
[33.043s] [  2%] [34m[1mGenerating C code for ROS interfaces[0m
[33.043s] [  5%] [34m[1mGenerating C++ code for ROS interfaces[0m
[33.043s] [  5%] Built target ament_cmake_python_copy_kinematic_control_pkg
[33.043s] [  8%] [32mBuilding C object CMakeFiles/kinematic_control_pkg__rosidl_generator_c.dir/rosidl_generator_c/kinematic_control_pkg/msg/detail/reference__functions.c.o[0m
[33.044s] [  8%] Built target kinematic_control_pkg__cpp
[33.044s] [ 11%] [34m[1mGenerating C++ type support dispatch for ROS interfaces[0m
[33.044s] [ 14%] [32m[1mLinking C shared library libkinematic_control_pkg__rosidl_generator_c.so[0m
[33.044s] [ 17%] [34m[1mGenerating C++ introspection for ROS interfaces[0m
[33.044s] [ 20%] [34m[1mGenerating C++ type support for eProsima Fast-RTPS[0m
[33.044s] [ 20%] Built target kinematic_control_pkg__rosidl_generator_c
[33.044s] [ 22%] [34m[1mGenerating C introspection for ROS interfaces[0m
[33.044s] [ 25%] [34m[1mGenerating C type support for eProsima Fast-RTPS[0m
[33.044s] [ 28%] [34m[1mGenerating C type support dispatch for ROS interfaces[0m
[33.045s] running egg_info
[33.045s] creating kinematic_control_pkg.egg-info
[33.052s] writing kinematic_control_pkg.egg-info/PKG-INFO
[33.053s] writing dependency_links to kinematic_control_pkg.egg-info/dependency_links.txt
[33.053s] writing top-level names to kinematic_control_pkg.egg-info/top_level.txt
[33.053s] writing manifest file 'kinematic_control_pkg.egg-info/SOURCES.txt'
[33.053s] reading manifest file 'kinematic_control_pkg.egg-info/SOURCES.txt'
[33.053s] writing manifest file 'kinematic_control_pkg.egg-info/SOURCES.txt'
[33.053s] [ 28%] Built target ament_cmake_python_build_kinematic_control_pkg_egg
[33.053s] [ 31%] [32mBuilding CXX object CMakeFiles/kinematic_control_pkg__rosidl_typesupport_fastrtps_cpp.dir/rosidl_typesupport_fastrtps_cpp/kinematic_control_pkg/msg/detail/dds_fastrtps/reference__type_support.cpp.o[0m
[33.053s] [ 34%] [32mBuilding CXX object CMakeFiles/kinematic_control_pkg__rosidl_typesupport_c.dir/rosidl_typesupport_c/kinematic_control_pkg/msg/reference__type_support.cpp.o[0m
[33.053s] [ 37%] [32m[1mLinking CXX shared library libkinematic_control_pkg__rosidl_typesupport_c.so[0m
[33.054s] [ 40%] [32mBuilding C object CMakeFiles/kinematic_control_pkg__rosidl_typesupport_introspection_c.dir/rosidl_typesupport_introspection_c/kinematic_control_pkg/msg/detail/reference__type_support.c.o[0m
[33.054s] [ 42%] [32mBuilding CXX object CMakeFiles/kinematic_control_pkg__rosidl_typesupport_cpp.dir/rosidl_typesupport_cpp/kinematic_control_pkg/msg/reference__type_support.cpp.o[0m
[33.054s] [ 42%] Built target kinematic_control_pkg__rosidl_typesupport_c
[33.054s] [ 45%] [32mBuilding CXX object CMakeFiles/kinematic_control_pkg__rosidl_typesupport_introspection_cpp.dir/rosidl_typesupport_introspection_cpp/kinematic_control_pkg/msg/detail/reference__type_support.cpp.o[0m
[33.054s] [ 48%] [32m[1mLinking C shared library libkinematic_control_pkg__rosidl_typesupport_introspection_c.so[0m
[33.054s] [ 48%] Built target kinematic_control_pkg__rosidl_typesupport_introspection_c
[33.054s] [ 51%] [32mBuilding CXX object CMakeFiles/kinematic_control_pkg__rosidl_typesupport_fastrtps_c.dir/rosidl_typesupport_fastrtps_c/kinematic_control_pkg/msg/detail/reference__type_support_c.cpp.o[0m
[33.054s] [ 54%] [32m[1mLinking CXX shared library libkinematic_control_pkg__rosidl_typesupport_cpp.so[0m
[33.054s] [ 57%] [32m[1mLinking CXX shared library libkinematic_control_pkg__rosidl_typesupport_fastrtps_cpp.so[0m
[33.055s] [ 57%] Built target kinematic_control_pkg__rosidl_typesupport_cpp
[33.055s] [ 60%] [32mBuilding CXX object CMakeFiles/controller_odom.dir/src/controller_odom.cpp.o[0m
[33.055s] [ 60%] Built target kinematic_control_pkg__rosidl_typesupport_fastrtps_cpp
[33.055s] [ 62%] [32mBuilding CXX object CMakeFiles/infinite_reference_node.dir/src/infinite_reference_node.cpp.o[0m
[33.055s] [ 65%] [32m[1mLinking CXX shared library libkinematic_control_pkg__rosidl_typesupport_fastrtps_c.so[0m
[33.055s] [ 65%] Built target kinematic_control_pkg__rosidl_typesupport_fastrtps_c
[33.058s] [ 68%] [32m[1mLinking CXX shared library libkinematic_control_pkg__rosidl_typesupport_introspection_cpp.so[0m
[33.059s] [ 68%] Built target kinematic_control_pkg__rosidl_typesupport_introspection_cpp
[33.059s] [ 68%] Built target kinematic_control_pkg
[33.059s] [ 71%] [34m[1mGenerating Python code for ROS interfaces[0m
[33.059s] [ 71%] Built target kinematic_control_pkg__py
[33.059s] [ 74%] [32mBuilding C object CMakeFiles/kinematic_control_pkg__rosidl_generator_py.dir/rosidl_generator_py/kinematic_control_pkg/msg/_reference_s.c.o[0m
[33.059s] [ 77%] [32m[1mLinking C shared library rosidl_generator_py/kinematic_control_pkg/libkinematic_control_pkg__rosidl_generator_py.so[0m
[33.059s] [ 77%] Built target kinematic_control_pkg__rosidl_generator_py
[33.059s] [ 80%] [32mBuilding C object CMakeFiles/kinematic_control_pkg__rosidl_typesupport_fastrtps_c__pyext.dir/rosidl_generator_py/kinematic_control_pkg/_kinematic_control_pkg_s.ep.rosidl_typesupport_fastrtps_c.c.o[0m
[33.059s] [ 82%] [32mBuilding C object CMakeFiles/kinematic_control_pkg__rosidl_typesupport_c__pyext.dir/rosidl_generator_py/kinematic_control_pkg/_kinematic_control_pkg_s.ep.rosidl_typesupport_c.c.o[0m
[33.060s] [ 85%] [32mBuilding C object CMakeFiles/kinematic_control_pkg__rosidl_typesupport_introspection_c__pyext.dir/rosidl_generator_py/kinematic_control_pkg/_kinematic_control_pkg_s.ep.rosidl_typesupport_introspection_c.c.o[0m
[33.060s] [ 88%] [32m[1mLinking C shared library rosidl_generator_py/kinematic_control_pkg/kinematic_control_pkg_s__rosidl_typesupport_c.cpython-310-x86_64-linux-gnu.so[0m
[33.060s] [ 91%] [32m[1mLinking C shared library rosidl_generator_py/kinematic_control_pkg/kinematic_control_pkg_s__rosidl_typesupport_fastrtps_c.cpython-310-x86_64-linux-gnu.so[0m
[33.060s] [ 91%] Built target kinematic_control_pkg__rosidl_typesupport_fastrtps_c__pyext
[33.060s] [ 91%] Built target kinematic_control_pkg__rosidl_typesupport_c__pyext
[33.060s] [ 94%] [32m[1mLinking C shared library rosidl_generator_py/kinematic_control_pkg/kinematic_control_pkg_s__rosidl_typesupport_introspection_c.cpython-310-x86_64-linux-gnu.so[0m
[33.060s] [ 94%] Built target kinematic_control_pkg__rosidl_typesupport_introspection_c__pyext
[33.060s] [ 97%] [32m[1mLinking CXX executable infinite_reference_node[0m
[33.061s] [ 97%] Built target infinite_reference_node
[40.303s] [100%] [32m[1mLinking CXX executable controller_odom[0m
[41.123s] [100%] Built target controller_odom
[41.137s] Invoked command in '/home/rinese/RM_prac/build/kinematic_control_pkg' returned '0': CMAKE_PREFIX_PATH=${CMAKE_PREFIX_PATH}:/opt/ros/humble /usr/bin/cmake --build /home/rinese/RM_prac/build/kinematic_control_pkg -- -j8 -l8
[41.139s] Invoking command in '/home/rinese/RM_prac/build/kinematic_control_pkg': CMAKE_PREFIX_PATH=${CMAKE_PREFIX_PATH}:/opt/ros/humble /usr/bin/cmake --install /home/rinese/RM_prac/build/kinematic_control_pkg
[41.148s] -- Install configuration: ""
[41.148s] -- Installing: /home/rinese/RM_prac/install/kinematic_control_pkg/share/ament_index/resource_index/rosidl_interfaces/kinematic_control_pkg
[41.149s] -- Installing: /home/rinese/RM_prac/install/kinematic_control_pkg/include/kinematic_control_pkg/kinematic_control_pkg
[41.149s] -- Installing: /home/rinese/RM_prac/install/kinematic_control_pkg/include/kinematic_control_pkg/kinematic_control_pkg/msg
[41.149s] -- Installing: /home/rinese/RM_prac/install/kinematic_control_pkg/include/kinematic_control_pkg/kinematic_control_pkg/msg/reference.h
[41.149s] -- Installing: /home/rinese/RM_prac/install/kinematic_control_pkg/include/kinematic_control_pkg/kinematic_control_pkg/msg/detail
[41.149s] -- Installing: /home/rinese/RM_prac/install/kinematic_control_pkg/include/kinematic_control_pkg/kinematic_control_pkg/msg/detail/reference__functions.c
[41.149s] -- Installing: /home/rinese/RM_prac/install/kinematic_control_pkg/include/kinematic_control_pkg/kinematic_control_pkg/msg/detail/reference__type_support.h
[41.149s] -- Installing: /home/rinese/RM_prac/install/kinematic_control_pkg/include/kinematic_control_pkg/kinematic_control_pkg/msg/detail/reference__struct.h
[41.150s] -- Installing: /home/rinese/RM_prac/install/kinematic_control_pkg/include/kinematic_control_pkg/kinematic_control_pkg/msg/detail/reference__functions.h
[41.150s] -- Installing: /home/rinese/RM_prac/install/kinematic_control_pkg/include/kinematic_control_pkg/kinematic_control_pkg/msg/rosidl_generator_c__visibility_control.h
[41.150s] -- Installing: /home/rinese/RM_prac/install/kinematic_control_pkg/share/kinematic_control_pkg/environment/library_path.sh
[41.150s] -- Installing: /home/rinese/RM_prac/install/kinematic_control_pkg/share/kinematic_control_pkg/environment/library_path.dsv
[41.150s] -- Installing: /home/rinese/RM_prac/install/kinematic_control_pkg/lib/libkinematic_control_pkg__rosidl_generator_c.so
[41.150s] -- Set runtime path of "/home/rinese/RM_prac/install/kinematic_control_pkg/lib/libkinematic_control_pkg__rosidl_generator_c.so" to ""
[41.150s] -- Up-to-date: /home/rinese/RM_prac/install/kinematic_control_pkg/include/kinematic_control_pkg/kinematic_control_pkg
[41.151s] -- Up-to-date: /home/rinese/RM_prac/install/kinematic_control_pkg/include/kinematic_control_pkg/kinematic_control_pkg/msg
[41.151s] -- Installing: /home/rinese/RM_prac/install/kinematic_control_pkg/include/kinematic_control_pkg/kinematic_control_pkg/msg/rosidl_typesupport_fastrtps_c__visibility_control.h
[41.151s] -- Up-to-date: /home/rinese/RM_prac/install/kinematic_control_pkg/include/kinematic_control_pkg/kinematic_control_pkg/msg/detail
[41.151s] -- Installing: /home/rinese/RM_prac/install/kinematic_control_pkg/include/kinematic_control_pkg/kinematic_control_pkg/msg/detail/reference__rosidl_typesupport_fastrtps_c.h
[41.151s] -- Installing: /home/rinese/RM_prac/install/kinematic_control_pkg/lib/libkinematic_control_pkg__rosidl_typesupport_fastrtps_c.so
[41.151s] -- Set runtime path of "/home/rinese/RM_prac/install/kinematic_control_pkg/lib/libkinematic_control_pkg__rosidl_typesupport_fastrtps_c.so" to ""
[41.152s] -- Up-to-date: /home/rinese/RM_prac/install/kinematic_control_pkg/include/kinematic_control_pkg/kinematic_control_pkg
[41.152s] -- Up-to-date: /home/rinese/RM_prac/install/kinematic_control_pkg/include/kinematic_control_pkg/kinematic_control_pkg/msg
[41.152s] -- Up-to-date: /home/rinese/RM_prac/install/kinematic_control_pkg/include/kinematic_control_pkg/kinematic_control_pkg/msg/detail
[41.152s] -- Installing: /home/rinese/RM_prac/install/kinematic_control_pkg/include/kinematic_control_pkg/kinematic_control_pkg/msg/detail/reference__builder.hpp
[41.152s] -- Installing: /home/rinese/RM_prac/install/kinematic_control_pkg/include/kinematic_control_pkg/kinematic_control_pkg/msg/detail/reference__struct.hpp
[41.152s] -- Installing: /home/rinese/RM_prac/install/kinematic_control_pkg/include/kinematic_control_pkg/kinematic_control_pkg/msg/detail/reference__traits.hpp
[41.152s] -- Installing: /home/rinese/RM_prac/install/kinematic_control_pkg/include/kinematic_control_pkg/kinematic_control_pkg/msg/detail/reference__type_support.hpp
[41.153s] -- Installing: /home/rinese/RM_prac/install/kinematic_control_pkg/include/kinematic_control_pkg/kinematic_control_pkg/msg/reference.hpp
[41.153s] -- Installing: /home/rinese/RM_prac/install/kinematic_control_pkg/include/kinematic_control_pkg/kinematic_control_pkg/msg/rosidl_generator_cpp__visibility_control.hpp
[41.153s] -- Up-to-date: /home/rinese/RM_prac/install/kinematic_control_pkg/include/kinematic_control_pkg/kinematic_control_pkg
[41.153s] -- Up-to-date: /home/rinese/RM_prac/install/kinematic_control_pkg/include/kinematic_control_pkg/kinematic_control_pkg/msg
[41.153s] -- Installing: /home/rinese/RM_prac/install/kinematic_control_pkg/include/kinematic_control_pkg/kinematic_control_pkg/msg/rosidl_typesupport_fastrtps_cpp__visibility_control.h
[41.153s] -- Up-to-date: /home/rinese/RM_prac/install/kinematic_control_pkg/include/kinematic_control_pkg/kinematic_control_pkg/msg/detail
[41.153s] -- Installing: /home/rinese/RM_prac/install/kinematic_control_pkg/include/kinematic_control_pkg/kinematic_control_pkg/msg/detail/dds_fastrtps
[41.153s] -- Installing: /home/rinese/RM_prac/install/kinematic_control_pkg/include/kinematic_control_pkg/kinematic_control_pkg/msg/detail/reference__rosidl_typesupport_fastrtps_cpp.hpp
[41.153s] -- Installing: /home/rinese/RM_prac/install/kinematic_control_pkg/lib/libkinematic_control_pkg__rosidl_typesupport_fastrtps_cpp.so
[41.154s] -- Set runtime path of "/home/rinese/RM_prac/install/kinematic_control_pkg/lib/libkinematic_control_pkg__rosidl_typesupport_fastrtps_cpp.so" to ""
[41.154s] -- Up-to-date: /home/rinese/RM_prac/install/kinematic_control_pkg/include/kinematic_control_pkg/kinematic_control_pkg
[41.154s] -- Up-to-date: /home/rinese/RM_prac/install/kinematic_control_pkg/include/kinematic_control_pkg/kinematic_control_pkg/msg
[41.154s] -- Installing: /home/rinese/RM_prac/install/kinematic_control_pkg/include/kinematic_control_pkg/kinematic_control_pkg/msg/rosidl_typesupport_introspection_c__visibility_control.h
[41.154s] -- Up-to-date: /home/rinese/RM_prac/install/kinematic_control_pkg/include/kinematic_control_pkg/kinematic_control_pkg/msg/detail
[41.154s] -- Installing: /home/rinese/RM_prac/install/kinematic_control_pkg/include/kinematic_control_pkg/kinematic_control_pkg/msg/detail/reference__rosidl_typesupport_introspection_c.h
[41.154s] -- Installing: /home/rinese/RM_prac/install/kinematic_control_pkg/include/kinematic_control_pkg/kinematic_control_pkg/msg/detail/reference__type_support.c
[41.154s] -- Installing: /home/rinese/RM_prac/install/kinematic_control_pkg/lib/libkinematic_control_pkg__rosidl_typesupport_introspection_c.so
[41.155s] -- Set runtime path of "/home/rinese/RM_prac/install/kinematic_control_pkg/lib/libkinematic_control_pkg__rosidl_typesupport_introspection_c.so" to ""
[41.155s] -- Installing: /home/rinese/RM_prac/install/kinematic_control_pkg/lib/libkinematic_control_pkg__rosidl_typesupport_c.so
[41.155s] -- Set runtime path of "/home/rinese/RM_prac/install/kinematic_control_pkg/lib/libkinematic_control_pkg__rosidl_typesupport_c.so" to ""
[41.155s] -- Up-to-date: /home/rinese/RM_prac/install/kinematic_control_pkg/include/kinematic_control_pkg/kinematic_control_pkg
[41.155s] -- Up-to-date: /home/rinese/RM_prac/install/kinematic_control_pkg/include/kinematic_control_pkg/kinematic_control_pkg/msg
[41.155s] -- Up-to-date: /home/rinese/RM_prac/install/kinematic_control_pkg/include/kinematic_control_pkg/kinematic_control_pkg/msg/detail
[41.155s] -- Installing: /home/rinese/RM_prac/install/kinematic_control_pkg/include/kinematic_control_pkg/kinematic_control_pkg/msg/detail/reference__type_support.cpp
[41.155s] -- Installing: /home/rinese/RM_prac/install/kinematic_control_pkg/include/kinematic_control_pkg/kinematic_control_pkg/msg/detail/reference__rosidl_typesupport_introspection_cpp.hpp
[41.156s] -- Installing: /home/rinese/RM_prac/install/kinematic_control_pkg/lib/libkinematic_control_pkg__rosidl_typesupport_introspection_cpp.so
[41.156s] -- Set runtime path of "/home/rinese/RM_prac/install/kinematic_control_pkg/lib/libkinematic_control_pkg__rosidl_typesupport_introspection_cpp.so" to ""
[41.156s] -- Installing: /home/rinese/RM_prac/install/kinematic_control_pkg/lib/libkinematic_control_pkg__rosidl_typesupport_cpp.so
[41.156s] -- Set runtime path of "/home/rinese/RM_prac/install/kinematic_control_pkg/lib/libkinematic_control_pkg__rosidl_typesupport_cpp.so" to ""
[41.156s] -- Installing: /home/rinese/RM_prac/install/kinematic_control_pkg/share/kinematic_control_pkg/environment/pythonpath.sh
[41.156s] -- Installing: /home/rinese/RM_prac/install/kinematic_control_pkg/share/kinematic_control_pkg/environment/pythonpath.dsv
[41.156s] -- Installing: /home/rinese/RM_prac/install/kinematic_control_pkg/local/lib/python3.10/dist-packages/kinematic_control_pkg-0.0.0-py3.10.egg-info
[41.156s] -- Installing: /home/rinese/RM_prac/install/kinematic_control_pkg/local/lib/python3.10/dist-packages/kinematic_control_pkg-0.0.0-py3.10.egg-info/dependency_links.txt
[41.157s] -- Installing: /home/rinese/RM_prac/install/kinematic_control_pkg/local/lib/python3.10/dist-packages/kinematic_control_pkg-0.0.0-py3.10.egg-info/SOURCES.txt
[41.157s] -- Installing: /home/rinese/RM_prac/install/kinematic_control_pkg/local/lib/python3.10/dist-packages/kinematic_control_pkg-0.0.0-py3.10.egg-info/PKG-INFO
[41.157s] -- Installing: /home/rinese/RM_prac/install/kinematic_control_pkg/local/lib/python3.10/dist-packages/kinematic_control_pkg-0.0.0-py3.10.egg-info/top_level.txt
[41.157s] -- Installing: /home/rinese/RM_prac/install/kinematic_control_pkg/local/lib/python3.10/dist-packages/kinematic_control_pkg
[41.157s] -- Installing: /home/rinese/RM_prac/install/kinematic_control_pkg/local/lib/python3.10/dist-packages/kinematic_control_pkg/kinematic_control_pkg_s__rosidl_typesupport_fastrtps_c.cpython-310-x86_64-linux-gnu.so
[41.157s] -- Installing: /home/rinese/RM_prac/install/kinematic_control_pkg/local/lib/python3.10/dist-packages/kinematic_control_pkg/msg
[41.157s] -- Installing: /home/rinese/RM_prac/install/kinematic_control_pkg/local/lib/python3.10/dist-packages/kinematic_control_pkg/msg/_reference.py
[41.158s] -- Installing: /home/rinese/RM_prac/install/kinematic_control_pkg/local/lib/python3.10/dist-packages/kinematic_control_pkg/msg/_reference_s.c
[41.158s] -- Installing: /home/rinese/RM_prac/install/kinematic_control_pkg/local/lib/python3.10/dist-packages/kinematic_control_pkg/msg/__init__.py
[41.158s] -- Installing: /home/rinese/RM_prac/install/kinematic_control_pkg/local/lib/python3.10/dist-packages/kinematic_control_pkg/libkinematic_control_pkg__rosidl_generator_py.so
[41.158s] -- Installing: /home/rinese/RM_prac/install/kinematic_control_pkg/local/lib/python3.10/dist-packages/kinematic_control_pkg/_kinematic_control_pkg_s.ep.rosidl_typesupport_c.c
[41.158s] -- Installing: /home/rinese/RM_prac/install/kinematic_control_pkg/local/lib/python3.10/dist-packages/kinematic_control_pkg/_kinematic_control_pkg_s.ep.rosidl_typesupport_fastrtps_c.c
[41.158s] -- Installing: /home/rinese/RM_prac/install/kinematic_control_pkg/local/lib/python3.10/dist-packages/kinematic_control_pkg/kinematic_control_pkg_s__rosidl_typesupport_c.cpython-310-x86_64-linux-gnu.so
[41.158s] -- Installing: /home/rinese/RM_prac/install/kinematic_control_pkg/local/lib/python3.10/dist-packages/kinematic_control_pkg/kinematic_control_pkg_s__rosidl_typesupport_introspection_c.cpython-310-x86_64-linux-gnu.so
[41.158s] -- Installing: /home/rinese/RM_prac/install/kinematic_control_pkg/local/lib/python3.10/dist-packages/kinematic_control_pkg/_kinematic_control_pkg_s.ep.rosidl_typesupport_introspection_c.c
[41.159s] -- Installing: /home/rinese/RM_prac/install/kinematic_control_pkg/local/lib/python3.10/dist-packages/kinematic_control_pkg/__init__.py
[41.201s] Listing '/home/rinese/RM_prac/install/kinematic_control_pkg/local/lib/python3.10/dist-packages/kinematic_control_pkg'...
[41.201s] Compiling '/home/rinese/RM_prac/install/kinematic_control_pkg/local/lib/python3.10/dist-packages/kinematic_control_pkg/__init__.py'...
[41.201s] Listing '/home/rinese/RM_prac/install/kinematic_control_pkg/local/lib/python3.10/dist-packages/kinematic_control_pkg/msg'...
[41.202s] Compiling '/home/rinese/RM_prac/install/kinematic_control_pkg/local/lib/python3.10/dist-packages/kinematic_control_pkg/msg/__init__.py'...
[41.202s] Compiling '/home/rinese/RM_prac/install/kinematic_control_pkg/local/lib/python3.10/dist-packages/kinematic_control_pkg/msg/_reference.py'...
[41.207s] -- Installing: /home/rinese/RM_prac/install/kinematic_control_pkg/local/lib/python3.10/dist-packages/kinematic_control_pkg/kinematic_control_pkg_s__rosidl_typesupport_fastrtps_c.cpython-310-x86_64-linux-gnu.so
[41.207s] -- Set runtime path of "/home/rinese/RM_prac/install/kinematic_control_pkg/local/lib/python3.10/dist-packages/kinematic_control_pkg/kinematic_control_pkg_s__rosidl_typesupport_fastrtps_c.cpython-310-x86_64-linux-gnu.so" to ""
[41.208s] -- Installing: /home/rinese/RM_prac/install/kinematic_control_pkg/local/lib/python3.10/dist-packages/kinematic_control_pkg/kinematic_control_pkg_s__rosidl_typesupport_introspection_c.cpython-310-x86_64-linux-gnu.so
[41.208s] -- Set runtime path of "/home/rinese/RM_prac/install/kinematic_control_pkg/local/lib/python3.10/dist-packages/kinematic_control_pkg/kinematic_control_pkg_s__rosidl_typesupport_introspection_c.cpython-310-x86_64-linux-gnu.so" to ""
[41.208s] -- Installing: /home/rinese/RM_prac/install/kinematic_control_pkg/local/lib/python3.10/dist-packages/kinematic_control_pkg/kinematic_control_pkg_s__rosidl_typesupport_c.cpython-310-x86_64-linux-gnu.so
[41.209s] -- Set runtime path of "/home/rinese/RM_prac/install/kinematic_control_pkg/local/lib/python3.10/dist-packages/kinematic_control_pkg/kinematic_control_pkg_s__rosidl_typesupport_c.cpython-310-x86_64-linux-gnu.so" to ""
[41.209s] -- Installing: /home/rinese/RM_prac/install/kinematic_control_pkg/lib/libkinematic_control_pkg__rosidl_generator_py.so
[41.209s] -- Set runtime path of "/home/rinese/RM_prac/install/kinematic_control_pkg/lib/libkinematic_control_pkg__rosidl_generator_py.so" to ""
[41.209s] -- Installing: /home/rinese/RM_prac/install/kinematic_control_pkg/share/kinematic_control_pkg/msg/Reference.idl
[41.209s] -- Installing: /home/rinese/RM_prac/install/kinematic_control_pkg/share/kinematic_control_pkg/msg/Reference.msg
[41.209s] -- Installing: /home/rinese/RM_prac/install/kinematic_control_pkg/lib/kinematic_control_pkg/controller_odom
[41.214s] -- Set runtime path of "/home/rinese/RM_prac/install/kinematic_control_pkg/lib/kinematic_control_pkg/controller_odom" to ""
[41.214s] -- Installing: /home/rinese/RM_prac/install/kinematic_control_pkg/lib/kinematic_control_pkg/infinite_reference_node
[41.215s] -- Set runtime path of "/home/rinese/RM_prac/install/kinematic_control_pkg/lib/kinematic_control_pkg/infinite_reference_node" to ""
[41.215s] -- Up-to-date: /home/rinese/RM_prac/install/kinematic_control_pkg/share/kinematic_control_pkg/msg
[41.215s] -- Up-to-date: /home/rinese/RM_prac/install/kinematic_control_pkg/share/kinematic_control_pkg/msg/Reference.msg
[41.215s] -- Installing: /home/rinese/RM_prac/install/kinematic_control_pkg/share/kinematic_control_pkg/launch
[41.215s] -- Installing: /home/rinese/RM_prac/install/kinematic_control_pkg/share/kinematic_control_pkg/launch/rviz2.launch.py
[41.216s] -- Installing: /home/rinese/RM_prac/install/kinematic_control_pkg/share/kinematic_control_pkg/launch/kinematic_controller.launch.py
[41.216s] -- Installing: /home/rinese/RM_prac/install/kinematic_control_pkg/share/kinematic_control_pkg/rviz
[41.216s] -- Installing: /home/rinese/RM_prac/install/kinematic_control_pkg/share/kinematic_control_pkg/rviz/tb3_rviz2.rviz
[41.216s] -- Installing: /home/rinese/RM_prac/install/kinematic_control_pkg/share/ament_index/resource_index/package_run_dependencies/kinematic_control_pkg
[41.216s] -- Installing: /home/rinese/RM_prac/install/kinematic_control_pkg/share/ament_index/resource_index/parent_prefix_path/kinematic_control_pkg
[41.216s] -- Installing: /home/rinese/RM_prac/install/kinematic_control_pkg/share/kinematic_control_pkg/environment/ament_prefix_path.sh
[41.217s] -- Installing: /home/rinese/RM_prac/install/kinematic_control_pkg/share/kinematic_control_pkg/environment/ament_prefix_path.dsv
[41.217s] -- Installing: /home/rinese/RM_prac/install/kinematic_control_pkg/share/kinematic_control_pkg/environment/path.sh
[41.217s] -- Installing: /home/rinese/RM_prac/install/kinematic_control_pkg/share/kinematic_control_pkg/environment/path.dsv
[41.217s] -- Installing: /home/rinese/RM_prac/install/kinematic_control_pkg/share/kinematic_control_pkg/local_setup.bash
[41.217s] -- Installing: /home/rinese/RM_prac/install/kinematic_control_pkg/share/kinematic_control_pkg/local_setup.sh
[41.217s] -- Installing: /home/rinese/RM_prac/install/kinematic_control_pkg/share/kinematic_control_pkg/local_setup.zsh
[41.217s] -- Installing: /home/rinese/RM_prac/install/kinematic_control_pkg/share/kinematic_control_pkg/local_setup.dsv
[41.217s] -- Installing: /home/rinese/RM_prac/install/kinematic_control_pkg/share/kinematic_control_pkg/package.dsv
[41.217s] -- Installing: /home/rinese/RM_prac/install/kinematic_control_pkg/share/ament_index/resource_index/packages/kinematic_control_pkg
[41.218s] -- Installing: /home/rinese/RM_prac/install/kinematic_control_pkg/share/kinematic_control_pkg/cmake/export_kinematic_control_pkg__rosidl_generator_cExport.cmake
[41.218s] -- Installing: /home/rinese/RM_prac/install/kinematic_control_pkg/share/kinematic_control_pkg/cmake/export_kinematic_control_pkg__rosidl_generator_cExport-noconfig.cmake
[41.218s] -- Installing: /home/rinese/RM_prac/install/kinematic_control_pkg/share/kinematic_control_pkg/cmake/export_kinematic_control_pkg__rosidl_typesupport_fastrtps_cExport.cmake
[41.218s] -- Installing: /home/rinese/RM_prac/install/kinematic_control_pkg/share/kinematic_control_pkg/cmake/export_kinematic_control_pkg__rosidl_typesupport_fastrtps_cExport-noconfig.cmake
[41.218s] -- Installing: /home/rinese/RM_prac/install/kinematic_control_pkg/share/kinematic_control_pkg/cmake/export_kinematic_control_pkg__rosidl_generator_cppExport.cmake
[41.218s] -- Installing: /home/rinese/RM_prac/install/kinematic_control_pkg/share/kinematic_control_pkg/cmake/export_kinematic_control_pkg__rosidl_typesupport_fastrtps_cppExport.cmake
[41.218s] -- Installing: /home/rinese/RM_prac/install/kinematic_control_pkg/share/kinematic_control_pkg/cmake/export_kinematic_control_pkg__rosidl_typesupport_fastrtps_cppExport-noconfig.cmake
[41.218s] -- Installing: /home/rinese/RM_prac/install/kinematic_control_pkg/share/kinematic_control_pkg/cmake/kinematic_control_pkg__rosidl_typesupport_introspection_cExport.cmake
[41.219s] -- Installing: /home/rinese/RM_prac/install/kinematic_control_pkg/share/kinematic_control_pkg/cmake/kinematic_control_pkg__rosidl_typesupport_introspection_cExport-noconfig.cmake
[41.219s] -- Installing: /home/rinese/RM_prac/install/kinematic_control_pkg/share/kinematic_control_pkg/cmake/kinematic_control_pkg__rosidl_typesupport_cExport.cmake
[41.219s] -- Installing: /home/rinese/RM_prac/install/kinematic_control_pkg/share/kinematic_control_pkg/cmake/kinematic_control_pkg__rosidl_typesupport_cExport-noconfig.cmake
[41.219s] -- Installing: /home/rinese/RM_prac/install/kinematic_control_pkg/share/kinematic_control_pkg/cmake/kinematic_control_pkg__rosidl_typesupport_introspection_cppExport.cmake
[41.220s] -- Installing: /home/rinese/RM_prac/install/kinematic_control_pkg/share/kinematic_control_pkg/cmake/kinematic_control_pkg__rosidl_typesupport_introspection_cppExport-noconfig.cmake
[41.220s] -- Installing: /home/rinese/RM_prac/install/kinematic_control_pkg/share/kinematic_control_pkg/cmake/kinematic_control_pkg__rosidl_typesupport_cppExport.cmake
[41.220s] -- Installing: /home/rinese/RM_prac/install/kinematic_control_pkg/share/kinematic_control_pkg/cmake/kinematic_control_pkg__rosidl_typesupport_cppExport-noconfig.cmake
[41.220s] -- Installing: /home/rinese/RM_prac/install/kinematic_control_pkg/share/kinematic_control_pkg/cmake/export_kinematic_control_pkg__rosidl_generator_pyExport.cmake
[41.221s] -- Installing: /home/rinese/RM_prac/install/kinematic_control_pkg/share/kinematic_control_pkg/cmake/export_kinematic_control_pkg__rosidl_generator_pyExport-noconfig.cmake
[41.221s] -- Installing: /home/rinese/RM_prac/install/kinematic_control_pkg/share/kinematic_control_pkg/cmake/rosidl_cmake-extras.cmake
[41.221s] -- Installing: /home/rinese/RM_prac/install/kinematic_control_pkg/share/kinematic_control_pkg/cmake/ament_cmake_export_dependencies-extras.cmake
[41.221s] -- Installing: /home/rinese/RM_prac/install/kinematic_control_pkg/share/kinematic_control_pkg/cmake/ament_cmake_export_include_directories-extras.cmake
[41.221s] -- Installing: /home/rinese/RM_prac/install/kinematic_control_pkg/share/kinematic_control_pkg/cmake/ament_cmake_export_libraries-extras.cmake
[41.222s] -- Installing: /home/rinese/RM_prac/install/kinematic_control_pkg/share/kinematic_control_pkg/cmake/ament_cmake_export_targets-extras.cmake
[41.222s] -- Installing: /home/rinese/RM_prac/install/kinematic_control_pkg/share/kinematic_control_pkg/cmake/rosidl_cmake_export_typesupport_targets-extras.cmake
[41.222s] -- Installing: /home/rinese/RM_prac/install/kinematic_control_pkg/share/kinematic_control_pkg/cmake/rosidl_cmake_export_typesupport_libraries-extras.cmake
[41.222s] -- Installing: /home/rinese/RM_prac/install/kinematic_control_pkg/share/kinematic_control_pkg/cmake/kinematic_control_pkgConfig.cmake
[41.222s] -- Installing: /home/rinese/RM_prac/install/kinematic_control_pkg/share/kinematic_control_pkg/cmake/kinematic_control_pkgConfig-version.cmake
[41.223s] -- Installing: /home/rinese/RM_prac/install/kinematic_control_pkg/share/kinematic_control_pkg/package.xml
[41.226s] Invoked command in '/home/rinese/RM_prac/build/kinematic_control_pkg' returned '0': CMAKE_PREFIX_PATH=${CMAKE_PREFIX_PATH}:/opt/ros/humble /usr/bin/cmake --install /home/rinese/RM_prac/build/kinematic_control_pkg
