[0.459s] DEBUG:colcon:Command line arguments: ['/usr/bin/colcon', 'build']
[0.459s] DEBUG:colcon:Parsed command line arguments: Namespace(log_base=None, log_level=None, verb_name='build', build_base='build', install_base='install', merge_install=False, symlink_install=False, test_result_base=None, continue_on_error=False, executor='parallel', parallel_workers=8, event_handlers=None, ignore_user_meta=False, metas=['./colcon.meta'], base_paths=['.'], packages_ignore=None, packages_ignore_regex=None, paths=None, packages_up_to=None, packages_up_to_regex=None, packages_above=None, packages_above_and_dependencies=None, packages_above_depth=None, packages_select_by_dep=None, packages_skip_by_dep=None, packages_skip_up_to=None, packages_select_build_failed=False, packages_skip_build_finished=False, packages_select_test_failures=False, packages_skip_test_passed=False, packages_select=None, packages_skip=None, packages_select_regex=None, packages_skip_regex=None, packages_start=None, packages_end=None, allow_overriding=[], cmake_args=None, cmake_target=None, cmake_target_skip_unavailable=False, cmake_clean_cache=False, cmake_clean_first=False, cmake_force_configure=False, ament_cmake_args=None, catkin_cmake_args=None, catkin_skip_building_tests=False, mixin_files=None, mixin=None, verb_parser=<colcon_mixin.mixin.mixin_argument.MixinArgumentDecorator object at 0x7f9f974c10f0>, verb_extension=<colcon_core.verb.build.BuildVerb object at 0x7f9f97646650>, main=<bound method BuildVerb.main of <colcon_core.verb.build.BuildVerb object at 0x7f9f97646650>>, mixin_verb=('build',))
[0.701s] Level 1:colcon.colcon_core.package_discovery:discover_packages(colcon_meta) check parameters
[0.701s] Level 1:colcon.colcon_core.package_discovery:discover_packages(recursive) check parameters
[0.701s] Level 1:colcon.colcon_core.package_discovery:discover_packages(ignore) check parameters
[0.701s] Level 1:colcon.colcon_core.package_discovery:discover_packages(path) check parameters
[0.701s] Level 1:colcon.colcon_core.package_discovery:discover_packages(colcon_meta) discover
[0.701s] Level 1:colcon.colcon_core.package_discovery:discover_packages(recursive) discover
[0.701s] INFO:colcon.colcon_core.package_discovery:Crawling recursively for packages in '/home/leo/RM_prac'
[0.701s] Level 1:colcon.colcon_core.package_identification:_identify(.) by extensions ['ignore', 'ignore_ament_install']
[0.701s] Level 1:colcon.colcon_core.package_identification:_identify(.) by extension 'ignore'
[0.701s] Level 1:colcon.colcon_core.package_identification:_identify(.) by extension 'ignore_ament_install'
[0.701s] Level 1:colcon.colcon_core.package_identification:_identify(.) by extensions ['colcon_pkg']
[0.701s] Level 1:colcon.colcon_core.package_identification:_identify(.) by extension 'colcon_pkg'
[0.701s] Level 1:colcon.colcon_core.package_identification:_identify(.) by extensions ['colcon_meta']
[0.701s] Level 1:colcon.colcon_core.package_identification:_identify(.) by extension 'colcon_meta'
[0.701s] Level 1:colcon.colcon_core.package_identification:_identify(.) by extensions ['ros']
[0.701s] Level 1:colcon.colcon_core.package_identification:_identify(.) by extension 'ros'
[0.713s] Level 1:colcon.colcon_core.package_identification:_identify(.) by extensions ['cmake', 'python']
[0.714s] Level 1:colcon.colcon_core.package_identification:_identify(.) by extension 'cmake'
[0.714s] Level 1:colcon.colcon_core.package_identification:_identify(.) by extension 'python'
[0.714s] Level 1:colcon.colcon_core.package_identification:_identify(.) by extensions ['python_setup_py']
[0.714s] Level 1:colcon.colcon_core.package_identification:_identify(.) by extension 'python_setup_py'
[0.714s] Level 1:colcon.colcon_core.package_identification:_identify(build) by extensions ['ignore', 'ignore_ament_install']
[0.714s] Level 1:colcon.colcon_core.package_identification:_identify(build) by extension 'ignore'
[0.714s] Level 1:colcon.colcon_core.package_identification:_identify(build) ignored
[0.714s] Level 1:colcon.colcon_core.package_identification:_identify(install) by extensions ['ignore', 'ignore_ament_install']
[0.714s] Level 1:colcon.colcon_core.package_identification:_identify(install) by extension 'ignore'
[0.714s] Level 1:colcon.colcon_core.package_identification:_identify(install) ignored
[0.714s] Level 1:colcon.colcon_core.package_identification:_identify(log) by extensions ['ignore', 'ignore_ament_install']
[0.714s] Level 1:colcon.colcon_core.package_identification:_identify(log) by extension 'ignore'
[0.714s] Level 1:colcon.colcon_core.package_identification:_identify(log) ignored
[0.715s] Level 1:colcon.colcon_core.package_identification:_identify(src) by extensions ['ignore', 'ignore_ament_install']
[0.715s] Level 1:colcon.colcon_core.package_identification:_identify(src) by extension 'ignore'
[0.715s] Level 1:colcon.colcon_core.package_identification:_identify(src) by extension 'ignore_ament_install'
[0.715s] Level 1:colcon.colcon_core.package_identification:_identify(src) by extensions ['colcon_pkg']
[0.715s] Level 1:colcon.colcon_core.package_identification:_identify(src) by extension 'colcon_pkg'
[0.715s] Level 1:colcon.colcon_core.package_identification:_identify(src) by extensions ['colcon_meta']
[0.715s] Level 1:colcon.colcon_core.package_identification:_identify(src) by extension 'colcon_meta'
[0.715s] Level 1:colcon.colcon_core.package_identification:_identify(src) by extensions ['ros']
[0.715s] Level 1:colcon.colcon_core.package_identification:_identify(src) by extension 'ros'
[0.715s] Level 1:colcon.colcon_core.package_identification:_identify(src) by extensions ['cmake', 'python']
[0.715s] Level 1:colcon.colcon_core.package_identification:_identify(src) by extension 'cmake'
[0.715s] Level 1:colcon.colcon_core.package_identification:_identify(src) by extension 'python'
[0.715s] Level 1:colcon.colcon_core.package_identification:_identify(src) by extensions ['python_setup_py']
[0.715s] Level 1:colcon.colcon_core.package_identification:_identify(src) by extension 'python_setup_py'
[0.716s] Level 1:colcon.colcon_core.package_identification:_identify(src/csm) by extensions ['ignore', 'ignore_ament_install']
[0.716s] Level 1:colcon.colcon_core.package_identification:_identify(src/csm) by extension 'ignore'
[0.716s] Level 1:colcon.colcon_core.package_identification:_identify(src/csm) by extension 'ignore_ament_install'
[0.716s] Level 1:colcon.colcon_core.package_identification:_identify(src/csm) by extensions ['colcon_pkg']
[0.716s] Level 1:colcon.colcon_core.package_identification:_identify(src/csm) by extension 'colcon_pkg'
[0.716s] Level 1:colcon.colcon_core.package_identification:_identify(src/csm) by extensions ['colcon_meta']
[0.716s] Level 1:colcon.colcon_core.package_identification:_identify(src/csm) by extension 'colcon_meta'
[0.716s] Level 1:colcon.colcon_core.package_identification:_identify(src/csm) by extensions ['ros']
[0.716s] Level 1:colcon.colcon_core.package_identification:_identify(src/csm) by extension 'ros'
[0.719s] DEBUG:colcon.colcon_core.package_identification:Package 'src/csm' with type 'ros.ament_cmake' and name 'csm'
[0.720s] Level 1:colcon.colcon_core.package_identification:_identify(src/practica1_pkg) by extensions ['ignore', 'ignore_ament_install']
[0.720s] Level 1:colcon.colcon_core.package_identification:_identify(src/practica1_pkg) by extension 'ignore'
[0.720s] Level 1:colcon.colcon_core.package_identification:_identify(src/practica1_pkg) by extension 'ignore_ament_install'
[0.720s] Level 1:colcon.colcon_core.package_identification:_identify(src/practica1_pkg) by extensions ['colcon_pkg']
[0.720s] Level 1:colcon.colcon_core.package_identification:_identify(src/practica1_pkg) by extension 'colcon_pkg'
[0.720s] Level 1:colcon.colcon_core.package_identification:_identify(src/practica1_pkg) by extensions ['colcon_meta']
[0.720s] Level 1:colcon.colcon_core.package_identification:_identify(src/practica1_pkg) by extension 'colcon_meta'
[0.720s] Level 1:colcon.colcon_core.package_identification:_identify(src/practica1_pkg) by extensions ['ros']
[0.720s] Level 1:colcon.colcon_core.package_identification:_identify(src/practica1_pkg) by extension 'ros'
[0.720s] DEBUG:colcon.colcon_core.package_identification:Package 'src/practica1_pkg' with type 'ros.ament_cmake' and name 'practica1_pkg'
[0.721s] Level 1:colcon.colcon_core.package_identification:_identify(src/practica2_pkg) by extensions ['ignore', 'ignore_ament_install']
[0.721s] Level 1:colcon.colcon_core.package_identification:_identify(src/practica2_pkg) by extension 'ignore'
[0.721s] Level 1:colcon.colcon_core.package_identification:_identify(src/practica2_pkg) by extension 'ignore_ament_install'
[0.721s] Level 1:colcon.colcon_core.package_identification:_identify(src/practica2_pkg) by extensions ['colcon_pkg']
[0.721s] Level 1:colcon.colcon_core.package_identification:_identify(src/practica2_pkg) by extension 'colcon_pkg'
[0.721s] Level 1:colcon.colcon_core.package_identification:_identify(src/practica2_pkg) by extensions ['colcon_meta']
[0.721s] Level 1:colcon.colcon_core.package_identification:_identify(src/practica2_pkg) by extension 'colcon_meta'
[0.721s] Level 1:colcon.colcon_core.package_identification:_identify(src/practica2_pkg) by extensions ['ros']
[0.721s] Level 1:colcon.colcon_core.package_identification:_identify(src/practica2_pkg) by extension 'ros'
[0.722s] DEBUG:colcon.colcon_core.package_identification:Package 'src/practica2_pkg' with type 'ros.ament_cmake' and name 'practica2_pkg'
[0.722s] Level 1:colcon.colcon_core.package_identification:_identify(src/practica3_pkg) by extensions ['ignore', 'ignore_ament_install']
[0.722s] Level 1:colcon.colcon_core.package_identification:_identify(src/practica3_pkg) by extension 'ignore'
[0.722s] Level 1:colcon.colcon_core.package_identification:_identify(src/practica3_pkg) by extension 'ignore_ament_install'
[0.723s] Level 1:colcon.colcon_core.package_identification:_identify(src/practica3_pkg) by extensions ['colcon_pkg']
[0.723s] Level 1:colcon.colcon_core.package_identification:_identify(src/practica3_pkg) by extension 'colcon_pkg'
[0.723s] Level 1:colcon.colcon_core.package_identification:_identify(src/practica3_pkg) by extensions ['colcon_meta']
[0.723s] Level 1:colcon.colcon_core.package_identification:_identify(src/practica3_pkg) by extension 'colcon_meta'
[0.723s] Level 1:colcon.colcon_core.package_identification:_identify(src/practica3_pkg) by extensions ['ros']
[0.723s] Level 1:colcon.colcon_core.package_identification:_identify(src/practica3_pkg) by extension 'ros'
[0.724s] DEBUG:colcon.colcon_core.package_identification:Package 'src/practica3_pkg' with type 'ros.ament_cmake' and name 'practica3_pkg'
[0.724s] Level 1:colcon.colcon_core.package_identification:_identify(src/practica4_pkg) by extensions ['ignore', 'ignore_ament_install']
[0.724s] Level 1:colcon.colcon_core.package_identification:_identify(src/practica4_pkg) by extension 'ignore'
[0.724s] Level 1:colcon.colcon_core.package_identification:_identify(src/practica4_pkg) by extension 'ignore_ament_install'
[0.724s] Level 1:colcon.colcon_core.package_identification:_identify(src/practica4_pkg) by extensions ['colcon_pkg']
[0.724s] Level 1:colcon.colcon_core.package_identification:_identify(src/practica4_pkg) by extension 'colcon_pkg'
[0.724s] Level 1:colcon.colcon_core.package_identification:_identify(src/practica4_pkg) by extensions ['colcon_meta']
[0.724s] Level 1:colcon.colcon_core.package_identification:_identify(src/practica4_pkg) by extension 'colcon_meta'
[0.724s] Level 1:colcon.colcon_core.package_identification:_identify(src/practica4_pkg) by extensions ['ros']
[0.724s] Level 1:colcon.colcon_core.package_identification:_identify(src/practica4_pkg) by extension 'ros'
[0.725s] DEBUG:colcon.colcon_core.package_identification:Package 'src/practica4_pkg' with type 'ros.ament_cmake' and name 'practica4_pkg'
[0.726s] Level 1:colcon.colcon_core.package_identification:_identify(src/practica5_pkg) by extensions ['ignore', 'ignore_ament_install']
[0.726s] Level 1:colcon.colcon_core.package_identification:_identify(src/practica5_pkg) by extension 'ignore'
[0.726s] Level 1:colcon.colcon_core.package_identification:_identify(src/practica5_pkg) by extension 'ignore_ament_install'
[0.726s] Level 1:colcon.colcon_core.package_identification:_identify(src/practica5_pkg) by extensions ['colcon_pkg']
[0.726s] Level 1:colcon.colcon_core.package_identification:_identify(src/practica5_pkg) by extension 'colcon_pkg'
[0.726s] Level 1:colcon.colcon_core.package_identification:_identify(src/practica5_pkg) by extensions ['colcon_meta']
[0.726s] Level 1:colcon.colcon_core.package_identification:_identify(src/practica5_pkg) by extension 'colcon_meta'
[0.726s] Level 1:colcon.colcon_core.package_identification:_identify(src/practica5_pkg) by extensions ['ros']
[0.726s] Level 1:colcon.colcon_core.package_identification:_identify(src/practica5_pkg) by extension 'ros'
[0.727s] DEBUG:colcon.colcon_core.package_identification:Package 'src/practica5_pkg' with type 'ros.ament_cmake' and name 'practica5_pkg'
[0.727s] Level 1:colcon.colcon_core.package_identification:_identify(src/ros2_laser_scan_matcher) by extensions ['ignore', 'ignore_ament_install']
[0.727s] Level 1:colcon.colcon_core.package_identification:_identify(src/ros2_laser_scan_matcher) by extension 'ignore'
[0.728s] Level 1:colcon.colcon_core.package_identification:_identify(src/ros2_laser_scan_matcher) by extension 'ignore_ament_install'
[0.728s] Level 1:colcon.colcon_core.package_identification:_identify(src/ros2_laser_scan_matcher) by extensions ['colcon_pkg']
[0.728s] Level 1:colcon.colcon_core.package_identification:_identify(src/ros2_laser_scan_matcher) by extension 'colcon_pkg'
[0.728s] Level 1:colcon.colcon_core.package_identification:_identify(src/ros2_laser_scan_matcher) by extensions ['colcon_meta']
[0.728s] Level 1:colcon.colcon_core.package_identification:_identify(src/ros2_laser_scan_matcher) by extension 'colcon_meta'
[0.728s] Level 1:colcon.colcon_core.package_identification:_identify(src/ros2_laser_scan_matcher) by extensions ['ros']
[0.728s] Level 1:colcon.colcon_core.package_identification:_identify(src/ros2_laser_scan_matcher) by extension 'ros'
[0.728s] DEBUG:colcon.colcon_core.package_identification:Package 'src/ros2_laser_scan_matcher' with type 'ros.ament_cmake' and name 'ros2_laser_scan_matcher'
[0.729s] Level 1:colcon.colcon_core.package_identification:_identify(src/turtlebot3_coppeliasim) by extensions ['ignore', 'ignore_ament_install']
[0.729s] Level 1:colcon.colcon_core.package_identification:_identify(src/turtlebot3_coppeliasim) by extension 'ignore'
[0.729s] Level 1:colcon.colcon_core.package_identification:_identify(src/turtlebot3_coppeliasim) by extension 'ignore_ament_install'
[0.729s] Level 1:colcon.colcon_core.package_identification:_identify(src/turtlebot3_coppeliasim) by extensions ['colcon_pkg']
[0.729s] Level 1:colcon.colcon_core.package_identification:_identify(src/turtlebot3_coppeliasim) by extension 'colcon_pkg'
[0.729s] Level 1:colcon.colcon_core.package_identification:_identify(src/turtlebot3_coppeliasim) by extensions ['colcon_meta']
[0.729s] Level 1:colcon.colcon_core.package_identification:_identify(src/turtlebot3_coppeliasim) by extension 'colcon_meta'
[0.729s] Level 1:colcon.colcon_core.package_identification:_identify(src/turtlebot3_coppeliasim) by extensions ['ros']
[0.729s] Level 1:colcon.colcon_core.package_identification:_identify(src/turtlebot3_coppeliasim) by extension 'ros'
[0.730s] DEBUG:colcon.colcon_core.package_identification:Package 'src/turtlebot3_coppeliasim' with type 'ros.ament_cmake' and name 'turtlebot3_coppeliasim'
[0.730s] Level 1:colcon.colcon_core.package_discovery:discover_packages(recursive) using defaults
[0.730s] Level 1:colcon.colcon_core.package_discovery:discover_packages(ignore) discover
[0.730s] Level 1:colcon.colcon_core.package_discovery:discover_packages(ignore) using defaults
[0.730s] Level 1:colcon.colcon_core.package_discovery:discover_packages(path) discover
[0.730s] Level 1:colcon.colcon_core.package_discovery:discover_packages(path) using defaults
[0.771s] Level 1:colcon.colcon_core.package_discovery:discover_packages(prefix_path) check parameters
[0.771s] Level 1:colcon.colcon_core.package_discovery:discover_packages(prefix_path) discover
[0.776s] DEBUG:colcon.colcon_installed_package_information.package_discovery:Found 271 installed packages in /opt/ros/humble
[0.776s] Level 1:colcon.colcon_core.package_discovery:discover_packages(prefix_path) using defaults
[0.806s] Level 5:colcon.colcon_core.verb:set package 'csm' build argument 'cmake_args' from command line to 'None'
[0.806s] Level 5:colcon.colcon_core.verb:set package 'csm' build argument 'cmake_target' from command line to 'None'
[0.806s] Level 5:colcon.colcon_core.verb:set package 'csm' build argument 'cmake_target_skip_unavailable' from command line to 'False'
[0.806s] Level 5:colcon.colcon_core.verb:set package 'csm' build argument 'cmake_clean_cache' from command line to 'False'
[0.806s] Level 5:colcon.colcon_core.verb:set package 'csm' build argument 'cmake_clean_first' from command line to 'False'
[0.806s] Level 5:colcon.colcon_core.verb:set package 'csm' build argument 'cmake_force_configure' from command line to 'False'
[0.806s] Level 5:colcon.colcon_core.verb:set package 'csm' build argument 'ament_cmake_args' from command line to 'None'
[0.806s] Level 5:colcon.colcon_core.verb:set package 'csm' build argument 'catkin_cmake_args' from command line to 'None'
[0.806s] Level 5:colcon.colcon_core.verb:set package 'csm' build argument 'catkin_skip_building_tests' from command line to 'False'
[0.806s] DEBUG:colcon.colcon_core.verb:Building package 'csm' with the following arguments: {'ament_cmake_args': None, 'build_base': '/home/leo/RM_prac/build/csm', 'catkin_cmake_args': None, 'catkin_skip_building_tests': False, 'cmake_args': None, 'cmake_clean_cache': False, 'cmake_clean_first': False, 'cmake_force_configure': False, 'cmake_target': None, 'cmake_target_skip_unavailable': False, 'install_base': '/home/leo/RM_prac/install/csm', 'merge_install': False, 'path': '/home/leo/RM_prac/src/csm', 'symlink_install': False, 'test_result_base': None}
[0.806s] Level 5:colcon.colcon_core.verb:set package 'practica1_pkg' build argument 'cmake_args' from command line to 'None'
[0.806s] Level 5:colcon.colcon_core.verb:set package 'practica1_pkg' build argument 'cmake_target' from command line to 'None'
[0.806s] Level 5:colcon.colcon_core.verb:set package 'practica1_pkg' build argument 'cmake_target_skip_unavailable' from command line to 'False'
[0.806s] Level 5:colcon.colcon_core.verb:set package 'practica1_pkg' build argument 'cmake_clean_cache' from command line to 'False'
[0.807s] Level 5:colcon.colcon_core.verb:set package 'practica1_pkg' build argument 'cmake_clean_first' from command line to 'False'
[0.807s] Level 5:colcon.colcon_core.verb:set package 'practica1_pkg' build argument 'cmake_force_configure' from command line to 'False'
[0.807s] Level 5:colcon.colcon_core.verb:set package 'practica1_pkg' build argument 'ament_cmake_args' from command line to 'None'
[0.807s] Level 5:colcon.colcon_core.verb:set package 'practica1_pkg' build argument 'catkin_cmake_args' from command line to 'None'
[0.807s] Level 5:colcon.colcon_core.verb:set package 'practica1_pkg' build argument 'catkin_skip_building_tests' from command line to 'False'
[0.807s] DEBUG:colcon.colcon_core.verb:Building package 'practica1_pkg' with the following arguments: {'ament_cmake_args': None, 'build_base': '/home/leo/RM_prac/build/practica1_pkg', 'catkin_cmake_args': None, 'catkin_skip_building_tests': False, 'cmake_args': None, 'cmake_clean_cache': False, 'cmake_clean_first': False, 'cmake_force_configure': False, 'cmake_target': None, 'cmake_target_skip_unavailable': False, 'install_base': '/home/leo/RM_prac/install/practica1_pkg', 'merge_install': False, 'path': '/home/leo/RM_prac/src/practica1_pkg', 'symlink_install': False, 'test_result_base': None}
[0.807s] Level 5:colcon.colcon_core.verb:set package 'practica2_pkg' build argument 'cmake_args' from command line to 'None'
[0.807s] Level 5:colcon.colcon_core.verb:set package 'practica2_pkg' build argument 'cmake_target' from command line to 'None'
[0.807s] Level 5:colcon.colcon_core.verb:set package 'practica2_pkg' build argument 'cmake_target_skip_unavailable' from command line to 'False'
[0.807s] Level 5:colcon.colcon_core.verb:set package 'practica2_pkg' build argument 'cmake_clean_cache' from command line to 'False'
[0.807s] Level 5:colcon.colcon_core.verb:set package 'practica2_pkg' build argument 'cmake_clean_first' from command line to 'False'
[0.807s] Level 5:colcon.colcon_core.verb:set package 'practica2_pkg' build argument 'cmake_force_configure' from command line to 'False'
[0.807s] Level 5:colcon.colcon_core.verb:set package 'practica2_pkg' build argument 'ament_cmake_args' from command line to 'None'
[0.807s] Level 5:colcon.colcon_core.verb:set package 'practica2_pkg' build argument 'catkin_cmake_args' from command line to 'None'
[0.807s] Level 5:colcon.colcon_core.verb:set package 'practica2_pkg' build argument 'catkin_skip_building_tests' from command line to 'False'
[0.807s] DEBUG:colcon.colcon_core.verb:Building package 'practica2_pkg' with the following arguments: {'ament_cmake_args': None, 'build_base': '/home/leo/RM_prac/build/practica2_pkg', 'catkin_cmake_args': None, 'catkin_skip_building_tests': False, 'cmake_args': None, 'cmake_clean_cache': False, 'cmake_clean_first': False, 'cmake_force_configure': False, 'cmake_target': None, 'cmake_target_skip_unavailable': False, 'install_base': '/home/leo/RM_prac/install/practica2_pkg', 'merge_install': False, 'path': '/home/leo/RM_prac/src/practica2_pkg', 'symlink_install': False, 'test_result_base': None}
[0.807s] Level 5:colcon.colcon_core.verb:set package 'practica3_pkg' build argument 'cmake_args' from command line to 'None'
[0.807s] Level 5:colcon.colcon_core.verb:set package 'practica3_pkg' build argument 'cmake_target' from command line to 'None'
[0.807s] Level 5:colcon.colcon_core.verb:set package 'practica3_pkg' build argument 'cmake_target_skip_unavailable' from command line to 'False'
[0.807s] Level 5:colcon.colcon_core.verb:set package 'practica3_pkg' build argument 'cmake_clean_cache' from command line to 'False'
[0.807s] Level 5:colcon.colcon_core.verb:set package 'practica3_pkg' build argument 'cmake_clean_first' from command line to 'False'
[0.807s] Level 5:colcon.colcon_core.verb:set package 'practica3_pkg' build argument 'cmake_force_configure' from command line to 'False'
[0.807s] Level 5:colcon.colcon_core.verb:set package 'practica3_pkg' build argument 'ament_cmake_args' from command line to 'None'
[0.807s] Level 5:colcon.colcon_core.verb:set package 'practica3_pkg' build argument 'catkin_cmake_args' from command line to 'None'
[0.807s] Level 5:colcon.colcon_core.verb:set package 'practica3_pkg' build argument 'catkin_skip_building_tests' from command line to 'False'
[0.807s] DEBUG:colcon.colcon_core.verb:Building package 'practica3_pkg' with the following arguments: {'ament_cmake_args': None, 'build_base': '/home/leo/RM_prac/build/practica3_pkg', 'catkin_cmake_args': None, 'catkin_skip_building_tests': False, 'cmake_args': None, 'cmake_clean_cache': False, 'cmake_clean_first': False, 'cmake_force_configure': False, 'cmake_target': None, 'cmake_target_skip_unavailable': False, 'install_base': '/home/leo/RM_prac/install/practica3_pkg', 'merge_install': False, 'path': '/home/leo/RM_prac/src/practica3_pkg', 'symlink_install': False, 'test_result_base': None}
[0.808s] Level 5:colcon.colcon_core.verb:set package 'practica4_pkg' build argument 'cmake_args' from command line to 'None'
[0.808s] Level 5:colcon.colcon_core.verb:set package 'practica4_pkg' build argument 'cmake_target' from command line to 'None'
[0.808s] Level 5:colcon.colcon_core.verb:set package 'practica4_pkg' build argument 'cmake_target_skip_unavailable' from command line to 'False'
[0.808s] Level 5:colcon.colcon_core.verb:set package 'practica4_pkg' build argument 'cmake_clean_cache' from command line to 'False'
[0.808s] Level 5:colcon.colcon_core.verb:set package 'practica4_pkg' build argument 'cmake_clean_first' from command line to 'False'
[0.808s] Level 5:colcon.colcon_core.verb:set package 'practica4_pkg' build argument 'cmake_force_configure' from command line to 'False'
[0.808s] Level 5:colcon.colcon_core.verb:set package 'practica4_pkg' build argument 'ament_cmake_args' from command line to 'None'
[0.808s] Level 5:colcon.colcon_core.verb:set package 'practica4_pkg' build argument 'catkin_cmake_args' from command line to 'None'
[0.808s] Level 5:colcon.colcon_core.verb:set package 'practica4_pkg' build argument 'catkin_skip_building_tests' from command line to 'False'
[0.808s] DEBUG:colcon.colcon_core.verb:Building package 'practica4_pkg' with the following arguments: {'ament_cmake_args': None, 'build_base': '/home/leo/RM_prac/build/practica4_pkg', 'catkin_cmake_args': None, 'catkin_skip_building_tests': False, 'cmake_args': None, 'cmake_clean_cache': False, 'cmake_clean_first': False, 'cmake_force_configure': False, 'cmake_target': None, 'cmake_target_skip_unavailable': False, 'install_base': '/home/leo/RM_prac/install/practica4_pkg', 'merge_install': False, 'path': '/home/leo/RM_prac/src/practica4_pkg', 'symlink_install': False, 'test_result_base': None}
[0.808s] Level 5:colcon.colcon_core.verb:set package 'practica5_pkg' build argument 'cmake_args' from command line to 'None'
[0.808s] Level 5:colcon.colcon_core.verb:set package 'practica5_pkg' build argument 'cmake_target' from command line to 'None'
[0.808s] Level 5:colcon.colcon_core.verb:set package 'practica5_pkg' build argument 'cmake_target_skip_unavailable' from command line to 'False'
[0.808s] Level 5:colcon.colcon_core.verb:set package 'practica5_pkg' build argument 'cmake_clean_cache' from command line to 'False'
[0.808s] Level 5:colcon.colcon_core.verb:set package 'practica5_pkg' build argument 'cmake_clean_first' from command line to 'False'
[0.808s] Level 5:colcon.colcon_core.verb:set package 'practica5_pkg' build argument 'cmake_force_configure' from command line to 'False'
[0.808s] Level 5:colcon.colcon_core.verb:set package 'practica5_pkg' build argument 'ament_cmake_args' from command line to 'None'
[0.808s] Level 5:colcon.colcon_core.verb:set package 'practica5_pkg' build argument 'catkin_cmake_args' from command line to 'None'
[0.808s] Level 5:colcon.colcon_core.verb:set package 'practica5_pkg' build argument 'catkin_skip_building_tests' from command line to 'False'
[0.808s] DEBUG:colcon.colcon_core.verb:Building package 'practica5_pkg' with the following arguments: {'ament_cmake_args': None, 'build_base': '/home/leo/RM_prac/build/practica5_pkg', 'catkin_cmake_args': None, 'catkin_skip_building_tests': False, 'cmake_args': None, 'cmake_clean_cache': False, 'cmake_clean_first': False, 'cmake_force_configure': False, 'cmake_target': None, 'cmake_target_skip_unavailable': False, 'install_base': '/home/leo/RM_prac/install/practica5_pkg', 'merge_install': False, 'path': '/home/leo/RM_prac/src/practica5_pkg', 'symlink_install': False, 'test_result_base': None}
[0.809s] Level 5:colcon.colcon_core.verb:set package 'turtlebot3_coppeliasim' build argument 'cmake_args' from command line to 'None'
[0.809s] Level 5:colcon.colcon_core.verb:set package 'turtlebot3_coppeliasim' build argument 'cmake_target' from command line to 'None'
[0.809s] Level 5:colcon.colcon_core.verb:set package 'turtlebot3_coppeliasim' build argument 'cmake_target_skip_unavailable' from command line to 'False'
[0.809s] Level 5:colcon.colcon_core.verb:set package 'turtlebot3_coppeliasim' build argument 'cmake_clean_cache' from command line to 'False'
[0.809s] Level 5:colcon.colcon_core.verb:set package 'turtlebot3_coppeliasim' build argument 'cmake_clean_first' from command line to 'False'
[0.809s] Level 5:colcon.colcon_core.verb:set package 'turtlebot3_coppeliasim' build argument 'cmake_force_configure' from command line to 'False'
[0.809s] Level 5:colcon.colcon_core.verb:set package 'turtlebot3_coppeliasim' build argument 'ament_cmake_args' from command line to 'None'
[0.809s] Level 5:colcon.colcon_core.verb:set package 'turtlebot3_coppeliasim' build argument 'catkin_cmake_args' from command line to 'None'
[0.809s] Level 5:colcon.colcon_core.verb:set package 'turtlebot3_coppeliasim' build argument 'catkin_skip_building_tests' from command line to 'False'
[0.809s] DEBUG:colcon.colcon_core.verb:Building package 'turtlebot3_coppeliasim' with the following arguments: {'ament_cmake_args': None, 'build_base': '/home/leo/RM_prac/build/turtlebot3_coppeliasim', 'catkin_cmake_args': None, 'catkin_skip_building_tests': False, 'cmake_args': None, 'cmake_clean_cache': False, 'cmake_clean_first': False, 'cmake_force_configure': False, 'cmake_target': None, 'cmake_target_skip_unavailable': False, 'install_base': '/home/leo/RM_prac/install/turtlebot3_coppeliasim', 'merge_install': False, 'path': '/home/leo/RM_prac/src/turtlebot3_coppeliasim', 'symlink_install': False, 'test_result_base': None}
[0.809s] Level 5:colcon.colcon_core.verb:set package 'ros2_laser_scan_matcher' build argument 'cmake_args' from command line to 'None'
[0.809s] Level 5:colcon.colcon_core.verb:set package 'ros2_laser_scan_matcher' build argument 'cmake_target' from command line to 'None'
[0.809s] Level 5:colcon.colcon_core.verb:set package 'ros2_laser_scan_matcher' build argument 'cmake_target_skip_unavailable' from command line to 'False'
[0.809s] Level 5:colcon.colcon_core.verb:set package 'ros2_laser_scan_matcher' build argument 'cmake_clean_cache' from command line to 'False'
[0.809s] Level 5:colcon.colcon_core.verb:set package 'ros2_laser_scan_matcher' build argument 'cmake_clean_first' from command line to 'False'
[0.809s] Level 5:colcon.colcon_core.verb:set package 'ros2_laser_scan_matcher' build argument 'cmake_force_configure' from command line to 'False'
[0.809s] Level 5:colcon.colcon_core.verb:set package 'ros2_laser_scan_matcher' build argument 'ament_cmake_args' from command line to 'None'
[0.809s] Level 5:colcon.colcon_core.verb:set package 'ros2_laser_scan_matcher' build argument 'catkin_cmake_args' from command line to 'None'
[0.809s] Level 5:colcon.colcon_core.verb:set package 'ros2_laser_scan_matcher' build argument 'catkin_skip_building_tests' from command line to 'False'
[0.809s] DEBUG:colcon.colcon_core.verb:Building package 'ros2_laser_scan_matcher' with the following arguments: {'ament_cmake_args': None, 'build_base': '/home/leo/RM_prac/build/ros2_laser_scan_matcher', 'catkin_cmake_args': None, 'catkin_skip_building_tests': False, 'cmake_args': None, 'cmake_clean_cache': False, 'cmake_clean_first': False, 'cmake_force_configure': False, 'cmake_target': None, 'cmake_target_skip_unavailable': False, 'install_base': '/home/leo/RM_prac/install/ros2_laser_scan_matcher', 'merge_install': False, 'path': '/home/leo/RM_prac/src/ros2_laser_scan_matcher', 'symlink_install': False, 'test_result_base': None}
[0.809s] INFO:colcon.colcon_core.executor:Executing jobs using 'parallel' executor
[0.810s] DEBUG:colcon.colcon_parallel_executor.executor.parallel:run_until_complete
[0.811s] INFO:colcon.colcon_ros.task.ament_cmake.build:Building ROS package in '/home/leo/RM_prac/src/csm' with build type 'ament_cmake'
[0.811s] INFO:colcon.colcon_cmake.task.cmake.build:Building CMake package in '/home/leo/RM_prac/src/csm'
[0.819s] INFO:colcon.colcon_core.plugin_system:Skipping extension 'colcon_core.shell.bat': Not used on non-Windows systems
[0.820s] INFO:colcon.colcon_core.shell:Skip shell extension 'powershell' for command environment: Not usable outside of PowerShell
[0.820s] DEBUG:colcon.colcon_core.shell:Skip shell extension 'dsv' for command environment
[0.822s] INFO:colcon.colcon_ros.task.ament_cmake.build:Building ROS package in '/home/leo/RM_prac/src/practica1_pkg' with build type 'ament_cmake'
[0.822s] INFO:colcon.colcon_cmake.task.cmake.build:Building CMake package in '/home/leo/RM_prac/src/practica1_pkg'
[0.822s] INFO:colcon.colcon_core.shell:Skip shell extension 'powershell' for command environment: Not usable outside of PowerShell
[0.822s] DEBUG:colcon.colcon_core.shell:Skip shell extension 'dsv' for command environment
[0.825s] INFO:colcon.colcon_ros.task.ament_cmake.build:Building ROS package in '/home/leo/RM_prac/src/practica2_pkg' with build type 'ament_cmake'
[0.825s] INFO:colcon.colcon_cmake.task.cmake.build:Building CMake package in '/home/leo/RM_prac/src/practica2_pkg'
[0.826s] INFO:colcon.colcon_core.shell:Skip shell extension 'powershell' for command environment: Not usable outside of PowerShell
[0.826s] DEBUG:colcon.colcon_core.shell:Skip shell extension 'dsv' for command environment
[0.828s] INFO:colcon.colcon_ros.task.ament_cmake.build:Building ROS package in '/home/leo/RM_prac/src/practica3_pkg' with build type 'ament_cmake'
[0.828s] INFO:colcon.colcon_cmake.task.cmake.build:Building CMake package in '/home/leo/RM_prac/src/practica3_pkg'
[0.829s] INFO:colcon.colcon_core.shell:Skip shell extension 'powershell' for command environment: Not usable outside of PowerShell
[0.829s] DEBUG:colcon.colcon_core.shell:Skip shell extension 'dsv' for command environment
[0.831s] INFO:colcon.colcon_ros.task.ament_cmake.build:Building ROS package in '/home/leo/RM_prac/src/practica4_pkg' with build type 'ament_cmake'
[0.831s] INFO:colcon.colcon_cmake.task.cmake.build:Building CMake package in '/home/leo/RM_prac/src/practica4_pkg'
[0.831s] INFO:colcon.colcon_core.shell:Skip shell extension 'powershell' for command environment: Not usable outside of PowerShell
[0.831s] DEBUG:colcon.colcon_core.shell:Skip shell extension 'dsv' for command environment
[0.834s] INFO:colcon.colcon_ros.task.ament_cmake.build:Building ROS package in '/home/leo/RM_prac/src/practica5_pkg' with build type 'ament_cmake'
[0.834s] INFO:colcon.colcon_cmake.task.cmake.build:Building CMake package in '/home/leo/RM_prac/src/practica5_pkg'
[0.834s] INFO:colcon.colcon_core.shell:Skip shell extension 'powershell' for command environment: Not usable outside of PowerShell
[0.835s] DEBUG:colcon.colcon_core.shell:Skip shell extension 'dsv' for command environment
[0.837s] INFO:colcon.colcon_ros.task.ament_cmake.build:Building ROS package in '/home/leo/RM_prac/src/turtlebot3_coppeliasim' with build type 'ament_cmake'
[0.837s] INFO:colcon.colcon_cmake.task.cmake.build:Building CMake package in '/home/leo/RM_prac/src/turtlebot3_coppeliasim'
[0.838s] INFO:colcon.colcon_core.shell:Skip shell extension 'powershell' for command environment: Not usable outside of PowerShell
[0.838s] DEBUG:colcon.colcon_core.shell:Skip shell extension 'dsv' for command environment
[0.845s] DEBUG:colcon.colcon_core.event_handler.log_command:Invoking command in '/home/leo/RM_prac/build/csm': CMAKE_PREFIX_PATH=/opt/ros/humble /usr/bin/cmake /home/leo/RM_prac/src/csm -DCMAKE_INSTALL_PREFIX=/home/leo/RM_prac/install/csm
[0.847s] DEBUG:colcon.colcon_core.event_handler.log_command:Invoking command in '/home/leo/RM_prac/build/practica1_pkg': CMAKE_PREFIX_PATH=/opt/ros/humble /usr/bin/cmake /home/leo/RM_prac/src/practica1_pkg -DCMAKE_INSTALL_PREFIX=/home/leo/RM_prac/install/practica1_pkg
[0.850s] DEBUG:colcon.colcon_core.event_handler.log_command:Invoking command in '/home/leo/RM_prac/build/practica2_pkg': CMAKE_PREFIX_PATH=/opt/ros/humble /usr/bin/cmake /home/leo/RM_prac/src/practica2_pkg -DCMAKE_INSTALL_PREFIX=/home/leo/RM_prac/install/practica2_pkg
[0.853s] DEBUG:colcon.colcon_core.event_handler.log_command:Invoking command in '/home/leo/RM_prac/build/practica3_pkg': CMAKE_PREFIX_PATH=/opt/ros/humble /usr/bin/cmake /home/leo/RM_prac/src/practica3_pkg -DCMAKE_INSTALL_PREFIX=/home/leo/RM_prac/install/practica3_pkg
[0.856s] DEBUG:colcon.colcon_core.event_handler.log_command:Invoking command in '/home/leo/RM_prac/build/practica4_pkg': CMAKE_PREFIX_PATH=/opt/ros/humble /usr/bin/cmake /home/leo/RM_prac/src/practica4_pkg -DCMAKE_INSTALL_PREFIX=/home/leo/RM_prac/install/practica4_pkg
[0.860s] DEBUG:colcon.colcon_core.event_handler.log_command:Invoking command in '/home/leo/RM_prac/build/practica5_pkg': CMAKE_PREFIX_PATH=/opt/ros/humble /usr/bin/cmake /home/leo/RM_prac/src/practica5_pkg -DCMAKE_INSTALL_PREFIX=/home/leo/RM_prac/install/practica5_pkg
[0.869s] DEBUG:colcon.colcon_core.event_handler.log_command:Invoking command in '/home/leo/RM_prac/build/turtlebot3_coppeliasim': CMAKE_PREFIX_PATH=/opt/ros/humble /usr/bin/cmake /home/leo/RM_prac/src/turtlebot3_coppeliasim -DCMAKE_INSTALL_PREFIX=/home/leo/RM_prac/install/turtlebot3_coppeliasim
[9.423s] DEBUG:colcon.colcon_core.event_handler.log_command:Invoked command in '/home/leo/RM_prac/build/practica2_pkg' returned '0': CMAKE_PREFIX_PATH=/opt/ros/humble /usr/bin/cmake /home/leo/RM_prac/src/practica2_pkg -DCMAKE_INSTALL_PREFIX=/home/leo/RM_prac/install/practica2_pkg
[9.429s] DEBUG:colcon.colcon_core.event_handler.log_command:Invoking command in '/home/leo/RM_prac/build/practica2_pkg': CMAKE_PREFIX_PATH=/opt/ros/humble /usr/bin/cmake --build /home/leo/RM_prac/build/practica2_pkg -- -j8 -l8
[9.430s] DEBUG:colcon.colcon_core.event_handler.log_command:Invoked command in '/home/leo/RM_prac/build/turtlebot3_coppeliasim' returned '0': CMAKE_PREFIX_PATH=/opt/ros/humble /usr/bin/cmake /home/leo/RM_prac/src/turtlebot3_coppeliasim -DCMAKE_INSTALL_PREFIX=/home/leo/RM_prac/install/turtlebot3_coppeliasim
[9.433s] DEBUG:colcon.colcon_core.event_handler.log_command:Invoking command in '/home/leo/RM_prac/build/turtlebot3_coppeliasim': CMAKE_PREFIX_PATH=/opt/ros/humble /usr/bin/cmake --build /home/leo/RM_prac/build/turtlebot3_coppeliasim -- -j8 -l8
[9.788s] DEBUG:colcon.colcon_core.event_handler.log_command:Invoked command in '/home/leo/RM_prac/build/csm' returned '0': CMAKE_PREFIX_PATH=/opt/ros/humble /usr/bin/cmake /home/leo/RM_prac/src/csm -DCMAKE_INSTALL_PREFIX=/home/leo/RM_prac/install/csm
[9.789s] DEBUG:colcon.colcon_core.event_handler.log_command:Invoking command in '/home/leo/RM_prac/build/csm': CMAKE_PREFIX_PATH=/opt/ros/humble /usr/bin/cmake --build /home/leo/RM_prac/build/csm -- -j8 -l8
[9.791s] DEBUG:colcon.colcon_core.event_handler.log_command:Invoked command in '/home/leo/RM_prac/build/turtlebot3_coppeliasim' returned '0': CMAKE_PREFIX_PATH=/opt/ros/humble /usr/bin/cmake --build /home/leo/RM_prac/build/turtlebot3_coppeliasim -- -j8 -l8
[9.800s] DEBUG:colcon.colcon_core.event_handler.log_command:Invoking command in '/home/leo/RM_prac/build/turtlebot3_coppeliasim': CMAKE_PREFIX_PATH=/opt/ros/humble /usr/bin/cmake --install /home/leo/RM_prac/build/turtlebot3_coppeliasim
[11.254s] DEBUG:colcon.colcon_core.event_handler.log_command:Invoked command in '/home/leo/RM_prac/build/practica1_pkg' returned '0': CMAKE_PREFIX_PATH=/opt/ros/humble /usr/bin/cmake /home/leo/RM_prac/src/practica1_pkg -DCMAKE_INSTALL_PREFIX=/home/leo/RM_prac/install/practica1_pkg
[11.256s] DEBUG:colcon.colcon_core.event_handler.log_command:Invoking command in '/home/leo/RM_prac/build/practica1_pkg': CMAKE_PREFIX_PATH=/opt/ros/humble /usr/bin/cmake --build /home/leo/RM_prac/build/practica1_pkg -- -j8 -l8
[11.273s] Level 1:colcon.colcon_core.environment:create_environment_scripts_only(turtlebot3_coppeliasim)
[11.274s] DEBUG:colcon.colcon_core.event_handler.log_command:Invoked command in '/home/leo/RM_prac/build/turtlebot3_coppeliasim' returned '0': CMAKE_PREFIX_PATH=/opt/ros/humble /usr/bin/cmake --install /home/leo/RM_prac/build/turtlebot3_coppeliasim
[11.285s] Level 1:colcon.colcon_core.environment:checking '/home/leo/RM_prac/install/turtlebot3_coppeliasim' for CMake module files
[11.286s] Level 1:colcon.colcon_core.environment:checking '/home/leo/RM_prac/install/turtlebot3_coppeliasim' for CMake config files
[11.286s] Level 1:colcon.colcon_core.shell:create_environment_hook('turtlebot3_coppeliasim', 'cmake_prefix_path')
[11.286s] INFO:colcon.colcon_core.shell:Creating environment hook '/home/leo/RM_prac/install/turtlebot3_coppeliasim/share/turtlebot3_coppeliasim/hook/cmake_prefix_path.ps1'
[11.288s] INFO:colcon.colcon_core.shell:Creating environment descriptor '/home/leo/RM_prac/install/turtlebot3_coppeliasim/share/turtlebot3_coppeliasim/hook/cmake_prefix_path.dsv'
[11.289s] INFO:colcon.colcon_core.shell:Creating environment hook '/home/leo/RM_prac/install/turtlebot3_coppeliasim/share/turtlebot3_coppeliasim/hook/cmake_prefix_path.sh'
[11.291s] Level 1:colcon.colcon_core.environment:checking '/home/leo/RM_prac/install/turtlebot3_coppeliasim/bin'
[11.291s] Level 1:colcon.colcon_core.environment:checking '/home/leo/RM_prac/install/turtlebot3_coppeliasim/lib/pkgconfig/turtlebot3_coppeliasim.pc'
[11.291s] Level 1:colcon.colcon_core.environment:checking '/home/leo/RM_prac/install/turtlebot3_coppeliasim/lib/python3.10/site-packages'
[11.292s] Level 1:colcon.colcon_core.environment:checking '/home/leo/RM_prac/install/turtlebot3_coppeliasim/bin'
[11.293s] INFO:colcon.colcon_core.shell:Creating package script '/home/leo/RM_prac/install/turtlebot3_coppeliasim/share/turtlebot3_coppeliasim/package.ps1'
[11.295s] INFO:colcon.colcon_core.shell:Creating package descriptor '/home/leo/RM_prac/install/turtlebot3_coppeliasim/share/turtlebot3_coppeliasim/package.dsv'
[11.296s] INFO:colcon.colcon_core.shell:Creating package script '/home/leo/RM_prac/install/turtlebot3_coppeliasim/share/turtlebot3_coppeliasim/package.sh'
[11.297s] INFO:colcon.colcon_core.shell:Creating package script '/home/leo/RM_prac/install/turtlebot3_coppeliasim/share/turtlebot3_coppeliasim/package.bash'
[11.300s] INFO:colcon.colcon_core.shell:Creating package script '/home/leo/RM_prac/install/turtlebot3_coppeliasim/share/turtlebot3_coppeliasim/package.zsh'
[11.301s] Level 1:colcon.colcon_core.environment:create_file_with_runtime_dependencies(/home/leo/RM_prac/install/turtlebot3_coppeliasim/share/colcon-core/packages/turtlebot3_coppeliasim)
[11.304s] Level 1:colcon.colcon_core.environment:create_environment_scripts_only(turtlebot3_coppeliasim)
[11.305s] Level 1:colcon.colcon_core.environment:checking '/home/leo/RM_prac/install/turtlebot3_coppeliasim' for CMake module files
[11.306s] Level 1:colcon.colcon_core.environment:checking '/home/leo/RM_prac/install/turtlebot3_coppeliasim' for CMake config files
[11.307s] Level 1:colcon.colcon_core.shell:create_environment_hook('turtlebot3_coppeliasim', 'cmake_prefix_path')
[11.308s] INFO:colcon.colcon_core.shell:Creating environment hook '/home/leo/RM_prac/install/turtlebot3_coppeliasim/share/turtlebot3_coppeliasim/hook/cmake_prefix_path.ps1'
[11.310s] INFO:colcon.colcon_core.shell:Creating environment descriptor '/home/leo/RM_prac/install/turtlebot3_coppeliasim/share/turtlebot3_coppeliasim/hook/cmake_prefix_path.dsv'
[11.313s] INFO:colcon.colcon_core.shell:Creating environment hook '/home/leo/RM_prac/install/turtlebot3_coppeliasim/share/turtlebot3_coppeliasim/hook/cmake_prefix_path.sh'
[11.315s] Level 1:colcon.colcon_core.environment:checking '/home/leo/RM_prac/install/turtlebot3_coppeliasim/bin'
[11.316s] Level 1:colcon.colcon_core.environment:checking '/home/leo/RM_prac/install/turtlebot3_coppeliasim/lib/pkgconfig/turtlebot3_coppeliasim.pc'
[11.319s] Level 1:colcon.colcon_core.environment:checking '/home/leo/RM_prac/install/turtlebot3_coppeliasim/lib/python3.10/site-packages'
[11.320s] Level 1:colcon.colcon_core.environment:checking '/home/leo/RM_prac/install/turtlebot3_coppeliasim/bin'
[11.321s] INFO:colcon.colcon_core.shell:Creating package script '/home/leo/RM_prac/install/turtlebot3_coppeliasim/share/turtlebot3_coppeliasim/package.ps1'
[11.323s] INFO:colcon.colcon_core.shell:Creating package descriptor '/home/leo/RM_prac/install/turtlebot3_coppeliasim/share/turtlebot3_coppeliasim/package.dsv'
[11.325s] INFO:colcon.colcon_core.shell:Creating package script '/home/leo/RM_prac/install/turtlebot3_coppeliasim/share/turtlebot3_coppeliasim/package.sh'
[11.327s] INFO:colcon.colcon_core.shell:Creating package script '/home/leo/RM_prac/install/turtlebot3_coppeliasim/share/turtlebot3_coppeliasim/package.bash'
[11.330s] INFO:colcon.colcon_core.shell:Creating package script '/home/leo/RM_prac/install/turtlebot3_coppeliasim/share/turtlebot3_coppeliasim/package.zsh'
[11.332s] Level 1:colcon.colcon_core.environment:create_file_with_runtime_dependencies(/home/leo/RM_prac/install/turtlebot3_coppeliasim/share/colcon-core/packages/turtlebot3_coppeliasim)
[13.541s] DEBUG:colcon.colcon_core.event_handler.log_command:Invoked command in '/home/leo/RM_prac/build/practica3_pkg' returned '0': CMAKE_PREFIX_PATH=/opt/ros/humble /usr/bin/cmake /home/leo/RM_prac/src/practica3_pkg -DCMAKE_INSTALL_PREFIX=/home/leo/RM_prac/install/practica3_pkg
[13.542s] DEBUG:colcon.colcon_core.event_handler.log_command:Invoking command in '/home/leo/RM_prac/build/practica3_pkg': CMAKE_PREFIX_PATH=/opt/ros/humble /usr/bin/cmake --build /home/leo/RM_prac/build/practica3_pkg -- -j8 -l8
[15.421s] DEBUG:colcon.colcon_core.event_handler.log_command:Invoked command in '/home/leo/RM_prac/build/practica5_pkg' returned '0': CMAKE_PREFIX_PATH=/opt/ros/humble /usr/bin/cmake /home/leo/RM_prac/src/practica5_pkg -DCMAKE_INSTALL_PREFIX=/home/leo/RM_prac/install/practica5_pkg
[15.422s] DEBUG:colcon.colcon_core.event_handler.log_command:Invoking command in '/home/leo/RM_prac/build/practica5_pkg': CMAKE_PREFIX_PATH=/opt/ros/humble /usr/bin/cmake --build /home/leo/RM_prac/build/practica5_pkg -- -j8 -l8
[29.595s] DEBUG:colcon.colcon_core.event_handler.log_command:Invoked command in '/home/leo/RM_prac/build/practica2_pkg' returned '0': CMAKE_PREFIX_PATH=/opt/ros/humble /usr/bin/cmake --build /home/leo/RM_prac/build/practica2_pkg -- -j8 -l8
[29.596s] DEBUG:colcon.colcon_core.event_handler.log_command:Invoking command in '/home/leo/RM_prac/build/practica2_pkg': CMAKE_PREFIX_PATH=/opt/ros/humble /usr/bin/cmake --install /home/leo/RM_prac/build/practica2_pkg
[29.616s] Level 1:colcon.colcon_core.environment:create_environment_scripts_only(practica2_pkg)
[29.617s] Level 1:colcon.colcon_core.environment:checking '/home/leo/RM_prac/install/practica2_pkg' for CMake module files
[29.618s] DEBUG:colcon.colcon_core.event_handler.log_command:Invoked command in '/home/leo/RM_prac/build/practica2_pkg' returned '0': CMAKE_PREFIX_PATH=/opt/ros/humble /usr/bin/cmake --install /home/leo/RM_prac/build/practica2_pkg
[29.618s] Level 1:colcon.colcon_core.environment:checking '/home/leo/RM_prac/install/practica2_pkg' for CMake config files
[29.619s] Level 1:colcon.colcon_core.shell:create_environment_hook('practica2_pkg', 'cmake_prefix_path')
[29.619s] INFO:colcon.colcon_core.shell:Creating environment hook '/home/leo/RM_prac/install/practica2_pkg/share/practica2_pkg/hook/cmake_prefix_path.ps1'
[29.620s] INFO:colcon.colcon_core.shell:Creating environment descriptor '/home/leo/RM_prac/install/practica2_pkg/share/practica2_pkg/hook/cmake_prefix_path.dsv'
[29.621s] INFO:colcon.colcon_core.shell:Creating environment hook '/home/leo/RM_prac/install/practica2_pkg/share/practica2_pkg/hook/cmake_prefix_path.sh'
[29.622s] Level 1:colcon.colcon_core.environment:checking '/home/leo/RM_prac/install/practica2_pkg/lib'
[29.623s] Level 1:colcon.colcon_core.environment:checking '/home/leo/RM_prac/install/practica2_pkg/bin'
[29.623s] Level 1:colcon.colcon_core.environment:checking '/home/leo/RM_prac/install/practica2_pkg/lib/pkgconfig/practica2_pkg.pc'
[29.623s] Level 1:colcon.colcon_core.environment:checking '/home/leo/RM_prac/install/practica2_pkg/lib/python3.10/site-packages'
[29.624s] Level 1:colcon.colcon_core.environment:checking '/home/leo/RM_prac/install/practica2_pkg/bin'
[29.624s] INFO:colcon.colcon_core.shell:Creating package script '/home/leo/RM_prac/install/practica2_pkg/share/practica2_pkg/package.ps1'
[29.625s] INFO:colcon.colcon_core.shell:Creating package descriptor '/home/leo/RM_prac/install/practica2_pkg/share/practica2_pkg/package.dsv'
[29.626s] INFO:colcon.colcon_core.shell:Creating package script '/home/leo/RM_prac/install/practica2_pkg/share/practica2_pkg/package.sh'
[29.627s] INFO:colcon.colcon_core.shell:Creating package script '/home/leo/RM_prac/install/practica2_pkg/share/practica2_pkg/package.bash'
[29.627s] INFO:colcon.colcon_core.shell:Creating package script '/home/leo/RM_prac/install/practica2_pkg/share/practica2_pkg/package.zsh'
[29.628s] Level 1:colcon.colcon_core.environment:create_file_with_runtime_dependencies(/home/leo/RM_prac/install/practica2_pkg/share/colcon-core/packages/practica2_pkg)
[29.629s] Level 1:colcon.colcon_core.environment:create_environment_scripts_only(practica2_pkg)
[29.630s] Level 1:colcon.colcon_core.environment:checking '/home/leo/RM_prac/install/practica2_pkg' for CMake module files
[29.630s] Level 1:colcon.colcon_core.environment:checking '/home/leo/RM_prac/install/practica2_pkg' for CMake config files
[29.630s] Level 1:colcon.colcon_core.shell:create_environment_hook('practica2_pkg', 'cmake_prefix_path')
[29.631s] INFO:colcon.colcon_core.shell:Creating environment hook '/home/leo/RM_prac/install/practica2_pkg/share/practica2_pkg/hook/cmake_prefix_path.ps1'
[29.631s] INFO:colcon.colcon_core.shell:Creating environment descriptor '/home/leo/RM_prac/install/practica2_pkg/share/practica2_pkg/hook/cmake_prefix_path.dsv'
[29.632s] INFO:colcon.colcon_core.shell:Creating environment hook '/home/leo/RM_prac/install/practica2_pkg/share/practica2_pkg/hook/cmake_prefix_path.sh'
[29.633s] Level 1:colcon.colcon_core.environment:checking '/home/leo/RM_prac/install/practica2_pkg/lib'
[29.633s] Level 1:colcon.colcon_core.environment:checking '/home/leo/RM_prac/install/practica2_pkg/bin'
[29.633s] Level 1:colcon.colcon_core.environment:checking '/home/leo/RM_prac/install/practica2_pkg/lib/pkgconfig/practica2_pkg.pc'
[29.633s] Level 1:colcon.colcon_core.environment:checking '/home/leo/RM_prac/install/practica2_pkg/lib/python3.10/site-packages'
[29.634s] Level 1:colcon.colcon_core.environment:checking '/home/leo/RM_prac/install/practica2_pkg/bin'
[29.634s] INFO:colcon.colcon_core.shell:Creating package script '/home/leo/RM_prac/install/practica2_pkg/share/practica2_pkg/package.ps1'
[29.635s] INFO:colcon.colcon_core.shell:Creating package descriptor '/home/leo/RM_prac/install/practica2_pkg/share/practica2_pkg/package.dsv'
[29.635s] INFO:colcon.colcon_core.shell:Creating package script '/home/leo/RM_prac/install/practica2_pkg/share/practica2_pkg/package.sh'
[29.636s] INFO:colcon.colcon_core.shell:Creating package script '/home/leo/RM_prac/install/practica2_pkg/share/practica2_pkg/package.bash'
[29.636s] INFO:colcon.colcon_core.shell:Creating package script '/home/leo/RM_prac/install/practica2_pkg/share/practica2_pkg/package.zsh'
[29.637s] Level 1:colcon.colcon_core.environment:create_file_with_runtime_dependencies(/home/leo/RM_prac/install/practica2_pkg/share/colcon-core/packages/practica2_pkg)
[30.412s] DEBUG:colcon.colcon_core.event_handler.log_command:Invoked command in '/home/leo/RM_prac/build/practica1_pkg' returned '0': CMAKE_PREFIX_PATH=/opt/ros/humble /usr/bin/cmake --build /home/leo/RM_prac/build/practica1_pkg -- -j8 -l8
[30.414s] DEBUG:colcon.colcon_core.event_handler.log_command:Invoking command in '/home/leo/RM_prac/build/practica1_pkg': CMAKE_PREFIX_PATH=/opt/ros/humble /usr/bin/cmake --install /home/leo/RM_prac/build/practica1_pkg
[30.432s] Level 1:colcon.colcon_core.environment:create_environment_scripts_only(practica1_pkg)
[30.432s] DEBUG:colcon.colcon_core.event_handler.log_command:Invoked command in '/home/leo/RM_prac/build/practica1_pkg' returned '0': CMAKE_PREFIX_PATH=/opt/ros/humble /usr/bin/cmake --install /home/leo/RM_prac/build/practica1_pkg
[30.433s] Level 1:colcon.colcon_core.environment:checking '/home/leo/RM_prac/install/practica1_pkg' for CMake module files
[30.434s] Level 1:colcon.colcon_core.environment:checking '/home/leo/RM_prac/install/practica1_pkg' for CMake config files
[30.434s] Level 1:colcon.colcon_core.shell:create_environment_hook('practica1_pkg', 'cmake_prefix_path')
[30.434s] INFO:colcon.colcon_core.shell:Creating environment hook '/home/leo/RM_prac/install/practica1_pkg/share/practica1_pkg/hook/cmake_prefix_path.ps1'
[30.435s] INFO:colcon.colcon_core.shell:Creating environment descriptor '/home/leo/RM_prac/install/practica1_pkg/share/practica1_pkg/hook/cmake_prefix_path.dsv'
[30.436s] INFO:colcon.colcon_core.shell:Creating environment hook '/home/leo/RM_prac/install/practica1_pkg/share/practica1_pkg/hook/cmake_prefix_path.sh'
[30.436s] Level 1:colcon.colcon_core.environment:checking '/home/leo/RM_prac/install/practica1_pkg/lib'
[30.436s] Level 1:colcon.colcon_core.environment:checking '/home/leo/RM_prac/install/practica1_pkg/bin'
[30.436s] Level 1:colcon.colcon_core.environment:checking '/home/leo/RM_prac/install/practica1_pkg/lib/pkgconfig/practica1_pkg.pc'
[30.437s] Level 1:colcon.colcon_core.environment:checking '/home/leo/RM_prac/install/practica1_pkg/lib/python3.10/site-packages'
[30.437s] Level 1:colcon.colcon_core.environment:checking '/home/leo/RM_prac/install/practica1_pkg/bin'
[30.437s] INFO:colcon.colcon_core.shell:Creating package script '/home/leo/RM_prac/install/practica1_pkg/share/practica1_pkg/package.ps1'
[30.438s] INFO:colcon.colcon_core.shell:Creating package descriptor '/home/leo/RM_prac/install/practica1_pkg/share/practica1_pkg/package.dsv'
[30.438s] INFO:colcon.colcon_core.shell:Creating package script '/home/leo/RM_prac/install/practica1_pkg/share/practica1_pkg/package.sh'
[30.439s] INFO:colcon.colcon_core.shell:Creating package script '/home/leo/RM_prac/install/practica1_pkg/share/practica1_pkg/package.bash'
[30.439s] INFO:colcon.colcon_core.shell:Creating package script '/home/leo/RM_prac/install/practica1_pkg/share/practica1_pkg/package.zsh'
[30.439s] Level 1:colcon.colcon_core.environment:create_file_with_runtime_dependencies(/home/leo/RM_prac/install/practica1_pkg/share/colcon-core/packages/practica1_pkg)
[30.440s] Level 1:colcon.colcon_core.environment:create_environment_scripts_only(practica1_pkg)
[30.440s] Level 1:colcon.colcon_core.environment:checking '/home/leo/RM_prac/install/practica1_pkg' for CMake module files
[30.441s] Level 1:colcon.colcon_core.environment:checking '/home/leo/RM_prac/install/practica1_pkg' for CMake config files
[30.441s] Level 1:colcon.colcon_core.shell:create_environment_hook('practica1_pkg', 'cmake_prefix_path')
[30.441s] INFO:colcon.colcon_core.shell:Creating environment hook '/home/leo/RM_prac/install/practica1_pkg/share/practica1_pkg/hook/cmake_prefix_path.ps1'
[30.442s] INFO:colcon.colcon_core.shell:Creating environment descriptor '/home/leo/RM_prac/install/practica1_pkg/share/practica1_pkg/hook/cmake_prefix_path.dsv'
[30.442s] INFO:colcon.colcon_core.shell:Creating environment hook '/home/leo/RM_prac/install/practica1_pkg/share/practica1_pkg/hook/cmake_prefix_path.sh'
[30.443s] Level 1:colcon.colcon_core.environment:checking '/home/leo/RM_prac/install/practica1_pkg/lib'
[30.443s] Level 1:colcon.colcon_core.environment:checking '/home/leo/RM_prac/install/practica1_pkg/bin'
[30.443s] Level 1:colcon.colcon_core.environment:checking '/home/leo/RM_prac/install/practica1_pkg/lib/pkgconfig/practica1_pkg.pc'
[30.443s] Level 1:colcon.colcon_core.environment:checking '/home/leo/RM_prac/install/practica1_pkg/lib/python3.10/site-packages'
[30.443s] Level 1:colcon.colcon_core.environment:checking '/home/leo/RM_prac/install/practica1_pkg/bin'
[30.443s] INFO:colcon.colcon_core.shell:Creating package script '/home/leo/RM_prac/install/practica1_pkg/share/practica1_pkg/package.ps1'
[30.444s] INFO:colcon.colcon_core.shell:Creating package descriptor '/home/leo/RM_prac/install/practica1_pkg/share/practica1_pkg/package.dsv'
[30.445s] INFO:colcon.colcon_core.shell:Creating package script '/home/leo/RM_prac/install/practica1_pkg/share/practica1_pkg/package.sh'
[30.446s] INFO:colcon.colcon_core.shell:Creating package script '/home/leo/RM_prac/install/practica1_pkg/share/practica1_pkg/package.bash'
[30.446s] INFO:colcon.colcon_core.shell:Creating package script '/home/leo/RM_prac/install/practica1_pkg/share/practica1_pkg/package.zsh'
[30.447s] Level 1:colcon.colcon_core.environment:create_file_with_runtime_dependencies(/home/leo/RM_prac/install/practica1_pkg/share/colcon-core/packages/practica1_pkg)
[31.900s] DEBUG:colcon.colcon_core.event_handler.log_command:Invoked command in '/home/leo/RM_prac/build/practica3_pkg' returned '0': CMAKE_PREFIX_PATH=/opt/ros/humble /usr/bin/cmake --build /home/leo/RM_prac/build/practica3_pkg -- -j8 -l8
[31.902s] DEBUG:colcon.colcon_core.event_handler.log_command:Invoking command in '/home/leo/RM_prac/build/practica3_pkg': CMAKE_PREFIX_PATH=/opt/ros/humble /usr/bin/cmake --install /home/leo/RM_prac/build/practica3_pkg
[31.918s] Level 1:colcon.colcon_core.environment:create_environment_scripts_only(practica3_pkg)
[31.918s] Level 1:colcon.colcon_core.environment:checking '/home/leo/RM_prac/install/practica3_pkg' for CMake module files
[31.919s] DEBUG:colcon.colcon_core.event_handler.log_command:Invoked command in '/home/leo/RM_prac/build/practica3_pkg' returned '0': CMAKE_PREFIX_PATH=/opt/ros/humble /usr/bin/cmake --install /home/leo/RM_prac/build/practica3_pkg
[31.919s] Level 1:colcon.colcon_core.environment:checking '/home/leo/RM_prac/install/practica3_pkg' for CMake config files
[31.919s] Level 1:colcon.colcon_core.shell:create_environment_hook('practica3_pkg', 'cmake_prefix_path')
[31.920s] INFO:colcon.colcon_core.shell:Creating environment hook '/home/leo/RM_prac/install/practica3_pkg/share/practica3_pkg/hook/cmake_prefix_path.ps1'
[31.920s] INFO:colcon.colcon_core.shell:Creating environment descriptor '/home/leo/RM_prac/install/practica3_pkg/share/practica3_pkg/hook/cmake_prefix_path.dsv'
[31.921s] INFO:colcon.colcon_core.shell:Creating environment hook '/home/leo/RM_prac/install/practica3_pkg/share/practica3_pkg/hook/cmake_prefix_path.sh'
[31.921s] Level 1:colcon.colcon_core.environment:checking '/home/leo/RM_prac/install/practica3_pkg/lib'
[31.921s] Level 1:colcon.colcon_core.environment:checking '/home/leo/RM_prac/install/practica3_pkg/bin'
[31.921s] Level 1:colcon.colcon_core.environment:checking '/home/leo/RM_prac/install/practica3_pkg/lib/pkgconfig/practica3_pkg.pc'
[31.921s] Level 1:colcon.colcon_core.environment:checking '/home/leo/RM_prac/install/practica3_pkg/lib/python3.10/site-packages'
[31.922s] Level 1:colcon.colcon_core.environment:checking '/home/leo/RM_prac/install/practica3_pkg/bin'
[31.922s] INFO:colcon.colcon_core.shell:Creating package script '/home/leo/RM_prac/install/practica3_pkg/share/practica3_pkg/package.ps1'
[31.922s] INFO:colcon.colcon_core.shell:Creating package descriptor '/home/leo/RM_prac/install/practica3_pkg/share/practica3_pkg/package.dsv'
[31.923s] INFO:colcon.colcon_core.shell:Creating package script '/home/leo/RM_prac/install/practica3_pkg/share/practica3_pkg/package.sh'
[31.923s] INFO:colcon.colcon_core.shell:Creating package script '/home/leo/RM_prac/install/practica3_pkg/share/practica3_pkg/package.bash'
[31.923s] INFO:colcon.colcon_core.shell:Creating package script '/home/leo/RM_prac/install/practica3_pkg/share/practica3_pkg/package.zsh'
[31.924s] Level 1:colcon.colcon_core.environment:create_file_with_runtime_dependencies(/home/leo/RM_prac/install/practica3_pkg/share/colcon-core/packages/practica3_pkg)
[31.924s] Level 1:colcon.colcon_core.environment:create_environment_scripts_only(practica3_pkg)
[31.925s] Level 1:colcon.colcon_core.environment:checking '/home/leo/RM_prac/install/practica3_pkg' for CMake module files
[31.925s] Level 1:colcon.colcon_core.environment:checking '/home/leo/RM_prac/install/practica3_pkg' for CMake config files
[31.925s] Level 1:colcon.colcon_core.shell:create_environment_hook('practica3_pkg', 'cmake_prefix_path')
[31.925s] INFO:colcon.colcon_core.shell:Creating environment hook '/home/leo/RM_prac/install/practica3_pkg/share/practica3_pkg/hook/cmake_prefix_path.ps1'
[31.926s] INFO:colcon.colcon_core.shell:Creating environment descriptor '/home/leo/RM_prac/install/practica3_pkg/share/practica3_pkg/hook/cmake_prefix_path.dsv'
[31.926s] INFO:colcon.colcon_core.shell:Creating environment hook '/home/leo/RM_prac/install/practica3_pkg/share/practica3_pkg/hook/cmake_prefix_path.sh'
[31.926s] Level 1:colcon.colcon_core.environment:checking '/home/leo/RM_prac/install/practica3_pkg/lib'
[31.926s] Level 1:colcon.colcon_core.environment:checking '/home/leo/RM_prac/install/practica3_pkg/bin'
[31.927s] Level 1:colcon.colcon_core.environment:checking '/home/leo/RM_prac/install/practica3_pkg/lib/pkgconfig/practica3_pkg.pc'
[31.927s] Level 1:colcon.colcon_core.environment:checking '/home/leo/RM_prac/install/practica3_pkg/lib/python3.10/site-packages'
[31.927s] Level 1:colcon.colcon_core.environment:checking '/home/leo/RM_prac/install/practica3_pkg/bin'
[31.927s] INFO:colcon.colcon_core.shell:Creating package script '/home/leo/RM_prac/install/practica3_pkg/share/practica3_pkg/package.ps1'
[31.928s] INFO:colcon.colcon_core.shell:Creating package descriptor '/home/leo/RM_prac/install/practica3_pkg/share/practica3_pkg/package.dsv'
[31.928s] INFO:colcon.colcon_core.shell:Creating package script '/home/leo/RM_prac/install/practica3_pkg/share/practica3_pkg/package.sh'
[31.928s] INFO:colcon.colcon_core.shell:Creating package script '/home/leo/RM_prac/install/practica3_pkg/share/practica3_pkg/package.bash'
[31.929s] INFO:colcon.colcon_core.shell:Creating package script '/home/leo/RM_prac/install/practica3_pkg/share/practica3_pkg/package.zsh'
[31.929s] Level 1:colcon.colcon_core.environment:create_file_with_runtime_dependencies(/home/leo/RM_prac/install/practica3_pkg/share/colcon-core/packages/practica3_pkg)
[36.602s] DEBUG:colcon.colcon_core.event_handler.log_command:Invoked command in '/home/leo/RM_prac/build/practica5_pkg' returned '0': CMAKE_PREFIX_PATH=/opt/ros/humble /usr/bin/cmake --build /home/leo/RM_prac/build/practica5_pkg -- -j8 -l8
[36.604s] DEBUG:colcon.colcon_core.event_handler.log_command:Invoking command in '/home/leo/RM_prac/build/practica5_pkg': CMAKE_PREFIX_PATH=/opt/ros/humble /usr/bin/cmake --install /home/leo/RM_prac/build/practica5_pkg
[36.668s] Level 1:colcon.colcon_core.environment:create_environment_scripts_only(practica5_pkg)
[36.669s] Level 1:colcon.colcon_core.environment:checking '/home/leo/RM_prac/install/practica5_pkg' for CMake module files
[36.669s] DEBUG:colcon.colcon_core.event_handler.log_command:Invoked command in '/home/leo/RM_prac/build/practica5_pkg' returned '0': CMAKE_PREFIX_PATH=/opt/ros/humble /usr/bin/cmake --install /home/leo/RM_prac/build/practica5_pkg
[36.670s] Level 1:colcon.colcon_core.environment:checking '/home/leo/RM_prac/install/practica5_pkg' for CMake config files
[36.670s] Level 1:colcon.colcon_core.shell:create_environment_hook('practica5_pkg', 'cmake_prefix_path')
[36.670s] INFO:colcon.colcon_core.shell:Creating environment hook '/home/leo/RM_prac/install/practica5_pkg/share/practica5_pkg/hook/cmake_prefix_path.ps1'
[36.671s] INFO:colcon.colcon_core.shell:Creating environment descriptor '/home/leo/RM_prac/install/practica5_pkg/share/practica5_pkg/hook/cmake_prefix_path.dsv'
[36.671s] INFO:colcon.colcon_core.shell:Creating environment hook '/home/leo/RM_prac/install/practica5_pkg/share/practica5_pkg/hook/cmake_prefix_path.sh'
[36.672s] Level 1:colcon.colcon_core.environment:checking '/home/leo/RM_prac/install/practica5_pkg/lib'
[36.672s] Level 1:colcon.colcon_core.shell:create_environment_hook('practica5_pkg', 'ld_library_path_lib')
[36.672s] INFO:colcon.colcon_core.shell:Creating environment hook '/home/leo/RM_prac/install/practica5_pkg/share/practica5_pkg/hook/ld_library_path_lib.ps1'
[36.672s] INFO:colcon.colcon_core.shell:Creating environment descriptor '/home/leo/RM_prac/install/practica5_pkg/share/practica5_pkg/hook/ld_library_path_lib.dsv'
[36.672s] INFO:colcon.colcon_core.shell:Creating environment hook '/home/leo/RM_prac/install/practica5_pkg/share/practica5_pkg/hook/ld_library_path_lib.sh'
[36.673s] Level 1:colcon.colcon_core.environment:checking '/home/leo/RM_prac/install/practica5_pkg/bin'
[36.673s] Level 1:colcon.colcon_core.environment:checking '/home/leo/RM_prac/install/practica5_pkg/lib/pkgconfig/practica5_pkg.pc'
[36.673s] Level 1:colcon.colcon_core.environment:checking '/home/leo/RM_prac/install/practica5_pkg/lib/python3.10/site-packages'
[36.673s] Level 1:colcon.colcon_core.environment:checking '/home/leo/RM_prac/install/practica5_pkg/bin'
[36.673s] INFO:colcon.colcon_core.shell:Creating package script '/home/leo/RM_prac/install/practica5_pkg/share/practica5_pkg/package.ps1'
[36.674s] INFO:colcon.colcon_core.shell:Creating package descriptor '/home/leo/RM_prac/install/practica5_pkg/share/practica5_pkg/package.dsv'
[36.674s] INFO:colcon.colcon_core.shell:Creating package script '/home/leo/RM_prac/install/practica5_pkg/share/practica5_pkg/package.sh'
[36.674s] INFO:colcon.colcon_core.shell:Creating package script '/home/leo/RM_prac/install/practica5_pkg/share/practica5_pkg/package.bash'
[36.675s] INFO:colcon.colcon_core.shell:Creating package script '/home/leo/RM_prac/install/practica5_pkg/share/practica5_pkg/package.zsh'
[36.675s] Level 1:colcon.colcon_core.environment:create_file_with_runtime_dependencies(/home/leo/RM_prac/install/practica5_pkg/share/colcon-core/packages/practica5_pkg)
[36.676s] Level 1:colcon.colcon_core.environment:create_environment_scripts_only(practica5_pkg)
[36.676s] Level 1:colcon.colcon_core.environment:checking '/home/leo/RM_prac/install/practica5_pkg' for CMake module files
[36.676s] Level 1:colcon.colcon_core.environment:checking '/home/leo/RM_prac/install/practica5_pkg' for CMake config files
[36.676s] Level 1:colcon.colcon_core.shell:create_environment_hook('practica5_pkg', 'cmake_prefix_path')
[36.676s] INFO:colcon.colcon_core.shell:Creating environment hook '/home/leo/RM_prac/install/practica5_pkg/share/practica5_pkg/hook/cmake_prefix_path.ps1'
[36.677s] INFO:colcon.colcon_core.shell:Creating environment descriptor '/home/leo/RM_prac/install/practica5_pkg/share/practica5_pkg/hook/cmake_prefix_path.dsv'
[36.677s] INFO:colcon.colcon_core.shell:Creating environment hook '/home/leo/RM_prac/install/practica5_pkg/share/practica5_pkg/hook/cmake_prefix_path.sh'
[36.677s] Level 1:colcon.colcon_core.environment:checking '/home/leo/RM_prac/install/practica5_pkg/lib'
[36.677s] Level 1:colcon.colcon_core.shell:create_environment_hook('practica5_pkg', 'ld_library_path_lib')
[36.677s] INFO:colcon.colcon_core.shell:Creating environment hook '/home/leo/RM_prac/install/practica5_pkg/share/practica5_pkg/hook/ld_library_path_lib.ps1'
[36.678s] INFO:colcon.colcon_core.shell:Creating environment descriptor '/home/leo/RM_prac/install/practica5_pkg/share/practica5_pkg/hook/ld_library_path_lib.dsv'
[36.678s] INFO:colcon.colcon_core.shell:Creating environment hook '/home/leo/RM_prac/install/practica5_pkg/share/practica5_pkg/hook/ld_library_path_lib.sh'
[36.678s] Level 1:colcon.colcon_core.environment:checking '/home/leo/RM_prac/install/practica5_pkg/bin'
[36.678s] Level 1:colcon.colcon_core.environment:checking '/home/leo/RM_prac/install/practica5_pkg/lib/pkgconfig/practica5_pkg.pc'
[36.678s] Level 1:colcon.colcon_core.environment:checking '/home/leo/RM_prac/install/practica5_pkg/lib/python3.10/site-packages'
[36.678s] Level 1:colcon.colcon_core.environment:checking '/home/leo/RM_prac/install/practica5_pkg/bin'
[36.679s] INFO:colcon.colcon_core.shell:Creating package script '/home/leo/RM_prac/install/practica5_pkg/share/practica5_pkg/package.ps1'
[36.679s] INFO:colcon.colcon_core.shell:Creating package descriptor '/home/leo/RM_prac/install/practica5_pkg/share/practica5_pkg/package.dsv'
[36.679s] INFO:colcon.colcon_core.shell:Creating package script '/home/leo/RM_prac/install/practica5_pkg/share/practica5_pkg/package.sh'
[36.680s] INFO:colcon.colcon_core.shell:Creating package script '/home/leo/RM_prac/install/practica5_pkg/share/practica5_pkg/package.bash'
[36.680s] INFO:colcon.colcon_core.shell:Creating package script '/home/leo/RM_prac/install/practica5_pkg/share/practica5_pkg/package.zsh'
[36.680s] Level 1:colcon.colcon_core.environment:create_file_with_runtime_dependencies(/home/leo/RM_prac/install/practica5_pkg/share/colcon-core/packages/practica5_pkg)
[37.193s] DEBUG:colcon.colcon_core.event_handler.log_command:Invoked command in '/home/leo/RM_prac/build/csm' returned '0': CMAKE_PREFIX_PATH=/opt/ros/humble /usr/bin/cmake --build /home/leo/RM_prac/build/csm -- -j8 -l8
[37.194s] DEBUG:colcon.colcon_core.event_handler.log_command:Invoking command in '/home/leo/RM_prac/build/csm': CMAKE_PREFIX_PATH=/opt/ros/humble /usr/bin/cmake --install /home/leo/RM_prac/build/csm
[37.213s] Level 1:colcon.colcon_core.environment:create_environment_scripts_only(csm)
[37.214s] Level 1:colcon.colcon_core.environment:checking '/home/leo/RM_prac/install/csm' for CMake module files
[37.214s] DEBUG:colcon.colcon_core.event_handler.log_command:Invoked command in '/home/leo/RM_prac/build/csm' returned '0': CMAKE_PREFIX_PATH=/opt/ros/humble /usr/bin/cmake --install /home/leo/RM_prac/build/csm
[37.215s] Level 1:colcon.colcon_core.environment:checking '/home/leo/RM_prac/install/csm' for CMake config files
[37.215s] Level 1:colcon.colcon_core.shell:create_environment_hook('csm', 'cmake_prefix_path')
[37.215s] INFO:colcon.colcon_core.shell:Creating environment hook '/home/leo/RM_prac/install/csm/share/csm/hook/cmake_prefix_path.ps1'
[37.215s] INFO:colcon.colcon_core.shell:Creating environment descriptor '/home/leo/RM_prac/install/csm/share/csm/hook/cmake_prefix_path.dsv'
[37.216s] INFO:colcon.colcon_core.shell:Creating environment hook '/home/leo/RM_prac/install/csm/share/csm/hook/cmake_prefix_path.sh'
[37.216s] Level 1:colcon.colcon_core.environment:checking '/home/leo/RM_prac/install/csm/lib'
[37.216s] Level 1:colcon.colcon_core.shell:create_environment_hook('csm', 'ld_library_path_lib')
[37.216s] INFO:colcon.colcon_core.shell:Creating environment hook '/home/leo/RM_prac/install/csm/share/csm/hook/ld_library_path_lib.ps1'
[37.217s] INFO:colcon.colcon_core.shell:Creating environment descriptor '/home/leo/RM_prac/install/csm/share/csm/hook/ld_library_path_lib.dsv'
[37.217s] INFO:colcon.colcon_core.shell:Creating environment hook '/home/leo/RM_prac/install/csm/share/csm/hook/ld_library_path_lib.sh'
[37.217s] Level 1:colcon.colcon_core.environment:checking '/home/leo/RM_prac/install/csm/bin'
[37.217s] Level 1:colcon.colcon_core.environment:checking '/home/leo/RM_prac/install/csm/lib/pkgconfig/csm.pc'
[37.217s] Level 1:colcon.colcon_core.environment:checking '/home/leo/RM_prac/install/csm/lib/python3.10/site-packages'
[37.217s] Level 1:colcon.colcon_core.environment:checking '/home/leo/RM_prac/install/csm/bin'
[37.218s] INFO:colcon.colcon_core.shell:Creating package script '/home/leo/RM_prac/install/csm/share/csm/package.ps1'
[37.218s] INFO:colcon.colcon_core.shell:Creating package descriptor '/home/leo/RM_prac/install/csm/share/csm/package.dsv'
[37.218s] INFO:colcon.colcon_core.shell:Creating package script '/home/leo/RM_prac/install/csm/share/csm/package.sh'
[37.218s] INFO:colcon.colcon_core.shell:Creating package script '/home/leo/RM_prac/install/csm/share/csm/package.bash'
[37.219s] INFO:colcon.colcon_core.shell:Creating package script '/home/leo/RM_prac/install/csm/share/csm/package.zsh'
[37.219s] Level 1:colcon.colcon_core.environment:create_file_with_runtime_dependencies(/home/leo/RM_prac/install/csm/share/colcon-core/packages/csm)
[37.220s] Level 1:colcon.colcon_core.environment:create_environment_scripts_only(csm)
[37.220s] Level 1:colcon.colcon_core.environment:checking '/home/leo/RM_prac/install/csm' for CMake module files
[37.220s] Level 1:colcon.colcon_core.environment:checking '/home/leo/RM_prac/install/csm' for CMake config files
[37.220s] Level 1:colcon.colcon_core.shell:create_environment_hook('csm', 'cmake_prefix_path')
[37.220s] INFO:colcon.colcon_core.shell:Creating environment hook '/home/leo/RM_prac/install/csm/share/csm/hook/cmake_prefix_path.ps1'
[37.221s] INFO:colcon.colcon_core.shell:Creating environment descriptor '/home/leo/RM_prac/install/csm/share/csm/hook/cmake_prefix_path.dsv'
[37.221s] INFO:colcon.colcon_core.shell:Creating environment hook '/home/leo/RM_prac/install/csm/share/csm/hook/cmake_prefix_path.sh'
[37.221s] Level 1:colcon.colcon_core.environment:checking '/home/leo/RM_prac/install/csm/lib'
[37.222s] Level 1:colcon.colcon_core.shell:create_environment_hook('csm', 'ld_library_path_lib')
[37.222s] INFO:colcon.colcon_core.shell:Creating environment hook '/home/leo/RM_prac/install/csm/share/csm/hook/ld_library_path_lib.ps1'
[37.222s] INFO:colcon.colcon_core.shell:Creating environment descriptor '/home/leo/RM_prac/install/csm/share/csm/hook/ld_library_path_lib.dsv'
[37.222s] INFO:colcon.colcon_core.shell:Creating environment hook '/home/leo/RM_prac/install/csm/share/csm/hook/ld_library_path_lib.sh'
[37.223s] Level 1:colcon.colcon_core.environment:checking '/home/leo/RM_prac/install/csm/bin'
[37.223s] Level 1:colcon.colcon_core.environment:checking '/home/leo/RM_prac/install/csm/lib/pkgconfig/csm.pc'
[37.223s] Level 1:colcon.colcon_core.environment:checking '/home/leo/RM_prac/install/csm/lib/python3.10/site-packages'
[37.223s] Level 1:colcon.colcon_core.environment:checking '/home/leo/RM_prac/install/csm/bin'
[37.223s] INFO:colcon.colcon_core.shell:Creating package script '/home/leo/RM_prac/install/csm/share/csm/package.ps1'
[37.224s] INFO:colcon.colcon_core.shell:Creating package descriptor '/home/leo/RM_prac/install/csm/share/csm/package.dsv'
[37.224s] INFO:colcon.colcon_core.shell:Creating package script '/home/leo/RM_prac/install/csm/share/csm/package.sh'
[37.225s] INFO:colcon.colcon_core.shell:Creating package script '/home/leo/RM_prac/install/csm/share/csm/package.bash'
[37.225s] INFO:colcon.colcon_core.shell:Creating package script '/home/leo/RM_prac/install/csm/share/csm/package.zsh'
[37.226s] Level 1:colcon.colcon_core.environment:create_file_with_runtime_dependencies(/home/leo/RM_prac/install/csm/share/colcon-core/packages/csm)
[37.226s] INFO:colcon.colcon_ros.task.ament_cmake.build:Building ROS package in '/home/leo/RM_prac/src/ros2_laser_scan_matcher' with build type 'ament_cmake'
[37.226s] INFO:colcon.colcon_cmake.task.cmake.build:Building CMake package in '/home/leo/RM_prac/src/ros2_laser_scan_matcher'
[37.227s] INFO:colcon.colcon_core.shell:Skip shell extension 'powershell' for command environment: Not usable outside of PowerShell
[37.227s] DEBUG:colcon.colcon_core.shell:Skip shell extension 'dsv' for command environment
[37.509s] DEBUG:colcon.colcon_core.event_handler.log_command:Invoking command in '/home/leo/RM_prac/build/ros2_laser_scan_matcher': AMENT_PREFIX_PATH=/home/leo/RM_prac/install/csm:${AMENT_PREFIX_PATH} CMAKE_PREFIX_PATH=/home/leo/RM_prac/install/csm:/opt/ros/humble LD_LIBRARY_PATH=/home/leo/RM_prac/install/csm/lib:${LD_LIBRARY_PATH} /usr/bin/cmake /home/leo/RM_prac/src/ros2_laser_scan_matcher -DCMAKE_INSTALL_PREFIX=/home/leo/RM_prac/install/ros2_laser_scan_matcher
[53.136s] DEBUG:colcon.colcon_core.event_handler.log_command:Invoked command in '/home/leo/RM_prac/build/practica4_pkg' returned '0': CMAKE_PREFIX_PATH=/opt/ros/humble /usr/bin/cmake /home/leo/RM_prac/src/practica4_pkg -DCMAKE_INSTALL_PREFIX=/home/leo/RM_prac/install/practica4_pkg
[53.138s] DEBUG:colcon.colcon_core.event_handler.log_command:Invoking command in '/home/leo/RM_prac/build/practica4_pkg': CMAKE_PREFIX_PATH=/opt/ros/humble /usr/bin/cmake --build /home/leo/RM_prac/build/practica4_pkg -- -j8 -l8
[56.526s] DEBUG:colcon.colcon_core.event_handler.log_command:Invoked command in '/home/leo/RM_prac/build/ros2_laser_scan_matcher' returned '0': AMENT_PREFIX_PATH=/home/leo/RM_prac/install/csm:${AMENT_PREFIX_PATH} CMAKE_PREFIX_PATH=/home/leo/RM_prac/install/csm:/opt/ros/humble LD_LIBRARY_PATH=/home/leo/RM_prac/install/csm/lib:${LD_LIBRARY_PATH} /usr/bin/cmake /home/leo/RM_prac/src/ros2_laser_scan_matcher -DCMAKE_INSTALL_PREFIX=/home/leo/RM_prac/install/ros2_laser_scan_matcher
[56.527s] DEBUG:colcon.colcon_core.event_handler.log_command:Invoking command in '/home/leo/RM_prac/build/ros2_laser_scan_matcher': AMENT_PREFIX_PATH=/home/leo/RM_prac/install/csm:${AMENT_PREFIX_PATH} CMAKE_PREFIX_PATH=/home/leo/RM_prac/install/csm:/opt/ros/humble LD_LIBRARY_PATH=/home/leo/RM_prac/install/csm/lib:${LD_LIBRARY_PATH} /usr/bin/cmake --build /home/leo/RM_prac/build/ros2_laser_scan_matcher -- -j8 -l8
[68.670s] DEBUG:colcon.colcon_core.event_handler.log_command:Invoked command in '/home/leo/RM_prac/build/practica4_pkg' returned '0': CMAKE_PREFIX_PATH=/opt/ros/humble /usr/bin/cmake --build /home/leo/RM_prac/build/practica4_pkg -- -j8 -l8
[68.672s] DEBUG:colcon.colcon_core.event_handler.log_command:Invoking command in '/home/leo/RM_prac/build/practica4_pkg': CMAKE_PREFIX_PATH=/opt/ros/humble /usr/bin/cmake --install /home/leo/RM_prac/build/practica4_pkg
[68.722s] DEBUG:colcon.colcon_core.event_handler.log_command:Invoked command in '/home/leo/RM_prac/build/practica4_pkg' returned '1': CMAKE_PREFIX_PATH=/opt/ros/humble /usr/bin/cmake --install /home/leo/RM_prac/build/practica4_pkg
[68.723s] Level 1:colcon.colcon_core.environment:create_environment_scripts_only(practica4_pkg)
[68.723s] Level 1:colcon.colcon_core.environment:checking '/home/leo/RM_prac/install/practica4_pkg' for CMake module files
[68.724s] Level 1:colcon.colcon_core.environment:checking '/home/leo/RM_prac/install/practica4_pkg' for CMake config files
[68.724s] Level 1:colcon.colcon_core.environment:checking '/home/leo/RM_prac/install/practica4_pkg/lib'
[68.724s] Level 1:colcon.colcon_core.shell:create_environment_hook('practica4_pkg', 'ld_library_path_lib')
[68.724s] INFO:colcon.colcon_core.shell:Creating environment hook '/home/leo/RM_prac/install/practica4_pkg/share/practica4_pkg/hook/ld_library_path_lib.ps1'
[68.725s] INFO:colcon.colcon_core.shell:Creating environment descriptor '/home/leo/RM_prac/install/practica4_pkg/share/practica4_pkg/hook/ld_library_path_lib.dsv'
[68.725s] INFO:colcon.colcon_core.shell:Creating environment hook '/home/leo/RM_prac/install/practica4_pkg/share/practica4_pkg/hook/ld_library_path_lib.sh'
[68.725s] Level 1:colcon.colcon_core.environment:checking '/home/leo/RM_prac/install/practica4_pkg/bin'
[68.725s] Level 1:colcon.colcon_core.environment:checking '/home/leo/RM_prac/install/practica4_pkg/lib/pkgconfig/practica4_pkg.pc'
[68.726s] Level 1:colcon.colcon_core.environment:checking '/home/leo/RM_prac/install/practica4_pkg/lib/python3.10/site-packages'
[68.726s] Level 1:colcon.colcon_core.environment:checking '/home/leo/RM_prac/install/practica4_pkg/bin'
[68.726s] INFO:colcon.colcon_core.shell:Creating package script '/home/leo/RM_prac/install/practica4_pkg/share/practica4_pkg/package.ps1'
[68.726s] INFO:colcon.colcon_core.shell:Creating package descriptor '/home/leo/RM_prac/install/practica4_pkg/share/practica4_pkg/package.dsv'
[68.726s] INFO:colcon.colcon_core.shell:Creating package script '/home/leo/RM_prac/install/practica4_pkg/share/practica4_pkg/package.sh'
[68.727s] INFO:colcon.colcon_core.shell:Creating package script '/home/leo/RM_prac/install/practica4_pkg/share/practica4_pkg/package.bash'
[68.727s] INFO:colcon.colcon_core.shell:Creating package script '/home/leo/RM_prac/install/practica4_pkg/share/practica4_pkg/package.zsh'
[68.727s] Level 1:colcon.colcon_core.environment:create_file_with_runtime_dependencies(/home/leo/RM_prac/install/practica4_pkg/share/colcon-core/packages/practica4_pkg)
[69.793s] DEBUG:colcon.colcon_parallel_executor.executor.parallel:closing loop
[69.793s] DEBUG:colcon.colcon_parallel_executor.executor.parallel:loop closed
[69.793s] DEBUG:colcon.colcon_parallel_executor.executor.parallel:run_until_complete finished with '1'
[69.793s] DEBUG:colcon.colcon_core.event_reactor:joining thread
[69.918s] INFO:colcon.colcon_core.plugin_system:Skipping extension 'colcon_notification.desktop_notification.notify_send': Could not find 'notify-send'
[69.918s] INFO:colcon.colcon_core.plugin_system:Skipping extension 'colcon_notification.desktop_notification.terminal_notifier': Not used on non-Darwin systems
[69.918s] INFO:colcon.colcon_core.plugin_system:Skipping extension 'colcon_notification.desktop_notification.win32': Not used on non-Windows systems
[69.918s] INFO:colcon.colcon_notification.desktop_notification:Sending desktop notification using 'notify2'
[69.918s] DEBUG:colcon.colcon_notification.desktop_notification.notify2:Failed to initialize notify2: org.freedesktop.DBus.Error.FileNotFound: Failed to connect to socket /run/user/1000/bus: No such file or directory
[69.918s] DEBUG:colcon.colcon_core.event_reactor:joined thread
[69.918s] INFO:colcon.colcon_core.shell:Creating prefix script '/home/leo/RM_prac/install/local_setup.ps1'
[69.920s] INFO:colcon.colcon_core.shell:Creating prefix util module '/home/leo/RM_prac/install/_local_setup_util_ps1.py'
[69.921s] INFO:colcon.colcon_core.shell:Creating prefix chain script '/home/leo/RM_prac/install/setup.ps1'
[69.922s] INFO:colcon.colcon_core.shell:Creating prefix script '/home/leo/RM_prac/install/local_setup.sh'
[69.922s] INFO:colcon.colcon_core.shell:Creating prefix util module '/home/leo/RM_prac/install/_local_setup_util_sh.py'
[69.923s] INFO:colcon.colcon_core.shell:Creating prefix chain script '/home/leo/RM_prac/install/setup.sh'
[69.923s] INFO:colcon.colcon_core.shell:Creating prefix script '/home/leo/RM_prac/install/local_setup.bash'
[69.924s] INFO:colcon.colcon_core.shell:Creating prefix chain script '/home/leo/RM_prac/install/setup.bash'
[69.925s] INFO:colcon.colcon_core.shell:Creating prefix script '/home/leo/RM_prac/install/local_setup.zsh'
[69.925s] INFO:colcon.colcon_core.shell:Creating prefix chain script '/home/leo/RM_prac/install/setup.zsh'
