[0.043s] Invoking command in '/home/leo/RM_prac/build/ros2_laser_scan_matcher': CMAKE_PREFIX_PATH=/home/leo/RM_prac/install/csm:/home/leo/RM_prac/install/turtlebot3_coppeliasim:/home/leo/RM_prac/install/ros2_laser_scan_matcher:/home/leo/RM_prac/install/practica4_pkg:/home/leo/RM_prac/install/practica3_pkg:/home/leo/RM_prac/install/practica2_pkg:/home/leo/RM_prac/install/practica1_pkg:/opt/ros/humble /usr/bin/cmake /home/leo/RM_prac/src/ros2_laser_scan_matcher -DCMAKE_INSTALL_PREFIX=/home/leo/RM_prac/install/ros2_laser_scan_matcher
[0.108s] -- The C compiler identification is GNU 11.4.0
[0.339s] -- The CXX compiler identification is GNU 11.4.0
[0.507s] -- Detecting C compiler ABI info
[0.564s] -- Detecting C compiler ABI info - done
[0.567s] -- Check for working C compiler: /usr/bin/cc - skipped
[0.567s] -- Detecting C compile features
[0.568s] -- Detecting C compile features - done
[0.569s] -- Detecting CXX compiler ABI info
[0.638s] -- Detecting CXX compiler ABI info - done
[0.642s] -- Check for working CXX compiler: /usr/bin/c++ - skipped
[0.642s] -- Detecting CXX compile features
[0.642s] -- Detecting CXX compile features - done
[0.643s] -- Found ament_cmake: 1.3.9 (/opt/ros/humble/share/ament_cmake/cmake)
[0.707s] -- Found Python3: /usr/bin/python3 (found version "3.10.12") found components: Interpreter 
[0.745s] -- Found sensor_msgs: 4.2.4 (/opt/ros/humble/share/sensor_msgs/cmake)
[0.820s] -- Found rosidl_generator_c: 3.1.5 (/opt/ros/humble/share/rosidl_generator_c/cmake)
[0.822s] -- Found rosidl_adapter: 3.1.5 (/opt/ros/humble/share/rosidl_adapter/cmake)
[0.826s] -- Found rosidl_generator_cpp: 3.1.5 (/opt/ros/humble/share/rosidl_generator_cpp/cmake)
[0.832s] -- Using all available rosidl_typesupport_c: rosidl_typesupport_fastrtps_c;rosidl_typesupport_introspection_c
[0.842s] -- Using all available rosidl_typesupport_cpp: rosidl_typesupport_fastrtps_cpp;rosidl_typesupport_introspection_cpp
[0.938s] -- Found rclcpp: 16.0.9 (/opt/ros/humble/share/rclcpp/cmake)
[0.965s] -- Found rmw_implementation_cmake: 6.1.2 (/opt/ros/humble/share/rmw_implementation_cmake/cmake)
[0.966s] -- Found rmw_fastrtps_cpp: 6.2.6 (/opt/ros/humble/share/rmw_fastrtps_cpp/cmake)
[1.660s] -- Found OpenSSL: /usr/lib/x86_64-linux-gnu/libcrypto.so (found version "3.0.2")  
[2.449s] -- Found FastRTPS: /opt/ros/humble/include  
[3.820s] -- Using RMW implementation 'rmw_fastrtps_cpp' as default
[3.825s] -- Looking for pthread.h
[3.892s] -- Looking for pthread.h - found
[3.893s] -- Performing Test CMAKE_HAVE_LIBC_PTHREAD
[3.962s] -- Performing Test CMAKE_HAVE_LIBC_PTHREAD - Success
[3.962s] -- Found Threads: TRUE  
[4.021s] -- Found nav_msgs: 4.2.4 (/opt/ros/humble/share/nav_msgs/cmake)
[4.059s] -- Found tf2_ros: 0.25.7 (/opt/ros/humble/share/tf2_ros/cmake)
[4.219s] -- Found tf2_geometry_msgs: 0.25.7 (/opt/ros/humble/share/tf2_geometry_msgs/cmake)
[4.244s] -- Found eigen3_cmake_module: 0.1.1 (/opt/ros/humble/share/eigen3_cmake_module/cmake)
[4.245s] -- Found Eigen3: TRUE (found version "3.4.0") 
[4.245s] -- Ensuring Eigen3 include directory is part of orocos-kdl CMake target
[4.251s] -- Found PkgConfig: /usr/bin/pkg-config (found version "0.29.2") 
[4.251s] -- Found csm: 0.0.0 (/home/leo/RM_prac/install/csm/share/csm/cmake)
[4.261s] -- Found Boost: /usr/lib/x86_64-linux-gnu/cmake/Boost-1.74.0/BoostConfig.cmake (found version "1.74.0") found components: thread 
[4.292s] -- Configuring done
[4.299s] -- Generating done
[4.300s] -- Build files have been written to: /home/leo/RM_prac/build/ros2_laser_scan_matcher
[4.305s] Invoked command in '/home/leo/RM_prac/build/ros2_laser_scan_matcher' returned '0': CMAKE_PREFIX_PATH=/home/leo/RM_prac/install/csm:/home/leo/RM_prac/install/turtlebot3_coppeliasim:/home/leo/RM_prac/install/ros2_laser_scan_matcher:/home/leo/RM_prac/install/practica4_pkg:/home/leo/RM_prac/install/practica3_pkg:/home/leo/RM_prac/install/practica2_pkg:/home/leo/RM_prac/install/practica1_pkg:/opt/ros/humble /usr/bin/cmake /home/leo/RM_prac/src/ros2_laser_scan_matcher -DCMAKE_INSTALL_PREFIX=/home/leo/RM_prac/install/ros2_laser_scan_matcher
[4.306s] Invoking command in '/home/leo/RM_prac/build/ros2_laser_scan_matcher': CMAKE_PREFIX_PATH=/home/leo/RM_prac/install/csm:/home/leo/RM_prac/install/turtlebot3_coppeliasim:/home/leo/RM_prac/install/ros2_laser_scan_matcher:/home/leo/RM_prac/install/practica4_pkg:/home/leo/RM_prac/install/practica3_pkg:/home/leo/RM_prac/install/practica2_pkg:/home/leo/RM_prac/install/practica1_pkg:/opt/ros/humble /usr/bin/cmake --build /home/leo/RM_prac/build/ros2_laser_scan_matcher -- -j32 -l32
[4.326s] [ 50%] [32mBuilding CXX object CMakeFiles/laser_scan_matcher.dir/src/laser_scan_matcher.cpp.o[0m
[9.421s] [100%] [32m[1mLinking CXX executable laser_scan_matcher[0m
[9.726s] [100%] Built target laser_scan_matcher
[9.731s] Invoked command in '/home/leo/RM_prac/build/ros2_laser_scan_matcher' returned '0': CMAKE_PREFIX_PATH=/home/leo/RM_prac/install/csm:/home/leo/RM_prac/install/turtlebot3_coppeliasim:/home/leo/RM_prac/install/ros2_laser_scan_matcher:/home/leo/RM_prac/install/practica4_pkg:/home/leo/RM_prac/install/practica3_pkg:/home/leo/RM_prac/install/practica2_pkg:/home/leo/RM_prac/install/practica1_pkg:/opt/ros/humble /usr/bin/cmake --build /home/leo/RM_prac/build/ros2_laser_scan_matcher -- -j32 -l32
[9.740s] Invoking command in '/home/leo/RM_prac/build/ros2_laser_scan_matcher': CMAKE_PREFIX_PATH=/home/leo/RM_prac/install/csm:/home/leo/RM_prac/install/turtlebot3_coppeliasim:/home/leo/RM_prac/install/ros2_laser_scan_matcher:/home/leo/RM_prac/install/practica4_pkg:/home/leo/RM_prac/install/practica3_pkg:/home/leo/RM_prac/install/practica2_pkg:/home/leo/RM_prac/install/practica1_pkg:/opt/ros/humble /usr/bin/cmake --install /home/leo/RM_prac/build/ros2_laser_scan_matcher
[9.742s] -- Install configuration: ""
[9.742s] -- Installing: /home/leo/RM_prac/install/ros2_laser_scan_matcher/lib/ros2_laser_scan_matcher/laser_scan_matcher
[9.744s] -- Set runtime path of "/home/leo/RM_prac/install/ros2_laser_scan_matcher/lib/ros2_laser_scan_matcher/laser_scan_matcher" to ""
[9.744s] -- Installing: /home/leo/RM_prac/install/ros2_laser_scan_matcher/share/ament_index/resource_index/package_run_dependencies/ros2_laser_scan_matcher
[9.744s] -- Installing: /home/leo/RM_prac/install/ros2_laser_scan_matcher/share/ament_index/resource_index/parent_prefix_path/ros2_laser_scan_matcher
[9.744s] -- Installing: /home/leo/RM_prac/install/ros2_laser_scan_matcher/share/ros2_laser_scan_matcher/environment/ament_prefix_path.sh
[9.744s] -- Installing: /home/leo/RM_prac/install/ros2_laser_scan_matcher/share/ros2_laser_scan_matcher/environment/ament_prefix_path.dsv
[9.744s] -- Installing: /home/leo/RM_prac/install/ros2_laser_scan_matcher/share/ros2_laser_scan_matcher/environment/path.sh
[9.744s] -- Installing: /home/leo/RM_prac/install/ros2_laser_scan_matcher/share/ros2_laser_scan_matcher/environment/path.dsv
[9.744s] -- Installing: /home/leo/RM_prac/install/ros2_laser_scan_matcher/share/ros2_laser_scan_matcher/local_setup.bash
[9.744s] -- Installing: /home/leo/RM_prac/install/ros2_laser_scan_matcher/share/ros2_laser_scan_matcher/local_setup.sh
[9.744s] -- Installing: /home/leo/RM_prac/install/ros2_laser_scan_matcher/share/ros2_laser_scan_matcher/local_setup.zsh
[9.745s] -- Installing: /home/leo/RM_prac/install/ros2_laser_scan_matcher/share/ros2_laser_scan_matcher/local_setup.dsv
[9.745s] -- Installing: /home/leo/RM_prac/install/ros2_laser_scan_matcher/share/ros2_laser_scan_matcher/package.dsv
[9.745s] -- Installing: /home/leo/RM_prac/install/ros2_laser_scan_matcher/share/ament_index/resource_index/packages/ros2_laser_scan_matcher
[9.745s] -- Installing: /home/leo/RM_prac/install/ros2_laser_scan_matcher/share/ros2_laser_scan_matcher/cmake/ros2_laser_scan_matcherConfig.cmake
[9.745s] -- Installing: /home/leo/RM_prac/install/ros2_laser_scan_matcher/share/ros2_laser_scan_matcher/cmake/ros2_laser_scan_matcherConfig-version.cmake
[9.745s] -- Installing: /home/leo/RM_prac/install/ros2_laser_scan_matcher/share/ros2_laser_scan_matcher/package.xml
[9.746s] Invoked command in '/home/leo/RM_prac/build/ros2_laser_scan_matcher' returned '0': CMAKE_PREFIX_PATH=/home/leo/RM_prac/install/csm:/home/leo/RM_prac/install/turtlebot3_coppeliasim:/home/leo/RM_prac/install/ros2_laser_scan_matcher:/home/leo/RM_prac/install/practica4_pkg:/home/leo/RM_prac/install/practica3_pkg:/home/leo/RM_prac/install/practica2_pkg:/home/leo/RM_prac/install/practica1_pkg:/opt/ros/humble /usr/bin/cmake --install /home/leo/RM_prac/build/ros2_laser_scan_matcher
