[0.032s] Invoking command in '/home/rinese/RM_prac/build/pure_pursuit_pkg': CMAKE_PREFIX_PATH=${CMAKE_PREFIX_PATH}:/opt/ros/humble /usr/bin/cmake /home/rinese/RM_prac/src/pure_pursuit_pkg -DCMAKE_INSTALL_PREFIX=/home/rinese/RM_prac/install/pure_pursuit_pkg
[0.153s] -- The C compiler identification is GNU 11.4.0
[0.314s] -- The CXX compiler identification is GNU 11.4.0
[0.360s] -- Detecting C compiler ABI info
[0.579s] -- Detecting C compiler ABI info - done
[0.605s] -- Check for working C compiler: /usr/bin/cc - skipped
[0.605s] -- Detecting C compile features
[0.606s] -- Detecting C compile features - done
[0.612s] -- Detecting CXX compiler ABI info
[0.893s] -- Detecting CXX compiler ABI info - done
[0.919s] -- Check for working CXX compiler: /usr/bin/c++ - skipped
[0.920s] -- Detecting CXX compile features
[0.920s] -- Detecting CXX compile features - done
[0.927s] -- Found ament_cmake: 1.3.13 (/opt/ros/humble/share/ament_cmake/cmake)
[1.442s] -- Found Python3: /usr/bin/python3 (found version "3.10.12") found components: Interpreter 
[1.753s] -- Found rclcpp: 16.0.18 (/opt/ros/humble/share/rclcpp/cmake)
[1.869s] -- Found rosidl_generator_c: 3.1.8 (/opt/ros/humble/share/rosidl_generator_c/cmake)
[1.883s] -- Found rosidl_adapter: 3.1.8 (/opt/ros/humble/share/rosidl_adapter/cmake)
[1.905s] -- Found rosidl_generator_cpp: 3.1.8 (/opt/ros/humble/share/rosidl_generator_cpp/cmake)
[1.948s] -- Using all available rosidl_typesupport_c: rosidl_typesupport_fastrtps_c;rosidl_typesupport_introspection_c
[2.002s] -- Using all available rosidl_typesupport_cpp: rosidl_typesupport_fastrtps_cpp;rosidl_typesupport_introspection_cpp
[2.129s] -- Found rmw_implementation_cmake: 6.1.2 (/opt/ros/humble/share/rmw_implementation_cmake/cmake)
[2.140s] -- Found rmw_fastrtps_cpp: 6.2.10 (/opt/ros/humble/share/rmw_fastrtps_cpp/cmake)
[2.318s] -- Found OpenSSL: /usr/lib/x86_64-linux-gnu/libcrypto.so (found version "3.0.2")  
[2.444s] -- Found FastRTPS: /opt/ros/humble/include  
[2.586s] -- Using RMW implementation 'rmw_fastrtps_cpp' as default
[2.614s] -- Looking for pthread.h
[2.864s] -- Looking for pthread.h - found
[2.873s] -- Performing Test CMAKE_HAVE_LIBC_PTHREAD
[3.125s] -- Performing Test CMAKE_HAVE_LIBC_PTHREAD - Success
[3.130s] -- Found Threads: TRUE  
[3.268s] -- Found geometry_msgs: 4.9.1 (/opt/ros/humble/share/geometry_msgs/cmake)
[3.301s] -- Found tf2: 0.25.19 (/opt/ros/humble/share/tf2/cmake)
[3.325s] -- Found tf2_geometry_msgs: 0.25.19 (/opt/ros/humble/share/tf2_geometry_msgs/cmake)
[3.363s] -- Found eigen3_cmake_module: 0.1.1 (/opt/ros/humble/share/eigen3_cmake_module/cmake)
[3.367s] -- Found Eigen3: TRUE (found version "3.4.0") 
[3.367s] -- Ensuring Eigen3 include directory is part of orocos-kdl CMake target
[3.601s] -- Found visualization_msgs: 4.9.1 (/opt/ros/humble/share/visualization_msgs/cmake)
[3.696s] -- Found nav_msgs: 4.9.1 (/opt/ros/humble/share/nav_msgs/cmake)
[3.735s] -- Found rosidl_default_generators: 1.2.0 (/opt/ros/humble/share/rosidl_default_generators/cmake)
[4.608s] -- Found ament_cmake_ros: 0.10.0 (/opt/ros/humble/share/ament_cmake_ros/cmake)
[6.451s] -- Using all available rosidl_typesupport_c: rosidl_typesupport_fastrtps_c;rosidl_typesupport_introspection_c
[7.214s] -- Using all available rosidl_typesupport_cpp: rosidl_typesupport_fastrtps_cpp;rosidl_typesupport_introspection_cpp
[7.323s] -- Found PythonInterp: /usr/bin/python3 (found suitable version "3.10.12", minimum required is "3.6") 
[7.336s] -- Found python_cmake_module: 0.10.0 (/opt/ros/humble/share/python_cmake_module/cmake)
[7.413s] -- Found PythonLibs: /usr/lib/x86_64-linux-gnu/libpython3.10.so (found suitable version "3.10.12", minimum required is "3.5") 
[7.413s] -- Using PYTHON_EXECUTABLE: /usr/bin/python3
[7.413s] -- Using PYTHON_INCLUDE_DIRS: /usr/include/python3.10
[7.414s] -- Using PYTHON_LIBRARIES: /usr/lib/x86_64-linux-gnu/libpython3.10.so
[7.504s] -- Found PythonExtra: .so  
[7.705s] -- Configuring done
[7.934s] -- Generating done
[7.998s] -- Build files have been written to: /home/rinese/RM_prac/build/pure_pursuit_pkg
[8.059s] Invoked command in '/home/rinese/RM_prac/build/pure_pursuit_pkg' returned '0': CMAKE_PREFIX_PATH=${CMAKE_PREFIX_PATH}:/opt/ros/humble /usr/bin/cmake /home/rinese/RM_prac/src/pure_pursuit_pkg -DCMAKE_INSTALL_PREFIX=/home/rinese/RM_prac/install/pure_pursuit_pkg
[8.060s] Invoking command in '/home/rinese/RM_prac/build/pure_pursuit_pkg': CMAKE_PREFIX_PATH=${CMAKE_PREFIX_PATH}:/opt/ros/humble /usr/bin/cmake --build /home/rinese/RM_prac/build/pure_pursuit_pkg -- -j8 -l8
[8.323s] [  2%] [34m[1mGenerating C code for ROS interfaces[0m
[8.323s] [  5%] [34m[1mGenerating C++ code for ROS interfaces[0m
[8.323s] [  5%] Built target ament_cmake_python_copy_pure_pursuit_pkg
[9.276s] [  5%] Built target pure_pursuit_pkg__cpp
[9.319s] [  8%] [34m[1mGenerating C++ type support for eProsima Fast-RTPS[0m
[9.356s] [ 10%] [34m[1mGenerating C++ type support dispatch for ROS interfaces[0m
[9.380s] [ 13%] [34m[1mGenerating C++ introspection for ROS interfaces[0m
[9.951s] [ 16%] [32mBuilding C object CMakeFiles/pure_pursuit_pkg__rosidl_generator_c.dir/rosidl_generator_c/pure_pursuit_pkg/msg/detail/way_point_path__functions.c.o[0m
[10.311s] running egg_info
[10.331s] creating pure_pursuit_pkg.egg-info
[10.331s] writing pure_pursuit_pkg.egg-info/PKG-INFO
[10.331s] writing dependency_links to pure_pursuit_pkg.egg-info/dependency_links.txt
[10.331s] writing top-level names to pure_pursuit_pkg.egg-info/top_level.txt
[10.351s] writing manifest file 'pure_pursuit_pkg.egg-info/SOURCES.txt'
[10.352s] reading manifest file 'pure_pursuit_pkg.egg-info/SOURCES.txt'
[10.353s] writing manifest file 'pure_pursuit_pkg.egg-info/SOURCES.txt'
[10.363s] [ 18%] [32m[1mLinking C shared library libpure_pursuit_pkg__rosidl_generator_c.so[0m
[10.560s] [ 18%] Built target ament_cmake_python_build_pure_pursuit_pkg_egg
[10.633s] [ 18%] Built target pure_pursuit_pkg__rosidl_generator_c
[10.668s] [ 21%] [34m[1mGenerating C type support for eProsima Fast-RTPS[0m
[10.716s] [ 24%] [34m[1mGenerating C introspection for ROS interfaces[0m
[10.755s] [ 27%] [34m[1mGenerating C type support dispatch for ROS interfaces[0m
[10.930s] [ 29%] [32mBuilding CXX object CMakeFiles/pure_pursuit_pkg__rosidl_typesupport_fastrtps_cpp.dir/rosidl_typesupport_fastrtps_cpp/pure_pursuit_pkg/msg/detail/dds_fastrtps/way_point_path__type_support.cpp.o[0m
[11.032s] [ 32%] [32mBuilding CXX object CMakeFiles/pure_pursuit_pkg__rosidl_typesupport_introspection_cpp.dir/rosidl_typesupport_introspection_cpp/pure_pursuit_pkg/msg/detail/way_point_path__type_support.cpp.o[0m
[11.210s] [ 35%] [32mBuilding CXX object CMakeFiles/pure_pursuit_pkg__rosidl_typesupport_cpp.dir/rosidl_typesupport_cpp/pure_pursuit_pkg/msg/way_point_path__type_support.cpp.o[0m
[11.689s] [ 37%] [32mBuilding CXX object CMakeFiles/pure_pursuit_pkg__rosidl_typesupport_fastrtps_c.dir/rosidl_typesupport_fastrtps_c/pure_pursuit_pkg/msg/detail/way_point_path__type_support_c.cpp.o[0m
[12.320s] [ 40%] [32mBuilding CXX object CMakeFiles/pure_pursuit_pkg__rosidl_typesupport_c.dir/rosidl_typesupport_c/pure_pursuit_pkg/msg/way_point_path__type_support.cpp.o[0m
[12.612s] [ 43%] [32m[1mLinking CXX shared library libpure_pursuit_pkg__rosidl_typesupport_c.so[0m
[12.790s] [ 43%] Built target pure_pursuit_pkg__rosidl_typesupport_c
[12.924s] [ 45%] [32m[1mLinking CXX shared library libpure_pursuit_pkg__rosidl_typesupport_fastrtps_c.so[0m
[12.940s] [ 48%] [32m[1mLinking CXX shared library libpure_pursuit_pkg__rosidl_typesupport_cpp.so[0m
[13.053s] [ 51%] [32mBuilding C object CMakeFiles/pure_pursuit_pkg__rosidl_typesupport_introspection_c.dir/rosidl_typesupport_introspection_c/pure_pursuit_pkg/msg/detail/way_point_path__type_support.c.o[0m
[13.149s] [ 51%] Built target pure_pursuit_pkg__rosidl_typesupport_cpp
[13.222s] [ 54%] [32m[1mLinking CXX shared library libpure_pursuit_pkg__rosidl_typesupport_introspection_cpp.so[0m
[13.229s] [ 54%] Built target pure_pursuit_pkg__rosidl_typesupport_fastrtps_c
[13.246s] [ 56%] [32mBuilding CXX object CMakeFiles/waypoints_node.dir/src/waypoints_node.cpp.o[0m
[13.271s] [ 59%] [32mBuilding CXX object CMakeFiles/waypoint_tools_lib.dir/src/waypoint_tools/WayPointPathTools.cpp.o[0m
[13.280s] [ 62%] [32m[1mLinking C shared library libpure_pursuit_pkg__rosidl_typesupport_introspection_c.so[0m
[13.521s] [ 62%] Built target pure_pursuit_pkg__rosidl_typesupport_introspection_c
[13.529s] [ 62%] Built target pure_pursuit_pkg__rosidl_typesupport_introspection_cpp
[14.353s] [ 64%] [32m[1mLinking CXX shared library libpure_pursuit_pkg__rosidl_typesupport_fastrtps_cpp.so[0m
[14.739s] [ 64%] Built target pure_pursuit_pkg__rosidl_typesupport_fastrtps_cpp
[14.837s] [ 64%] Built target pure_pursuit_pkg
[14.962s] [ 67%] [34m[1mGenerating Python code for ROS interfaces[0m
[16.698s] [ 70%] [32m[1mLinking CXX shared library libwaypoint_tools_lib.so[0m
[16.713s] [ 70%] Built target pure_pursuit_pkg__py
[16.797s] [ 72%] [32mBuilding C object CMakeFiles/pure_pursuit_pkg__rosidl_generator_py.dir/rosidl_generator_py/pure_pursuit_pkg/msg/_way_point_path_s.c.o[0m
[17.129s] [ 72%] Built target waypoint_tools_lib
[17.205s] [ 75%] [32mBuilding CXX object CMakeFiles/pure_pursuit_odom.dir/src/pure_pursuit_odom.cpp.o[0m
[17.307s] [ 78%] [32m[1mLinking C shared library rosidl_generator_py/pure_pursuit_pkg/libpure_pursuit_pkg__rosidl_generator_py.so[0m
[17.458s] [ 78%] Built target pure_pursuit_pkg__rosidl_generator_py
[17.601s] [ 81%] [32mBuilding C object CMakeFiles/pure_pursuit_pkg__rosidl_typesupport_fastrtps_c__pyext.dir/rosidl_generator_py/pure_pursuit_pkg/_pure_pursuit_pkg_s.ep.rosidl_typesupport_fastrtps_c.c.o[0m
[17.604s] [ 83%] [32mBuilding C object CMakeFiles/pure_pursuit_pkg__rosidl_typesupport_c__pyext.dir/rosidl_generator_py/pure_pursuit_pkg/_pure_pursuit_pkg_s.ep.rosidl_typesupport_c.c.o[0m
[17.633s] [ 86%] [32mBuilding C object CMakeFiles/pure_pursuit_pkg__rosidl_typesupport_introspection_c__pyext.dir/rosidl_generator_py/pure_pursuit_pkg/_pure_pursuit_pkg_s.ep.rosidl_typesupport_introspection_c.c.o[0m
[17.979s] [ 89%] [32m[1mLinking C shared library rosidl_generator_py/pure_pursuit_pkg/pure_pursuit_pkg_s__rosidl_typesupport_introspection_c.cpython-310-x86_64-linux-gnu.so[0m
[17.980s] [ 91%] [32m[1mLinking C shared library rosidl_generator_py/pure_pursuit_pkg/pure_pursuit_pkg_s__rosidl_typesupport_c.cpython-310-x86_64-linux-gnu.so[0m
[18.012s] [ 94%] [32m[1mLinking C shared library rosidl_generator_py/pure_pursuit_pkg/pure_pursuit_pkg_s__rosidl_typesupport_fastrtps_c.cpython-310-x86_64-linux-gnu.so[0m
[18.149s] [ 94%] Built target pure_pursuit_pkg__rosidl_typesupport_fastrtps_c__pyext
[18.188s] [ 94%] Built target pure_pursuit_pkg__rosidl_typesupport_introspection_c__pyext
[18.237s] [ 94%] Built target pure_pursuit_pkg__rosidl_typesupport_c__pyext
[28.966s] [ 97%] [32m[1mLinking CXX executable waypoints_node[0m
[29.492s] [ 97%] Built target waypoints_node
[42.244s] [100%] [32m[1mLinking CXX executable pure_pursuit_odom[0m
[42.959s] [100%] Built target pure_pursuit_odom
[42.968s] Invoked command in '/home/rinese/RM_prac/build/pure_pursuit_pkg' returned '0': CMAKE_PREFIX_PATH=${CMAKE_PREFIX_PATH}:/opt/ros/humble /usr/bin/cmake --build /home/rinese/RM_prac/build/pure_pursuit_pkg -- -j8 -l8
[42.969s] Invoking command in '/home/rinese/RM_prac/build/pure_pursuit_pkg': CMAKE_PREFIX_PATH=${CMAKE_PREFIX_PATH}:/opt/ros/humble /usr/bin/cmake --install /home/rinese/RM_prac/build/pure_pursuit_pkg
[42.978s] -- Install configuration: ""
[42.978s] -- Installing: /home/rinese/RM_prac/install/pure_pursuit_pkg/share/ament_index/resource_index/rosidl_interfaces/pure_pursuit_pkg
[42.978s] -- Installing: /home/rinese/RM_prac/install/pure_pursuit_pkg/include/pure_pursuit_pkg/pure_pursuit_pkg
[42.978s] -- Installing: /home/rinese/RM_prac/install/pure_pursuit_pkg/include/pure_pursuit_pkg/pure_pursuit_pkg/msg
[42.978s] -- Installing: /home/rinese/RM_prac/install/pure_pursuit_pkg/include/pure_pursuit_pkg/pure_pursuit_pkg/msg/detail
[42.978s] -- Installing: /home/rinese/RM_prac/install/pure_pursuit_pkg/include/pure_pursuit_pkg/pure_pursuit_pkg/msg/detail/way_point_path__type_support.h
[42.978s] -- Installing: /home/rinese/RM_prac/install/pure_pursuit_pkg/include/pure_pursuit_pkg/pure_pursuit_pkg/msg/detail/way_point_path__struct.h
[42.978s] -- Installing: /home/rinese/RM_prac/install/pure_pursuit_pkg/include/pure_pursuit_pkg/pure_pursuit_pkg/msg/detail/way_point_path__functions.h
[42.978s] -- Installing: /home/rinese/RM_prac/install/pure_pursuit_pkg/include/pure_pursuit_pkg/pure_pursuit_pkg/msg/detail/way_point_path__functions.c
[42.978s] -- Installing: /home/rinese/RM_prac/install/pure_pursuit_pkg/include/pure_pursuit_pkg/pure_pursuit_pkg/msg/way_point_path.h
[42.978s] -- Installing: /home/rinese/RM_prac/install/pure_pursuit_pkg/include/pure_pursuit_pkg/pure_pursuit_pkg/msg/rosidl_generator_c__visibility_control.h
[42.979s] -- Installing: /home/rinese/RM_prac/install/pure_pursuit_pkg/share/pure_pursuit_pkg/environment/library_path.sh
[42.979s] -- Installing: /home/rinese/RM_prac/install/pure_pursuit_pkg/share/pure_pursuit_pkg/environment/library_path.dsv
[42.979s] -- Installing: /home/rinese/RM_prac/install/pure_pursuit_pkg/lib/libpure_pursuit_pkg__rosidl_generator_c.so
[42.979s] -- Set runtime path of "/home/rinese/RM_prac/install/pure_pursuit_pkg/lib/libpure_pursuit_pkg__rosidl_generator_c.so" to ""
[42.979s] -- Up-to-date: /home/rinese/RM_prac/install/pure_pursuit_pkg/include/pure_pursuit_pkg/pure_pursuit_pkg
[42.979s] -- Up-to-date: /home/rinese/RM_prac/install/pure_pursuit_pkg/include/pure_pursuit_pkg/pure_pursuit_pkg/msg
[42.979s] -- Installing: /home/rinese/RM_prac/install/pure_pursuit_pkg/include/pure_pursuit_pkg/pure_pursuit_pkg/msg/rosidl_typesupport_fastrtps_c__visibility_control.h
[42.979s] -- Up-to-date: /home/rinese/RM_prac/install/pure_pursuit_pkg/include/pure_pursuit_pkg/pure_pursuit_pkg/msg/detail
[42.980s] -- Installing: /home/rinese/RM_prac/install/pure_pursuit_pkg/include/pure_pursuit_pkg/pure_pursuit_pkg/msg/detail/way_point_path__rosidl_typesupport_fastrtps_c.h
[42.980s] -- Installing: /home/rinese/RM_prac/install/pure_pursuit_pkg/lib/libpure_pursuit_pkg__rosidl_typesupport_fastrtps_c.so
[42.980s] -- Set runtime path of "/home/rinese/RM_prac/install/pure_pursuit_pkg/lib/libpure_pursuit_pkg__rosidl_typesupport_fastrtps_c.so" to ""
[42.980s] -- Up-to-date: /home/rinese/RM_prac/install/pure_pursuit_pkg/include/pure_pursuit_pkg/pure_pursuit_pkg
[42.980s] -- Up-to-date: /home/rinese/RM_prac/install/pure_pursuit_pkg/include/pure_pursuit_pkg/pure_pursuit_pkg/msg
[42.980s] -- Up-to-date: /home/rinese/RM_prac/install/pure_pursuit_pkg/include/pure_pursuit_pkg/pure_pursuit_pkg/msg/detail
[42.980s] -- Installing: /home/rinese/RM_prac/install/pure_pursuit_pkg/include/pure_pursuit_pkg/pure_pursuit_pkg/msg/detail/way_point_path__struct.hpp
[42.980s] -- Installing: /home/rinese/RM_prac/install/pure_pursuit_pkg/include/pure_pursuit_pkg/pure_pursuit_pkg/msg/detail/way_point_path__builder.hpp
[42.980s] -- Installing: /home/rinese/RM_prac/install/pure_pursuit_pkg/include/pure_pursuit_pkg/pure_pursuit_pkg/msg/detail/way_point_path__type_support.hpp
[42.980s] -- Installing: /home/rinese/RM_prac/install/pure_pursuit_pkg/include/pure_pursuit_pkg/pure_pursuit_pkg/msg/detail/way_point_path__traits.hpp
[42.980s] -- Installing: /home/rinese/RM_prac/install/pure_pursuit_pkg/include/pure_pursuit_pkg/pure_pursuit_pkg/msg/rosidl_generator_cpp__visibility_control.hpp
[42.981s] -- Installing: /home/rinese/RM_prac/install/pure_pursuit_pkg/include/pure_pursuit_pkg/pure_pursuit_pkg/msg/way_point_path.hpp
[42.981s] -- Up-to-date: /home/rinese/RM_prac/install/pure_pursuit_pkg/include/pure_pursuit_pkg/pure_pursuit_pkg
[42.981s] -- Up-to-date: /home/rinese/RM_prac/install/pure_pursuit_pkg/include/pure_pursuit_pkg/pure_pursuit_pkg/msg
[42.981s] -- Installing: /home/rinese/RM_prac/install/pure_pursuit_pkg/include/pure_pursuit_pkg/pure_pursuit_pkg/msg/rosidl_typesupport_fastrtps_cpp__visibility_control.h
[42.981s] -- Up-to-date: /home/rinese/RM_prac/install/pure_pursuit_pkg/include/pure_pursuit_pkg/pure_pursuit_pkg/msg/detail
[42.981s] -- Installing: /home/rinese/RM_prac/install/pure_pursuit_pkg/include/pure_pursuit_pkg/pure_pursuit_pkg/msg/detail/dds_fastrtps
[42.981s] -- Installing: /home/rinese/RM_prac/install/pure_pursuit_pkg/include/pure_pursuit_pkg/pure_pursuit_pkg/msg/detail/way_point_path__rosidl_typesupport_fastrtps_cpp.hpp
[42.981s] -- Installing: /home/rinese/RM_prac/install/pure_pursuit_pkg/lib/libpure_pursuit_pkg__rosidl_typesupport_fastrtps_cpp.so
[42.981s] -- Set runtime path of "/home/rinese/RM_prac/install/pure_pursuit_pkg/lib/libpure_pursuit_pkg__rosidl_typesupport_fastrtps_cpp.so" to ""
[42.981s] -- Up-to-date: /home/rinese/RM_prac/install/pure_pursuit_pkg/include/pure_pursuit_pkg/pure_pursuit_pkg
[42.981s] -- Up-to-date: /home/rinese/RM_prac/install/pure_pursuit_pkg/include/pure_pursuit_pkg/pure_pursuit_pkg/msg
[42.981s] -- Installing: /home/rinese/RM_prac/install/pure_pursuit_pkg/include/pure_pursuit_pkg/pure_pursuit_pkg/msg/rosidl_typesupport_introspection_c__visibility_control.h
[42.982s] -- Up-to-date: /home/rinese/RM_prac/install/pure_pursuit_pkg/include/pure_pursuit_pkg/pure_pursuit_pkg/msg/detail
[42.982s] -- Installing: /home/rinese/RM_prac/install/pure_pursuit_pkg/include/pure_pursuit_pkg/pure_pursuit_pkg/msg/detail/way_point_path__rosidl_typesupport_introspection_c.h
[42.982s] -- Installing: /home/rinese/RM_prac/install/pure_pursuit_pkg/include/pure_pursuit_pkg/pure_pursuit_pkg/msg/detail/way_point_path__type_support.c
[42.982s] -- Installing: /home/rinese/RM_prac/install/pure_pursuit_pkg/lib/libpure_pursuit_pkg__rosidl_typesupport_introspection_c.so
[42.982s] -- Set runtime path of "/home/rinese/RM_prac/install/pure_pursuit_pkg/lib/libpure_pursuit_pkg__rosidl_typesupport_introspection_c.so" to ""
[42.982s] -- Installing: /home/rinese/RM_prac/install/pure_pursuit_pkg/lib/libpure_pursuit_pkg__rosidl_typesupport_c.so
[42.982s] -- Set runtime path of "/home/rinese/RM_prac/install/pure_pursuit_pkg/lib/libpure_pursuit_pkg__rosidl_typesupport_c.so" to ""
[42.982s] -- Up-to-date: /home/rinese/RM_prac/install/pure_pursuit_pkg/include/pure_pursuit_pkg/pure_pursuit_pkg
[42.982s] -- Up-to-date: /home/rinese/RM_prac/install/pure_pursuit_pkg/include/pure_pursuit_pkg/pure_pursuit_pkg/msg
[42.983s] -- Up-to-date: /home/rinese/RM_prac/install/pure_pursuit_pkg/include/pure_pursuit_pkg/pure_pursuit_pkg/msg/detail
[42.983s] -- Installing: /home/rinese/RM_prac/install/pure_pursuit_pkg/include/pure_pursuit_pkg/pure_pursuit_pkg/msg/detail/way_point_path__rosidl_typesupport_introspection_cpp.hpp
[42.983s] -- Installing: /home/rinese/RM_prac/install/pure_pursuit_pkg/include/pure_pursuit_pkg/pure_pursuit_pkg/msg/detail/way_point_path__type_support.cpp
[42.983s] -- Installing: /home/rinese/RM_prac/install/pure_pursuit_pkg/lib/libpure_pursuit_pkg__rosidl_typesupport_introspection_cpp.so
[42.983s] -- Set runtime path of "/home/rinese/RM_prac/install/pure_pursuit_pkg/lib/libpure_pursuit_pkg__rosidl_typesupport_introspection_cpp.so" to ""
[42.983s] -- Installing: /home/rinese/RM_prac/install/pure_pursuit_pkg/lib/libpure_pursuit_pkg__rosidl_typesupport_cpp.so
[42.983s] -- Set runtime path of "/home/rinese/RM_prac/install/pure_pursuit_pkg/lib/libpure_pursuit_pkg__rosidl_typesupport_cpp.so" to ""
[42.983s] -- Installing: /home/rinese/RM_prac/install/pure_pursuit_pkg/share/pure_pursuit_pkg/environment/pythonpath.sh
[42.983s] -- Installing: /home/rinese/RM_prac/install/pure_pursuit_pkg/share/pure_pursuit_pkg/environment/pythonpath.dsv
[42.984s] -- Installing: /home/rinese/RM_prac/install/pure_pursuit_pkg/local/lib/python3.10/dist-packages/pure_pursuit_pkg-0.0.0-py3.10.egg-info
[42.984s] -- Installing: /home/rinese/RM_prac/install/pure_pursuit_pkg/local/lib/python3.10/dist-packages/pure_pursuit_pkg-0.0.0-py3.10.egg-info/dependency_links.txt
[42.984s] -- Installing: /home/rinese/RM_prac/install/pure_pursuit_pkg/local/lib/python3.10/dist-packages/pure_pursuit_pkg-0.0.0-py3.10.egg-info/SOURCES.txt
[42.984s] -- Installing: /home/rinese/RM_prac/install/pure_pursuit_pkg/local/lib/python3.10/dist-packages/pure_pursuit_pkg-0.0.0-py3.10.egg-info/PKG-INFO
[42.984s] -- Installing: /home/rinese/RM_prac/install/pure_pursuit_pkg/local/lib/python3.10/dist-packages/pure_pursuit_pkg-0.0.0-py3.10.egg-info/top_level.txt
[42.984s] -- Installing: /home/rinese/RM_prac/install/pure_pursuit_pkg/local/lib/python3.10/dist-packages/pure_pursuit_pkg
[42.984s] -- Installing: /home/rinese/RM_prac/install/pure_pursuit_pkg/local/lib/python3.10/dist-packages/pure_pursuit_pkg/msg
[42.984s] -- Installing: /home/rinese/RM_prac/install/pure_pursuit_pkg/local/lib/python3.10/dist-packages/pure_pursuit_pkg/msg/_way_point_path_s.c
[42.984s] -- Installing: /home/rinese/RM_prac/install/pure_pursuit_pkg/local/lib/python3.10/dist-packages/pure_pursuit_pkg/msg/_way_point_path.py
[42.984s] -- Installing: /home/rinese/RM_prac/install/pure_pursuit_pkg/local/lib/python3.10/dist-packages/pure_pursuit_pkg/msg/__init__.py
[42.985s] -- Installing: /home/rinese/RM_prac/install/pure_pursuit_pkg/local/lib/python3.10/dist-packages/pure_pursuit_pkg/pure_pursuit_pkg_s__rosidl_typesupport_introspection_c.cpython-310-x86_64-linux-gnu.so
[42.985s] -- Installing: /home/rinese/RM_prac/install/pure_pursuit_pkg/local/lib/python3.10/dist-packages/pure_pursuit_pkg/_pure_pursuit_pkg_s.ep.rosidl_typesupport_c.c
[42.985s] -- Installing: /home/rinese/RM_prac/install/pure_pursuit_pkg/local/lib/python3.10/dist-packages/pure_pursuit_pkg/pure_pursuit_pkg_s__rosidl_typesupport_fastrtps_c.cpython-310-x86_64-linux-gnu.so
[42.985s] -- Installing: /home/rinese/RM_prac/install/pure_pursuit_pkg/local/lib/python3.10/dist-packages/pure_pursuit_pkg/pure_pursuit_pkg_s__rosidl_typesupport_c.cpython-310-x86_64-linux-gnu.so
[42.985s] -- Installing: /home/rinese/RM_prac/install/pure_pursuit_pkg/local/lib/python3.10/dist-packages/pure_pursuit_pkg/_pure_pursuit_pkg_s.ep.rosidl_typesupport_fastrtps_c.c
[42.985s] -- Installing: /home/rinese/RM_prac/install/pure_pursuit_pkg/local/lib/python3.10/dist-packages/pure_pursuit_pkg/libpure_pursuit_pkg__rosidl_generator_py.so
[42.985s] -- Installing: /home/rinese/RM_prac/install/pure_pursuit_pkg/local/lib/python3.10/dist-packages/pure_pursuit_pkg/_pure_pursuit_pkg_s.ep.rosidl_typesupport_introspection_c.c
[42.985s] -- Installing: /home/rinese/RM_prac/install/pure_pursuit_pkg/local/lib/python3.10/dist-packages/pure_pursuit_pkg/__init__.py
[43.021s] Listing '/home/rinese/RM_prac/install/pure_pursuit_pkg/local/lib/python3.10/dist-packages/pure_pursuit_pkg'...
[43.021s] Compiling '/home/rinese/RM_prac/install/pure_pursuit_pkg/local/lib/python3.10/dist-packages/pure_pursuit_pkg/__init__.py'...
[43.021s] Listing '/home/rinese/RM_prac/install/pure_pursuit_pkg/local/lib/python3.10/dist-packages/pure_pursuit_pkg/msg'...
[43.021s] Compiling '/home/rinese/RM_prac/install/pure_pursuit_pkg/local/lib/python3.10/dist-packages/pure_pursuit_pkg/msg/__init__.py'...
[43.022s] Compiling '/home/rinese/RM_prac/install/pure_pursuit_pkg/local/lib/python3.10/dist-packages/pure_pursuit_pkg/msg/_way_point_path.py'...
[43.026s] -- Installing: /home/rinese/RM_prac/install/pure_pursuit_pkg/local/lib/python3.10/dist-packages/pure_pursuit_pkg/pure_pursuit_pkg_s__rosidl_typesupport_fastrtps_c.cpython-310-x86_64-linux-gnu.so
[43.026s] -- Set runtime path of "/home/rinese/RM_prac/install/pure_pursuit_pkg/local/lib/python3.10/dist-packages/pure_pursuit_pkg/pure_pursuit_pkg_s__rosidl_typesupport_fastrtps_c.cpython-310-x86_64-linux-gnu.so" to ""
[43.026s] -- Installing: /home/rinese/RM_prac/install/pure_pursuit_pkg/local/lib/python3.10/dist-packages/pure_pursuit_pkg/pure_pursuit_pkg_s__rosidl_typesupport_introspection_c.cpython-310-x86_64-linux-gnu.so
[43.026s] -- Set runtime path of "/home/rinese/RM_prac/install/pure_pursuit_pkg/local/lib/python3.10/dist-packages/pure_pursuit_pkg/pure_pursuit_pkg_s__rosidl_typesupport_introspection_c.cpython-310-x86_64-linux-gnu.so" to ""
[43.026s] -- Installing: /home/rinese/RM_prac/install/pure_pursuit_pkg/local/lib/python3.10/dist-packages/pure_pursuit_pkg/pure_pursuit_pkg_s__rosidl_typesupport_c.cpython-310-x86_64-linux-gnu.so
[43.026s] -- Set runtime path of "/home/rinese/RM_prac/install/pure_pursuit_pkg/local/lib/python3.10/dist-packages/pure_pursuit_pkg/pure_pursuit_pkg_s__rosidl_typesupport_c.cpython-310-x86_64-linux-gnu.so" to ""
[43.027s] -- Installing: /home/rinese/RM_prac/install/pure_pursuit_pkg/lib/libpure_pursuit_pkg__rosidl_generator_py.so
[43.027s] -- Set runtime path of "/home/rinese/RM_prac/install/pure_pursuit_pkg/lib/libpure_pursuit_pkg__rosidl_generator_py.so" to ""
[43.027s] -- Installing: /home/rinese/RM_prac/install/pure_pursuit_pkg/share/pure_pursuit_pkg/msg/WayPointPath.idl
[43.027s] -- Installing: /home/rinese/RM_prac/install/pure_pursuit_pkg/share/pure_pursuit_pkg/msg/WayPointPath.msg
[43.027s] -- Installing: /home/rinese/RM_prac/install/pure_pursuit_pkg/lib/pure_pursuit_pkg/pure_pursuit_odom
[43.031s] -- Set runtime path of "/home/rinese/RM_prac/install/pure_pursuit_pkg/lib/pure_pursuit_pkg/pure_pursuit_odom" to ""
[43.031s] -- Installing: /home/rinese/RM_prac/install/pure_pursuit_pkg/lib/pure_pursuit_pkg/waypoints_node
[43.032s] -- Set runtime path of "/home/rinese/RM_prac/install/pure_pursuit_pkg/lib/pure_pursuit_pkg/waypoints_node" to ""
[43.032s] -- Up-to-date: /home/rinese/RM_prac/install/pure_pursuit_pkg/share/pure_pursuit_pkg/msg
[43.032s] -- Up-to-date: /home/rinese/RM_prac/install/pure_pursuit_pkg/share/pure_pursuit_pkg/msg/WayPointPath.msg
[43.032s] -- Installing: /home/rinese/RM_prac/install/pure_pursuit_pkg/share/pure_pursuit_pkg/config
[43.032s] -- Installing: /home/rinese/RM_prac/install/pure_pursuit_pkg/share/pure_pursuit_pkg/config/path.yaml
[43.032s] -- Installing: /home/rinese/RM_prac/install/pure_pursuit_pkg/share/pure_pursuit_pkg/launch
[43.032s] -- Installing: /home/rinese/RM_prac/install/pure_pursuit_pkg/share/pure_pursuit_pkg/launch/pure_pursuit_controller.launch.py
[43.033s] -- Installing: /home/rinese/RM_prac/install/pure_pursuit_pkg/share/pure_pursuit_pkg/launch/pure_pursuit_controller_eventhandler.launch.py
[43.033s] -- Installing: /home/rinese/RM_prac/install/pure_pursuit_pkg/lib/libwaypoint_tools_lib.so
[43.033s] -- Set runtime path of "/home/rinese/RM_prac/install/pure_pursuit_pkg/lib/libwaypoint_tools_lib.so" to ""
[43.033s] -- Installing: /home/rinese/RM_prac/install/pure_pursuit_pkg/share/ament_index/resource_index/package_run_dependencies/pure_pursuit_pkg
[43.033s] -- Installing: /home/rinese/RM_prac/install/pure_pursuit_pkg/share/ament_index/resource_index/parent_prefix_path/pure_pursuit_pkg
[43.033s] -- Installing: /home/rinese/RM_prac/install/pure_pursuit_pkg/share/pure_pursuit_pkg/environment/ament_prefix_path.sh
[43.033s] -- Installing: /home/rinese/RM_prac/install/pure_pursuit_pkg/share/pure_pursuit_pkg/environment/ament_prefix_path.dsv
[43.033s] -- Installing: /home/rinese/RM_prac/install/pure_pursuit_pkg/share/pure_pursuit_pkg/environment/path.sh
[43.034s] -- Installing: /home/rinese/RM_prac/install/pure_pursuit_pkg/share/pure_pursuit_pkg/environment/path.dsv
[43.034s] -- Installing: /home/rinese/RM_prac/install/pure_pursuit_pkg/share/pure_pursuit_pkg/local_setup.bash
[43.034s] -- Installing: /home/rinese/RM_prac/install/pure_pursuit_pkg/share/pure_pursuit_pkg/local_setup.sh
[43.034s] -- Installing: /home/rinese/RM_prac/install/pure_pursuit_pkg/share/pure_pursuit_pkg/local_setup.zsh
[43.034s] -- Installing: /home/rinese/RM_prac/install/pure_pursuit_pkg/share/pure_pursuit_pkg/local_setup.dsv
[43.034s] -- Installing: /home/rinese/RM_prac/install/pure_pursuit_pkg/share/pure_pursuit_pkg/package.dsv
[43.034s] -- Installing: /home/rinese/RM_prac/install/pure_pursuit_pkg/share/ament_index/resource_index/packages/pure_pursuit_pkg
[43.035s] -- Installing: /home/rinese/RM_prac/install/pure_pursuit_pkg/share/pure_pursuit_pkg/cmake/export_pure_pursuit_pkg__rosidl_generator_cExport.cmake
[43.035s] -- Installing: /home/rinese/RM_prac/install/pure_pursuit_pkg/share/pure_pursuit_pkg/cmake/export_pure_pursuit_pkg__rosidl_generator_cExport-noconfig.cmake
[43.035s] -- Installing: /home/rinese/RM_prac/install/pure_pursuit_pkg/share/pure_pursuit_pkg/cmake/export_pure_pursuit_pkg__rosidl_typesupport_fastrtps_cExport.cmake
[43.035s] -- Installing: /home/rinese/RM_prac/install/pure_pursuit_pkg/share/pure_pursuit_pkg/cmake/export_pure_pursuit_pkg__rosidl_typesupport_fastrtps_cExport-noconfig.cmake
[43.035s] -- Installing: /home/rinese/RM_prac/install/pure_pursuit_pkg/share/pure_pursuit_pkg/cmake/export_pure_pursuit_pkg__rosidl_generator_cppExport.cmake
[43.035s] -- Installing: /home/rinese/RM_prac/install/pure_pursuit_pkg/share/pure_pursuit_pkg/cmake/export_pure_pursuit_pkg__rosidl_typesupport_fastrtps_cppExport.cmake
[43.035s] -- Installing: /home/rinese/RM_prac/install/pure_pursuit_pkg/share/pure_pursuit_pkg/cmake/export_pure_pursuit_pkg__rosidl_typesupport_fastrtps_cppExport-noconfig.cmake
[43.036s] -- Installing: /home/rinese/RM_prac/install/pure_pursuit_pkg/share/pure_pursuit_pkg/cmake/pure_pursuit_pkg__rosidl_typesupport_introspection_cExport.cmake
[43.036s] -- Installing: /home/rinese/RM_prac/install/pure_pursuit_pkg/share/pure_pursuit_pkg/cmake/pure_pursuit_pkg__rosidl_typesupport_introspection_cExport-noconfig.cmake
[43.036s] -- Installing: /home/rinese/RM_prac/install/pure_pursuit_pkg/share/pure_pursuit_pkg/cmake/pure_pursuit_pkg__rosidl_typesupport_cExport.cmake
[43.036s] -- Installing: /home/rinese/RM_prac/install/pure_pursuit_pkg/share/pure_pursuit_pkg/cmake/pure_pursuit_pkg__rosidl_typesupport_cExport-noconfig.cmake
[43.036s] -- Installing: /home/rinese/RM_prac/install/pure_pursuit_pkg/share/pure_pursuit_pkg/cmake/pure_pursuit_pkg__rosidl_typesupport_introspection_cppExport.cmake
[43.036s] -- Installing: /home/rinese/RM_prac/install/pure_pursuit_pkg/share/pure_pursuit_pkg/cmake/pure_pursuit_pkg__rosidl_typesupport_introspection_cppExport-noconfig.cmake
[43.036s] -- Installing: /home/rinese/RM_prac/install/pure_pursuit_pkg/share/pure_pursuit_pkg/cmake/pure_pursuit_pkg__rosidl_typesupport_cppExport.cmake
[43.036s] -- Installing: /home/rinese/RM_prac/install/pure_pursuit_pkg/share/pure_pursuit_pkg/cmake/pure_pursuit_pkg__rosidl_typesupport_cppExport-noconfig.cmake
[43.036s] -- Installing: /home/rinese/RM_prac/install/pure_pursuit_pkg/share/pure_pursuit_pkg/cmake/export_pure_pursuit_pkg__rosidl_generator_pyExport.cmake
[43.037s] -- Installing: /home/rinese/RM_prac/install/pure_pursuit_pkg/share/pure_pursuit_pkg/cmake/export_pure_pursuit_pkg__rosidl_generator_pyExport-noconfig.cmake
[43.037s] -- Installing: /home/rinese/RM_prac/install/pure_pursuit_pkg/share/pure_pursuit_pkg/cmake/rosidl_cmake-extras.cmake
[43.037s] -- Installing: /home/rinese/RM_prac/install/pure_pursuit_pkg/share/pure_pursuit_pkg/cmake/ament_cmake_export_dependencies-extras.cmake
[43.037s] -- Installing: /home/rinese/RM_prac/install/pure_pursuit_pkg/share/pure_pursuit_pkg/cmake/ament_cmake_export_include_directories-extras.cmake
[43.037s] -- Installing: /home/rinese/RM_prac/install/pure_pursuit_pkg/share/pure_pursuit_pkg/cmake/ament_cmake_export_libraries-extras.cmake
[43.037s] -- Installing: /home/rinese/RM_prac/install/pure_pursuit_pkg/share/pure_pursuit_pkg/cmake/ament_cmake_export_targets-extras.cmake
[43.037s] -- Installing: /home/rinese/RM_prac/install/pure_pursuit_pkg/share/pure_pursuit_pkg/cmake/rosidl_cmake_export_typesupport_targets-extras.cmake
[43.037s] -- Installing: /home/rinese/RM_prac/install/pure_pursuit_pkg/share/pure_pursuit_pkg/cmake/rosidl_cmake_export_typesupport_libraries-extras.cmake
[43.038s] -- Installing: /home/rinese/RM_prac/install/pure_pursuit_pkg/share/pure_pursuit_pkg/cmake/pure_pursuit_pkgConfig.cmake
[43.038s] -- Installing: /home/rinese/RM_prac/install/pure_pursuit_pkg/share/pure_pursuit_pkg/cmake/pure_pursuit_pkgConfig-version.cmake
[43.038s] -- Installing: /home/rinese/RM_prac/install/pure_pursuit_pkg/share/pure_pursuit_pkg/package.xml
[43.040s] Invoked command in '/home/rinese/RM_prac/build/pure_pursuit_pkg' returned '0': CMAKE_PREFIX_PATH=${CMAKE_PREFIX_PATH}:/opt/ros/humble /usr/bin/cmake --install /home/rinese/RM_prac/build/pure_pursuit_pkg
