[0.030s] Invoking command in '/home/rinese/RM_prac/build/transformations_pkg': CMAKE_PREFIX_PATH=${CMAKE_PREFIX_PATH}:/opt/ros/humble /usr/bin/cmake /home/rinese/RM_prac/src/transformations_pkg -DCMAKE_INSTALL_PREFIX=/home/rinese/RM_prac/install/transformations_pkg
[1.664s] -- The C compiler identification is GNU 11.4.0
[1.664s] -- The CXX compiler identification is GNU 11.4.0
[1.664s] -- Detecting C compiler ABI info
[1.664s] -- Detecting C compiler ABI info - done
[1.664s] -- Check for working C compiler: /usr/bin/cc - skipped
[1.664s] -- Detecting C compile features
[1.664s] -- Detecting C compile features - done
[1.665s] -- Detecting CXX compiler ABI info
[1.665s] -- Detecting CXX compiler ABI info - done
[1.665s] -- Check for working CXX compiler: /usr/bin/c++ - skipped
[1.665s] -- Detecting CXX compile features
[1.665s] -- Detecting CXX compile features - done
[1.665s] -- Found ament_cmake: 1.3.13 (/opt/ros/humble/share/ament_cmake/cmake)
[1.665s] -- Found Python3: /usr/bin/python3 (found version "3.10.12") found components: Interpreter 
[1.665s] -- Found rclcpp: 16.0.18 (/opt/ros/humble/share/rclcpp/cmake)
[1.665s] -- Found rosidl_generator_c: 3.1.8 (/opt/ros/humble/share/rosidl_generator_c/cmake)
[1.665s] -- Found rosidl_adapter: 3.1.8 (/opt/ros/humble/share/rosidl_adapter/cmake)
[1.665s] -- Found rosidl_generator_cpp: 3.1.8 (/opt/ros/humble/share/rosidl_generator_cpp/cmake)
[1.665s] -- Using all available rosidl_typesupport_c: rosidl_typesupport_fastrtps_c;rosidl_typesupport_introspection_c
[1.666s] -- Using all available rosidl_typesupport_cpp: rosidl_typesupport_fastrtps_cpp;rosidl_typesupport_introspection_cpp
[1.666s] -- Found rmw_implementation_cmake: 6.1.2 (/opt/ros/humble/share/rmw_implementation_cmake/cmake)
[1.666s] -- Found rmw_fastrtps_cpp: 6.2.10 (/opt/ros/humble/share/rmw_fastrtps_cpp/cmake)
[1.666s] -- Found OpenSSL: /usr/lib/x86_64-linux-gnu/libcrypto.so (found version "3.0.2")  
[1.666s] -- Found FastRTPS: /opt/ros/humble/include  
[1.666s] -- Using RMW implementation 'rmw_fastrtps_cpp' as default
[1.666s] -- Looking for pthread.h
[1.666s] -- Looking for pthread.h - found
[1.666s] -- Performing Test CMAKE_HAVE_LIBC_PTHREAD
[1.666s] -- Performing Test CMAKE_HAVE_LIBC_PTHREAD - Success
[1.666s] -- Found Threads: TRUE  
[1.666s] -- Found geometry_msgs: 4.9.1 (/opt/ros/humble/share/geometry_msgs/cmake)
[1.666s] -- Found tf2: 0.25.19 (/opt/ros/humble/share/tf2/cmake)
[1.666s] -- Found tf2_geometry_msgs: 0.25.19 (/opt/ros/humble/share/tf2_geometry_msgs/cmake)
[1.666s] -- Found eigen3_cmake_module: 0.1.1 (/opt/ros/humble/share/eigen3_cmake_module/cmake)
[1.667s] -- Found Eigen3: TRUE (found version "3.4.0") 
[1.667s] -- Ensuring Eigen3 include directory is part of orocos-kdl CMake target
[1.667s] -- Found ament_lint_auto: 0.12.15 (/opt/ros/humble/share/ament_lint_auto/cmake)
[1.667s] -- Added test 'cppcheck' to perform static code analysis on C / C++ code
[1.667s] -- Configured cppcheck include dirs: 
[1.667s] -- Configured cppcheck exclude dirs and/or files: 
[1.667s] -- Added test 'lint_cmake' to check CMake code style
[1.669s] -- Added test 'uncrustify' to check C / C++ code style
[1.669s] -- Configured uncrustify additional arguments: 
[1.670s] -- Added test 'xmllint' to check XML markup files
[1.670s] -- Configuring done
[1.670s] -- Generating done
[1.670s] -- Build files have been written to: /home/rinese/RM_prac/build/transformations_pkg
[1.676s] Invoked command in '/home/rinese/RM_prac/build/transformations_pkg' returned '0': CMAKE_PREFIX_PATH=${CMAKE_PREFIX_PATH}:/opt/ros/humble /usr/bin/cmake /home/rinese/RM_prac/src/transformations_pkg -DCMAKE_INSTALL_PREFIX=/home/rinese/RM_prac/install/transformations_pkg
[1.677s] Invoking command in '/home/rinese/RM_prac/build/transformations_pkg': CMAKE_PREFIX_PATH=${CMAKE_PREFIX_PATH}:/opt/ros/humble /usr/bin/cmake --build /home/rinese/RM_prac/build/transformations_pkg -- -j8 -l8
[1.721s] [ 50%] [32mBuilding CXX object CMakeFiles/transform_listener.dir/src/transform_listener.cpp.o[0m
[14.516s] [100%] [32m[1mLinking CXX executable transform_listener[0m
[15.126s] [100%] Built target transform_listener
[15.182s] Invoked command in '/home/rinese/RM_prac/build/transformations_pkg' returned '0': CMAKE_PREFIX_PATH=${CMAKE_PREFIX_PATH}:/opt/ros/humble /usr/bin/cmake --build /home/rinese/RM_prac/build/transformations_pkg -- -j8 -l8
[15.182s] Invoking command in '/home/rinese/RM_prac/build/transformations_pkg': CMAKE_PREFIX_PATH=${CMAKE_PREFIX_PATH}:/opt/ros/humble /usr/bin/cmake --install /home/rinese/RM_prac/build/transformations_pkg
[15.195s] -- Install configuration: ""
[15.195s] -- Installing: /home/rinese/RM_prac/install/transformations_pkg/lib/transformations_pkg/transform_listener
[15.195s] -- Set runtime path of "/home/rinese/RM_prac/install/transformations_pkg/lib/transformations_pkg/transform_listener" to ""
[15.195s] -- Installing: /home/rinese/RM_prac/install/transformations_pkg/share/ament_index/resource_index/package_run_dependencies/transformations_pkg
[15.195s] -- Installing: /home/rinese/RM_prac/install/transformations_pkg/share/ament_index/resource_index/parent_prefix_path/transformations_pkg
[15.195s] -- Installing: /home/rinese/RM_prac/install/transformations_pkg/share/transformations_pkg/environment/ament_prefix_path.sh
[15.195s] -- Installing: /home/rinese/RM_prac/install/transformations_pkg/share/transformations_pkg/environment/ament_prefix_path.dsv
[15.195s] -- Installing: /home/rinese/RM_prac/install/transformations_pkg/share/transformations_pkg/environment/path.sh
[15.195s] -- Installing: /home/rinese/RM_prac/install/transformations_pkg/share/transformations_pkg/environment/path.dsv
[15.195s] -- Installing: /home/rinese/RM_prac/install/transformations_pkg/share/transformations_pkg/local_setup.bash
[15.196s] -- Installing: /home/rinese/RM_prac/install/transformations_pkg/share/transformations_pkg/local_setup.sh
[15.197s] -- Installing: /home/rinese/RM_prac/install/transformations_pkg/share/transformations_pkg/local_setup.zsh
[15.197s] -- Installing: /home/rinese/RM_prac/install/transformations_pkg/share/transformations_pkg/local_setup.dsv
[15.197s] -- Installing: /home/rinese/RM_prac/install/transformations_pkg/share/transformations_pkg/package.dsv
[15.197s] -- Installing: /home/rinese/RM_prac/install/transformations_pkg/share/ament_index/resource_index/packages/transformations_pkg
[15.197s] -- Installing: /home/rinese/RM_prac/install/transformations_pkg/share/transformations_pkg/cmake/transformations_pkgConfig.cmake
[15.198s] -- Installing: /home/rinese/RM_prac/install/transformations_pkg/share/transformations_pkg/cmake/transformations_pkgConfig-version.cmake
[15.198s] -- Installing: /home/rinese/RM_prac/install/transformations_pkg/share/transformations_pkg/package.xml
[15.202s] Invoked command in '/home/rinese/RM_prac/build/transformations_pkg' returned '0': CMAKE_PREFIX_PATH=${CMAKE_PREFIX_PATH}:/opt/ros/humble /usr/bin/cmake --install /home/rinese/RM_prac/build/transformations_pkg
