[0.024s] Invoking command in '/home/leo/RM_prac/build/practica1_pkg': CMAKE_PREFIX_PATH=/opt/ros/humble /usr/bin/cmake /home/leo/RM_prac/src/practica1_pkg -DCMAKE_INSTALL_PREFIX=/home/leo/RM_prac/install/practica1_pkg
[0.377s] -- The C compiler identification is GNU 11.4.0
[1.280s] -- The CXX compiler identification is GNU 11.4.0
[1.961s] -- Detecting C compiler ABI info
[2.245s] -- Detecting C compiler ABI info - done
[2.255s] -- Check for working C compiler: /usr/bin/cc - skipped
[2.255s] -- Detecting C compile features
[2.256s] -- Detecting C compile features - done
[2.259s] -- Detecting CXX compiler ABI info
[2.499s] -- Detecting CXX compiler ABI info - done
[2.505s] -- Check for working CXX compiler: /usr/bin/c++ - skipped
[2.505s] -- Detecting CXX compile features
[2.505s] -- Detecting CXX compile features - done
[2.509s] -- Found ament_cmake: 1.3.11 (/opt/ros/humble/share/ament_cmake/cmake)
[2.663s] -- Found Python3: /usr/bin/python3 (found version "3.10.12") found components: Interpreter 
[2.784s] -- Found rclcpp: 16.0.11 (/opt/ros/humble/share/rclcpp/cmake)
[3.032s] -- Found rosidl_generator_c: 3.1.6 (/opt/ros/humble/share/rosidl_generator_c/cmake)
[3.039s] -- Found rosidl_adapter: 3.1.6 (/opt/ros/humble/share/rosidl_adapter/cmake)
[3.051s] -- Found rosidl_generator_cpp: 3.1.6 (/opt/ros/humble/share/rosidl_generator_cpp/cmake)
[3.069s] -- Using all available rosidl_typesupport_c: rosidl_typesupport_fastrtps_c;rosidl_typesupport_introspection_c
[3.091s] -- Using all available rosidl_typesupport_cpp: rosidl_typesupport_fastrtps_cpp;rosidl_typesupport_introspection_cpp
[3.152s] -- Found rmw_implementation_cmake: 6.1.2 (/opt/ros/humble/share/rmw_implementation_cmake/cmake)
[3.156s] -- Found rmw_fastrtps_cpp: 6.2.7 (/opt/ros/humble/share/rmw_fastrtps_cpp/cmake)
[4.252s] -- Found OpenSSL: /usr/lib/x86_64-linux-gnu/libcrypto.so (found version "3.0.2")  
[5.905s] -- Found FastRTPS: /opt/ros/humble/include  
[9.681s] -- Using RMW implementation 'rmw_fastrtps_cpp' as default
[9.688s] -- Looking for pthread.h
[10.013s] -- Looking for pthread.h - found
[10.023s] -- Performing Test CMAKE_HAVE_LIBC_PTHREAD
[10.568s] -- Performing Test CMAKE_HAVE_LIBC_PTHREAD - Success
[10.568s] -- Found Threads: TRUE  
[10.679s] -- Found tf2_geometry_msgs: 0.25.12 (/opt/ros/humble/share/tf2_geometry_msgs/cmake)
[10.828s] -- Found eigen3_cmake_module: 0.1.1 (/opt/ros/humble/share/eigen3_cmake_module/cmake)
[10.828s] -- Found Eigen3: TRUE (found version "3.4.0") 
[10.828s] -- Ensuring Eigen3 include directory is part of orocos-kdl CMake target
[11.037s] -- Found ament_lint_auto: 0.12.11 (/opt/ros/humble/share/ament_lint_auto/cmake)
[11.299s] -- Added test 'cppcheck' to perform static code analysis on C / C++ code
[11.299s] -- Configured cppcheck include dirs: 
[11.299s] -- Configured cppcheck exclude dirs and/or files: 
[11.299s] -- Added test 'flake8' to check Python code syntax and style conventions
[11.300s] -- Added test 'lint_cmake' to check CMake code style
[11.300s] -- Added test 'pep257' to check Python code against some of the docstring style conventions in PEP 257
[11.300s] -- Added test 'uncrustify' to check C / C++ code style
[11.300s] -- Configured uncrustify additional arguments: 
[11.300s] -- Added test 'xmllint' to check XML markup files
[11.300s] -- Configuring done
[11.342s] -- Generating done
[11.375s] -- Build files have been written to: /home/leo/RM_prac/build/practica1_pkg
[11.411s] Invoked command in '/home/leo/RM_prac/build/practica1_pkg' returned '0': CMAKE_PREFIX_PATH=/opt/ros/humble /usr/bin/cmake /home/leo/RM_prac/src/practica1_pkg -DCMAKE_INSTALL_PREFIX=/home/leo/RM_prac/install/practica1_pkg
[11.413s] Invoking command in '/home/leo/RM_prac/build/practica1_pkg': CMAKE_PREFIX_PATH=/opt/ros/humble /usr/bin/cmake --build /home/leo/RM_prac/build/practica1_pkg -- -j8 -l8
[11.660s] [ 25%] [32mBuilding CXX object CMakeFiles/publisher.dir/src/publisher_node.cpp.o[0m
[11.686s] [ 50%] [32mBuilding CXX object CMakeFiles/subscriber.dir/src/subscriber_node.cpp.o[0m
[24.495s] [ 75%] [32m[1mLinking CXX executable publisher[0m
[25.312s] [ 75%] Built target publisher
[29.837s] [100%] [32m[1mLinking CXX executable subscriber[0m
[30.559s] [100%] Built target subscriber
[30.569s] Invoked command in '/home/leo/RM_prac/build/practica1_pkg' returned '0': CMAKE_PREFIX_PATH=/opt/ros/humble /usr/bin/cmake --build /home/leo/RM_prac/build/practica1_pkg -- -j8 -l8
[30.571s] Invoking command in '/home/leo/RM_prac/build/practica1_pkg': CMAKE_PREFIX_PATH=/opt/ros/humble /usr/bin/cmake --install /home/leo/RM_prac/build/practica1_pkg
[30.578s] -- Install configuration: ""
[30.578s] -- Installing: /home/leo/RM_prac/install/practica1_pkg/lib/practica1_pkg/publisher
[30.580s] -- Set runtime path of "/home/leo/RM_prac/install/practica1_pkg/lib/practica1_pkg/publisher" to ""
[30.580s] -- Installing: /home/leo/RM_prac/install/practica1_pkg/lib/practica1_pkg/subscriber
[30.582s] -- Set runtime path of "/home/leo/RM_prac/install/practica1_pkg/lib/practica1_pkg/subscriber" to ""
[30.582s] -- Installing: /home/leo/RM_prac/install/practica1_pkg/share/practica1_pkg//launch
[30.583s] -- Installing: /home/leo/RM_prac/install/practica1_pkg/share/practica1_pkg//launch/practica1.launch.py
[30.583s] -- Installing: /home/leo/RM_prac/install/practica1_pkg/share/practica1_pkg//launch/practica1_remap.launch.py
[30.583s] -- Installing: /home/leo/RM_prac/install/practica1_pkg/share/practica1_pkg//launch/practica1_param.launch.py
[30.584s] -- Installing: /home/leo/RM_prac/install/practica1_pkg/share/ament_index/resource_index/package_run_dependencies/practica1_pkg
[30.584s] -- Installing: /home/leo/RM_prac/install/practica1_pkg/share/ament_index/resource_index/parent_prefix_path/practica1_pkg
[30.585s] -- Installing: /home/leo/RM_prac/install/practica1_pkg/share/practica1_pkg/environment/ament_prefix_path.sh
[30.585s] -- Installing: /home/leo/RM_prac/install/practica1_pkg/share/practica1_pkg/environment/ament_prefix_path.dsv
[30.585s] -- Installing: /home/leo/RM_prac/install/practica1_pkg/share/practica1_pkg/environment/path.sh
[30.585s] -- Installing: /home/leo/RM_prac/install/practica1_pkg/share/practica1_pkg/environment/path.dsv
[30.585s] -- Installing: /home/leo/RM_prac/install/practica1_pkg/share/practica1_pkg/local_setup.bash
[30.586s] -- Installing: /home/leo/RM_prac/install/practica1_pkg/share/practica1_pkg/local_setup.sh
[30.586s] -- Installing: /home/leo/RM_prac/install/practica1_pkg/share/practica1_pkg/local_setup.zsh
[30.586s] -- Installing: /home/leo/RM_prac/install/practica1_pkg/share/practica1_pkg/local_setup.dsv
[30.586s] -- Installing: /home/leo/RM_prac/install/practica1_pkg/share/practica1_pkg/package.dsv
[30.586s] -- Installing: /home/leo/RM_prac/install/practica1_pkg/share/ament_index/resource_index/packages/practica1_pkg
[30.586s] -- Installing: /home/leo/RM_prac/install/practica1_pkg/share/practica1_pkg/cmake/practica1_pkgConfig.cmake
[30.587s] -- Installing: /home/leo/RM_prac/install/practica1_pkg/share/practica1_pkg/cmake/practica1_pkgConfig-version.cmake
[30.587s] -- Installing: /home/leo/RM_prac/install/practica1_pkg/share/practica1_pkg/package.xml
[30.589s] Invoked command in '/home/leo/RM_prac/build/practica1_pkg' returned '0': CMAKE_PREFIX_PATH=/opt/ros/humble /usr/bin/cmake --install /home/leo/RM_prac/build/practica1_pkg
