[0.044s] Invoking command in '/home/rinese/RM_prac/build/transformations_pkg': CMAKE_PREFIX_PATH=${CMAKE_PREFIX_PATH}:/opt/ros/humble /usr/bin/cmake /home/rinese/RM_prac/src/transformations_pkg -DCMAKE_INSTALL_PREFIX=/home/rinese/RM_prac/install/transformations_pkg
[3.617s] -- The C compiler identification is GNU 11.4.0
[3.620s] -- The CXX compiler identification is GNU 11.4.0
[3.620s] -- Detecting C compiler ABI info
[3.620s] -- Detecting C compiler ABI info - done
[3.621s] -- Check for working C compiler: /usr/bin/cc - skipped
[3.621s] -- Detecting C compile features
[3.621s] -- Detecting C compile features - done
[3.621s] -- Detecting CXX compiler ABI info
[3.621s] -- Detecting CXX compiler ABI info - done
[3.621s] -- Check for working CXX compiler: /usr/bin/c++ - skipped
[3.621s] -- Detecting CXX compile features
[3.621s] -- Detecting CXX compile features - done
[3.622s] -- Found ament_cmake: 1.3.13 (/opt/ros/humble/share/ament_cmake/cmake)
[3.622s] -- Found Python3: /usr/bin/python3 (found version "3.10.12") found components: Interpreter 
[3.622s] -- Found rclcpp: 16.0.18 (/opt/ros/humble/share/rclcpp/cmake)
[3.622s] -- Found rosidl_generator_c: 3.1.8 (/opt/ros/humble/share/rosidl_generator_c/cmake)
[3.622s] -- Found rosidl_adapter: 3.1.8 (/opt/ros/humble/share/rosidl_adapter/cmake)
[3.622s] -- Found rosidl_generator_cpp: 3.1.8 (/opt/ros/humble/share/rosidl_generator_cpp/cmake)
[3.622s] -- Using all available rosidl_typesupport_c: rosidl_typesupport_fastrtps_c;rosidl_typesupport_introspection_c
[3.622s] -- Using all available rosidl_typesupport_cpp: rosidl_typesupport_fastrtps_cpp;rosidl_typesupport_introspection_cpp
[3.622s] -- Found rmw_implementation_cmake: 6.1.2 (/opt/ros/humble/share/rmw_implementation_cmake/cmake)
[3.623s] -- Found rmw_fastrtps_cpp: 6.2.10 (/opt/ros/humble/share/rmw_fastrtps_cpp/cmake)
[3.623s] -- Found OpenSSL: /usr/lib/x86_64-linux-gnu/libcrypto.so (found version "3.0.2")  
[3.623s] -- Found FastRTPS: /opt/ros/humble/include  
[3.623s] -- Using RMW implementation 'rmw_fastrtps_cpp' as default
[3.627s] -- Looking for pthread.h
[3.627s] -- Looking for pthread.h - found
[3.627s] -- Performing Test CMAKE_HAVE_LIBC_PTHREAD
[3.627s] -- Performing Test CMAKE_HAVE_LIBC_PTHREAD - Success
[3.627s] -- Found Threads: TRUE  
[3.627s] -- Found geometry_msgs: 4.9.1 (/opt/ros/humble/share/geometry_msgs/cmake)
[3.627s] -- Found tf2: 0.25.19 (/opt/ros/humble/share/tf2/cmake)
[3.628s] -- Found tf2_geometry_msgs: 0.25.19 (/opt/ros/humble/share/tf2_geometry_msgs/cmake)
[3.628s] -- Found eigen3_cmake_module: 0.1.1 (/opt/ros/humble/share/eigen3_cmake_module/cmake)
[3.628s] -- Found Eigen3: TRUE (found version "3.4.0") 
[3.628s] -- Ensuring Eigen3 include directory is part of orocos-kdl CMake target
[3.811s] -- Found ament_lint_auto: 0.12.15 (/opt/ros/humble/share/ament_lint_auto/cmake)
[4.159s] -- Added test 'cppcheck' to perform static code analysis on C / C++ code
[4.159s] -- Configured cppcheck include dirs: 
[4.159s] -- Configured cppcheck exclude dirs and/or files: 
[4.159s] -- Added test 'lint_cmake' to check CMake code style
[4.159s] -- Added test 'uncrustify' to check C / C++ code style
[4.159s] -- Configured uncrustify additional arguments: 
[4.159s] -- Added test 'xmllint' to check XML markup files
[4.162s] -- Configuring done
[4.249s] -- Generating done
[4.278s] -- Build files have been written to: /home/rinese/RM_prac/build/transformations_pkg
[4.341s] Invoked command in '/home/rinese/RM_prac/build/transformations_pkg' returned '0': CMAKE_PREFIX_PATH=${CMAKE_PREFIX_PATH}:/opt/ros/humble /usr/bin/cmake /home/rinese/RM_prac/src/transformations_pkg -DCMAKE_INSTALL_PREFIX=/home/rinese/RM_prac/install/transformations_pkg
[4.342s] Invoking command in '/home/rinese/RM_prac/build/transformations_pkg': CMAKE_PREFIX_PATH=${CMAKE_PREFIX_PATH}:/opt/ros/humble /usr/bin/cmake --build /home/rinese/RM_prac/build/transformations_pkg -- -j8 -l8
[8.032s] [ 50%] [32mBuilding CXX object CMakeFiles/transform_listener.dir/src/transform_listener.cpp.o[0m
[34.645s] [100%] [32m[1mLinking CXX executable transform_listener[0m
[35.523s] [100%] Built target transform_listener
[35.565s] Invoked command in '/home/rinese/RM_prac/build/transformations_pkg' returned '0': CMAKE_PREFIX_PATH=${CMAKE_PREFIX_PATH}:/opt/ros/humble /usr/bin/cmake --build /home/rinese/RM_prac/build/transformations_pkg -- -j8 -l8
[35.566s] Invoking command in '/home/rinese/RM_prac/build/transformations_pkg': CMAKE_PREFIX_PATH=${CMAKE_PREFIX_PATH}:/opt/ros/humble /usr/bin/cmake --install /home/rinese/RM_prac/build/transformations_pkg
[35.579s] -- Install configuration: ""
[35.579s] -- Installing: /home/rinese/RM_prac/install/transformations_pkg/lib/transformations_pkg/transform_listener
[35.586s] -- Set runtime path of "/home/rinese/RM_prac/install/transformations_pkg/lib/transformations_pkg/transform_listener" to ""
[35.588s] -- Installing: /home/rinese/RM_prac/install/transformations_pkg/share/ament_index/resource_index/package_run_dependencies/transformations_pkg
[35.588s] -- Installing: /home/rinese/RM_prac/install/transformations_pkg/share/ament_index/resource_index/parent_prefix_path/transformations_pkg
[35.589s] -- Installing: /home/rinese/RM_prac/install/transformations_pkg/share/transformations_pkg/environment/ament_prefix_path.sh
[35.592s] -- Installing: /home/rinese/RM_prac/install/transformations_pkg/share/transformations_pkg/environment/ament_prefix_path.dsv
[35.592s] -- Installing: /home/rinese/RM_prac/install/transformations_pkg/share/transformations_pkg/environment/path.sh
[35.602s] -- Installing: /home/rinese/RM_prac/install/transformations_pkg/share/transformations_pkg/environment/path.dsv
[35.604s] -- Installing: /home/rinese/RM_prac/install/transformations_pkg/share/transformations_pkg/local_setup.bash
[35.604s] -- Installing: /home/rinese/RM_prac/install/transformations_pkg/share/transformations_pkg/local_setup.sh
[35.605s] -- Installing: /home/rinese/RM_prac/install/transformations_pkg/share/transformations_pkg/local_setup.zsh
[35.605s] -- Installing: /home/rinese/RM_prac/install/transformations_pkg/share/transformations_pkg/local_setup.dsv
[35.605s] -- Installing: /home/rinese/RM_prac/install/transformations_pkg/share/transformations_pkg/package.dsv
[35.605s] -- Installing: /home/rinese/RM_prac/install/transformations_pkg/share/ament_index/resource_index/packages/transformations_pkg
[35.605s] -- Installing: /home/rinese/RM_prac/install/transformations_pkg/share/transformations_pkg/cmake/transformations_pkgConfig.cmake
[35.605s] -- Installing: /home/rinese/RM_prac/install/transformations_pkg/share/transformations_pkg/cmake/transformations_pkgConfig-version.cmake
[35.605s] -- Installing: /home/rinese/RM_prac/install/transformations_pkg/share/transformations_pkg/package.xml
[35.606s] Invoked command in '/home/rinese/RM_prac/build/transformations_pkg' returned '0': CMAKE_PREFIX_PATH=${CMAKE_PREFIX_PATH}:/opt/ros/humble /usr/bin/cmake --install /home/rinese/RM_prac/build/transformations_pkg
