[0.119s] DEBUG:colcon:Command line arguments: ['/usr/bin/colcon', 'build']
[0.119s] DEBUG:colcon:Parsed command line arguments: Namespace(log_base=None, log_level=None, verb_name='build', build_base='build', install_base='install', merge_install=False, symlink_install=False, test_result_base=None, continue_on_error=False, executor='parallel', parallel_workers=32, event_handlers=None, ignore_user_meta=False, metas=['./colcon.meta'], base_paths=['.'], packages_ignore=None, packages_ignore_regex=None, paths=None, packages_up_to=None, packages_up_to_regex=None, packages_above=None, packages_above_and_dependencies=None, packages_above_depth=None, packages_select_by_dep=None, packages_skip_by_dep=None, packages_skip_up_to=None, packages_select_build_failed=False, packages_skip_build_finished=False, packages_select_test_failures=False, packages_skip_test_passed=False, packages_select=None, packages_skip=None, packages_select_regex=None, packages_skip_regex=None, packages_start=None, packages_end=None, allow_overriding=[], cmake_args=None, cmake_target=None, cmake_target_skip_unavailable=False, cmake_clean_cache=False, cmake_clean_first=False, cmake_force_configure=False, ament_cmake_args=None, catkin_cmake_args=None, catkin_skip_building_tests=False, mixin_files=None, mixin=None, verb_parser=<colcon_mixin.mixin.mixin_argument.MixinArgumentDecorator object at 0x7f5dccafd630>, verb_extension=<colcon_core.verb.build.BuildVerb object at 0x7f5dccafd030>, main=<bound method BuildVerb.main of <colcon_core.verb.build.BuildVerb object at 0x7f5dccafd030>>, mixin_verb=('build',))
[0.302s] Level 1:colcon.colcon_core.package_discovery:discover_packages(colcon_meta) check parameters
[0.302s] Level 1:colcon.colcon_core.package_discovery:discover_packages(recursive) check parameters
[0.302s] Level 1:colcon.colcon_core.package_discovery:discover_packages(ignore) check parameters
[0.302s] Level 1:colcon.colcon_core.package_discovery:discover_packages(path) check parameters
[0.302s] Level 1:colcon.colcon_core.package_discovery:discover_packages(colcon_meta) discover
[0.302s] Level 1:colcon.colcon_core.package_discovery:discover_packages(recursive) discover
[0.302s] INFO:colcon.colcon_core.package_discovery:Crawling recursively for packages in '/home/leo/RM_prac'
[0.302s] Level 1:colcon.colcon_core.package_identification:_identify(.) by extensions ['ignore', 'ignore_ament_install']
[0.302s] Level 1:colcon.colcon_core.package_identification:_identify(.) by extension 'ignore'
[0.302s] Level 1:colcon.colcon_core.package_identification:_identify(.) by extension 'ignore_ament_install'
[0.303s] Level 1:colcon.colcon_core.package_identification:_identify(.) by extensions ['colcon_pkg']
[0.303s] Level 1:colcon.colcon_core.package_identification:_identify(.) by extension 'colcon_pkg'
[0.303s] Level 1:colcon.colcon_core.package_identification:_identify(.) by extensions ['colcon_meta']
[0.303s] Level 1:colcon.colcon_core.package_identification:_identify(.) by extension 'colcon_meta'
[0.303s] Level 1:colcon.colcon_core.package_identification:_identify(.) by extensions ['ros']
[0.303s] Level 1:colcon.colcon_core.package_identification:_identify(.) by extension 'ros'
[0.309s] Level 1:colcon.colcon_core.package_identification:_identify(.) by extensions ['cmake', 'python']
[0.309s] Level 1:colcon.colcon_core.package_identification:_identify(.) by extension 'cmake'
[0.309s] Level 1:colcon.colcon_core.package_identification:_identify(.) by extension 'python'
[0.309s] Level 1:colcon.colcon_core.package_identification:_identify(.) by extensions ['python_setup_py']
[0.309s] Level 1:colcon.colcon_core.package_identification:_identify(.) by extension 'python_setup_py'
[0.309s] Level 1:colcon.colcon_core.package_identification:_identify(build) by extensions ['ignore', 'ignore_ament_install']
[0.309s] Level 1:colcon.colcon_core.package_identification:_identify(build) by extension 'ignore'
[0.309s] Level 1:colcon.colcon_core.package_identification:_identify(build) ignored
[0.309s] Level 1:colcon.colcon_core.package_identification:_identify(install) by extensions ['ignore', 'ignore_ament_install']
[0.309s] Level 1:colcon.colcon_core.package_identification:_identify(install) by extension 'ignore'
[0.309s] Level 1:colcon.colcon_core.package_identification:_identify(install) ignored
[0.309s] Level 1:colcon.colcon_core.package_identification:_identify(log) by extensions ['ignore', 'ignore_ament_install']
[0.309s] Level 1:colcon.colcon_core.package_identification:_identify(log) by extension 'ignore'
[0.309s] Level 1:colcon.colcon_core.package_identification:_identify(log) ignored
[0.309s] Level 1:colcon.colcon_core.package_identification:_identify(src) by extensions ['ignore', 'ignore_ament_install']
[0.309s] Level 1:colcon.colcon_core.package_identification:_identify(src) by extension 'ignore'
[0.309s] Level 1:colcon.colcon_core.package_identification:_identify(src) by extension 'ignore_ament_install'
[0.309s] Level 1:colcon.colcon_core.package_identification:_identify(src) by extensions ['colcon_pkg']
[0.309s] Level 1:colcon.colcon_core.package_identification:_identify(src) by extension 'colcon_pkg'
[0.309s] Level 1:colcon.colcon_core.package_identification:_identify(src) by extensions ['colcon_meta']
[0.309s] Level 1:colcon.colcon_core.package_identification:_identify(src) by extension 'colcon_meta'
[0.309s] Level 1:colcon.colcon_core.package_identification:_identify(src) by extensions ['ros']
[0.309s] Level 1:colcon.colcon_core.package_identification:_identify(src) by extension 'ros'
[0.310s] Level 1:colcon.colcon_core.package_identification:_identify(src) by extensions ['cmake', 'python']
[0.310s] Level 1:colcon.colcon_core.package_identification:_identify(src) by extension 'cmake'
[0.310s] Level 1:colcon.colcon_core.package_identification:_identify(src) by extension 'python'
[0.310s] Level 1:colcon.colcon_core.package_identification:_identify(src) by extensions ['python_setup_py']
[0.310s] Level 1:colcon.colcon_core.package_identification:_identify(src) by extension 'python_setup_py'
[0.310s] Level 1:colcon.colcon_core.package_identification:_identify(src/csm) by extensions ['ignore', 'ignore_ament_install']
[0.310s] Level 1:colcon.colcon_core.package_identification:_identify(src/csm) by extension 'ignore'
[0.310s] Level 1:colcon.colcon_core.package_identification:_identify(src/csm) by extension 'ignore_ament_install'
[0.310s] Level 1:colcon.colcon_core.package_identification:_identify(src/csm) by extensions ['colcon_pkg']
[0.310s] Level 1:colcon.colcon_core.package_identification:_identify(src/csm) by extension 'colcon_pkg'
[0.310s] Level 1:colcon.colcon_core.package_identification:_identify(src/csm) by extensions ['colcon_meta']
[0.310s] Level 1:colcon.colcon_core.package_identification:_identify(src/csm) by extension 'colcon_meta'
[0.310s] Level 1:colcon.colcon_core.package_identification:_identify(src/csm) by extensions ['ros']
[0.310s] Level 1:colcon.colcon_core.package_identification:_identify(src/csm) by extension 'ros'
[0.311s] DEBUG:colcon.colcon_core.package_identification:Package 'src/csm' with type 'ros.ament_cmake' and name 'csm'
[0.312s] Level 1:colcon.colcon_core.package_identification:_identify(src/practica1_pkg) by extensions ['ignore', 'ignore_ament_install']
[0.312s] Level 1:colcon.colcon_core.package_identification:_identify(src/practica1_pkg) by extension 'ignore'
[0.312s] Level 1:colcon.colcon_core.package_identification:_identify(src/practica1_pkg) by extension 'ignore_ament_install'
[0.312s] Level 1:colcon.colcon_core.package_identification:_identify(src/practica1_pkg) by extensions ['colcon_pkg']
[0.312s] Level 1:colcon.colcon_core.package_identification:_identify(src/practica1_pkg) by extension 'colcon_pkg'
[0.312s] Level 1:colcon.colcon_core.package_identification:_identify(src/practica1_pkg) by extensions ['colcon_meta']
[0.312s] Level 1:colcon.colcon_core.package_identification:_identify(src/practica1_pkg) by extension 'colcon_meta'
[0.312s] Level 1:colcon.colcon_core.package_identification:_identify(src/practica1_pkg) by extensions ['ros']
[0.312s] Level 1:colcon.colcon_core.package_identification:_identify(src/practica1_pkg) by extension 'ros'
[0.312s] DEBUG:colcon.colcon_core.package_identification:Package 'src/practica1_pkg' with type 'ros.ament_cmake' and name 'practica1_pkg'
[0.312s] Level 1:colcon.colcon_core.package_identification:_identify(src/practica2_pkg) by extensions ['ignore', 'ignore_ament_install']
[0.312s] Level 1:colcon.colcon_core.package_identification:_identify(src/practica2_pkg) by extension 'ignore'
[0.312s] Level 1:colcon.colcon_core.package_identification:_identify(src/practica2_pkg) by extension 'ignore_ament_install'
[0.312s] Level 1:colcon.colcon_core.package_identification:_identify(src/practica2_pkg) by extensions ['colcon_pkg']
[0.312s] Level 1:colcon.colcon_core.package_identification:_identify(src/practica2_pkg) by extension 'colcon_pkg'
[0.312s] Level 1:colcon.colcon_core.package_identification:_identify(src/practica2_pkg) by extensions ['colcon_meta']
[0.312s] Level 1:colcon.colcon_core.package_identification:_identify(src/practica2_pkg) by extension 'colcon_meta'
[0.312s] Level 1:colcon.colcon_core.package_identification:_identify(src/practica2_pkg) by extensions ['ros']
[0.312s] Level 1:colcon.colcon_core.package_identification:_identify(src/practica2_pkg) by extension 'ros'
[0.313s] DEBUG:colcon.colcon_core.package_identification:Package 'src/practica2_pkg' with type 'ros.ament_cmake' and name 'practica2_pkg'
[0.313s] Level 1:colcon.colcon_core.package_identification:_identify(src/practica3_pkg) by extensions ['ignore', 'ignore_ament_install']
[0.313s] Level 1:colcon.colcon_core.package_identification:_identify(src/practica3_pkg) by extension 'ignore'
[0.313s] Level 1:colcon.colcon_core.package_identification:_identify(src/practica3_pkg) by extension 'ignore_ament_install'
[0.313s] Level 1:colcon.colcon_core.package_identification:_identify(src/practica3_pkg) by extensions ['colcon_pkg']
[0.313s] Level 1:colcon.colcon_core.package_identification:_identify(src/practica3_pkg) by extension 'colcon_pkg'
[0.313s] Level 1:colcon.colcon_core.package_identification:_identify(src/practica3_pkg) by extensions ['colcon_meta']
[0.313s] Level 1:colcon.colcon_core.package_identification:_identify(src/practica3_pkg) by extension 'colcon_meta'
[0.313s] Level 1:colcon.colcon_core.package_identification:_identify(src/practica3_pkg) by extensions ['ros']
[0.313s] Level 1:colcon.colcon_core.package_identification:_identify(src/practica3_pkg) by extension 'ros'
[0.313s] DEBUG:colcon.colcon_core.package_identification:Package 'src/practica3_pkg' with type 'ros.ament_cmake' and name 'practica3_pkg'
[0.314s] Level 1:colcon.colcon_core.package_identification:_identify(src/practica4_pkg) by extensions ['ignore', 'ignore_ament_install']
[0.314s] Level 1:colcon.colcon_core.package_identification:_identify(src/practica4_pkg) by extension 'ignore'
[0.314s] Level 1:colcon.colcon_core.package_identification:_identify(src/practica4_pkg) by extension 'ignore_ament_install'
[0.314s] Level 1:colcon.colcon_core.package_identification:_identify(src/practica4_pkg) by extensions ['colcon_pkg']
[0.314s] Level 1:colcon.colcon_core.package_identification:_identify(src/practica4_pkg) by extension 'colcon_pkg'
[0.314s] Level 1:colcon.colcon_core.package_identification:_identify(src/practica4_pkg) by extensions ['colcon_meta']
[0.314s] Level 1:colcon.colcon_core.package_identification:_identify(src/practica4_pkg) by extension 'colcon_meta'
[0.314s] Level 1:colcon.colcon_core.package_identification:_identify(src/practica4_pkg) by extensions ['ros']
[0.314s] Level 1:colcon.colcon_core.package_identification:_identify(src/practica4_pkg) by extension 'ros'
[0.314s] DEBUG:colcon.colcon_core.package_identification:Package 'src/practica4_pkg' with type 'ros.ament_cmake' and name 'practica4_pkg'
[0.314s] Level 1:colcon.colcon_core.package_identification:_identify(src/ros2_laser_scan_matcher) by extensions ['ignore', 'ignore_ament_install']
[0.314s] Level 1:colcon.colcon_core.package_identification:_identify(src/ros2_laser_scan_matcher) by extension 'ignore'
[0.314s] Level 1:colcon.colcon_core.package_identification:_identify(src/ros2_laser_scan_matcher) by extension 'ignore_ament_install'
[0.314s] Level 1:colcon.colcon_core.package_identification:_identify(src/ros2_laser_scan_matcher) by extensions ['colcon_pkg']
[0.314s] Level 1:colcon.colcon_core.package_identification:_identify(src/ros2_laser_scan_matcher) by extension 'colcon_pkg'
[0.314s] Level 1:colcon.colcon_core.package_identification:_identify(src/ros2_laser_scan_matcher) by extensions ['colcon_meta']
[0.314s] Level 1:colcon.colcon_core.package_identification:_identify(src/ros2_laser_scan_matcher) by extension 'colcon_meta'
[0.315s] Level 1:colcon.colcon_core.package_identification:_identify(src/ros2_laser_scan_matcher) by extensions ['ros']
[0.315s] Level 1:colcon.colcon_core.package_identification:_identify(src/ros2_laser_scan_matcher) by extension 'ros'
[0.315s] DEBUG:colcon.colcon_core.package_identification:Package 'src/ros2_laser_scan_matcher' with type 'ros.ament_cmake' and name 'ros2_laser_scan_matcher'
[0.315s] Level 1:colcon.colcon_core.package_identification:_identify(src/turtlebot3_coppeliasim) by extensions ['ignore', 'ignore_ament_install']
[0.315s] Level 1:colcon.colcon_core.package_identification:_identify(src/turtlebot3_coppeliasim) by extension 'ignore'
[0.315s] Level 1:colcon.colcon_core.package_identification:_identify(src/turtlebot3_coppeliasim) by extension 'ignore_ament_install'
[0.315s] Level 1:colcon.colcon_core.package_identification:_identify(src/turtlebot3_coppeliasim) by extensions ['colcon_pkg']
[0.315s] Level 1:colcon.colcon_core.package_identification:_identify(src/turtlebot3_coppeliasim) by extension 'colcon_pkg'
[0.315s] Level 1:colcon.colcon_core.package_identification:_identify(src/turtlebot3_coppeliasim) by extensions ['colcon_meta']
[0.315s] Level 1:colcon.colcon_core.package_identification:_identify(src/turtlebot3_coppeliasim) by extension 'colcon_meta'
[0.315s] Level 1:colcon.colcon_core.package_identification:_identify(src/turtlebot3_coppeliasim) by extensions ['ros']
[0.315s] Level 1:colcon.colcon_core.package_identification:_identify(src/turtlebot3_coppeliasim) by extension 'ros'
[0.316s] DEBUG:colcon.colcon_core.package_identification:Package 'src/turtlebot3_coppeliasim' with type 'ros.ament_cmake' and name 'turtlebot3_coppeliasim'
[0.316s] Level 1:colcon.colcon_core.package_discovery:discover_packages(recursive) using defaults
[0.316s] Level 1:colcon.colcon_core.package_discovery:discover_packages(ignore) discover
[0.316s] Level 1:colcon.colcon_core.package_discovery:discover_packages(ignore) using defaults
[0.316s] Level 1:colcon.colcon_core.package_discovery:discover_packages(path) discover
[0.316s] Level 1:colcon.colcon_core.package_discovery:discover_packages(path) using defaults
[0.332s] Level 1:colcon.colcon_core.package_discovery:discover_packages(prefix_path) check parameters
[0.332s] Level 1:colcon.colcon_core.package_discovery:discover_packages(prefix_path) discover
[0.333s] WARNING:colcon.colcon_ros.prefix_path.ament:The path '/home/leo/RM_prac/install/turtlebot3_coppeliasim' in the environment variable AMENT_PREFIX_PATH doesn't exist
[0.333s] WARNING:colcon.colcon_ros.prefix_path.ament:The path '/home/leo/RM_prac/install/ros2_laser_scan_matcher' in the environment variable AMENT_PREFIX_PATH doesn't exist
[0.333s] WARNING:colcon.colcon_ros.prefix_path.ament:The path '/home/leo/RM_prac/install/practica4_pkg' in the environment variable AMENT_PREFIX_PATH doesn't exist
[0.333s] WARNING:colcon.colcon_ros.prefix_path.ament:The path '/home/leo/RM_prac/install/practica3_pkg' in the environment variable AMENT_PREFIX_PATH doesn't exist
[0.333s] WARNING:colcon.colcon_ros.prefix_path.ament:The path '/home/leo/RM_prac/install/practica2_pkg' in the environment variable AMENT_PREFIX_PATH doesn't exist
[0.333s] WARNING:colcon.colcon_ros.prefix_path.ament:The path '/home/leo/RM_prac/install/practica1_pkg' in the environment variable AMENT_PREFIX_PATH doesn't exist
[0.333s] WARNING:colcon.colcon_ros.prefix_path.ament:The path '/home/leo/RM_prac/install/csm' in the environment variable AMENT_PREFIX_PATH doesn't exist
[0.333s] WARNING:colcon.colcon_ros.prefix_path.catkin:The path '/home/leo/RM_prac/install/turtlebot3_coppeliasim' in the environment variable CMAKE_PREFIX_PATH doesn't exist
[0.334s] WARNING:colcon.colcon_ros.prefix_path.catkin:The path '/home/leo/RM_prac/install/ros2_laser_scan_matcher' in the environment variable CMAKE_PREFIX_PATH doesn't exist
[0.334s] WARNING:colcon.colcon_ros.prefix_path.catkin:The path '/home/leo/RM_prac/install/practica4_pkg' in the environment variable CMAKE_PREFIX_PATH doesn't exist
[0.334s] WARNING:colcon.colcon_ros.prefix_path.catkin:The path '/home/leo/RM_prac/install/practica3_pkg' in the environment variable CMAKE_PREFIX_PATH doesn't exist
[0.334s] WARNING:colcon.colcon_ros.prefix_path.catkin:The path '/home/leo/RM_prac/install/practica2_pkg' in the environment variable CMAKE_PREFIX_PATH doesn't exist
[0.334s] WARNING:colcon.colcon_ros.prefix_path.catkin:The path '/home/leo/RM_prac/install/practica1_pkg' in the environment variable CMAKE_PREFIX_PATH doesn't exist
[0.334s] WARNING:colcon.colcon_ros.prefix_path.catkin:The path '/home/leo/RM_prac/install/csm' in the environment variable CMAKE_PREFIX_PATH doesn't exist
[0.334s] DEBUG:colcon.colcon_installed_package_information.package_discovery:Found 0 installed packages in /home/leo/RM_prac/install
[0.335s] DEBUG:colcon.colcon_installed_package_information.package_discovery:Found 397 installed packages in /opt/ros/humble
[0.336s] Level 1:colcon.colcon_core.package_discovery:discover_packages(prefix_path) using defaults
[0.356s] Level 5:colcon.colcon_core.verb:set package 'csm' build argument 'cmake_args' from command line to 'None'
[0.356s] Level 5:colcon.colcon_core.verb:set package 'csm' build argument 'cmake_target' from command line to 'None'
[0.356s] Level 5:colcon.colcon_core.verb:set package 'csm' build argument 'cmake_target_skip_unavailable' from command line to 'False'
[0.356s] Level 5:colcon.colcon_core.verb:set package 'csm' build argument 'cmake_clean_cache' from command line to 'False'
[0.356s] Level 5:colcon.colcon_core.verb:set package 'csm' build argument 'cmake_clean_first' from command line to 'False'
[0.356s] Level 5:colcon.colcon_core.verb:set package 'csm' build argument 'cmake_force_configure' from command line to 'False'
[0.356s] Level 5:colcon.colcon_core.verb:set package 'csm' build argument 'ament_cmake_args' from command line to 'None'
[0.356s] Level 5:colcon.colcon_core.verb:set package 'csm' build argument 'catkin_cmake_args' from command line to 'None'
[0.356s] Level 5:colcon.colcon_core.verb:set package 'csm' build argument 'catkin_skip_building_tests' from command line to 'False'
[0.356s] DEBUG:colcon.colcon_core.verb:Building package 'csm' with the following arguments: {'ament_cmake_args': None, 'build_base': '/home/leo/RM_prac/build/csm', 'catkin_cmake_args': None, 'catkin_skip_building_tests': False, 'cmake_args': None, 'cmake_clean_cache': False, 'cmake_clean_first': False, 'cmake_force_configure': False, 'cmake_target': None, 'cmake_target_skip_unavailable': False, 'install_base': '/home/leo/RM_prac/install/csm', 'merge_install': False, 'path': '/home/leo/RM_prac/src/csm', 'symlink_install': False, 'test_result_base': None}
[0.356s] Level 5:colcon.colcon_core.verb:set package 'practica1_pkg' build argument 'cmake_args' from command line to 'None'
[0.356s] Level 5:colcon.colcon_core.verb:set package 'practica1_pkg' build argument 'cmake_target' from command line to 'None'
[0.356s] Level 5:colcon.colcon_core.verb:set package 'practica1_pkg' build argument 'cmake_target_skip_unavailable' from command line to 'False'
[0.356s] Level 5:colcon.colcon_core.verb:set package 'practica1_pkg' build argument 'cmake_clean_cache' from command line to 'False'
[0.356s] Level 5:colcon.colcon_core.verb:set package 'practica1_pkg' build argument 'cmake_clean_first' from command line to 'False'
[0.356s] Level 5:colcon.colcon_core.verb:set package 'practica1_pkg' build argument 'cmake_force_configure' from command line to 'False'
[0.356s] Level 5:colcon.colcon_core.verb:set package 'practica1_pkg' build argument 'ament_cmake_args' from command line to 'None'
[0.356s] Level 5:colcon.colcon_core.verb:set package 'practica1_pkg' build argument 'catkin_cmake_args' from command line to 'None'
[0.356s] Level 5:colcon.colcon_core.verb:set package 'practica1_pkg' build argument 'catkin_skip_building_tests' from command line to 'False'
[0.356s] DEBUG:colcon.colcon_core.verb:Building package 'practica1_pkg' with the following arguments: {'ament_cmake_args': None, 'build_base': '/home/leo/RM_prac/build/practica1_pkg', 'catkin_cmake_args': None, 'catkin_skip_building_tests': False, 'cmake_args': None, 'cmake_clean_cache': False, 'cmake_clean_first': False, 'cmake_force_configure': False, 'cmake_target': None, 'cmake_target_skip_unavailable': False, 'install_base': '/home/leo/RM_prac/install/practica1_pkg', 'merge_install': False, 'path': '/home/leo/RM_prac/src/practica1_pkg', 'symlink_install': False, 'test_result_base': None}
[0.356s] Level 5:colcon.colcon_core.verb:set package 'practica2_pkg' build argument 'cmake_args' from command line to 'None'
[0.356s] Level 5:colcon.colcon_core.verb:set package 'practica2_pkg' build argument 'cmake_target' from command line to 'None'
[0.356s] Level 5:colcon.colcon_core.verb:set package 'practica2_pkg' build argument 'cmake_target_skip_unavailable' from command line to 'False'
[0.356s] Level 5:colcon.colcon_core.verb:set package 'practica2_pkg' build argument 'cmake_clean_cache' from command line to 'False'
[0.356s] Level 5:colcon.colcon_core.verb:set package 'practica2_pkg' build argument 'cmake_clean_first' from command line to 'False'
[0.356s] Level 5:colcon.colcon_core.verb:set package 'practica2_pkg' build argument 'cmake_force_configure' from command line to 'False'
[0.356s] Level 5:colcon.colcon_core.verb:set package 'practica2_pkg' build argument 'ament_cmake_args' from command line to 'None'
[0.356s] Level 5:colcon.colcon_core.verb:set package 'practica2_pkg' build argument 'catkin_cmake_args' from command line to 'None'
[0.356s] Level 5:colcon.colcon_core.verb:set package 'practica2_pkg' build argument 'catkin_skip_building_tests' from command line to 'False'
[0.356s] DEBUG:colcon.colcon_core.verb:Building package 'practica2_pkg' with the following arguments: {'ament_cmake_args': None, 'build_base': '/home/leo/RM_prac/build/practica2_pkg', 'catkin_cmake_args': None, 'catkin_skip_building_tests': False, 'cmake_args': None, 'cmake_clean_cache': False, 'cmake_clean_first': False, 'cmake_force_configure': False, 'cmake_target': None, 'cmake_target_skip_unavailable': False, 'install_base': '/home/leo/RM_prac/install/practica2_pkg', 'merge_install': False, 'path': '/home/leo/RM_prac/src/practica2_pkg', 'symlink_install': False, 'test_result_base': None}
[0.357s] Level 5:colcon.colcon_core.verb:set package 'practica3_pkg' build argument 'cmake_args' from command line to 'None'
[0.357s] Level 5:colcon.colcon_core.verb:set package 'practica3_pkg' build argument 'cmake_target' from command line to 'None'
[0.357s] Level 5:colcon.colcon_core.verb:set package 'practica3_pkg' build argument 'cmake_target_skip_unavailable' from command line to 'False'
[0.357s] Level 5:colcon.colcon_core.verb:set package 'practica3_pkg' build argument 'cmake_clean_cache' from command line to 'False'
[0.357s] Level 5:colcon.colcon_core.verb:set package 'practica3_pkg' build argument 'cmake_clean_first' from command line to 'False'
[0.357s] Level 5:colcon.colcon_core.verb:set package 'practica3_pkg' build argument 'cmake_force_configure' from command line to 'False'
[0.357s] Level 5:colcon.colcon_core.verb:set package 'practica3_pkg' build argument 'ament_cmake_args' from command line to 'None'
[0.357s] Level 5:colcon.colcon_core.verb:set package 'practica3_pkg' build argument 'catkin_cmake_args' from command line to 'None'
[0.357s] Level 5:colcon.colcon_core.verb:set package 'practica3_pkg' build argument 'catkin_skip_building_tests' from command line to 'False'
[0.357s] DEBUG:colcon.colcon_core.verb:Building package 'practica3_pkg' with the following arguments: {'ament_cmake_args': None, 'build_base': '/home/leo/RM_prac/build/practica3_pkg', 'catkin_cmake_args': None, 'catkin_skip_building_tests': False, 'cmake_args': None, 'cmake_clean_cache': False, 'cmake_clean_first': False, 'cmake_force_configure': False, 'cmake_target': None, 'cmake_target_skip_unavailable': False, 'install_base': '/home/leo/RM_prac/install/practica3_pkg', 'merge_install': False, 'path': '/home/leo/RM_prac/src/practica3_pkg', 'symlink_install': False, 'test_result_base': None}
[0.357s] Level 5:colcon.colcon_core.verb:set package 'practica4_pkg' build argument 'cmake_args' from command line to 'None'
[0.357s] Level 5:colcon.colcon_core.verb:set package 'practica4_pkg' build argument 'cmake_target' from command line to 'None'
[0.357s] Level 5:colcon.colcon_core.verb:set package 'practica4_pkg' build argument 'cmake_target_skip_unavailable' from command line to 'False'
[0.357s] Level 5:colcon.colcon_core.verb:set package 'practica4_pkg' build argument 'cmake_clean_cache' from command line to 'False'
[0.357s] Level 5:colcon.colcon_core.verb:set package 'practica4_pkg' build argument 'cmake_clean_first' from command line to 'False'
[0.357s] Level 5:colcon.colcon_core.verb:set package 'practica4_pkg' build argument 'cmake_force_configure' from command line to 'False'
[0.357s] Level 5:colcon.colcon_core.verb:set package 'practica4_pkg' build argument 'ament_cmake_args' from command line to 'None'
[0.357s] Level 5:colcon.colcon_core.verb:set package 'practica4_pkg' build argument 'catkin_cmake_args' from command line to 'None'
[0.357s] Level 5:colcon.colcon_core.verb:set package 'practica4_pkg' build argument 'catkin_skip_building_tests' from command line to 'False'
[0.357s] DEBUG:colcon.colcon_core.verb:Building package 'practica4_pkg' with the following arguments: {'ament_cmake_args': None, 'build_base': '/home/leo/RM_prac/build/practica4_pkg', 'catkin_cmake_args': None, 'catkin_skip_building_tests': False, 'cmake_args': None, 'cmake_clean_cache': False, 'cmake_clean_first': False, 'cmake_force_configure': False, 'cmake_target': None, 'cmake_target_skip_unavailable': False, 'install_base': '/home/leo/RM_prac/install/practica4_pkg', 'merge_install': False, 'path': '/home/leo/RM_prac/src/practica4_pkg', 'symlink_install': False, 'test_result_base': None}
[0.357s] Level 5:colcon.colcon_core.verb:set package 'turtlebot3_coppeliasim' build argument 'cmake_args' from command line to 'None'
[0.357s] Level 5:colcon.colcon_core.verb:set package 'turtlebot3_coppeliasim' build argument 'cmake_target' from command line to 'None'
[0.357s] Level 5:colcon.colcon_core.verb:set package 'turtlebot3_coppeliasim' build argument 'cmake_target_skip_unavailable' from command line to 'False'
[0.357s] Level 5:colcon.colcon_core.verb:set package 'turtlebot3_coppeliasim' build argument 'cmake_clean_cache' from command line to 'False'
[0.357s] Level 5:colcon.colcon_core.verb:set package 'turtlebot3_coppeliasim' build argument 'cmake_clean_first' from command line to 'False'
[0.357s] Level 5:colcon.colcon_core.verb:set package 'turtlebot3_coppeliasim' build argument 'cmake_force_configure' from command line to 'False'
[0.357s] Level 5:colcon.colcon_core.verb:set package 'turtlebot3_coppeliasim' build argument 'ament_cmake_args' from command line to 'None'
[0.357s] Level 5:colcon.colcon_core.verb:set package 'turtlebot3_coppeliasim' build argument 'catkin_cmake_args' from command line to 'None'
[0.357s] Level 5:colcon.colcon_core.verb:set package 'turtlebot3_coppeliasim' build argument 'catkin_skip_building_tests' from command line to 'False'
[0.357s] DEBUG:colcon.colcon_core.verb:Building package 'turtlebot3_coppeliasim' with the following arguments: {'ament_cmake_args': None, 'build_base': '/home/leo/RM_prac/build/turtlebot3_coppeliasim', 'catkin_cmake_args': None, 'catkin_skip_building_tests': False, 'cmake_args': None, 'cmake_clean_cache': False, 'cmake_clean_first': False, 'cmake_force_configure': False, 'cmake_target': None, 'cmake_target_skip_unavailable': False, 'install_base': '/home/leo/RM_prac/install/turtlebot3_coppeliasim', 'merge_install': False, 'path': '/home/leo/RM_prac/src/turtlebot3_coppeliasim', 'symlink_install': False, 'test_result_base': None}
[0.357s] Level 5:colcon.colcon_core.verb:set package 'ros2_laser_scan_matcher' build argument 'cmake_args' from command line to 'None'
[0.357s] Level 5:colcon.colcon_core.verb:set package 'ros2_laser_scan_matcher' build argument 'cmake_target' from command line to 'None'
[0.357s] Level 5:colcon.colcon_core.verb:set package 'ros2_laser_scan_matcher' build argument 'cmake_target_skip_unavailable' from command line to 'False'
[0.357s] Level 5:colcon.colcon_core.verb:set package 'ros2_laser_scan_matcher' build argument 'cmake_clean_cache' from command line to 'False'
[0.357s] Level 5:colcon.colcon_core.verb:set package 'ros2_laser_scan_matcher' build argument 'cmake_clean_first' from command line to 'False'
[0.357s] Level 5:colcon.colcon_core.verb:set package 'ros2_laser_scan_matcher' build argument 'cmake_force_configure' from command line to 'False'
[0.357s] Level 5:colcon.colcon_core.verb:set package 'ros2_laser_scan_matcher' build argument 'ament_cmake_args' from command line to 'None'
[0.357s] Level 5:colcon.colcon_core.verb:set package 'ros2_laser_scan_matcher' build argument 'catkin_cmake_args' from command line to 'None'
[0.357s] Level 5:colcon.colcon_core.verb:set package 'ros2_laser_scan_matcher' build argument 'catkin_skip_building_tests' from command line to 'False'
[0.357s] DEBUG:colcon.colcon_core.verb:Building package 'ros2_laser_scan_matcher' with the following arguments: {'ament_cmake_args': None, 'build_base': '/home/leo/RM_prac/build/ros2_laser_scan_matcher', 'catkin_cmake_args': None, 'catkin_skip_building_tests': False, 'cmake_args': None, 'cmake_clean_cache': False, 'cmake_clean_first': False, 'cmake_force_configure': False, 'cmake_target': None, 'cmake_target_skip_unavailable': False, 'install_base': '/home/leo/RM_prac/install/ros2_laser_scan_matcher', 'merge_install': False, 'path': '/home/leo/RM_prac/src/ros2_laser_scan_matcher', 'symlink_install': False, 'test_result_base': None}
[0.357s] INFO:colcon.colcon_core.executor:Executing jobs using 'parallel' executor
[0.358s] DEBUG:colcon.colcon_parallel_executor.executor.parallel:run_until_complete
[0.358s] INFO:colcon.colcon_ros.task.ament_cmake.build:Building ROS package in '/home/leo/RM_prac/src/csm' with build type 'ament_cmake'
[0.358s] INFO:colcon.colcon_cmake.task.cmake.build:Building CMake package in '/home/leo/RM_prac/src/csm'
[0.360s] INFO:colcon.colcon_core.plugin_system:Skipping extension 'colcon_core.shell.bat': Not used on non-Windows systems
[0.360s] INFO:colcon.colcon_core.shell:Skip shell extension 'powershell' for command environment: Not usable outside of PowerShell
[0.360s] DEBUG:colcon.colcon_core.shell:Skip shell extension 'dsv' for command environment
[0.362s] INFO:colcon.colcon_ros.task.ament_cmake.build:Building ROS package in '/home/leo/RM_prac/src/practica1_pkg' with build type 'ament_cmake'
[0.362s] INFO:colcon.colcon_cmake.task.cmake.build:Building CMake package in '/home/leo/RM_prac/src/practica1_pkg'
[0.362s] INFO:colcon.colcon_core.shell:Skip shell extension 'powershell' for command environment: Not usable outside of PowerShell
[0.362s] DEBUG:colcon.colcon_core.shell:Skip shell extension 'dsv' for command environment
[0.364s] INFO:colcon.colcon_ros.task.ament_cmake.build:Building ROS package in '/home/leo/RM_prac/src/practica2_pkg' with build type 'ament_cmake'
[0.364s] INFO:colcon.colcon_cmake.task.cmake.build:Building CMake package in '/home/leo/RM_prac/src/practica2_pkg'
[0.364s] INFO:colcon.colcon_core.shell:Skip shell extension 'powershell' for command environment: Not usable outside of PowerShell
[0.364s] DEBUG:colcon.colcon_core.shell:Skip shell extension 'dsv' for command environment
[0.365s] INFO:colcon.colcon_ros.task.ament_cmake.build:Building ROS package in '/home/leo/RM_prac/src/practica3_pkg' with build type 'ament_cmake'
[0.365s] INFO:colcon.colcon_cmake.task.cmake.build:Building CMake package in '/home/leo/RM_prac/src/practica3_pkg'
[0.366s] INFO:colcon.colcon_core.shell:Skip shell extension 'powershell' for command environment: Not usable outside of PowerShell
[0.366s] DEBUG:colcon.colcon_core.shell:Skip shell extension 'dsv' for command environment
[0.367s] INFO:colcon.colcon_ros.task.ament_cmake.build:Building ROS package in '/home/leo/RM_prac/src/practica4_pkg' with build type 'ament_cmake'
[0.367s] INFO:colcon.colcon_cmake.task.cmake.build:Building CMake package in '/home/leo/RM_prac/src/practica4_pkg'
[0.368s] INFO:colcon.colcon_core.shell:Skip shell extension 'powershell' for command environment: Not usable outside of PowerShell
[0.368s] DEBUG:colcon.colcon_core.shell:Skip shell extension 'dsv' for command environment
[0.370s] INFO:colcon.colcon_ros.task.ament_cmake.build:Building ROS package in '/home/leo/RM_prac/src/turtlebot3_coppeliasim' with build type 'ament_cmake'
[0.370s] INFO:colcon.colcon_cmake.task.cmake.build:Building CMake package in '/home/leo/RM_prac/src/turtlebot3_coppeliasim'
[0.370s] INFO:colcon.colcon_core.shell:Skip shell extension 'powershell' for command environment: Not usable outside of PowerShell
[0.370s] DEBUG:colcon.colcon_core.shell:Skip shell extension 'dsv' for command environment
[0.374s] DEBUG:colcon.colcon_core.event_handler.log_command:Invoking command in '/home/leo/RM_prac/build/csm': CMAKE_PREFIX_PATH=${CMAKE_PREFIX_PATH}:/opt/ros/humble /usr/bin/cmake /home/leo/RM_prac/src/csm -DCMAKE_INSTALL_PREFIX=/home/leo/RM_prac/install/csm
[0.375s] DEBUG:colcon.colcon_core.event_handler.log_command:Invoking command in '/home/leo/RM_prac/build/practica1_pkg': CMAKE_PREFIX_PATH=${CMAKE_PREFIX_PATH}:/opt/ros/humble /usr/bin/cmake /home/leo/RM_prac/src/practica1_pkg -DCMAKE_INSTALL_PREFIX=/home/leo/RM_prac/install/practica1_pkg
[0.377s] DEBUG:colcon.colcon_core.event_handler.log_command:Invoking command in '/home/leo/RM_prac/build/practica2_pkg': CMAKE_PREFIX_PATH=${CMAKE_PREFIX_PATH}:/opt/ros/humble /usr/bin/cmake /home/leo/RM_prac/src/practica2_pkg -DCMAKE_INSTALL_PREFIX=/home/leo/RM_prac/install/practica2_pkg
[0.379s] DEBUG:colcon.colcon_core.event_handler.log_command:Invoking command in '/home/leo/RM_prac/build/practica3_pkg': CMAKE_PREFIX_PATH=${CMAKE_PREFIX_PATH}:/opt/ros/humble /usr/bin/cmake /home/leo/RM_prac/src/practica3_pkg -DCMAKE_INSTALL_PREFIX=/home/leo/RM_prac/install/practica3_pkg
[0.381s] DEBUG:colcon.colcon_core.event_handler.log_command:Invoking command in '/home/leo/RM_prac/build/practica4_pkg': CMAKE_PREFIX_PATH=${CMAKE_PREFIX_PATH}:/opt/ros/humble /usr/bin/cmake /home/leo/RM_prac/src/practica4_pkg -DCMAKE_INSTALL_PREFIX=/home/leo/RM_prac/install/practica4_pkg
[0.383s] DEBUG:colcon.colcon_core.event_handler.log_command:Invoking command in '/home/leo/RM_prac/build/turtlebot3_coppeliasim': CMAKE_PREFIX_PATH=${CMAKE_PREFIX_PATH}:/opt/ros/humble /usr/bin/cmake /home/leo/RM_prac/src/turtlebot3_coppeliasim -DCMAKE_INSTALL_PREFIX=/home/leo/RM_prac/install/turtlebot3_coppeliasim
[1.407s] DEBUG:colcon.colcon_core.event_handler.log_command:Invoked command in '/home/leo/RM_prac/build/turtlebot3_coppeliasim' returned '0': CMAKE_PREFIX_PATH=${CMAKE_PREFIX_PATH}:/opt/ros/humble /usr/bin/cmake /home/leo/RM_prac/src/turtlebot3_coppeliasim -DCMAKE_INSTALL_PREFIX=/home/leo/RM_prac/install/turtlebot3_coppeliasim
[1.408s] DEBUG:colcon.colcon_core.event_handler.log_command:Invoking command in '/home/leo/RM_prac/build/turtlebot3_coppeliasim': CMAKE_PREFIX_PATH=${CMAKE_PREFIX_PATH}:/opt/ros/humble /usr/bin/cmake --build /home/leo/RM_prac/build/turtlebot3_coppeliasim -- -j32 -l32
[1.421s] DEBUG:colcon.colcon_core.event_handler.log_command:Invoked command in '/home/leo/RM_prac/build/turtlebot3_coppeliasim' returned '0': CMAKE_PREFIX_PATH=${CMAKE_PREFIX_PATH}:/opt/ros/humble /usr/bin/cmake --build /home/leo/RM_prac/build/turtlebot3_coppeliasim -- -j32 -l32
[1.433s] DEBUG:colcon.colcon_core.event_handler.log_command:Invoking command in '/home/leo/RM_prac/build/turtlebot3_coppeliasim': CMAKE_PREFIX_PATH=${CMAKE_PREFIX_PATH}:/opt/ros/humble /usr/bin/cmake --install /home/leo/RM_prac/build/turtlebot3_coppeliasim
[1.518s] Level 1:colcon.colcon_core.environment:create_environment_scripts_only(turtlebot3_coppeliasim)
[1.518s] DEBUG:colcon.colcon_core.event_handler.log_command:Invoked command in '/home/leo/RM_prac/build/turtlebot3_coppeliasim' returned '0': CMAKE_PREFIX_PATH=${CMAKE_PREFIX_PATH}:/opt/ros/humble /usr/bin/cmake --install /home/leo/RM_prac/build/turtlebot3_coppeliasim
[1.522s] Level 1:colcon.colcon_core.environment:checking '/home/leo/RM_prac/install/turtlebot3_coppeliasim' for CMake module files
[1.522s] Level 1:colcon.colcon_core.environment:checking '/home/leo/RM_prac/install/turtlebot3_coppeliasim' for CMake config files
[1.522s] Level 1:colcon.colcon_core.shell:create_environment_hook('turtlebot3_coppeliasim', 'cmake_prefix_path')
[1.522s] INFO:colcon.colcon_core.shell:Creating environment hook '/home/leo/RM_prac/install/turtlebot3_coppeliasim/share/turtlebot3_coppeliasim/hook/cmake_prefix_path.ps1'
[1.523s] INFO:colcon.colcon_core.shell:Creating environment descriptor '/home/leo/RM_prac/install/turtlebot3_coppeliasim/share/turtlebot3_coppeliasim/hook/cmake_prefix_path.dsv'
[1.523s] INFO:colcon.colcon_core.shell:Creating environment hook '/home/leo/RM_prac/install/turtlebot3_coppeliasim/share/turtlebot3_coppeliasim/hook/cmake_prefix_path.sh'
[1.523s] Level 1:colcon.colcon_core.environment:checking '/home/leo/RM_prac/install/turtlebot3_coppeliasim/bin'
[1.523s] Level 1:colcon.colcon_core.environment:checking '/home/leo/RM_prac/install/turtlebot3_coppeliasim/lib/pkgconfig/turtlebot3_coppeliasim.pc'
[1.524s] Level 1:colcon.colcon_core.environment:checking '/home/leo/RM_prac/install/turtlebot3_coppeliasim/lib/python3.10/site-packages'
[1.524s] Level 1:colcon.colcon_core.environment:checking '/home/leo/RM_prac/install/turtlebot3_coppeliasim/bin'
[1.524s] INFO:colcon.colcon_core.shell:Creating package script '/home/leo/RM_prac/install/turtlebot3_coppeliasim/share/turtlebot3_coppeliasim/package.ps1'
[1.525s] INFO:colcon.colcon_core.shell:Creating package descriptor '/home/leo/RM_prac/install/turtlebot3_coppeliasim/share/turtlebot3_coppeliasim/package.dsv'
[1.525s] INFO:colcon.colcon_core.shell:Creating package script '/home/leo/RM_prac/install/turtlebot3_coppeliasim/share/turtlebot3_coppeliasim/package.sh'
[1.525s] INFO:colcon.colcon_core.shell:Creating package script '/home/leo/RM_prac/install/turtlebot3_coppeliasim/share/turtlebot3_coppeliasim/package.bash'
[1.526s] INFO:colcon.colcon_core.shell:Creating package script '/home/leo/RM_prac/install/turtlebot3_coppeliasim/share/turtlebot3_coppeliasim/package.zsh'
[1.526s] Level 1:colcon.colcon_core.environment:create_file_with_runtime_dependencies(/home/leo/RM_prac/install/turtlebot3_coppeliasim/share/colcon-core/packages/turtlebot3_coppeliasim)
[1.535s] Level 1:colcon.colcon_core.environment:create_environment_scripts_only(turtlebot3_coppeliasim)
[1.535s] Level 1:colcon.colcon_core.environment:checking '/home/leo/RM_prac/install/turtlebot3_coppeliasim' for CMake module files
[1.535s] Level 1:colcon.colcon_core.environment:checking '/home/leo/RM_prac/install/turtlebot3_coppeliasim' for CMake config files
[1.535s] Level 1:colcon.colcon_core.shell:create_environment_hook('turtlebot3_coppeliasim', 'cmake_prefix_path')
[1.535s] INFO:colcon.colcon_core.shell:Creating environment hook '/home/leo/RM_prac/install/turtlebot3_coppeliasim/share/turtlebot3_coppeliasim/hook/cmake_prefix_path.ps1'
[1.535s] INFO:colcon.colcon_core.shell:Creating environment descriptor '/home/leo/RM_prac/install/turtlebot3_coppeliasim/share/turtlebot3_coppeliasim/hook/cmake_prefix_path.dsv'
[1.535s] INFO:colcon.colcon_core.shell:Creating environment hook '/home/leo/RM_prac/install/turtlebot3_coppeliasim/share/turtlebot3_coppeliasim/hook/cmake_prefix_path.sh'
[1.536s] Level 1:colcon.colcon_core.environment:checking '/home/leo/RM_prac/install/turtlebot3_coppeliasim/bin'
[1.536s] Level 1:colcon.colcon_core.environment:checking '/home/leo/RM_prac/install/turtlebot3_coppeliasim/lib/pkgconfig/turtlebot3_coppeliasim.pc'
[1.536s] Level 1:colcon.colcon_core.environment:checking '/home/leo/RM_prac/install/turtlebot3_coppeliasim/lib/python3.10/site-packages'
[1.536s] Level 1:colcon.colcon_core.environment:checking '/home/leo/RM_prac/install/turtlebot3_coppeliasim/bin'
[1.536s] INFO:colcon.colcon_core.shell:Creating package script '/home/leo/RM_prac/install/turtlebot3_coppeliasim/share/turtlebot3_coppeliasim/package.ps1'
[1.536s] INFO:colcon.colcon_core.shell:Creating package descriptor '/home/leo/RM_prac/install/turtlebot3_coppeliasim/share/turtlebot3_coppeliasim/package.dsv'
[1.536s] INFO:colcon.colcon_core.shell:Creating package script '/home/leo/RM_prac/install/turtlebot3_coppeliasim/share/turtlebot3_coppeliasim/package.sh'
[1.536s] INFO:colcon.colcon_core.shell:Creating package script '/home/leo/RM_prac/install/turtlebot3_coppeliasim/share/turtlebot3_coppeliasim/package.bash'
[1.537s] INFO:colcon.colcon_core.shell:Creating package script '/home/leo/RM_prac/install/turtlebot3_coppeliasim/share/turtlebot3_coppeliasim/package.zsh'
[1.537s] Level 1:colcon.colcon_core.environment:create_file_with_runtime_dependencies(/home/leo/RM_prac/install/turtlebot3_coppeliasim/share/colcon-core/packages/turtlebot3_coppeliasim)
[3.528s] DEBUG:colcon.colcon_core.event_handler.log_command:Invoked command in '/home/leo/RM_prac/build/csm' returned '0': CMAKE_PREFIX_PATH=${CMAKE_PREFIX_PATH}:/opt/ros/humble /usr/bin/cmake /home/leo/RM_prac/src/csm -DCMAKE_INSTALL_PREFIX=/home/leo/RM_prac/install/csm
[3.529s] DEBUG:colcon.colcon_core.event_handler.log_command:Invoking command in '/home/leo/RM_prac/build/csm': CMAKE_PREFIX_PATH=${CMAKE_PREFIX_PATH}:/opt/ros/humble /usr/bin/cmake --build /home/leo/RM_prac/build/csm -- -j32 -l32
[3.850s] DEBUG:colcon.colcon_core.event_handler.log_command:Invoked command in '/home/leo/RM_prac/build/practica1_pkg' returned '0': CMAKE_PREFIX_PATH=${CMAKE_PREFIX_PATH}:/opt/ros/humble /usr/bin/cmake /home/leo/RM_prac/src/practica1_pkg -DCMAKE_INSTALL_PREFIX=/home/leo/RM_prac/install/practica1_pkg
[3.852s] DEBUG:colcon.colcon_core.event_handler.log_command:Invoking command in '/home/leo/RM_prac/build/practica1_pkg': CMAKE_PREFIX_PATH=${CMAKE_PREFIX_PATH}:/opt/ros/humble /usr/bin/cmake --build /home/leo/RM_prac/build/practica1_pkg -- -j32 -l32
[4.580s] DEBUG:colcon.colcon_core.event_handler.log_command:Invoked command in '/home/leo/RM_prac/build/practica3_pkg' returned '0': CMAKE_PREFIX_PATH=${CMAKE_PREFIX_PATH}:/opt/ros/humble /usr/bin/cmake /home/leo/RM_prac/src/practica3_pkg -DCMAKE_INSTALL_PREFIX=/home/leo/RM_prac/install/practica3_pkg
[4.581s] DEBUG:colcon.colcon_core.event_handler.log_command:Invoking command in '/home/leo/RM_prac/build/practica3_pkg': CMAKE_PREFIX_PATH=${CMAKE_PREFIX_PATH}:/opt/ros/humble /usr/bin/cmake --build /home/leo/RM_prac/build/practica3_pkg -- -j32 -l32
[4.654s] DEBUG:colcon.colcon_core.event_handler.log_command:Invoked command in '/home/leo/RM_prac/build/practica2_pkg' returned '0': CMAKE_PREFIX_PATH=${CMAKE_PREFIX_PATH}:/opt/ros/humble /usr/bin/cmake /home/leo/RM_prac/src/practica2_pkg -DCMAKE_INSTALL_PREFIX=/home/leo/RM_prac/install/practica2_pkg
[4.655s] DEBUG:colcon.colcon_core.event_handler.log_command:Invoking command in '/home/leo/RM_prac/build/practica2_pkg': CMAKE_PREFIX_PATH=${CMAKE_PREFIX_PATH}:/opt/ros/humble /usr/bin/cmake --build /home/leo/RM_prac/build/practica2_pkg -- -j32 -l32
[8.141s] DEBUG:colcon.colcon_core.event_handler.log_command:Invoked command in '/home/leo/RM_prac/build/practica1_pkg' returned '0': CMAKE_PREFIX_PATH=${CMAKE_PREFIX_PATH}:/opt/ros/humble /usr/bin/cmake --build /home/leo/RM_prac/build/practica1_pkg -- -j32 -l32
[8.152s] DEBUG:colcon.colcon_core.event_handler.log_command:Invoking command in '/home/leo/RM_prac/build/practica1_pkg': CMAKE_PREFIX_PATH=${CMAKE_PREFIX_PATH}:/opt/ros/humble /usr/bin/cmake --install /home/leo/RM_prac/build/practica1_pkg
[8.160s] Level 1:colcon.colcon_core.environment:create_environment_scripts_only(practica1_pkg)
[8.160s] DEBUG:colcon.colcon_core.event_handler.log_command:Invoked command in '/home/leo/RM_prac/build/practica1_pkg' returned '0': CMAKE_PREFIX_PATH=${CMAKE_PREFIX_PATH}:/opt/ros/humble /usr/bin/cmake --install /home/leo/RM_prac/build/practica1_pkg
[8.160s] Level 1:colcon.colcon_core.environment:checking '/home/leo/RM_prac/install/practica1_pkg' for CMake module files
[8.160s] Level 1:colcon.colcon_core.environment:checking '/home/leo/RM_prac/install/practica1_pkg' for CMake config files
[8.160s] Level 1:colcon.colcon_core.shell:create_environment_hook('practica1_pkg', 'cmake_prefix_path')
[8.160s] INFO:colcon.colcon_core.shell:Creating environment hook '/home/leo/RM_prac/install/practica1_pkg/share/practica1_pkg/hook/cmake_prefix_path.ps1'
[8.161s] INFO:colcon.colcon_core.shell:Creating environment descriptor '/home/leo/RM_prac/install/practica1_pkg/share/practica1_pkg/hook/cmake_prefix_path.dsv'
[8.161s] INFO:colcon.colcon_core.shell:Creating environment hook '/home/leo/RM_prac/install/practica1_pkg/share/practica1_pkg/hook/cmake_prefix_path.sh'
[8.161s] Level 1:colcon.colcon_core.environment:checking '/home/leo/RM_prac/install/practica1_pkg/lib'
[8.161s] Level 1:colcon.colcon_core.environment:checking '/home/leo/RM_prac/install/practica1_pkg/bin'
[8.161s] Level 1:colcon.colcon_core.environment:checking '/home/leo/RM_prac/install/practica1_pkg/lib/pkgconfig/practica1_pkg.pc'
[8.161s] Level 1:colcon.colcon_core.environment:checking '/home/leo/RM_prac/install/practica1_pkg/lib/python3.10/site-packages'
[8.161s] Level 1:colcon.colcon_core.environment:checking '/home/leo/RM_prac/install/practica1_pkg/bin'
[8.161s] INFO:colcon.colcon_core.shell:Creating package script '/home/leo/RM_prac/install/practica1_pkg/share/practica1_pkg/package.ps1'
[8.162s] INFO:colcon.colcon_core.shell:Creating package descriptor '/home/leo/RM_prac/install/practica1_pkg/share/practica1_pkg/package.dsv'
[8.162s] INFO:colcon.colcon_core.shell:Creating package script '/home/leo/RM_prac/install/practica1_pkg/share/practica1_pkg/package.sh'
[8.162s] INFO:colcon.colcon_core.shell:Creating package script '/home/leo/RM_prac/install/practica1_pkg/share/practica1_pkg/package.bash'
[8.162s] INFO:colcon.colcon_core.shell:Creating package script '/home/leo/RM_prac/install/practica1_pkg/share/practica1_pkg/package.zsh'
[8.162s] Level 1:colcon.colcon_core.environment:create_file_with_runtime_dependencies(/home/leo/RM_prac/install/practica1_pkg/share/colcon-core/packages/practica1_pkg)
[8.173s] Level 1:colcon.colcon_core.environment:create_environment_scripts_only(practica1_pkg)
[8.173s] Level 1:colcon.colcon_core.environment:checking '/home/leo/RM_prac/install/practica1_pkg' for CMake module files
[8.173s] Level 1:colcon.colcon_core.environment:checking '/home/leo/RM_prac/install/practica1_pkg' for CMake config files
[8.173s] Level 1:colcon.colcon_core.shell:create_environment_hook('practica1_pkg', 'cmake_prefix_path')
[8.174s] INFO:colcon.colcon_core.shell:Creating environment hook '/home/leo/RM_prac/install/practica1_pkg/share/practica1_pkg/hook/cmake_prefix_path.ps1'
[8.174s] INFO:colcon.colcon_core.shell:Creating environment descriptor '/home/leo/RM_prac/install/practica1_pkg/share/practica1_pkg/hook/cmake_prefix_path.dsv'
[8.174s] INFO:colcon.colcon_core.shell:Creating environment hook '/home/leo/RM_prac/install/practica1_pkg/share/practica1_pkg/hook/cmake_prefix_path.sh'
[8.174s] Level 1:colcon.colcon_core.environment:checking '/home/leo/RM_prac/install/practica1_pkg/lib'
[8.174s] Level 1:colcon.colcon_core.environment:checking '/home/leo/RM_prac/install/practica1_pkg/bin'
[8.174s] Level 1:colcon.colcon_core.environment:checking '/home/leo/RM_prac/install/practica1_pkg/lib/pkgconfig/practica1_pkg.pc'
[8.174s] Level 1:colcon.colcon_core.environment:checking '/home/leo/RM_prac/install/practica1_pkg/lib/python3.10/site-packages'
[8.174s] Level 1:colcon.colcon_core.environment:checking '/home/leo/RM_prac/install/practica1_pkg/bin'
[8.174s] INFO:colcon.colcon_core.shell:Creating package script '/home/leo/RM_prac/install/practica1_pkg/share/practica1_pkg/package.ps1'
[8.175s] INFO:colcon.colcon_core.shell:Creating package descriptor '/home/leo/RM_prac/install/practica1_pkg/share/practica1_pkg/package.dsv'
[8.175s] INFO:colcon.colcon_core.shell:Creating package script '/home/leo/RM_prac/install/practica1_pkg/share/practica1_pkg/package.sh'
[8.175s] INFO:colcon.colcon_core.shell:Creating package script '/home/leo/RM_prac/install/practica1_pkg/share/practica1_pkg/package.bash'
[8.175s] INFO:colcon.colcon_core.shell:Creating package script '/home/leo/RM_prac/install/practica1_pkg/share/practica1_pkg/package.zsh'
[8.175s] Level 1:colcon.colcon_core.environment:create_file_with_runtime_dependencies(/home/leo/RM_prac/install/practica1_pkg/share/colcon-core/packages/practica1_pkg)
[8.670s] DEBUG:colcon.colcon_core.event_handler.log_command:Invoked command in '/home/leo/RM_prac/build/practica3_pkg' returned '0': CMAKE_PREFIX_PATH=${CMAKE_PREFIX_PATH}:/opt/ros/humble /usr/bin/cmake --build /home/leo/RM_prac/build/practica3_pkg -- -j32 -l32
[8.672s] DEBUG:colcon.colcon_core.event_handler.log_command:Invoked command in '/home/leo/RM_prac/build/practica2_pkg' returned '0': CMAKE_PREFIX_PATH=${CMAKE_PREFIX_PATH}:/opt/ros/humble /usr/bin/cmake --build /home/leo/RM_prac/build/practica2_pkg -- -j32 -l32
[8.680s] DEBUG:colcon.colcon_core.event_handler.log_command:Invoking command in '/home/leo/RM_prac/build/practica3_pkg': CMAKE_PREFIX_PATH=${CMAKE_PREFIX_PATH}:/opt/ros/humble /usr/bin/cmake --install /home/leo/RM_prac/build/practica3_pkg
[8.681s] DEBUG:colcon.colcon_core.event_handler.log_command:Invoking command in '/home/leo/RM_prac/build/practica2_pkg': CMAKE_PREFIX_PATH=${CMAKE_PREFIX_PATH}:/opt/ros/humble /usr/bin/cmake --install /home/leo/RM_prac/build/practica2_pkg
[8.688s] Level 1:colcon.colcon_core.environment:create_environment_scripts_only(practica3_pkg)
[8.688s] DEBUG:colcon.colcon_core.event_handler.log_command:Invoked command in '/home/leo/RM_prac/build/practica3_pkg' returned '0': CMAKE_PREFIX_PATH=${CMAKE_PREFIX_PATH}:/opt/ros/humble /usr/bin/cmake --install /home/leo/RM_prac/build/practica3_pkg
[8.688s] Level 1:colcon.colcon_core.environment:checking '/home/leo/RM_prac/install/practica3_pkg' for CMake module files
[8.688s] Level 1:colcon.colcon_core.environment:checking '/home/leo/RM_prac/install/practica3_pkg' for CMake config files
[8.688s] Level 1:colcon.colcon_core.shell:create_environment_hook('practica3_pkg', 'cmake_prefix_path')
[8.688s] INFO:colcon.colcon_core.shell:Creating environment hook '/home/leo/RM_prac/install/practica3_pkg/share/practica3_pkg/hook/cmake_prefix_path.ps1'
[8.689s] INFO:colcon.colcon_core.shell:Creating environment descriptor '/home/leo/RM_prac/install/practica3_pkg/share/practica3_pkg/hook/cmake_prefix_path.dsv'
[8.689s] INFO:colcon.colcon_core.shell:Creating environment hook '/home/leo/RM_prac/install/practica3_pkg/share/practica3_pkg/hook/cmake_prefix_path.sh'
[8.689s] Level 1:colcon.colcon_core.environment:checking '/home/leo/RM_prac/install/practica3_pkg/lib'
[8.689s] Level 1:colcon.colcon_core.environment:checking '/home/leo/RM_prac/install/practica3_pkg/bin'
[8.689s] Level 1:colcon.colcon_core.environment:checking '/home/leo/RM_prac/install/practica3_pkg/lib/pkgconfig/practica3_pkg.pc'
[8.689s] Level 1:colcon.colcon_core.environment:checking '/home/leo/RM_prac/install/practica3_pkg/lib/python3.10/site-packages'
[8.689s] Level 1:colcon.colcon_core.environment:checking '/home/leo/RM_prac/install/practica3_pkg/bin'
[8.689s] INFO:colcon.colcon_core.shell:Creating package script '/home/leo/RM_prac/install/practica3_pkg/share/practica3_pkg/package.ps1'
[8.689s] INFO:colcon.colcon_core.shell:Creating package descriptor '/home/leo/RM_prac/install/practica3_pkg/share/practica3_pkg/package.dsv'
[8.690s] INFO:colcon.colcon_core.shell:Creating package script '/home/leo/RM_prac/install/practica3_pkg/share/practica3_pkg/package.sh'
[8.690s] INFO:colcon.colcon_core.shell:Creating package script '/home/leo/RM_prac/install/practica3_pkg/share/practica3_pkg/package.bash'
[8.690s] INFO:colcon.colcon_core.shell:Creating package script '/home/leo/RM_prac/install/practica3_pkg/share/practica3_pkg/package.zsh'
[8.690s] Level 1:colcon.colcon_core.environment:create_file_with_runtime_dependencies(/home/leo/RM_prac/install/practica3_pkg/share/colcon-core/packages/practica3_pkg)
[8.690s] Level 1:colcon.colcon_core.environment:create_environment_scripts_only(practica2_pkg)
[8.691s] Level 1:colcon.colcon_core.environment:checking '/home/leo/RM_prac/install/practica2_pkg' for CMake module files
[8.691s] DEBUG:colcon.colcon_core.event_handler.log_command:Invoked command in '/home/leo/RM_prac/build/practica2_pkg' returned '0': CMAKE_PREFIX_PATH=${CMAKE_PREFIX_PATH}:/opt/ros/humble /usr/bin/cmake --install /home/leo/RM_prac/build/practica2_pkg
[8.691s] Level 1:colcon.colcon_core.environment:checking '/home/leo/RM_prac/install/practica2_pkg' for CMake config files
[8.691s] Level 1:colcon.colcon_core.shell:create_environment_hook('practica2_pkg', 'cmake_prefix_path')
[8.691s] INFO:colcon.colcon_core.shell:Creating environment hook '/home/leo/RM_prac/install/practica2_pkg/share/practica2_pkg/hook/cmake_prefix_path.ps1'
[8.691s] INFO:colcon.colcon_core.shell:Creating environment descriptor '/home/leo/RM_prac/install/practica2_pkg/share/practica2_pkg/hook/cmake_prefix_path.dsv'
[8.691s] INFO:colcon.colcon_core.shell:Creating environment hook '/home/leo/RM_prac/install/practica2_pkg/share/practica2_pkg/hook/cmake_prefix_path.sh'
[8.692s] Level 1:colcon.colcon_core.environment:checking '/home/leo/RM_prac/install/practica2_pkg/lib'
[8.692s] Level 1:colcon.colcon_core.environment:checking '/home/leo/RM_prac/install/practica2_pkg/bin'
[8.692s] Level 1:colcon.colcon_core.environment:checking '/home/leo/RM_prac/install/practica2_pkg/lib/pkgconfig/practica2_pkg.pc'
[8.692s] Level 1:colcon.colcon_core.environment:checking '/home/leo/RM_prac/install/practica2_pkg/lib/python3.10/site-packages'
[8.692s] Level 1:colcon.colcon_core.environment:checking '/home/leo/RM_prac/install/practica2_pkg/bin'
[8.692s] INFO:colcon.colcon_core.shell:Creating package script '/home/leo/RM_prac/install/practica2_pkg/share/practica2_pkg/package.ps1'
[8.692s] INFO:colcon.colcon_core.shell:Creating package descriptor '/home/leo/RM_prac/install/practica2_pkg/share/practica2_pkg/package.dsv'
[8.692s] INFO:colcon.colcon_core.shell:Creating package script '/home/leo/RM_prac/install/practica2_pkg/share/practica2_pkg/package.sh'
[8.692s] INFO:colcon.colcon_core.shell:Creating package script '/home/leo/RM_prac/install/practica2_pkg/share/practica2_pkg/package.bash'
[8.692s] INFO:colcon.colcon_core.shell:Creating package script '/home/leo/RM_prac/install/practica2_pkg/share/practica2_pkg/package.zsh'
[8.692s] Level 1:colcon.colcon_core.environment:create_file_with_runtime_dependencies(/home/leo/RM_prac/install/practica2_pkg/share/colcon-core/packages/practica2_pkg)
[8.700s] Level 1:colcon.colcon_core.environment:create_environment_scripts_only(practica3_pkg)
[8.700s] Level 1:colcon.colcon_core.environment:checking '/home/leo/RM_prac/install/practica3_pkg' for CMake module files
[8.700s] Level 1:colcon.colcon_core.environment:checking '/home/leo/RM_prac/install/practica3_pkg' for CMake config files
[8.700s] Level 1:colcon.colcon_core.shell:create_environment_hook('practica3_pkg', 'cmake_prefix_path')
[8.700s] INFO:colcon.colcon_core.shell:Creating environment hook '/home/leo/RM_prac/install/practica3_pkg/share/practica3_pkg/hook/cmake_prefix_path.ps1'
[8.700s] INFO:colcon.colcon_core.shell:Creating environment descriptor '/home/leo/RM_prac/install/practica3_pkg/share/practica3_pkg/hook/cmake_prefix_path.dsv'
[8.700s] INFO:colcon.colcon_core.shell:Creating environment hook '/home/leo/RM_prac/install/practica3_pkg/share/practica3_pkg/hook/cmake_prefix_path.sh'
[8.701s] Level 1:colcon.colcon_core.environment:checking '/home/leo/RM_prac/install/practica3_pkg/lib'
[8.701s] Level 1:colcon.colcon_core.environment:checking '/home/leo/RM_prac/install/practica3_pkg/bin'
[8.701s] Level 1:colcon.colcon_core.environment:checking '/home/leo/RM_prac/install/practica3_pkg/lib/pkgconfig/practica3_pkg.pc'
[8.701s] Level 1:colcon.colcon_core.environment:checking '/home/leo/RM_prac/install/practica3_pkg/lib/python3.10/site-packages'
[8.701s] Level 1:colcon.colcon_core.environment:checking '/home/leo/RM_prac/install/practica3_pkg/bin'
[8.701s] INFO:colcon.colcon_core.shell:Creating package script '/home/leo/RM_prac/install/practica3_pkg/share/practica3_pkg/package.ps1'
[8.701s] INFO:colcon.colcon_core.shell:Creating package descriptor '/home/leo/RM_prac/install/practica3_pkg/share/practica3_pkg/package.dsv'
[8.701s] INFO:colcon.colcon_core.shell:Creating package script '/home/leo/RM_prac/install/practica3_pkg/share/practica3_pkg/package.sh'
[8.701s] INFO:colcon.colcon_core.shell:Creating package script '/home/leo/RM_prac/install/practica3_pkg/share/practica3_pkg/package.bash'
[8.702s] INFO:colcon.colcon_core.shell:Creating package script '/home/leo/RM_prac/install/practica3_pkg/share/practica3_pkg/package.zsh'
[8.702s] Level 1:colcon.colcon_core.environment:create_file_with_runtime_dependencies(/home/leo/RM_prac/install/practica3_pkg/share/colcon-core/packages/practica3_pkg)
[8.702s] Level 1:colcon.colcon_core.environment:create_environment_scripts_only(practica2_pkg)
[8.702s] Level 1:colcon.colcon_core.environment:checking '/home/leo/RM_prac/install/practica2_pkg' for CMake module files
[8.703s] Level 1:colcon.colcon_core.environment:checking '/home/leo/RM_prac/install/practica2_pkg' for CMake config files
[8.703s] Level 1:colcon.colcon_core.shell:create_environment_hook('practica2_pkg', 'cmake_prefix_path')
[8.703s] INFO:colcon.colcon_core.shell:Creating environment hook '/home/leo/RM_prac/install/practica2_pkg/share/practica2_pkg/hook/cmake_prefix_path.ps1'
[8.703s] INFO:colcon.colcon_core.shell:Creating environment descriptor '/home/leo/RM_prac/install/practica2_pkg/share/practica2_pkg/hook/cmake_prefix_path.dsv'
[8.704s] INFO:colcon.colcon_core.shell:Creating environment hook '/home/leo/RM_prac/install/practica2_pkg/share/practica2_pkg/hook/cmake_prefix_path.sh'
[8.704s] Level 1:colcon.colcon_core.environment:checking '/home/leo/RM_prac/install/practica2_pkg/lib'
[8.704s] Level 1:colcon.colcon_core.environment:checking '/home/leo/RM_prac/install/practica2_pkg/bin'
[8.704s] Level 1:colcon.colcon_core.environment:checking '/home/leo/RM_prac/install/practica2_pkg/lib/pkgconfig/practica2_pkg.pc'
[8.704s] Level 1:colcon.colcon_core.environment:checking '/home/leo/RM_prac/install/practica2_pkg/lib/python3.10/site-packages'
[8.704s] Level 1:colcon.colcon_core.environment:checking '/home/leo/RM_prac/install/practica2_pkg/bin'
[8.704s] INFO:colcon.colcon_core.shell:Creating package script '/home/leo/RM_prac/install/practica2_pkg/share/practica2_pkg/package.ps1'
[8.704s] INFO:colcon.colcon_core.shell:Creating package descriptor '/home/leo/RM_prac/install/practica2_pkg/share/practica2_pkg/package.dsv'
[8.704s] INFO:colcon.colcon_core.shell:Creating package script '/home/leo/RM_prac/install/practica2_pkg/share/practica2_pkg/package.sh'
[8.704s] INFO:colcon.colcon_core.shell:Creating package script '/home/leo/RM_prac/install/practica2_pkg/share/practica2_pkg/package.bash'
[8.705s] INFO:colcon.colcon_core.shell:Creating package script '/home/leo/RM_prac/install/practica2_pkg/share/practica2_pkg/package.zsh'
[8.705s] Level 1:colcon.colcon_core.environment:create_file_with_runtime_dependencies(/home/leo/RM_prac/install/practica2_pkg/share/colcon-core/packages/practica2_pkg)
[10.283s] DEBUG:colcon.colcon_core.event_handler.log_command:Invoked command in '/home/leo/RM_prac/build/csm' returned '0': CMAKE_PREFIX_PATH=${CMAKE_PREFIX_PATH}:/opt/ros/humble /usr/bin/cmake --build /home/leo/RM_prac/build/csm -- -j32 -l32
[10.311s] DEBUG:colcon.colcon_core.event_handler.log_command:Invoking command in '/home/leo/RM_prac/build/csm': CMAKE_PREFIX_PATH=${CMAKE_PREFIX_PATH}:/opt/ros/humble /usr/bin/cmake --install /home/leo/RM_prac/build/csm
[10.320s] Level 1:colcon.colcon_core.environment:create_environment_scripts_only(csm)
[10.320s] DEBUG:colcon.colcon_core.event_handler.log_command:Invoked command in '/home/leo/RM_prac/build/csm' returned '0': CMAKE_PREFIX_PATH=${CMAKE_PREFIX_PATH}:/opt/ros/humble /usr/bin/cmake --install /home/leo/RM_prac/build/csm
[10.321s] Level 1:colcon.colcon_core.environment:checking '/home/leo/RM_prac/install/csm' for CMake module files
[10.321s] Level 1:colcon.colcon_core.environment:checking '/home/leo/RM_prac/install/csm' for CMake config files
[10.321s] Level 1:colcon.colcon_core.shell:create_environment_hook('csm', 'cmake_prefix_path')
[10.321s] INFO:colcon.colcon_core.shell:Creating environment hook '/home/leo/RM_prac/install/csm/share/csm/hook/cmake_prefix_path.ps1'
[10.321s] INFO:colcon.colcon_core.shell:Creating environment descriptor '/home/leo/RM_prac/install/csm/share/csm/hook/cmake_prefix_path.dsv'
[10.321s] INFO:colcon.colcon_core.shell:Creating environment hook '/home/leo/RM_prac/install/csm/share/csm/hook/cmake_prefix_path.sh'
[10.322s] Level 1:colcon.colcon_core.environment:checking '/home/leo/RM_prac/install/csm/lib'
[10.322s] Level 1:colcon.colcon_core.shell:create_environment_hook('csm', 'ld_library_path_lib')
[10.322s] INFO:colcon.colcon_core.shell:Creating environment hook '/home/leo/RM_prac/install/csm/share/csm/hook/ld_library_path_lib.ps1'
[10.322s] INFO:colcon.colcon_core.shell:Creating environment descriptor '/home/leo/RM_prac/install/csm/share/csm/hook/ld_library_path_lib.dsv'
[10.322s] INFO:colcon.colcon_core.shell:Creating environment hook '/home/leo/RM_prac/install/csm/share/csm/hook/ld_library_path_lib.sh'
[10.322s] Level 1:colcon.colcon_core.environment:checking '/home/leo/RM_prac/install/csm/bin'
[10.322s] Level 1:colcon.colcon_core.environment:checking '/home/leo/RM_prac/install/csm/lib/pkgconfig/csm.pc'
[10.322s] Level 1:colcon.colcon_core.environment:checking '/home/leo/RM_prac/install/csm/lib/python3.10/site-packages'
[10.322s] Level 1:colcon.colcon_core.environment:checking '/home/leo/RM_prac/install/csm/bin'
[10.322s] INFO:colcon.colcon_core.shell:Creating package script '/home/leo/RM_prac/install/csm/share/csm/package.ps1'
[10.322s] INFO:colcon.colcon_core.shell:Creating package descriptor '/home/leo/RM_prac/install/csm/share/csm/package.dsv'
[10.323s] INFO:colcon.colcon_core.shell:Creating package script '/home/leo/RM_prac/install/csm/share/csm/package.sh'
[10.323s] INFO:colcon.colcon_core.shell:Creating package script '/home/leo/RM_prac/install/csm/share/csm/package.bash'
[10.323s] INFO:colcon.colcon_core.shell:Creating package script '/home/leo/RM_prac/install/csm/share/csm/package.zsh'
[10.323s] Level 1:colcon.colcon_core.environment:create_file_with_runtime_dependencies(/home/leo/RM_prac/install/csm/share/colcon-core/packages/csm)
[10.351s] Level 1:colcon.colcon_core.environment:create_environment_scripts_only(csm)
[10.351s] Level 1:colcon.colcon_core.environment:checking '/home/leo/RM_prac/install/csm' for CMake module files
[10.351s] Level 1:colcon.colcon_core.environment:checking '/home/leo/RM_prac/install/csm' for CMake config files
[10.351s] Level 1:colcon.colcon_core.shell:create_environment_hook('csm', 'cmake_prefix_path')
[10.351s] INFO:colcon.colcon_core.shell:Creating environment hook '/home/leo/RM_prac/install/csm/share/csm/hook/cmake_prefix_path.ps1'
[10.351s] INFO:colcon.colcon_core.shell:Creating environment descriptor '/home/leo/RM_prac/install/csm/share/csm/hook/cmake_prefix_path.dsv'
[10.351s] INFO:colcon.colcon_core.shell:Creating environment hook '/home/leo/RM_prac/install/csm/share/csm/hook/cmake_prefix_path.sh'
[10.352s] Level 1:colcon.colcon_core.environment:checking '/home/leo/RM_prac/install/csm/lib'
[10.352s] Level 1:colcon.colcon_core.shell:create_environment_hook('csm', 'ld_library_path_lib')
[10.352s] INFO:colcon.colcon_core.shell:Creating environment hook '/home/leo/RM_prac/install/csm/share/csm/hook/ld_library_path_lib.ps1'
[10.352s] INFO:colcon.colcon_core.shell:Creating environment descriptor '/home/leo/RM_prac/install/csm/share/csm/hook/ld_library_path_lib.dsv'
[10.352s] INFO:colcon.colcon_core.shell:Creating environment hook '/home/leo/RM_prac/install/csm/share/csm/hook/ld_library_path_lib.sh'
[10.352s] Level 1:colcon.colcon_core.environment:checking '/home/leo/RM_prac/install/csm/bin'
[10.352s] Level 1:colcon.colcon_core.environment:checking '/home/leo/RM_prac/install/csm/lib/pkgconfig/csm.pc'
[10.352s] Level 1:colcon.colcon_core.environment:checking '/home/leo/RM_prac/install/csm/lib/python3.10/site-packages'
[10.352s] Level 1:colcon.colcon_core.environment:checking '/home/leo/RM_prac/install/csm/bin'
[10.352s] INFO:colcon.colcon_core.shell:Creating package script '/home/leo/RM_prac/install/csm/share/csm/package.ps1'
[10.353s] INFO:colcon.colcon_core.shell:Creating package descriptor '/home/leo/RM_prac/install/csm/share/csm/package.dsv'
[10.353s] INFO:colcon.colcon_core.shell:Creating package script '/home/leo/RM_prac/install/csm/share/csm/package.sh'
[10.353s] INFO:colcon.colcon_core.shell:Creating package script '/home/leo/RM_prac/install/csm/share/csm/package.bash'
[10.353s] INFO:colcon.colcon_core.shell:Creating package script '/home/leo/RM_prac/install/csm/share/csm/package.zsh'
[10.353s] Level 1:colcon.colcon_core.environment:create_file_with_runtime_dependencies(/home/leo/RM_prac/install/csm/share/colcon-core/packages/csm)
[10.353s] INFO:colcon.colcon_ros.task.ament_cmake.build:Building ROS package in '/home/leo/RM_prac/src/ros2_laser_scan_matcher' with build type 'ament_cmake'
[10.353s] INFO:colcon.colcon_cmake.task.cmake.build:Building CMake package in '/home/leo/RM_prac/src/ros2_laser_scan_matcher'
[10.354s] INFO:colcon.colcon_core.shell:Skip shell extension 'powershell' for command environment: Not usable outside of PowerShell
[10.354s] DEBUG:colcon.colcon_core.shell:Skip shell extension 'dsv' for command environment
[10.416s] DEBUG:colcon.colcon_core.event_handler.log_command:Invoking command in '/home/leo/RM_prac/build/ros2_laser_scan_matcher': CMAKE_PREFIX_PATH=/home/leo/RM_prac/install/csm:/home/leo/RM_prac/install/turtlebot3_coppeliasim:/home/leo/RM_prac/install/ros2_laser_scan_matcher:/home/leo/RM_prac/install/practica4_pkg:/home/leo/RM_prac/install/practica3_pkg:/home/leo/RM_prac/install/practica2_pkg:/home/leo/RM_prac/install/practica1_pkg:/opt/ros/humble /usr/bin/cmake /home/leo/RM_prac/src/ros2_laser_scan_matcher -DCMAKE_INSTALL_PREFIX=/home/leo/RM_prac/install/ros2_laser_scan_matcher
[12.627s] DEBUG:colcon.colcon_core.event_handler.log_command:Invoked command in '/home/leo/RM_prac/build/practica4_pkg' returned '0': CMAKE_PREFIX_PATH=${CMAKE_PREFIX_PATH}:/opt/ros/humble /usr/bin/cmake /home/leo/RM_prac/src/practica4_pkg -DCMAKE_INSTALL_PREFIX=/home/leo/RM_prac/install/practica4_pkg
[12.629s] DEBUG:colcon.colcon_core.event_handler.log_command:Invoking command in '/home/leo/RM_prac/build/practica4_pkg': CMAKE_PREFIX_PATH=${CMAKE_PREFIX_PATH}:/opt/ros/humble /usr/bin/cmake --build /home/leo/RM_prac/build/practica4_pkg -- -j32 -l32
[14.909s] DEBUG:colcon.colcon_core.event_handler.log_command:Invoked command in '/home/leo/RM_prac/build/ros2_laser_scan_matcher' returned '0': CMAKE_PREFIX_PATH=/home/leo/RM_prac/install/csm:/home/leo/RM_prac/install/turtlebot3_coppeliasim:/home/leo/RM_prac/install/ros2_laser_scan_matcher:/home/leo/RM_prac/install/practica4_pkg:/home/leo/RM_prac/install/practica3_pkg:/home/leo/RM_prac/install/practica2_pkg:/home/leo/RM_prac/install/practica1_pkg:/opt/ros/humble /usr/bin/cmake /home/leo/RM_prac/src/ros2_laser_scan_matcher -DCMAKE_INSTALL_PREFIX=/home/leo/RM_prac/install/ros2_laser_scan_matcher
[14.909s] DEBUG:colcon.colcon_core.event_handler.log_command:Invoking command in '/home/leo/RM_prac/build/ros2_laser_scan_matcher': CMAKE_PREFIX_PATH=/home/leo/RM_prac/install/csm:/home/leo/RM_prac/install/turtlebot3_coppeliasim:/home/leo/RM_prac/install/ros2_laser_scan_matcher:/home/leo/RM_prac/install/practica4_pkg:/home/leo/RM_prac/install/practica3_pkg:/home/leo/RM_prac/install/practica2_pkg:/home/leo/RM_prac/install/practica1_pkg:/opt/ros/humble /usr/bin/cmake --build /home/leo/RM_prac/build/ros2_laser_scan_matcher -- -j32 -l32
[18.548s] DEBUG:colcon.colcon_core.event_handler.log_command:Invoked command in '/home/leo/RM_prac/build/practica4_pkg' returned '0': CMAKE_PREFIX_PATH=${CMAKE_PREFIX_PATH}:/opt/ros/humble /usr/bin/cmake --build /home/leo/RM_prac/build/practica4_pkg -- -j32 -l32
[18.558s] DEBUG:colcon.colcon_core.event_handler.log_command:Invoking command in '/home/leo/RM_prac/build/practica4_pkg': CMAKE_PREFIX_PATH=${CMAKE_PREFIX_PATH}:/opt/ros/humble /usr/bin/cmake --install /home/leo/RM_prac/build/practica4_pkg
[18.564s] Level 1:colcon.colcon_core.environment:create_environment_scripts_only(practica4_pkg)
[18.565s] DEBUG:colcon.colcon_core.event_handler.log_command:Invoked command in '/home/leo/RM_prac/build/practica4_pkg' returned '0': CMAKE_PREFIX_PATH=${CMAKE_PREFIX_PATH}:/opt/ros/humble /usr/bin/cmake --install /home/leo/RM_prac/build/practica4_pkg
[18.565s] Level 1:colcon.colcon_core.environment:checking '/home/leo/RM_prac/install/practica4_pkg' for CMake module files
[18.565s] Level 1:colcon.colcon_core.environment:checking '/home/leo/RM_prac/install/practica4_pkg' for CMake config files
[18.565s] Level 1:colcon.colcon_core.shell:create_environment_hook('practica4_pkg', 'cmake_prefix_path')
[18.565s] INFO:colcon.colcon_core.shell:Creating environment hook '/home/leo/RM_prac/install/practica4_pkg/share/practica4_pkg/hook/cmake_prefix_path.ps1'
[18.565s] INFO:colcon.colcon_core.shell:Creating environment descriptor '/home/leo/RM_prac/install/practica4_pkg/share/practica4_pkg/hook/cmake_prefix_path.dsv'
[18.565s] INFO:colcon.colcon_core.shell:Creating environment hook '/home/leo/RM_prac/install/practica4_pkg/share/practica4_pkg/hook/cmake_prefix_path.sh'
[18.566s] Level 1:colcon.colcon_core.environment:checking '/home/leo/RM_prac/install/practica4_pkg/lib'
[18.566s] Level 1:colcon.colcon_core.environment:checking '/home/leo/RM_prac/install/practica4_pkg/bin'
[18.566s] Level 1:colcon.colcon_core.environment:checking '/home/leo/RM_prac/install/practica4_pkg/lib/pkgconfig/practica4_pkg.pc'
[18.566s] Level 1:colcon.colcon_core.environment:checking '/home/leo/RM_prac/install/practica4_pkg/lib/python3.10/site-packages'
[18.566s] Level 1:colcon.colcon_core.environment:checking '/home/leo/RM_prac/install/practica4_pkg/bin'
[18.566s] INFO:colcon.colcon_core.shell:Creating package script '/home/leo/RM_prac/install/practica4_pkg/share/practica4_pkg/package.ps1'
[18.566s] INFO:colcon.colcon_core.shell:Creating package descriptor '/home/leo/RM_prac/install/practica4_pkg/share/practica4_pkg/package.dsv'
[18.566s] INFO:colcon.colcon_core.shell:Creating package script '/home/leo/RM_prac/install/practica4_pkg/share/practica4_pkg/package.sh'
[18.566s] INFO:colcon.colcon_core.shell:Creating package script '/home/leo/RM_prac/install/practica4_pkg/share/practica4_pkg/package.bash'
[18.566s] INFO:colcon.colcon_core.shell:Creating package script '/home/leo/RM_prac/install/practica4_pkg/share/practica4_pkg/package.zsh'
[18.567s] Level 1:colcon.colcon_core.environment:create_file_with_runtime_dependencies(/home/leo/RM_prac/install/practica4_pkg/share/colcon-core/packages/practica4_pkg)
[18.577s] Level 1:colcon.colcon_core.environment:create_environment_scripts_only(practica4_pkg)
[18.577s] Level 1:colcon.colcon_core.environment:checking '/home/leo/RM_prac/install/practica4_pkg' for CMake module files
[18.577s] Level 1:colcon.colcon_core.environment:checking '/home/leo/RM_prac/install/practica4_pkg' for CMake config files
[18.577s] Level 1:colcon.colcon_core.shell:create_environment_hook('practica4_pkg', 'cmake_prefix_path')
[18.577s] INFO:colcon.colcon_core.shell:Creating environment hook '/home/leo/RM_prac/install/practica4_pkg/share/practica4_pkg/hook/cmake_prefix_path.ps1'
[18.577s] INFO:colcon.colcon_core.shell:Creating environment descriptor '/home/leo/RM_prac/install/practica4_pkg/share/practica4_pkg/hook/cmake_prefix_path.dsv'
[18.577s] INFO:colcon.colcon_core.shell:Creating environment hook '/home/leo/RM_prac/install/practica4_pkg/share/practica4_pkg/hook/cmake_prefix_path.sh'
[18.578s] Level 1:colcon.colcon_core.environment:checking '/home/leo/RM_prac/install/practica4_pkg/lib'
[18.578s] Level 1:colcon.colcon_core.environment:checking '/home/leo/RM_prac/install/practica4_pkg/bin'
[18.578s] Level 1:colcon.colcon_core.environment:checking '/home/leo/RM_prac/install/practica4_pkg/lib/pkgconfig/practica4_pkg.pc'
[18.578s] Level 1:colcon.colcon_core.environment:checking '/home/leo/RM_prac/install/practica4_pkg/lib/python3.10/site-packages'
[18.578s] Level 1:colcon.colcon_core.environment:checking '/home/leo/RM_prac/install/practica4_pkg/bin'
[18.578s] INFO:colcon.colcon_core.shell:Creating package script '/home/leo/RM_prac/install/practica4_pkg/share/practica4_pkg/package.ps1'
[18.578s] INFO:colcon.colcon_core.shell:Creating package descriptor '/home/leo/RM_prac/install/practica4_pkg/share/practica4_pkg/package.dsv'
[18.578s] INFO:colcon.colcon_core.shell:Creating package script '/home/leo/RM_prac/install/practica4_pkg/share/practica4_pkg/package.sh'
[18.578s] INFO:colcon.colcon_core.shell:Creating package script '/home/leo/RM_prac/install/practica4_pkg/share/practica4_pkg/package.bash'
[18.578s] INFO:colcon.colcon_core.shell:Creating package script '/home/leo/RM_prac/install/practica4_pkg/share/practica4_pkg/package.zsh'
[18.579s] Level 1:colcon.colcon_core.environment:create_file_with_runtime_dependencies(/home/leo/RM_prac/install/practica4_pkg/share/colcon-core/packages/practica4_pkg)
[20.245s] DEBUG:colcon.colcon_core.event_handler.log_command:Invoked command in '/home/leo/RM_prac/build/ros2_laser_scan_matcher' returned '0': CMAKE_PREFIX_PATH=/home/leo/RM_prac/install/csm:/home/leo/RM_prac/install/turtlebot3_coppeliasim:/home/leo/RM_prac/install/ros2_laser_scan_matcher:/home/leo/RM_prac/install/practica4_pkg:/home/leo/RM_prac/install/practica3_pkg:/home/leo/RM_prac/install/practica2_pkg:/home/leo/RM_prac/install/practica1_pkg:/opt/ros/humble /usr/bin/cmake --build /home/leo/RM_prac/build/ros2_laser_scan_matcher -- -j32 -l32
[20.255s] DEBUG:colcon.colcon_core.event_handler.log_command:Invoking command in '/home/leo/RM_prac/build/ros2_laser_scan_matcher': CMAKE_PREFIX_PATH=/home/leo/RM_prac/install/csm:/home/leo/RM_prac/install/turtlebot3_coppeliasim:/home/leo/RM_prac/install/ros2_laser_scan_matcher:/home/leo/RM_prac/install/practica4_pkg:/home/leo/RM_prac/install/practica3_pkg:/home/leo/RM_prac/install/practica2_pkg:/home/leo/RM_prac/install/practica1_pkg:/opt/ros/humble /usr/bin/cmake --install /home/leo/RM_prac/build/ros2_laser_scan_matcher
[20.261s] Level 1:colcon.colcon_core.environment:create_environment_scripts_only(ros2_laser_scan_matcher)
[20.261s] DEBUG:colcon.colcon_core.event_handler.log_command:Invoked command in '/home/leo/RM_prac/build/ros2_laser_scan_matcher' returned '0': CMAKE_PREFIX_PATH=/home/leo/RM_prac/install/csm:/home/leo/RM_prac/install/turtlebot3_coppeliasim:/home/leo/RM_prac/install/ros2_laser_scan_matcher:/home/leo/RM_prac/install/practica4_pkg:/home/leo/RM_prac/install/practica3_pkg:/home/leo/RM_prac/install/practica2_pkg:/home/leo/RM_prac/install/practica1_pkg:/opt/ros/humble /usr/bin/cmake --install /home/leo/RM_prac/build/ros2_laser_scan_matcher
[20.261s] Level 1:colcon.colcon_core.environment:checking '/home/leo/RM_prac/install/ros2_laser_scan_matcher' for CMake module files
[20.261s] Level 1:colcon.colcon_core.environment:checking '/home/leo/RM_prac/install/ros2_laser_scan_matcher' for CMake config files
[20.262s] Level 1:colcon.colcon_core.shell:create_environment_hook('ros2_laser_scan_matcher', 'cmake_prefix_path')
[20.262s] INFO:colcon.colcon_core.shell:Creating environment hook '/home/leo/RM_prac/install/ros2_laser_scan_matcher/share/ros2_laser_scan_matcher/hook/cmake_prefix_path.ps1'
[20.262s] INFO:colcon.colcon_core.shell:Creating environment descriptor '/home/leo/RM_prac/install/ros2_laser_scan_matcher/share/ros2_laser_scan_matcher/hook/cmake_prefix_path.dsv'
[20.262s] INFO:colcon.colcon_core.shell:Creating environment hook '/home/leo/RM_prac/install/ros2_laser_scan_matcher/share/ros2_laser_scan_matcher/hook/cmake_prefix_path.sh'
[20.262s] Level 1:colcon.colcon_core.environment:checking '/home/leo/RM_prac/install/ros2_laser_scan_matcher/lib'
[20.262s] Level 1:colcon.colcon_core.environment:checking '/home/leo/RM_prac/install/ros2_laser_scan_matcher/bin'
[20.262s] Level 1:colcon.colcon_core.environment:checking '/home/leo/RM_prac/install/ros2_laser_scan_matcher/lib/pkgconfig/ros2_laser_scan_matcher.pc'
[20.262s] Level 1:colcon.colcon_core.environment:checking '/home/leo/RM_prac/install/ros2_laser_scan_matcher/lib/python3.10/site-packages'
[20.262s] Level 1:colcon.colcon_core.environment:checking '/home/leo/RM_prac/install/ros2_laser_scan_matcher/bin'
[20.262s] INFO:colcon.colcon_core.shell:Creating package script '/home/leo/RM_prac/install/ros2_laser_scan_matcher/share/ros2_laser_scan_matcher/package.ps1'
[20.263s] INFO:colcon.colcon_core.shell:Creating package descriptor '/home/leo/RM_prac/install/ros2_laser_scan_matcher/share/ros2_laser_scan_matcher/package.dsv'
[20.263s] INFO:colcon.colcon_core.shell:Creating package script '/home/leo/RM_prac/install/ros2_laser_scan_matcher/share/ros2_laser_scan_matcher/package.sh'
[20.263s] INFO:colcon.colcon_core.shell:Creating package script '/home/leo/RM_prac/install/ros2_laser_scan_matcher/share/ros2_laser_scan_matcher/package.bash'
[20.263s] INFO:colcon.colcon_core.shell:Creating package script '/home/leo/RM_prac/install/ros2_laser_scan_matcher/share/ros2_laser_scan_matcher/package.zsh'
[20.263s] Level 1:colcon.colcon_core.environment:create_file_with_runtime_dependencies(/home/leo/RM_prac/install/ros2_laser_scan_matcher/share/colcon-core/packages/ros2_laser_scan_matcher)
[20.272s] Level 1:colcon.colcon_core.environment:create_environment_scripts_only(ros2_laser_scan_matcher)
[20.272s] Level 1:colcon.colcon_core.environment:checking '/home/leo/RM_prac/install/ros2_laser_scan_matcher' for CMake module files
[20.273s] Level 1:colcon.colcon_core.environment:checking '/home/leo/RM_prac/install/ros2_laser_scan_matcher' for CMake config files
[20.273s] Level 1:colcon.colcon_core.shell:create_environment_hook('ros2_laser_scan_matcher', 'cmake_prefix_path')
[20.273s] INFO:colcon.colcon_core.shell:Creating environment hook '/home/leo/RM_prac/install/ros2_laser_scan_matcher/share/ros2_laser_scan_matcher/hook/cmake_prefix_path.ps1'
[20.273s] INFO:colcon.colcon_core.shell:Creating environment descriptor '/home/leo/RM_prac/install/ros2_laser_scan_matcher/share/ros2_laser_scan_matcher/hook/cmake_prefix_path.dsv'
[20.273s] INFO:colcon.colcon_core.shell:Creating environment hook '/home/leo/RM_prac/install/ros2_laser_scan_matcher/share/ros2_laser_scan_matcher/hook/cmake_prefix_path.sh'
[20.273s] Level 1:colcon.colcon_core.environment:checking '/home/leo/RM_prac/install/ros2_laser_scan_matcher/lib'
[20.273s] Level 1:colcon.colcon_core.environment:checking '/home/leo/RM_prac/install/ros2_laser_scan_matcher/bin'
[20.273s] Level 1:colcon.colcon_core.environment:checking '/home/leo/RM_prac/install/ros2_laser_scan_matcher/lib/pkgconfig/ros2_laser_scan_matcher.pc'
[20.273s] Level 1:colcon.colcon_core.environment:checking '/home/leo/RM_prac/install/ros2_laser_scan_matcher/lib/python3.10/site-packages'
[20.274s] Level 1:colcon.colcon_core.environment:checking '/home/leo/RM_prac/install/ros2_laser_scan_matcher/bin'
[20.274s] INFO:colcon.colcon_core.shell:Creating package script '/home/leo/RM_prac/install/ros2_laser_scan_matcher/share/ros2_laser_scan_matcher/package.ps1'
[20.274s] INFO:colcon.colcon_core.shell:Creating package descriptor '/home/leo/RM_prac/install/ros2_laser_scan_matcher/share/ros2_laser_scan_matcher/package.dsv'
[20.274s] INFO:colcon.colcon_core.shell:Creating package script '/home/leo/RM_prac/install/ros2_laser_scan_matcher/share/ros2_laser_scan_matcher/package.sh'
[20.274s] INFO:colcon.colcon_core.shell:Creating package script '/home/leo/RM_prac/install/ros2_laser_scan_matcher/share/ros2_laser_scan_matcher/package.bash'
[20.274s] INFO:colcon.colcon_core.shell:Creating package script '/home/leo/RM_prac/install/ros2_laser_scan_matcher/share/ros2_laser_scan_matcher/package.zsh'
[20.274s] Level 1:colcon.colcon_core.environment:create_file_with_runtime_dependencies(/home/leo/RM_prac/install/ros2_laser_scan_matcher/share/colcon-core/packages/ros2_laser_scan_matcher)
[20.274s] DEBUG:colcon.colcon_parallel_executor.executor.parallel:closing loop
[20.275s] DEBUG:colcon.colcon_parallel_executor.executor.parallel:loop closed
[20.275s] DEBUG:colcon.colcon_parallel_executor.executor.parallel:run_until_complete finished with '0'
[20.275s] DEBUG:colcon.colcon_core.event_reactor:joining thread
[20.281s] INFO:colcon.colcon_core.plugin_system:Skipping extension 'colcon_notification.desktop_notification.terminal_notifier': Not used on non-Darwin systems
[20.281s] INFO:colcon.colcon_core.plugin_system:Skipping extension 'colcon_notification.desktop_notification.win32': Not used on non-Windows systems
[20.281s] INFO:colcon.colcon_notification.desktop_notification:Sending desktop notification using 'notify2'
[20.283s] DEBUG:colcon.colcon_core.event_reactor:joined thread
[20.283s] INFO:colcon.colcon_core.shell:Creating prefix script '/home/leo/RM_prac/install/local_setup.ps1'
[20.284s] INFO:colcon.colcon_core.shell:Creating prefix util module '/home/leo/RM_prac/install/_local_setup_util_ps1.py'
[20.285s] INFO:colcon.colcon_core.shell:Creating prefix chain script '/home/leo/RM_prac/install/setup.ps1'
[20.285s] INFO:colcon.colcon_core.shell:Creating prefix script '/home/leo/RM_prac/install/local_setup.sh'
[20.286s] INFO:colcon.colcon_core.shell:Creating prefix util module '/home/leo/RM_prac/install/_local_setup_util_sh.py'
[20.286s] INFO:colcon.colcon_core.shell:Creating prefix chain script '/home/leo/RM_prac/install/setup.sh'
[20.286s] INFO:colcon.colcon_core.shell:Creating prefix script '/home/leo/RM_prac/install/local_setup.bash'
[20.287s] INFO:colcon.colcon_core.shell:Creating prefix chain script '/home/leo/RM_prac/install/setup.bash'
[20.288s] INFO:colcon.colcon_core.shell:Creating prefix script '/home/leo/RM_prac/install/local_setup.zsh'
[20.288s] INFO:colcon.colcon_core.shell:Creating prefix chain script '/home/leo/RM_prac/install/setup.zsh'
