[0.006s] Invoking command in '/home/rinese/RM/RM_prac/build/transformations_pkg': CMAKE_PREFIX_PATH=/opt/ros/humble /usr/bin/cmake /home/rinese/RM/RM_prac/src/transformations_pkg -DCMAKE_INSTALL_PREFIX=/home/rinese/RM/RM_prac/install/transformations_pkg
[0.071s] -- The C compiler identification is GNU 11.4.0
[0.110s] -- The CXX compiler identification is GNU 11.4.0
[0.115s] -- Detecting C compiler ABI info
[0.162s] -- Detecting C compiler ABI info - done
[0.167s] -- Check for working C compiler: /usr/bin/cc - skipped
[0.167s] -- Detecting C compile features
[0.168s] -- Detecting C compile features - done
[0.170s] -- Detecting CXX compiler ABI info
[0.226s] -- Detecting CXX compiler ABI info - done
[0.231s] -- Check for working CXX compiler: /usr/bin/c++ - skipped
[0.231s] -- Detecting CXX compile features
[0.231s] -- Detecting CXX compile features - done
[0.233s] -- Found ament_cmake: 1.3.12 (/opt/ros/humble/share/ament_cmake/cmake)
[0.332s] -- Found Python3: /usr/bin/python3 (found version "3.10.12") found components: Interpreter 
[0.395s] -- Found rclcpp: 16.0.15 (/opt/ros/humble/share/rclcpp/cmake)
[0.451s] -- Found rosidl_generator_c: 3.1.7 (/opt/ros/humble/share/rosidl_generator_c/cmake)
[0.451s] -- Found rosidl_adapter: 3.1.7 (/opt/ros/humble/share/rosidl_adapter/cmake)
[0.451s] -- Found rosidl_generator_cpp: 3.1.7 (/opt/ros/humble/share/rosidl_generator_cpp/cmake)
[0.453s] -- Using all available rosidl_typesupport_c: rosidl_typesupport_fastrtps_c;rosidl_typesupport_introspection_c
[0.467s] -- Using all available rosidl_typesupport_cpp: rosidl_typesupport_fastrtps_cpp;rosidl_typesupport_introspection_cpp
[0.496s] -- Found rmw_implementation_cmake: 6.1.2 (/opt/ros/humble/share/rmw_implementation_cmake/cmake)
[0.497s] -- Found rmw_fastrtps_cpp: 6.2.8 (/opt/ros/humble/share/rmw_fastrtps_cpp/cmake)
[0.551s] -- Found OpenSSL: /usr/lib/x86_64-linux-gnu/libcrypto.so (found version "3.0.2")  
[0.569s] -- Found FastRTPS: /opt/ros/humble/include  
[0.596s] -- Using RMW implementation 'rmw_fastrtps_cpp' as default
[0.601s] -- Looking for pthread.h
[0.650s] -- Looking for pthread.h - found
[0.650s] -- Performing Test CMAKE_HAVE_LIBC_PTHREAD
[0.705s] -- Performing Test CMAKE_HAVE_LIBC_PTHREAD - Success
[0.706s] -- Found Threads: TRUE  
[0.742s] -- Found geometry_msgs: 4.9.0 (/opt/ros/humble/share/geometry_msgs/cmake)
[0.751s] -- Found tf2: 0.25.16 (/opt/ros/humble/share/tf2/cmake)
[0.757s] -- Found tf2_geometry_msgs: 0.25.16 (/opt/ros/humble/share/tf2_geometry_msgs/cmake)
[0.767s] -- Found eigen3_cmake_module: 0.1.1 (/opt/ros/humble/share/eigen3_cmake_module/cmake)
[0.768s] -- Found Eigen3: TRUE (found version "3.4.0") 
[0.768s] -- Ensuring Eigen3 include directory is part of orocos-kdl CMake target
[0.831s] -- Found ament_lint_auto: 0.12.14 (/opt/ros/humble/share/ament_lint_auto/cmake)
[0.883s] -- Added test 'cppcheck' to perform static code analysis on C / C++ code
[0.883s] -- Configured cppcheck include dirs: 
[0.883s] -- Configured cppcheck exclude dirs and/or files: 
[0.884s] -- Added test 'lint_cmake' to check CMake code style
[0.884s] -- Added test 'uncrustify' to check C / C++ code style
[0.884s] -- Configured uncrustify additional arguments: 
[0.884s] -- Added test 'xmllint' to check XML markup files
[0.885s] -- Configuring done
[0.892s] -- Generating done
[0.896s] -- Build files have been written to: /home/rinese/RM/RM_prac/build/transformations_pkg
[0.903s] Invoked command in '/home/rinese/RM/RM_prac/build/transformations_pkg' returned '0': CMAKE_PREFIX_PATH=/opt/ros/humble /usr/bin/cmake /home/rinese/RM/RM_prac/src/transformations_pkg -DCMAKE_INSTALL_PREFIX=/home/rinese/RM/RM_prac/install/transformations_pkg
[0.904s] Invoking command in '/home/rinese/RM/RM_prac/build/transformations_pkg': CMAKE_PREFIX_PATH=/opt/ros/humble /usr/bin/cmake --build /home/rinese/RM/RM_prac/build/transformations_pkg -- -j8 -l8
[0.939s] [ 50%] [32mBuilding CXX object CMakeFiles/transform_listener.dir/src/transform_listener.cpp.o[0m
[6.514s] [100%] [32m[1mLinking CXX executable transform_listener[0m
[6.803s] [100%] Built target transform_listener
[6.813s] Invoked command in '/home/rinese/RM/RM_prac/build/transformations_pkg' returned '0': CMAKE_PREFIX_PATH=/opt/ros/humble /usr/bin/cmake --build /home/rinese/RM/RM_prac/build/transformations_pkg -- -j8 -l8
[6.820s] Invoking command in '/home/rinese/RM/RM_prac/build/transformations_pkg': CMAKE_PREFIX_PATH=/opt/ros/humble /usr/bin/cmake --install /home/rinese/RM/RM_prac/build/transformations_pkg
[6.826s] -- Install configuration: ""
[6.826s] -- Installing: /home/rinese/RM/RM_prac/install/transformations_pkg/lib/transformations_pkg/transform_listener
[6.828s] -- Set runtime path of "/home/rinese/RM/RM_prac/install/transformations_pkg/lib/transformations_pkg/transform_listener" to ""
[6.828s] -- Installing: /home/rinese/RM/RM_prac/install/transformations_pkg/share/ament_index/resource_index/package_run_dependencies/transformations_pkg
[6.828s] -- Installing: /home/rinese/RM/RM_prac/install/transformations_pkg/share/ament_index/resource_index/parent_prefix_path/transformations_pkg
[6.828s] -- Installing: /home/rinese/RM/RM_prac/install/transformations_pkg/share/transformations_pkg/environment/ament_prefix_path.sh
[6.828s] -- Installing: /home/rinese/RM/RM_prac/install/transformations_pkg/share/transformations_pkg/environment/ament_prefix_path.dsv
[6.828s] -- Installing: /home/rinese/RM/RM_prac/install/transformations_pkg/share/transformations_pkg/environment/path.sh
[6.828s] -- Installing: /home/rinese/RM/RM_prac/install/transformations_pkg/share/transformations_pkg/environment/path.dsv
[6.828s] -- Installing: /home/rinese/RM/RM_prac/install/transformations_pkg/share/transformations_pkg/local_setup.bash
[6.828s] -- Installing: /home/rinese/RM/RM_prac/install/transformations_pkg/share/transformations_pkg/local_setup.sh
[6.828s] -- Installing: /home/rinese/RM/RM_prac/install/transformations_pkg/share/transformations_pkg/local_setup.zsh
[6.828s] -- Installing: /home/rinese/RM/RM_prac/install/transformations_pkg/share/transformations_pkg/local_setup.dsv
[6.828s] -- Installing: /home/rinese/RM/RM_prac/install/transformations_pkg/share/transformations_pkg/package.dsv
[6.829s] -- Installing: /home/rinese/RM/RM_prac/install/transformations_pkg/share/ament_index/resource_index/packages/transformations_pkg
[6.829s] -- Installing: /home/rinese/RM/RM_prac/install/transformations_pkg/share/transformations_pkg/cmake/transformations_pkgConfig.cmake
[6.829s] -- Installing: /home/rinese/RM/RM_prac/install/transformations_pkg/share/transformations_pkg/cmake/transformations_pkgConfig-version.cmake
[6.829s] -- Installing: /home/rinese/RM/RM_prac/install/transformations_pkg/share/transformations_pkg/package.xml
[6.830s] Invoked command in '/home/rinese/RM/RM_prac/build/transformations_pkg' returned '0': CMAKE_PREFIX_PATH=/opt/ros/humble /usr/bin/cmake --install /home/rinese/RM/RM_prac/build/transformations_pkg
