[0.013s] Invoking command in '/home/leo/RM_prac/build/turtlebot3_coppeliasim': CMAKE_PREFIX_PATH=${CMAKE_PREFIX_PATH}:/opt/ros/humble /usr/bin/cmake /home/leo/RM_prac/src/turtlebot3_coppeliasim -DCMAKE_INSTALL_PREFIX=/home/leo/RM_prac/install/turtlebot3_coppeliasim
[0.120s] -- The C compiler identification is GNU 11.4.0
[0.498s] -- The CXX compiler identification is GNU 11.4.0
[0.720s] -- Detecting C compiler ABI info
[0.786s] -- Detecting C compiler ABI info - done
[0.789s] -- Check for working C compiler: /usr/bin/cc - skipped
[0.789s] -- Detecting C compile features
[0.789s] -- Detecting C compile features - done
[0.791s] -- Detecting CXX compiler ABI info
[0.851s] -- Detecting CXX compiler ABI info - done
[0.854s] -- Check for working CXX compiler: /usr/bin/c++ - skipped
[0.855s] -- Detecting CXX compile features
[0.855s] -- Detecting CXX compile features - done
[0.856s] -- Found ament_cmake: 1.3.9 (/opt/ros/humble/share/ament_cmake/cmake)
[0.919s] -- Found Python3: /usr/bin/python3 (found version "3.10.12") found components: Interpreter 
[0.986s] -- Configuring done
[0.988s] -- Generating done
[0.988s] -- Build files have been written to: /home/leo/RM_prac/build/turtlebot3_coppeliasim
[0.990s] Invoked command in '/home/leo/RM_prac/build/turtlebot3_coppeliasim' returned '0': CMAKE_PREFIX_PATH=${CMAKE_PREFIX_PATH}:/opt/ros/humble /usr/bin/cmake /home/leo/RM_prac/src/turtlebot3_coppeliasim -DCMAKE_INSTALL_PREFIX=/home/leo/RM_prac/install/turtlebot3_coppeliasim
[0.991s] Invoking command in '/home/leo/RM_prac/build/turtlebot3_coppeliasim': CMAKE_PREFIX_PATH=${CMAKE_PREFIX_PATH}:/opt/ros/humble /usr/bin/cmake --build /home/leo/RM_prac/build/turtlebot3_coppeliasim -- -j32 -l32
[1.006s] Invoked command in '/home/leo/RM_prac/build/turtlebot3_coppeliasim' returned '0': CMAKE_PREFIX_PATH=${CMAKE_PREFIX_PATH}:/opt/ros/humble /usr/bin/cmake --build /home/leo/RM_prac/build/turtlebot3_coppeliasim -- -j32 -l32
[1.017s] Invoking command in '/home/leo/RM_prac/build/turtlebot3_coppeliasim': CMAKE_PREFIX_PATH=${CMAKE_PREFIX_PATH}:/opt/ros/humble /usr/bin/cmake --install /home/leo/RM_prac/build/turtlebot3_coppeliasim
[1.020s] -- Install configuration: ""
[1.020s] -- Installing: /home/leo/RM_prac/install/turtlebot3_coppeliasim/share/turtlebot3_coppeliasim/launch
[1.020s] -- Installing: /home/leo/RM_prac/install/turtlebot3_coppeliasim/share/turtlebot3_coppeliasim/launch/rviz2.launch.py
[1.020s] -- Installing: /home/leo/RM_prac/install/turtlebot3_coppeliasim/share/turtlebot3_coppeliasim/launch/turtlebot3_coppeliasim.launch.py
[1.020s] -- Installing: /home/leo/RM_prac/install/turtlebot3_coppeliasim/share/turtlebot3_coppeliasim/launch/turtlebot3_bill_coppeliasim.launch.py
[1.021s] -- Installing: /home/leo/RM_prac/install/turtlebot3_coppeliasim/share/turtlebot3_coppeliasim/param
[1.021s] -- Installing: /home/leo/RM_prac/install/turtlebot3_coppeliasim/share/turtlebot3_coppeliasim/param/burger.yaml
[1.021s] -- Installing: /home/leo/RM_prac/install/turtlebot3_coppeliasim/share/turtlebot3_coppeliasim/scenes
[1.021s] -- Installing: /home/leo/RM_prac/install/turtlebot3_coppeliasim/share/turtlebot3_coppeliasim/scenes/turtlebot3_burger_ROS2.ttt
[1.030s] -- Installing: /home/leo/RM_prac/install/turtlebot3_coppeliasim/share/turtlebot3_coppeliasim/scenes/turtlebot3_burger_bill_ROS2.ttt
[1.038s] -- Installing: /home/leo/RM_prac/install/turtlebot3_coppeliasim/share/turtlebot3_coppeliasim/rviz
[1.038s] -- Installing: /home/leo/RM_prac/install/turtlebot3_coppeliasim/share/turtlebot3_coppeliasim/rviz/tb3_coppeliasim.rviz
[1.038s] -- Installing: /home/leo/RM_prac/install/turtlebot3_coppeliasim/share/turtlebot3_coppeliasim/urdf
[1.039s] -- Installing: /home/leo/RM_prac/install/turtlebot3_coppeliasim/share/turtlebot3_coppeliasim/urdf/common_properties.urdf
[1.039s] -- Installing: /home/leo/RM_prac/install/turtlebot3_coppeliasim/share/turtlebot3_coppeliasim/urdf/turtlebot3_waffle_pi.urdf
[1.039s] -- Installing: /home/leo/RM_prac/install/turtlebot3_coppeliasim/share/turtlebot3_coppeliasim/urdf/turtlebot3_burger_cam.urdf
[1.039s] -- Installing: /home/leo/RM_prac/install/turtlebot3_coppeliasim/share/turtlebot3_coppeliasim/urdf/turtlebot3_burger.urdf
[1.040s] -- Installing: /home/leo/RM_prac/install/turtlebot3_coppeliasim/share/turtlebot3_coppeliasim/urdf/turtlebot3_waffle.urdf
[1.040s] -- Installing: /home/leo/RM_prac/install/turtlebot3_coppeliasim/share/turtlebot3_coppeliasim/models
[1.040s] -- Installing: /home/leo/RM_prac/install/turtlebot3_coppeliasim/share/turtlebot3_coppeliasim/models/turtlebot3_common
[1.040s] -- Installing: /home/leo/RM_prac/install/turtlebot3_coppeliasim/share/turtlebot3_coppeliasim/models/turtlebot3_common/model.config
[1.040s] -- Installing: /home/leo/RM_prac/install/turtlebot3_coppeliasim/share/turtlebot3_coppeliasim/models/turtlebot3_common/meshes
[1.041s] -- Installing: /home/leo/RM_prac/install/turtlebot3_coppeliasim/share/turtlebot3_coppeliasim/models/turtlebot3_common/meshes/lds.dae
[1.041s] -- Installing: /home/leo/RM_prac/install/turtlebot3_coppeliasim/share/turtlebot3_coppeliasim/models/turtlebot3_common/meshes/r200.dae
[1.042s] -- Installing: /home/leo/RM_prac/install/turtlebot3_coppeliasim/share/turtlebot3_coppeliasim/models/turtlebot3_common/meshes/tire.dae
[1.042s] -- Installing: /home/leo/RM_prac/install/turtlebot3_coppeliasim/share/turtlebot3_coppeliasim/models/turtlebot3_common/meshes/sensors
[1.042s] -- Installing: /home/leo/RM_prac/install/turtlebot3_coppeliasim/share/turtlebot3_coppeliasim/models/turtlebot3_common/meshes/sensors/astra.dae
[1.053s] -- Installing: /home/leo/RM_prac/install/turtlebot3_coppeliasim/share/turtlebot3_coppeliasim/models/turtlebot3_common/meshes/sensors/r200.jpg
[1.054s] -- Installing: /home/leo/RM_prac/install/turtlebot3_coppeliasim/share/turtlebot3_coppeliasim/models/turtlebot3_common/meshes/sensors/r200.dae
[1.054s] -- Installing: /home/leo/RM_prac/install/turtlebot3_coppeliasim/share/turtlebot3_coppeliasim/models/turtlebot3_common/meshes/sensors/astra.jpg
[1.055s] -- Installing: /home/leo/RM_prac/install/turtlebot3_coppeliasim/share/turtlebot3_coppeliasim/models/turtlebot3_common/meshes/sensors/lds.stl
[1.056s] -- Installing: /home/leo/RM_prac/install/turtlebot3_coppeliasim/share/turtlebot3_coppeliasim/models/turtlebot3_common/meshes/waffle_pi_base.dae
[1.056s] -- Installing: /home/leo/RM_prac/install/turtlebot3_coppeliasim/share/turtlebot3_coppeliasim/models/turtlebot3_common/meshes/burger_base.dae
[1.056s] -- Installing: /home/leo/RM_prac/install/turtlebot3_coppeliasim/share/turtlebot3_coppeliasim/models/turtlebot3_common/meshes/bases
[1.056s] -- Installing: /home/leo/RM_prac/install/turtlebot3_coppeliasim/share/turtlebot3_coppeliasim/models/turtlebot3_common/meshes/bases/burger_base.stl
[1.063s] -- Installing: /home/leo/RM_prac/install/turtlebot3_coppeliasim/share/turtlebot3_coppeliasim/models/turtlebot3_common/meshes/bases/waffle_base.stl
[1.082s] -- Installing: /home/leo/RM_prac/install/turtlebot3_coppeliasim/share/turtlebot3_coppeliasim/models/turtlebot3_common/meshes/bases/waffle_pi_base.stl
[1.093s] -- Installing: /home/leo/RM_prac/install/turtlebot3_coppeliasim/share/turtlebot3_coppeliasim/models/turtlebot3_common/meshes/wheels
[1.093s] -- Installing: /home/leo/RM_prac/install/turtlebot3_coppeliasim/share/turtlebot3_coppeliasim/models/turtlebot3_common/meshes/wheels/right_tire.stl
[1.095s] -- Installing: /home/leo/RM_prac/install/turtlebot3_coppeliasim/share/turtlebot3_coppeliasim/models/turtlebot3_common/meshes/wheels/left_tire.stl
[1.096s] -- Installing: /home/leo/RM_prac/install/turtlebot3_coppeliasim/share/turtlebot3_coppeliasim/models/turtlebot3_common/meshes/waffle_base.dae
[1.097s] -- Installing: /home/leo/RM_prac/install/turtlebot3_coppeliasim/share/turtlebot3_coppeliasim/models/turtlebot3_burger_cam
[1.097s] -- Installing: /home/leo/RM_prac/install/turtlebot3_coppeliasim/share/turtlebot3_coppeliasim/models/turtlebot3_burger_cam/model.config
[1.097s] -- Installing: /home/leo/RM_prac/install/turtlebot3_coppeliasim/share/turtlebot3_coppeliasim/models/turtlebot3_burger_cam/model-1_4.sdf
[1.097s] -- Installing: /home/leo/RM_prac/install/turtlebot3_coppeliasim/share/turtlebot3_coppeliasim/models/turtlebot3_burger_cam/model.sdf
[1.097s] -- Installing: /home/leo/RM_prac/install/turtlebot3_coppeliasim/share/turtlebot3_coppeliasim/models/turtlebot3_burger
[1.098s] -- Installing: /home/leo/RM_prac/install/turtlebot3_coppeliasim/share/turtlebot3_coppeliasim/models/turtlebot3_burger/model.config
[1.098s] -- Installing: /home/leo/RM_prac/install/turtlebot3_coppeliasim/share/turtlebot3_coppeliasim/models/turtlebot3_burger/model-1_4.sdf
[1.098s] -- Installing: /home/leo/RM_prac/install/turtlebot3_coppeliasim/share/turtlebot3_coppeliasim/models/turtlebot3_burger/model.sdf
[1.098s] -- Installing: /home/leo/RM_prac/install/turtlebot3_coppeliasim/share/turtlebot3_coppeliasim/models/turtlebot3_waffle_pi
[1.098s] -- Installing: /home/leo/RM_prac/install/turtlebot3_coppeliasim/share/turtlebot3_coppeliasim/models/turtlebot3_waffle_pi/model.config
[1.099s] -- Installing: /home/leo/RM_prac/install/turtlebot3_coppeliasim/share/turtlebot3_coppeliasim/models/turtlebot3_waffle_pi/model-1_4_.sdf
[1.099s] -- Installing: /home/leo/RM_prac/install/turtlebot3_coppeliasim/share/turtlebot3_coppeliasim/models/turtlebot3_waffle_pi/model.sdf
[1.099s] -- Installing: /home/leo/RM_prac/install/turtlebot3_coppeliasim/share/turtlebot3_coppeliasim/models/turtlebot3_waffle
[1.099s] -- Installing: /home/leo/RM_prac/install/turtlebot3_coppeliasim/share/turtlebot3_coppeliasim/models/turtlebot3_waffle/model.config
[1.099s] -- Installing: /home/leo/RM_prac/install/turtlebot3_coppeliasim/share/turtlebot3_coppeliasim/models/turtlebot3_waffle/model-1_4.sdf
[1.099s] -- Installing: /home/leo/RM_prac/install/turtlebot3_coppeliasim/share/turtlebot3_coppeliasim/models/turtlebot3_waffle/model.sdf
[1.100s] -- Installing: /home/leo/RM_prac/install/turtlebot3_coppeliasim/share/ament_index/resource_index/package_run_dependencies/turtlebot3_coppeliasim
[1.100s] -- Installing: /home/leo/RM_prac/install/turtlebot3_coppeliasim/share/ament_index/resource_index/parent_prefix_path/turtlebot3_coppeliasim
[1.100s] -- Installing: /home/leo/RM_prac/install/turtlebot3_coppeliasim/share/turtlebot3_coppeliasim/environment/ament_prefix_path.sh
[1.100s] -- Installing: /home/leo/RM_prac/install/turtlebot3_coppeliasim/share/turtlebot3_coppeliasim/environment/ament_prefix_path.dsv
[1.100s] -- Installing: /home/leo/RM_prac/install/turtlebot3_coppeliasim/share/turtlebot3_coppeliasim/environment/path.sh
[1.100s] -- Installing: /home/leo/RM_prac/install/turtlebot3_coppeliasim/share/turtlebot3_coppeliasim/environment/path.dsv
[1.100s] -- Installing: /home/leo/RM_prac/install/turtlebot3_coppeliasim/share/turtlebot3_coppeliasim/local_setup.bash
[1.100s] -- Installing: /home/leo/RM_prac/install/turtlebot3_coppeliasim/share/turtlebot3_coppeliasim/local_setup.sh
[1.100s] -- Installing: /home/leo/RM_prac/install/turtlebot3_coppeliasim/share/turtlebot3_coppeliasim/local_setup.zsh
[1.100s] -- Installing: /home/leo/RM_prac/install/turtlebot3_coppeliasim/share/turtlebot3_coppeliasim/local_setup.dsv
[1.100s] -- Installing: /home/leo/RM_prac/install/turtlebot3_coppeliasim/share/turtlebot3_coppeliasim/package.dsv
[1.100s] -- Installing: /home/leo/RM_prac/install/turtlebot3_coppeliasim/share/ament_index/resource_index/packages/turtlebot3_coppeliasim
[1.101s] -- Installing: /home/leo/RM_prac/install/turtlebot3_coppeliasim/share/turtlebot3_coppeliasim/cmake/ament_cmake_export_include_directories-extras.cmake
[1.101s] -- Installing: /home/leo/RM_prac/install/turtlebot3_coppeliasim/share/turtlebot3_coppeliasim/cmake/turtlebot3_coppeliasimConfig.cmake
[1.101s] -- Installing: /home/leo/RM_prac/install/turtlebot3_coppeliasim/share/turtlebot3_coppeliasim/cmake/turtlebot3_coppeliasimConfig-version.cmake
[1.101s] -- Installing: /home/leo/RM_prac/install/turtlebot3_coppeliasim/share/turtlebot3_coppeliasim/package.xml
[1.102s] Invoked command in '/home/leo/RM_prac/build/turtlebot3_coppeliasim' returned '0': CMAKE_PREFIX_PATH=${CMAKE_PREFIX_PATH}:/opt/ros/humble /usr/bin/cmake --install /home/leo/RM_prac/build/turtlebot3_coppeliasim
