[0.013s] Invoking command in '/home/leo/RM_prac/build/practica2_pkg': CMAKE_PREFIX_PATH=${CMAKE_PREFIX_PATH}:/opt/ros/humble /usr/bin/cmake /home/leo/RM_prac/src/practica2_pkg -DCMAKE_INSTALL_PREFIX=/home/leo/RM_prac/install/practica2_pkg
[0.126s] -- The C compiler identification is GNU 11.4.0
[0.458s] -- The CXX compiler identification is GNU 11.4.0
[0.681s] -- Detecting C compiler ABI info
[0.751s] -- Detecting C compiler ABI info - done
[0.755s] -- Check for working C compiler: /usr/bin/cc - skipped
[0.755s] -- Detecting C compile features
[0.755s] -- Detecting C compile features - done
[0.756s] -- Detecting CXX compiler ABI info
[0.813s] -- Detecting CXX compiler ABI info - done
[0.817s] -- Check for working CXX compiler: /usr/bin/c++ - skipped
[0.817s] -- Detecting CXX compile features
[0.817s] -- Detecting CXX compile features - done
[0.818s] -- Found ament_cmake: 1.3.9 (/opt/ros/humble/share/ament_cmake/cmake)
[0.882s] -- Found Python3: /usr/bin/python3 (found version "3.10.12") found components: Interpreter 
[0.930s] -- Found rclcpp: 16.0.9 (/opt/ros/humble/share/rclcpp/cmake)
[1.020s] -- Found rosidl_generator_c: 3.1.5 (/opt/ros/humble/share/rosidl_generator_c/cmake)
[1.023s] -- Found rosidl_adapter: 3.1.5 (/opt/ros/humble/share/rosidl_adapter/cmake)
[1.030s] -- Found rosidl_generator_cpp: 3.1.5 (/opt/ros/humble/share/rosidl_generator_cpp/cmake)
[1.041s] -- Using all available rosidl_typesupport_c: rosidl_typesupport_fastrtps_c;rosidl_typesupport_introspection_c
[1.055s] -- Using all available rosidl_typesupport_cpp: rosidl_typesupport_fastrtps_cpp;rosidl_typesupport_introspection_cpp
[1.100s] -- Found rmw_implementation_cmake: 6.1.2 (/opt/ros/humble/share/rmw_implementation_cmake/cmake)
[1.102s] -- Found rmw_fastrtps_cpp: 6.2.6 (/opt/ros/humble/share/rmw_fastrtps_cpp/cmake)
[1.462s] -- Found OpenSSL: /usr/lib/x86_64-linux-gnu/libcrypto.so (found version "3.0.2")  
[1.987s] -- Found FastRTPS: /opt/ros/humble/include  
[3.971s] -- Using RMW implementation 'rmw_fastrtps_cpp' as default
[3.975s] -- Looking for pthread.h
[4.046s] -- Looking for pthread.h - found
[4.047s] -- Performing Test CMAKE_HAVE_LIBC_PTHREAD
[4.129s] -- Performing Test CMAKE_HAVE_LIBC_PTHREAD - Success
[4.130s] -- Found Threads: TRUE  
[4.204s] -- Found geometry_msgs: 4.2.4 (/opt/ros/humble/share/geometry_msgs/cmake)
[4.224s] -- Found tf2: 0.25.7 (/opt/ros/humble/share/tf2/cmake)
[4.230s] -- Found tf2_geometry_msgs: 0.25.7 (/opt/ros/humble/share/tf2_geometry_msgs/cmake)
[4.265s] -- Found eigen3_cmake_module: 0.1.1 (/opt/ros/humble/share/eigen3_cmake_module/cmake)
[4.266s] -- Found Eigen3: TRUE (found version "3.4.0") 
[4.266s] -- Ensuring Eigen3 include directory is part of orocos-kdl CMake target
[4.434s] -- Found nav_msgs: 4.2.4 (/opt/ros/humble/share/nav_msgs/cmake)
[4.479s] -- Found ament_lint_auto: 0.12.11 (/opt/ros/humble/share/ament_lint_auto/cmake)
[4.514s] -- Added test 'cppcheck' to perform static code analysis on C / C++ code
[4.515s] -- Configured cppcheck include dirs: 
[4.515s] -- Configured cppcheck exclude dirs and/or files: 
[4.515s] -- Added test 'lint_cmake' to check CMake code style
[4.515s] -- Added test 'uncrustify' to check C / C++ code style
[4.515s] -- Configured uncrustify additional arguments: 
[4.515s] -- Added test 'xmllint' to check XML markup files
[4.516s] -- Configuring done
[4.521s] -- Generating done
[4.522s] -- Build files have been written to: /home/leo/RM_prac/build/practica2_pkg
[4.528s] Invoked command in '/home/leo/RM_prac/build/practica2_pkg' returned '0': CMAKE_PREFIX_PATH=${CMAKE_PREFIX_PATH}:/opt/ros/humble /usr/bin/cmake /home/leo/RM_prac/src/practica2_pkg -DCMAKE_INSTALL_PREFIX=/home/leo/RM_prac/install/practica2_pkg
[4.530s] Invoking command in '/home/leo/RM_prac/build/practica2_pkg': CMAKE_PREFIX_PATH=${CMAKE_PREFIX_PATH}:/opt/ros/humble /usr/bin/cmake --build /home/leo/RM_prac/build/practica2_pkg -- -j32 -l32
[4.551s] [ 50%] [32mBuilding CXX object CMakeFiles/ejercicio_practica2.dir/src/ejercicio_practica2.cpp.o[0m
[8.443s] [100%] [32m[1mLinking CXX executable ejercicio_practica2[0m
[8.672s] [100%] Built target ejercicio_practica2
[8.676s] Invoked command in '/home/leo/RM_prac/build/practica2_pkg' returned '0': CMAKE_PREFIX_PATH=${CMAKE_PREFIX_PATH}:/opt/ros/humble /usr/bin/cmake --build /home/leo/RM_prac/build/practica2_pkg -- -j32 -l32
[8.686s] Invoking command in '/home/leo/RM_prac/build/practica2_pkg': CMAKE_PREFIX_PATH=${CMAKE_PREFIX_PATH}:/opt/ros/humble /usr/bin/cmake --install /home/leo/RM_prac/build/practica2_pkg
[8.688s] -- Install configuration: ""
[8.688s] -- Installing: /home/leo/RM_prac/install/practica2_pkg/lib/practica2_pkg/ejercicio_practica2
[8.690s] -- Set runtime path of "/home/leo/RM_prac/install/practica2_pkg/lib/practica2_pkg/ejercicio_practica2" to ""
[8.690s] -- Installing: /home/leo/RM_prac/install/practica2_pkg/share/ament_index/resource_index/package_run_dependencies/practica2_pkg
[8.690s] -- Installing: /home/leo/RM_prac/install/practica2_pkg/share/ament_index/resource_index/parent_prefix_path/practica2_pkg
[8.690s] -- Installing: /home/leo/RM_prac/install/practica2_pkg/share/practica2_pkg/environment/ament_prefix_path.sh
[8.690s] -- Installing: /home/leo/RM_prac/install/practica2_pkg/share/practica2_pkg/environment/ament_prefix_path.dsv
[8.691s] -- Installing: /home/leo/RM_prac/install/practica2_pkg/share/practica2_pkg/environment/path.sh
[8.691s] -- Installing: /home/leo/RM_prac/install/practica2_pkg/share/practica2_pkg/environment/path.dsv
[8.691s] -- Installing: /home/leo/RM_prac/install/practica2_pkg/share/practica2_pkg/local_setup.bash
[8.691s] -- Installing: /home/leo/RM_prac/install/practica2_pkg/share/practica2_pkg/local_setup.sh
[8.691s] -- Installing: /home/leo/RM_prac/install/practica2_pkg/share/practica2_pkg/local_setup.zsh
[8.691s] -- Installing: /home/leo/RM_prac/install/practica2_pkg/share/practica2_pkg/local_setup.dsv
[8.691s] -- Installing: /home/leo/RM_prac/install/practica2_pkg/share/practica2_pkg/package.dsv
[8.691s] -- Installing: /home/leo/RM_prac/install/practica2_pkg/share/ament_index/resource_index/packages/practica2_pkg
[8.691s] -- Installing: /home/leo/RM_prac/install/practica2_pkg/share/practica2_pkg/cmake/practica2_pkgConfig.cmake
[8.691s] -- Installing: /home/leo/RM_prac/install/practica2_pkg/share/practica2_pkg/cmake/practica2_pkgConfig-version.cmake
[8.691s] -- Installing: /home/leo/RM_prac/install/practica2_pkg/share/practica2_pkg/package.xml
[8.692s] Invoked command in '/home/leo/RM_prac/build/practica2_pkg' returned '0': CMAKE_PREFIX_PATH=${CMAKE_PREFIX_PATH}:/opt/ros/humble /usr/bin/cmake --install /home/leo/RM_prac/build/practica2_pkg
