[0.022s] Invoking command in '/home/rinese/RM_prac/build/slam_pkg': CMAKE_PREFIX_PATH=${CMAKE_PREFIX_PATH}:/opt/ros/humble /usr/bin/cmake /home/rinese/RM_prac/src/slam_pkg -DCMAKE_INSTALL_PREFIX=/home/rinese/RM_prac/install/slam_pkg
[0.838s] -- The C compiler identification is GNU 11.4.0
[0.839s] -- The CXX compiler identification is GNU 11.4.0
[0.839s] -- Detecting C compiler ABI info
[0.839s] -- Detecting C compiler ABI info - done
[0.839s] -- Check for working C compiler: /usr/bin/cc - skipped
[0.839s] -- Detecting C compile features
[0.839s] -- Detecting C compile features - done
[0.839s] -- Detecting CXX compiler ABI info
[0.839s] -- Detecting CXX compiler ABI info - done
[0.839s] -- Check for working CXX compiler: /usr/bin/c++ - skipped
[0.839s] -- Detecting CXX compile features
[0.839s] -- Detecting CXX compile features - done
[0.839s] -- Found ament_cmake: 1.3.13 (/opt/ros/humble/share/ament_cmake/cmake)
[0.839s] -- Found Python3: /usr/bin/python3 (found version "3.10.12") found components: Interpreter 
[0.839s] -- Found rclcpp: 16.0.18 (/opt/ros/humble/share/rclcpp/cmake)
[0.839s] -- Found rosidl_generator_c: 3.1.8 (/opt/ros/humble/share/rosidl_generator_c/cmake)
[0.839s] -- Found rosidl_adapter: 3.1.8 (/opt/ros/humble/share/rosidl_adapter/cmake)
[0.849s] -- Found rosidl_generator_cpp: 3.1.8 (/opt/ros/humble/share/rosidl_generator_cpp/cmake)
[0.873s] -- Using all available rosidl_typesupport_c: rosidl_typesupport_fastrtps_c;rosidl_typesupport_introspection_c
[0.893s] -- Using all available rosidl_typesupport_cpp: rosidl_typesupport_fastrtps_cpp;rosidl_typesupport_introspection_cpp
[0.951s] -- Found rmw_implementation_cmake: 6.1.2 (/opt/ros/humble/share/rmw_implementation_cmake/cmake)
[0.955s] -- Found rmw_fastrtps_cpp: 6.2.10 (/opt/ros/humble/share/rmw_fastrtps_cpp/cmake)
[1.046s] -- Found OpenSSL: /usr/lib/x86_64-linux-gnu/libcrypto.so (found version "3.0.2")  
[1.076s] -- Found FastRTPS: /opt/ros/humble/include  
[1.132s] -- Using RMW implementation 'rmw_fastrtps_cpp' as default
[1.141s] -- Looking for pthread.h
[1.212s] -- Looking for pthread.h - found
[1.212s] -- Performing Test CMAKE_HAVE_LIBC_PTHREAD
[1.286s] -- Performing Test CMAKE_HAVE_LIBC_PTHREAD - Success
[1.286s] -- Found Threads: TRUE  
[1.353s] -- Found geometry_msgs: 4.9.1 (/opt/ros/humble/share/geometry_msgs/cmake)
[1.375s] -- Found tf2: 0.25.19 (/opt/ros/humble/share/tf2/cmake)
[1.390s] -- Found tf2_geometry_msgs: 0.25.19 (/opt/ros/humble/share/tf2_geometry_msgs/cmake)
[1.409s] -- Found eigen3_cmake_module: 0.1.1 (/opt/ros/humble/share/eigen3_cmake_module/cmake)
[1.410s] -- Found Eigen3: TRUE (found version "3.4.0") 
[1.411s] -- Ensuring Eigen3 include directory is part of orocos-kdl CMake target
[1.538s] -- Found nav_msgs: 4.9.1 (/opt/ros/humble/share/nav_msgs/cmake)
[1.637s] -- Configuring done
[1.648s] -- Generating done
[1.652s] -- Build files have been written to: /home/rinese/RM_prac/build/slam_pkg
[1.673s] Invoked command in '/home/rinese/RM_prac/build/slam_pkg' returned '0': CMAKE_PREFIX_PATH=${CMAKE_PREFIX_PATH}:/opt/ros/humble /usr/bin/cmake /home/rinese/RM_prac/src/slam_pkg -DCMAKE_INSTALL_PREFIX=/home/rinese/RM_prac/install/slam_pkg
[1.673s] Invoking command in '/home/rinese/RM_prac/build/slam_pkg': CMAKE_PREFIX_PATH=${CMAKE_PREFIX_PATH}:/opt/ros/humble /usr/bin/cmake --build /home/rinese/RM_prac/build/slam_pkg -- -j8 -l8
[1.719s] [ 50%] [32mBuilding CXX object CMakeFiles/amcl_odom.dir/src/amcl_odom.cpp.o[0m
[16.250s] [100%] [32m[1mLinking CXX executable amcl_odom[0m
[16.713s] [100%] Built target amcl_odom
[16.723s] Invoked command in '/home/rinese/RM_prac/build/slam_pkg' returned '0': CMAKE_PREFIX_PATH=${CMAKE_PREFIX_PATH}:/opt/ros/humble /usr/bin/cmake --build /home/rinese/RM_prac/build/slam_pkg -- -j8 -l8
[16.723s] Invoking command in '/home/rinese/RM_prac/build/slam_pkg': CMAKE_PREFIX_PATH=${CMAKE_PREFIX_PATH}:/opt/ros/humble /usr/bin/cmake --install /home/rinese/RM_prac/build/slam_pkg
[16.730s] -- Install configuration: ""
[16.730s] -- Installing: /home/rinese/RM_prac/install/slam_pkg/lib/slam_pkg/amcl_odom
[16.732s] -- Set runtime path of "/home/rinese/RM_prac/install/slam_pkg/lib/slam_pkg/amcl_odom" to ""
[16.733s] -- Installing: /home/rinese/RM_prac/install/slam_pkg/share/slam_pkg/launch
[16.733s] -- Installing: /home/rinese/RM_prac/install/slam_pkg/share/slam_pkg/launch/cartographer.launch.py
[16.733s] -- Installing: /home/rinese/RM_prac/install/slam_pkg/share/slam_pkg/launch/localization.launch.py
[16.733s] -- Installing: /home/rinese/RM_prac/install/slam_pkg/share/ament_index/resource_index/package_run_dependencies/slam_pkg
[16.733s] -- Installing: /home/rinese/RM_prac/install/slam_pkg/share/ament_index/resource_index/parent_prefix_path/slam_pkg
[16.733s] -- Installing: /home/rinese/RM_prac/install/slam_pkg/share/slam_pkg/environment/ament_prefix_path.sh
[16.733s] -- Installing: /home/rinese/RM_prac/install/slam_pkg/share/slam_pkg/environment/ament_prefix_path.dsv
[16.733s] -- Installing: /home/rinese/RM_prac/install/slam_pkg/share/slam_pkg/environment/path.sh
[16.733s] -- Installing: /home/rinese/RM_prac/install/slam_pkg/share/slam_pkg/environment/path.dsv
[16.733s] -- Installing: /home/rinese/RM_prac/install/slam_pkg/share/slam_pkg/local_setup.bash
[16.733s] -- Installing: /home/rinese/RM_prac/install/slam_pkg/share/slam_pkg/local_setup.sh
[16.733s] -- Installing: /home/rinese/RM_prac/install/slam_pkg/share/slam_pkg/local_setup.zsh
[16.734s] -- Installing: /home/rinese/RM_prac/install/slam_pkg/share/slam_pkg/local_setup.dsv
[16.734s] -- Installing: /home/rinese/RM_prac/install/slam_pkg/share/slam_pkg/package.dsv
[16.734s] -- Installing: /home/rinese/RM_prac/install/slam_pkg/share/ament_index/resource_index/packages/slam_pkg
[16.734s] -- Installing: /home/rinese/RM_prac/install/slam_pkg/share/slam_pkg/cmake/slam_pkgConfig.cmake
[16.734s] -- Installing: /home/rinese/RM_prac/install/slam_pkg/share/slam_pkg/cmake/slam_pkgConfig-version.cmake
[16.734s] -- Installing: /home/rinese/RM_prac/install/slam_pkg/share/slam_pkg/package.xml
[16.736s] Invoked command in '/home/rinese/RM_prac/build/slam_pkg' returned '0': CMAKE_PREFIX_PATH=${CMAKE_PREFIX_PATH}:/opt/ros/humble /usr/bin/cmake --install /home/rinese/RM_prac/build/slam_pkg
