[0.023s] Invoking command in '/home/rinese/RM_prac/build/kinematic_control_pkg': CMAKE_PREFIX_PATH=${CMAKE_PREFIX_PATH}:/opt/ros/humble /usr/bin/cmake /home/rinese/RM_prac/src/kinematic_control_pkg -DCMAKE_INSTALL_PREFIX=/home/rinese/RM_prac/install/kinematic_control_pkg
[0.134s] -- The C compiler identification is GNU 11.4.0
[0.267s] -- The CXX compiler identification is GNU 11.4.0
[0.275s] -- Detecting C compiler ABI info
[0.351s] -- Detecting C compiler ABI info - done
[0.361s] -- Check for working C compiler: /usr/bin/cc - skipped
[0.361s] -- Detecting C compile features
[0.361s] -- Detecting C compile features - done
[0.365s] -- Detecting CXX compiler ABI info
[0.457s] -- Detecting CXX compiler ABI info - done
[0.471s] -- Check for working CXX compiler: /usr/bin/c++ - skipped
[0.471s] -- Detecting CXX compile features
[0.471s] -- Detecting CXX compile features - done
[0.474s] -- Found ament_cmake: 1.3.13 (/opt/ros/humble/share/ament_cmake/cmake)
[0.643s] -- Found Python3: /usr/bin/python3 (found version "3.10.12") found components: Interpreter 
[0.764s] -- Found rclcpp: 16.0.18 (/opt/ros/humble/share/rclcpp/cmake)
[0.842s] -- Found rosidl_generator_c: 3.1.8 (/opt/ros/humble/share/rosidl_generator_c/cmake)
[0.848s] -- Found rosidl_adapter: 3.1.8 (/opt/ros/humble/share/rosidl_adapter/cmake)
[0.861s] -- Found rosidl_generator_cpp: 3.1.8 (/opt/ros/humble/share/rosidl_generator_cpp/cmake)
[0.880s] -- Using all available rosidl_typesupport_c: rosidl_typesupport_fastrtps_c;rosidl_typesupport_introspection_c
[0.901s] -- Using all available rosidl_typesupport_cpp: rosidl_typesupport_fastrtps_cpp;rosidl_typesupport_introspection_cpp
[0.960s] -- Found rmw_implementation_cmake: 6.1.2 (/opt/ros/humble/share/rmw_implementation_cmake/cmake)
[0.964s] -- Found rmw_fastrtps_cpp: 6.2.10 (/opt/ros/humble/share/rmw_fastrtps_cpp/cmake)
[1.059s] -- Found OpenSSL: /usr/lib/x86_64-linux-gnu/libcrypto.so (found version "3.0.2")  
[1.097s] -- Found FastRTPS: /opt/ros/humble/include  
[1.146s] -- Using RMW implementation 'rmw_fastrtps_cpp' as default
[1.158s] -- Looking for pthread.h
[1.223s] -- Looking for pthread.h - found
[1.223s] -- Performing Test CMAKE_HAVE_LIBC_PTHREAD
[1.308s] -- Performing Test CMAKE_HAVE_LIBC_PTHREAD - Success
[1.308s] -- Found Threads: TRUE  
[1.367s] -- Found tf2: 0.25.19 (/opt/ros/humble/share/tf2/cmake)
[1.402s] -- Found tf2_geometry_msgs: 0.25.19 (/opt/ros/humble/share/tf2_geometry_msgs/cmake)
[1.422s] -- Found eigen3_cmake_module: 0.1.1 (/opt/ros/humble/share/eigen3_cmake_module/cmake)
[1.426s] -- Found Eigen3: TRUE (found version "3.4.0") 
[1.426s] -- Ensuring Eigen3 include directory is part of orocos-kdl CMake target
[1.550s] -- Found visualization_msgs: 4.9.1 (/opt/ros/humble/share/visualization_msgs/cmake)
[1.601s] -- Found nav_msgs: 4.9.1 (/opt/ros/humble/share/nav_msgs/cmake)
[1.624s] -- Found rosidl_default_generators: 1.2.0 (/opt/ros/humble/share/rosidl_default_generators/cmake)
[1.975s] -- Found ament_cmake_ros: 0.10.0 (/opt/ros/humble/share/ament_cmake_ros/cmake)
[2.679s] -- Using all available rosidl_typesupport_c: rosidl_typesupport_fastrtps_c;rosidl_typesupport_introspection_c
[2.949s] -- Using all available rosidl_typesupport_cpp: rosidl_typesupport_fastrtps_cpp;rosidl_typesupport_introspection_cpp
[2.980s] -- Found PythonInterp: /usr/bin/python3 (found suitable version "3.10.12", minimum required is "3.6") 
[2.985s] -- Found python_cmake_module: 0.10.0 (/opt/ros/humble/share/python_cmake_module/cmake)
[3.013s] -- Found PythonLibs: /usr/lib/x86_64-linux-gnu/libpython3.10.so (found suitable version "3.10.12", minimum required is "3.5") 
[3.013s] -- Using PYTHON_EXECUTABLE: /usr/bin/python3
[3.013s] -- Using PYTHON_INCLUDE_DIRS: /usr/include/python3.10
[3.014s] -- Using PYTHON_LIBRARIES: /usr/lib/x86_64-linux-gnu/libpython3.10.so
[3.037s] -- Found PythonExtra: .so  
[3.138s] -- Configuring done
[3.192s] -- Generating done
[3.217s] -- Build files have been written to: /home/rinese/RM_prac/build/kinematic_control_pkg
[3.243s] Invoked command in '/home/rinese/RM_prac/build/kinematic_control_pkg' returned '0': CMAKE_PREFIX_PATH=${CMAKE_PREFIX_PATH}:/opt/ros/humble /usr/bin/cmake /home/rinese/RM_prac/src/kinematic_control_pkg -DCMAKE_INSTALL_PREFIX=/home/rinese/RM_prac/install/kinematic_control_pkg
[3.243s] Invoking command in '/home/rinese/RM_prac/build/kinematic_control_pkg': CMAKE_PREFIX_PATH=${CMAKE_PREFIX_PATH}:/opt/ros/humble /usr/bin/cmake --build /home/rinese/RM_prac/build/kinematic_control_pkg -- -j8 -l8
[3.341s] [  2%] [34m[1mGenerating C code for ROS interfaces[0m
[3.348s] [  5%] [34m[1mGenerating C++ code for ROS interfaces[0m
[3.380s] [  5%] Built target ament_cmake_python_copy_kinematic_control_pkg
[3.711s] running egg_info
[3.711s] creating kinematic_control_pkg.egg-info
[3.712s] writing kinematic_control_pkg.egg-info/PKG-INFO
[3.712s] writing dependency_links to kinematic_control_pkg.egg-info/dependency_links.txt
[3.712s] writing top-level names to kinematic_control_pkg.egg-info/top_level.txt
[3.720s] writing manifest file 'kinematic_control_pkg.egg-info/SOURCES.txt'
[3.726s] reading manifest file 'kinematic_control_pkg.egg-info/SOURCES.txt'
[3.726s] writing manifest file 'kinematic_control_pkg.egg-info/SOURCES.txt'
[3.784s] [  5%] Built target ament_cmake_python_build_kinematic_control_pkg_egg
[3.952s] [  5%] Built target kinematic_control_pkg__cpp
[3.973s] [  8%] [34m[1mGenerating C++ type support dispatch for ROS interfaces[0m
[3.974s] [ 11%] [34m[1mGenerating C++ introspection for ROS interfaces[0m
[3.975s] [ 14%] [34m[1mGenerating C++ type support for eProsima Fast-RTPS[0m
[4.024s] [ 17%] [32mBuilding C object CMakeFiles/kinematic_control_pkg__rosidl_generator_c.dir/rosidl_generator_c/kinematic_control_pkg/msg/detail/reference__functions.c.o[0m
[4.167s] [ 20%] [32m[1mLinking C shared library libkinematic_control_pkg__rosidl_generator_c.so[0m
[4.256s] [ 20%] Built target kinematic_control_pkg__rosidl_generator_c
[4.282s] [ 22%] [34m[1mGenerating C introspection for ROS interfaces[0m
[4.287s] [ 25%] [34m[1mGenerating C type support dispatch for ROS interfaces[0m
[4.292s] [ 28%] [34m[1mGenerating C type support for eProsima Fast-RTPS[0m
[4.486s] [ 31%] [32mBuilding CXX object CMakeFiles/kinematic_control_pkg__rosidl_typesupport_introspection_cpp.dir/rosidl_typesupport_introspection_cpp/kinematic_control_pkg/msg/detail/reference__type_support.cpp.o[0m
[4.638s] [ 34%] [32mBuilding CXX object CMakeFiles/kinematic_control_pkg__rosidl_typesupport_cpp.dir/rosidl_typesupport_cpp/kinematic_control_pkg/msg/reference__type_support.cpp.o[0m
[4.722s] [ 37%] [32mBuilding CXX object CMakeFiles/kinematic_control_pkg__rosidl_typesupport_fastrtps_cpp.dir/rosidl_typesupport_fastrtps_cpp/kinematic_control_pkg/msg/detail/dds_fastrtps/reference__type_support.cpp.o[0m
[4.958s] [ 40%] [32mBuilding C object CMakeFiles/kinematic_control_pkg__rosidl_typesupport_introspection_c.dir/rosidl_typesupport_introspection_c/kinematic_control_pkg/msg/detail/reference__type_support.c.o[0m
[4.973s] [ 42%] [32mBuilding CXX object CMakeFiles/kinematic_control_pkg__rosidl_typesupport_fastrtps_c.dir/rosidl_typesupport_fastrtps_c/kinematic_control_pkg/msg/detail/reference__type_support_c.cpp.o[0m
[4.976s] [ 45%] [32mBuilding CXX object CMakeFiles/kinematic_control_pkg__rosidl_typesupport_c.dir/rosidl_typesupport_c/kinematic_control_pkg/msg/reference__type_support.cpp.o[0m
[5.057s] [ 48%] [32m[1mLinking C shared library libkinematic_control_pkg__rosidl_typesupport_introspection_c.so[0m
[5.064s] [ 51%] [32m[1mLinking CXX shared library libkinematic_control_pkg__rosidl_typesupport_c.so[0m
[5.137s] [ 51%] Built target kinematic_control_pkg__rosidl_typesupport_introspection_c
[5.166s] [ 51%] Built target kinematic_control_pkg__rosidl_typesupport_c
[5.207s] [ 54%] [32m[1mLinking CXX shared library libkinematic_control_pkg__rosidl_typesupport_cpp.so[0m
[5.238s] [ 57%] [32m[1mLinking CXX shared library libkinematic_control_pkg__rosidl_typesupport_introspection_cpp.so[0m
[5.306s] [ 57%] Built target kinematic_control_pkg__rosidl_typesupport_cpp
[5.353s] [ 60%] [32mBuilding CXX object CMakeFiles/controller_odom.dir/src/controller_odom.cpp.o[0m
[5.365s] [ 62%] [32mBuilding CXX object CMakeFiles/infinite_reference_node.dir/src/infinite_reference_node.cpp.o[0m
[5.419s] [ 62%] Built target kinematic_control_pkg__rosidl_typesupport_introspection_cpp
[5.815s] [ 65%] [32m[1mLinking CXX shared library libkinematic_control_pkg__rosidl_typesupport_fastrtps_cpp.so[0m
[5.903s] [ 68%] [32m[1mLinking CXX shared library libkinematic_control_pkg__rosidl_typesupport_fastrtps_c.so[0m
[5.964s] [ 68%] Built target kinematic_control_pkg__rosidl_typesupport_fastrtps_cpp
[6.119s] [ 68%] Built target kinematic_control_pkg__rosidl_typesupport_fastrtps_c
[6.159s] [ 68%] Built target kinematic_control_pkg
[6.202s] [ 71%] [34m[1mGenerating Python code for ROS interfaces[0m
[6.793s] [ 71%] Built target kinematic_control_pkg__py
[6.814s] [ 74%] [32mBuilding C object CMakeFiles/kinematic_control_pkg__rosidl_generator_py.dir/rosidl_generator_py/kinematic_control_pkg/msg/_reference_s.c.o[0m
[7.120s] [ 77%] [32m[1mLinking C shared library rosidl_generator_py/kinematic_control_pkg/libkinematic_control_pkg__rosidl_generator_py.so[0m
[7.219s] [ 77%] Built target kinematic_control_pkg__rosidl_generator_py
[7.269s] [ 80%] [32mBuilding C object CMakeFiles/kinematic_control_pkg__rosidl_typesupport_introspection_c__pyext.dir/rosidl_generator_py/kinematic_control_pkg/_kinematic_control_pkg_s.ep.rosidl_typesupport_introspection_c.c.o[0m
[7.269s] [ 82%] [32mBuilding C object CMakeFiles/kinematic_control_pkg__rosidl_typesupport_fastrtps_c__pyext.dir/rosidl_generator_py/kinematic_control_pkg/_kinematic_control_pkg_s.ep.rosidl_typesupport_fastrtps_c.c.o[0m
[7.280s] [ 85%] [32mBuilding C object CMakeFiles/kinematic_control_pkg__rosidl_typesupport_c__pyext.dir/rosidl_generator_py/kinematic_control_pkg/_kinematic_control_pkg_s.ep.rosidl_typesupport_c.c.o[0m
[7.578s] [ 88%] [32m[1mLinking C shared library rosidl_generator_py/kinematic_control_pkg/kinematic_control_pkg_s__rosidl_typesupport_c.cpython-310-x86_64-linux-gnu.so[0m
[7.606s] [ 91%] [32m[1mLinking C shared library rosidl_generator_py/kinematic_control_pkg/kinematic_control_pkg_s__rosidl_typesupport_fastrtps_c.cpython-310-x86_64-linux-gnu.so[0m
[7.612s] [ 94%] [32m[1mLinking C shared library rosidl_generator_py/kinematic_control_pkg/kinematic_control_pkg_s__rosidl_typesupport_introspection_c.cpython-310-x86_64-linux-gnu.so[0m
[7.687s] [ 94%] Built target kinematic_control_pkg__rosidl_typesupport_fastrtps_c__pyext
[7.703s] [ 94%] Built target kinematic_control_pkg__rosidl_typesupport_c__pyext
[7.728s] [ 94%] Built target kinematic_control_pkg__rosidl_typesupport_introspection_c__pyext
[12.105s] [ 97%] [32m[1mLinking CXX executable infinite_reference_node[0m
[12.440s] [ 97%] Built target infinite_reference_node
[18.884s] [100%] [32m[1mLinking CXX executable controller_odom[0m
[19.412s] [100%] Built target controller_odom
[19.422s] Invoked command in '/home/rinese/RM_prac/build/kinematic_control_pkg' returned '0': CMAKE_PREFIX_PATH=${CMAKE_PREFIX_PATH}:/opt/ros/humble /usr/bin/cmake --build /home/rinese/RM_prac/build/kinematic_control_pkg -- -j8 -l8
[19.424s] Invoking command in '/home/rinese/RM_prac/build/kinematic_control_pkg': CMAKE_PREFIX_PATH=${CMAKE_PREFIX_PATH}:/opt/ros/humble /usr/bin/cmake --install /home/rinese/RM_prac/build/kinematic_control_pkg
[19.430s] -- Install configuration: ""
[19.430s] -- Installing: /home/rinese/RM_prac/install/kinematic_control_pkg/share/ament_index/resource_index/rosidl_interfaces/kinematic_control_pkg
[19.430s] -- Installing: /home/rinese/RM_prac/install/kinematic_control_pkg/include/kinematic_control_pkg/kinematic_control_pkg
[19.430s] -- Installing: /home/rinese/RM_prac/install/kinematic_control_pkg/include/kinematic_control_pkg/kinematic_control_pkg/msg
[19.430s] -- Installing: /home/rinese/RM_prac/install/kinematic_control_pkg/include/kinematic_control_pkg/kinematic_control_pkg/msg/reference.h
[19.430s] -- Installing: /home/rinese/RM_prac/install/kinematic_control_pkg/include/kinematic_control_pkg/kinematic_control_pkg/msg/detail
[19.430s] -- Installing: /home/rinese/RM_prac/install/kinematic_control_pkg/include/kinematic_control_pkg/kinematic_control_pkg/msg/detail/reference__functions.c
[19.430s] -- Installing: /home/rinese/RM_prac/install/kinematic_control_pkg/include/kinematic_control_pkg/kinematic_control_pkg/msg/detail/reference__type_support.h
[19.431s] -- Installing: /home/rinese/RM_prac/install/kinematic_control_pkg/include/kinematic_control_pkg/kinematic_control_pkg/msg/detail/reference__struct.h
[19.431s] -- Installing: /home/rinese/RM_prac/install/kinematic_control_pkg/include/kinematic_control_pkg/kinematic_control_pkg/msg/detail/reference__functions.h
[19.431s] -- Installing: /home/rinese/RM_prac/install/kinematic_control_pkg/include/kinematic_control_pkg/kinematic_control_pkg/msg/rosidl_generator_c__visibility_control.h
[19.431s] -- Installing: /home/rinese/RM_prac/install/kinematic_control_pkg/share/kinematic_control_pkg/environment/library_path.sh
[19.431s] -- Installing: /home/rinese/RM_prac/install/kinematic_control_pkg/share/kinematic_control_pkg/environment/library_path.dsv
[19.431s] -- Installing: /home/rinese/RM_prac/install/kinematic_control_pkg/lib/libkinematic_control_pkg__rosidl_generator_c.so
[19.431s] -- Set runtime path of "/home/rinese/RM_prac/install/kinematic_control_pkg/lib/libkinematic_control_pkg__rosidl_generator_c.so" to ""
[19.431s] -- Up-to-date: /home/rinese/RM_prac/install/kinematic_control_pkg/include/kinematic_control_pkg/kinematic_control_pkg
[19.432s] -- Up-to-date: /home/rinese/RM_prac/install/kinematic_control_pkg/include/kinematic_control_pkg/kinematic_control_pkg/msg
[19.432s] -- Installing: /home/rinese/RM_prac/install/kinematic_control_pkg/include/kinematic_control_pkg/kinematic_control_pkg/msg/rosidl_typesupport_fastrtps_c__visibility_control.h
[19.432s] -- Up-to-date: /home/rinese/RM_prac/install/kinematic_control_pkg/include/kinematic_control_pkg/kinematic_control_pkg/msg/detail
[19.432s] -- Installing: /home/rinese/RM_prac/install/kinematic_control_pkg/include/kinematic_control_pkg/kinematic_control_pkg/msg/detail/reference__rosidl_typesupport_fastrtps_c.h
[19.432s] -- Installing: /home/rinese/RM_prac/install/kinematic_control_pkg/lib/libkinematic_control_pkg__rosidl_typesupport_fastrtps_c.so
[19.432s] -- Set runtime path of "/home/rinese/RM_prac/install/kinematic_control_pkg/lib/libkinematic_control_pkg__rosidl_typesupport_fastrtps_c.so" to ""
[19.432s] -- Up-to-date: /home/rinese/RM_prac/install/kinematic_control_pkg/include/kinematic_control_pkg/kinematic_control_pkg
[19.432s] -- Up-to-date: /home/rinese/RM_prac/install/kinematic_control_pkg/include/kinematic_control_pkg/kinematic_control_pkg/msg
[19.432s] -- Up-to-date: /home/rinese/RM_prac/install/kinematic_control_pkg/include/kinematic_control_pkg/kinematic_control_pkg/msg/detail
[19.432s] -- Installing: /home/rinese/RM_prac/install/kinematic_control_pkg/include/kinematic_control_pkg/kinematic_control_pkg/msg/detail/reference__builder.hpp
[19.432s] -- Installing: /home/rinese/RM_prac/install/kinematic_control_pkg/include/kinematic_control_pkg/kinematic_control_pkg/msg/detail/reference__struct.hpp
[19.433s] -- Installing: /home/rinese/RM_prac/install/kinematic_control_pkg/include/kinematic_control_pkg/kinematic_control_pkg/msg/detail/reference__traits.hpp
[19.433s] -- Installing: /home/rinese/RM_prac/install/kinematic_control_pkg/include/kinematic_control_pkg/kinematic_control_pkg/msg/detail/reference__type_support.hpp
[19.433s] -- Installing: /home/rinese/RM_prac/install/kinematic_control_pkg/include/kinematic_control_pkg/kinematic_control_pkg/msg/reference.hpp
[19.433s] -- Installing: /home/rinese/RM_prac/install/kinematic_control_pkg/include/kinematic_control_pkg/kinematic_control_pkg/msg/rosidl_generator_cpp__visibility_control.hpp
[19.433s] -- Up-to-date: /home/rinese/RM_prac/install/kinematic_control_pkg/include/kinematic_control_pkg/kinematic_control_pkg
[19.433s] -- Up-to-date: /home/rinese/RM_prac/install/kinematic_control_pkg/include/kinematic_control_pkg/kinematic_control_pkg/msg
[19.433s] -- Installing: /home/rinese/RM_prac/install/kinematic_control_pkg/include/kinematic_control_pkg/kinematic_control_pkg/msg/rosidl_typesupport_fastrtps_cpp__visibility_control.h
[19.433s] -- Up-to-date: /home/rinese/RM_prac/install/kinematic_control_pkg/include/kinematic_control_pkg/kinematic_control_pkg/msg/detail
[19.433s] -- Installing: /home/rinese/RM_prac/install/kinematic_control_pkg/include/kinematic_control_pkg/kinematic_control_pkg/msg/detail/dds_fastrtps
[19.433s] -- Installing: /home/rinese/RM_prac/install/kinematic_control_pkg/include/kinematic_control_pkg/kinematic_control_pkg/msg/detail/reference__rosidl_typesupport_fastrtps_cpp.hpp
[19.433s] -- Installing: /home/rinese/RM_prac/install/kinematic_control_pkg/lib/libkinematic_control_pkg__rosidl_typesupport_fastrtps_cpp.so
[19.434s] -- Set runtime path of "/home/rinese/RM_prac/install/kinematic_control_pkg/lib/libkinematic_control_pkg__rosidl_typesupport_fastrtps_cpp.so" to ""
[19.434s] -- Up-to-date: /home/rinese/RM_prac/install/kinematic_control_pkg/include/kinematic_control_pkg/kinematic_control_pkg
[19.434s] -- Up-to-date: /home/rinese/RM_prac/install/kinematic_control_pkg/include/kinematic_control_pkg/kinematic_control_pkg/msg
[19.434s] -- Installing: /home/rinese/RM_prac/install/kinematic_control_pkg/include/kinematic_control_pkg/kinematic_control_pkg/msg/rosidl_typesupport_introspection_c__visibility_control.h
[19.434s] -- Up-to-date: /home/rinese/RM_prac/install/kinematic_control_pkg/include/kinematic_control_pkg/kinematic_control_pkg/msg/detail
[19.434s] -- Installing: /home/rinese/RM_prac/install/kinematic_control_pkg/include/kinematic_control_pkg/kinematic_control_pkg/msg/detail/reference__rosidl_typesupport_introspection_c.h
[19.434s] -- Installing: /home/rinese/RM_prac/install/kinematic_control_pkg/include/kinematic_control_pkg/kinematic_control_pkg/msg/detail/reference__type_support.c
[19.434s] -- Installing: /home/rinese/RM_prac/install/kinematic_control_pkg/lib/libkinematic_control_pkg__rosidl_typesupport_introspection_c.so
[19.434s] -- Set runtime path of "/home/rinese/RM_prac/install/kinematic_control_pkg/lib/libkinematic_control_pkg__rosidl_typesupport_introspection_c.so" to ""
[19.434s] -- Installing: /home/rinese/RM_prac/install/kinematic_control_pkg/lib/libkinematic_control_pkg__rosidl_typesupport_c.so
[19.435s] -- Set runtime path of "/home/rinese/RM_prac/install/kinematic_control_pkg/lib/libkinematic_control_pkg__rosidl_typesupport_c.so" to ""
[19.435s] -- Up-to-date: /home/rinese/RM_prac/install/kinematic_control_pkg/include/kinematic_control_pkg/kinematic_control_pkg
[19.435s] -- Up-to-date: /home/rinese/RM_prac/install/kinematic_control_pkg/include/kinematic_control_pkg/kinematic_control_pkg/msg
[19.435s] -- Up-to-date: /home/rinese/RM_prac/install/kinematic_control_pkg/include/kinematic_control_pkg/kinematic_control_pkg/msg/detail
[19.435s] -- Installing: /home/rinese/RM_prac/install/kinematic_control_pkg/include/kinematic_control_pkg/kinematic_control_pkg/msg/detail/reference__type_support.cpp
[19.435s] -- Installing: /home/rinese/RM_prac/install/kinematic_control_pkg/include/kinematic_control_pkg/kinematic_control_pkg/msg/detail/reference__rosidl_typesupport_introspection_cpp.hpp
[19.435s] -- Installing: /home/rinese/RM_prac/install/kinematic_control_pkg/lib/libkinematic_control_pkg__rosidl_typesupport_introspection_cpp.so
[19.435s] -- Set runtime path of "/home/rinese/RM_prac/install/kinematic_control_pkg/lib/libkinematic_control_pkg__rosidl_typesupport_introspection_cpp.so" to ""
[19.436s] -- Installing: /home/rinese/RM_prac/install/kinematic_control_pkg/lib/libkinematic_control_pkg__rosidl_typesupport_cpp.so
[19.436s] -- Set runtime path of "/home/rinese/RM_prac/install/kinematic_control_pkg/lib/libkinematic_control_pkg__rosidl_typesupport_cpp.so" to ""
[19.436s] -- Installing: /home/rinese/RM_prac/install/kinematic_control_pkg/share/kinematic_control_pkg/environment/pythonpath.sh
[19.436s] -- Installing: /home/rinese/RM_prac/install/kinematic_control_pkg/share/kinematic_control_pkg/environment/pythonpath.dsv
[19.436s] -- Installing: /home/rinese/RM_prac/install/kinematic_control_pkg/local/lib/python3.10/dist-packages/kinematic_control_pkg-0.0.0-py3.10.egg-info
[19.436s] -- Installing: /home/rinese/RM_prac/install/kinematic_control_pkg/local/lib/python3.10/dist-packages/kinematic_control_pkg-0.0.0-py3.10.egg-info/dependency_links.txt
[19.436s] -- Installing: /home/rinese/RM_prac/install/kinematic_control_pkg/local/lib/python3.10/dist-packages/kinematic_control_pkg-0.0.0-py3.10.egg-info/SOURCES.txt
[19.436s] -- Installing: /home/rinese/RM_prac/install/kinematic_control_pkg/local/lib/python3.10/dist-packages/kinematic_control_pkg-0.0.0-py3.10.egg-info/PKG-INFO
[19.436s] -- Installing: /home/rinese/RM_prac/install/kinematic_control_pkg/local/lib/python3.10/dist-packages/kinematic_control_pkg-0.0.0-py3.10.egg-info/top_level.txt
[19.437s] -- Installing: /home/rinese/RM_prac/install/kinematic_control_pkg/local/lib/python3.10/dist-packages/kinematic_control_pkg
[19.437s] -- Installing: /home/rinese/RM_prac/install/kinematic_control_pkg/local/lib/python3.10/dist-packages/kinematic_control_pkg/kinematic_control_pkg_s__rosidl_typesupport_fastrtps_c.cpython-310-x86_64-linux-gnu.so
[19.437s] -- Installing: /home/rinese/RM_prac/install/kinematic_control_pkg/local/lib/python3.10/dist-packages/kinematic_control_pkg/msg
[19.437s] -- Installing: /home/rinese/RM_prac/install/kinematic_control_pkg/local/lib/python3.10/dist-packages/kinematic_control_pkg/msg/_reference.py
[19.437s] -- Installing: /home/rinese/RM_prac/install/kinematic_control_pkg/local/lib/python3.10/dist-packages/kinematic_control_pkg/msg/_reference_s.c
[19.437s] -- Installing: /home/rinese/RM_prac/install/kinematic_control_pkg/local/lib/python3.10/dist-packages/kinematic_control_pkg/msg/__init__.py
[19.437s] -- Installing: /home/rinese/RM_prac/install/kinematic_control_pkg/local/lib/python3.10/dist-packages/kinematic_control_pkg/libkinematic_control_pkg__rosidl_generator_py.so
[19.437s] -- Installing: /home/rinese/RM_prac/install/kinematic_control_pkg/local/lib/python3.10/dist-packages/kinematic_control_pkg/_kinematic_control_pkg_s.ep.rosidl_typesupport_c.c
[19.437s] -- Installing: /home/rinese/RM_prac/install/kinematic_control_pkg/local/lib/python3.10/dist-packages/kinematic_control_pkg/_kinematic_control_pkg_s.ep.rosidl_typesupport_fastrtps_c.c
[19.438s] -- Installing: /home/rinese/RM_prac/install/kinematic_control_pkg/local/lib/python3.10/dist-packages/kinematic_control_pkg/kinematic_control_pkg_s__rosidl_typesupport_c.cpython-310-x86_64-linux-gnu.so
[19.438s] -- Installing: /home/rinese/RM_prac/install/kinematic_control_pkg/local/lib/python3.10/dist-packages/kinematic_control_pkg/kinematic_control_pkg_s__rosidl_typesupport_introspection_c.cpython-310-x86_64-linux-gnu.so
[19.438s] -- Installing: /home/rinese/RM_prac/install/kinematic_control_pkg/local/lib/python3.10/dist-packages/kinematic_control_pkg/_kinematic_control_pkg_s.ep.rosidl_typesupport_introspection_c.c
[19.438s] -- Installing: /home/rinese/RM_prac/install/kinematic_control_pkg/local/lib/python3.10/dist-packages/kinematic_control_pkg/__init__.py
[19.466s] Listing '/home/rinese/RM_prac/install/kinematic_control_pkg/local/lib/python3.10/dist-packages/kinematic_control_pkg'...
[19.466s] Compiling '/home/rinese/RM_prac/install/kinematic_control_pkg/local/lib/python3.10/dist-packages/kinematic_control_pkg/__init__.py'...
[19.466s] Listing '/home/rinese/RM_prac/install/kinematic_control_pkg/local/lib/python3.10/dist-packages/kinematic_control_pkg/msg'...
[19.466s] Compiling '/home/rinese/RM_prac/install/kinematic_control_pkg/local/lib/python3.10/dist-packages/kinematic_control_pkg/msg/__init__.py'...
[19.466s] Compiling '/home/rinese/RM_prac/install/kinematic_control_pkg/local/lib/python3.10/dist-packages/kinematic_control_pkg/msg/_reference.py'...
[19.470s] -- Installing: /home/rinese/RM_prac/install/kinematic_control_pkg/local/lib/python3.10/dist-packages/kinematic_control_pkg/kinematic_control_pkg_s__rosidl_typesupport_fastrtps_c.cpython-310-x86_64-linux-gnu.so
[19.470s] -- Set runtime path of "/home/rinese/RM_prac/install/kinematic_control_pkg/local/lib/python3.10/dist-packages/kinematic_control_pkg/kinematic_control_pkg_s__rosidl_typesupport_fastrtps_c.cpython-310-x86_64-linux-gnu.so" to ""
[19.470s] -- Installing: /home/rinese/RM_prac/install/kinematic_control_pkg/local/lib/python3.10/dist-packages/kinematic_control_pkg/kinematic_control_pkg_s__rosidl_typesupport_introspection_c.cpython-310-x86_64-linux-gnu.so
[19.470s] -- Set runtime path of "/home/rinese/RM_prac/install/kinematic_control_pkg/local/lib/python3.10/dist-packages/kinematic_control_pkg/kinematic_control_pkg_s__rosidl_typesupport_introspection_c.cpython-310-x86_64-linux-gnu.so" to ""
[19.470s] -- Installing: /home/rinese/RM_prac/install/kinematic_control_pkg/local/lib/python3.10/dist-packages/kinematic_control_pkg/kinematic_control_pkg_s__rosidl_typesupport_c.cpython-310-x86_64-linux-gnu.so
[19.470s] -- Set runtime path of "/home/rinese/RM_prac/install/kinematic_control_pkg/local/lib/python3.10/dist-packages/kinematic_control_pkg/kinematic_control_pkg_s__rosidl_typesupport_c.cpython-310-x86_64-linux-gnu.so" to ""
[19.470s] -- Installing: /home/rinese/RM_prac/install/kinematic_control_pkg/lib/libkinematic_control_pkg__rosidl_generator_py.so
[19.471s] -- Set runtime path of "/home/rinese/RM_prac/install/kinematic_control_pkg/lib/libkinematic_control_pkg__rosidl_generator_py.so" to ""
[19.471s] -- Installing: /home/rinese/RM_prac/install/kinematic_control_pkg/share/kinematic_control_pkg/msg/Reference.idl
[19.471s] -- Installing: /home/rinese/RM_prac/install/kinematic_control_pkg/share/kinematic_control_pkg/msg/Reference.msg
[19.471s] -- Installing: /home/rinese/RM_prac/install/kinematic_control_pkg/lib/kinematic_control_pkg/controller_odom
[19.474s] -- Set runtime path of "/home/rinese/RM_prac/install/kinematic_control_pkg/lib/kinematic_control_pkg/controller_odom" to ""
[19.474s] -- Installing: /home/rinese/RM_prac/install/kinematic_control_pkg/lib/kinematic_control_pkg/infinite_reference_node
[19.475s] -- Set runtime path of "/home/rinese/RM_prac/install/kinematic_control_pkg/lib/kinematic_control_pkg/infinite_reference_node" to ""
[19.475s] -- Up-to-date: /home/rinese/RM_prac/install/kinematic_control_pkg/share/kinematic_control_pkg/msg
[19.475s] -- Up-to-date: /home/rinese/RM_prac/install/kinematic_control_pkg/share/kinematic_control_pkg/msg/Reference.msg
[19.475s] -- Installing: /home/rinese/RM_prac/install/kinematic_control_pkg/share/kinematic_control_pkg/launch
[19.475s] -- Installing: /home/rinese/RM_prac/install/kinematic_control_pkg/share/kinematic_control_pkg/launch/rviz2.launch.py
[19.475s] -- Installing: /home/rinese/RM_prac/install/kinematic_control_pkg/share/kinematic_control_pkg/launch/kinematic_controller.launch.py
[19.475s] -- Installing: /home/rinese/RM_prac/install/kinematic_control_pkg/share/kinematic_control_pkg/rviz
[19.475s] -- Installing: /home/rinese/RM_prac/install/kinematic_control_pkg/share/kinematic_control_pkg/rviz/tb3_rviz2.rviz
[19.475s] -- Installing: /home/rinese/RM_prac/install/kinematic_control_pkg/share/ament_index/resource_index/package_run_dependencies/kinematic_control_pkg
[19.475s] -- Installing: /home/rinese/RM_prac/install/kinematic_control_pkg/share/ament_index/resource_index/parent_prefix_path/kinematic_control_pkg
[19.476s] -- Installing: /home/rinese/RM_prac/install/kinematic_control_pkg/share/kinematic_control_pkg/environment/ament_prefix_path.sh
[19.476s] -- Installing: /home/rinese/RM_prac/install/kinematic_control_pkg/share/kinematic_control_pkg/environment/ament_prefix_path.dsv
[19.476s] -- Installing: /home/rinese/RM_prac/install/kinematic_control_pkg/share/kinematic_control_pkg/environment/path.sh
[19.476s] -- Installing: /home/rinese/RM_prac/install/kinematic_control_pkg/share/kinematic_control_pkg/environment/path.dsv
[19.476s] -- Installing: /home/rinese/RM_prac/install/kinematic_control_pkg/share/kinematic_control_pkg/local_setup.bash
[19.476s] -- Installing: /home/rinese/RM_prac/install/kinematic_control_pkg/share/kinematic_control_pkg/local_setup.sh
[19.476s] -- Installing: /home/rinese/RM_prac/install/kinematic_control_pkg/share/kinematic_control_pkg/local_setup.zsh
[19.476s] -- Installing: /home/rinese/RM_prac/install/kinematic_control_pkg/share/kinematic_control_pkg/local_setup.dsv
[19.476s] -- Installing: /home/rinese/RM_prac/install/kinematic_control_pkg/share/kinematic_control_pkg/package.dsv
[19.476s] -- Installing: /home/rinese/RM_prac/install/kinematic_control_pkg/share/ament_index/resource_index/packages/kinematic_control_pkg
[19.476s] -- Installing: /home/rinese/RM_prac/install/kinematic_control_pkg/share/kinematic_control_pkg/cmake/export_kinematic_control_pkg__rosidl_generator_cExport.cmake
[19.476s] -- Installing: /home/rinese/RM_prac/install/kinematic_control_pkg/share/kinematic_control_pkg/cmake/export_kinematic_control_pkg__rosidl_generator_cExport-noconfig.cmake
[19.477s] -- Installing: /home/rinese/RM_prac/install/kinematic_control_pkg/share/kinematic_control_pkg/cmake/export_kinematic_control_pkg__rosidl_typesupport_fastrtps_cExport.cmake
[19.477s] -- Installing: /home/rinese/RM_prac/install/kinematic_control_pkg/share/kinematic_control_pkg/cmake/export_kinematic_control_pkg__rosidl_typesupport_fastrtps_cExport-noconfig.cmake
[19.477s] -- Installing: /home/rinese/RM_prac/install/kinematic_control_pkg/share/kinematic_control_pkg/cmake/export_kinematic_control_pkg__rosidl_generator_cppExport.cmake
[19.477s] -- Installing: /home/rinese/RM_prac/install/kinematic_control_pkg/share/kinematic_control_pkg/cmake/export_kinematic_control_pkg__rosidl_typesupport_fastrtps_cppExport.cmake
[19.477s] -- Installing: /home/rinese/RM_prac/install/kinematic_control_pkg/share/kinematic_control_pkg/cmake/export_kinematic_control_pkg__rosidl_typesupport_fastrtps_cppExport-noconfig.cmake
[19.477s] -- Installing: /home/rinese/RM_prac/install/kinematic_control_pkg/share/kinematic_control_pkg/cmake/kinematic_control_pkg__rosidl_typesupport_introspection_cExport.cmake
[19.477s] -- Installing: /home/rinese/RM_prac/install/kinematic_control_pkg/share/kinematic_control_pkg/cmake/kinematic_control_pkg__rosidl_typesupport_introspection_cExport-noconfig.cmake
[19.477s] -- Installing: /home/rinese/RM_prac/install/kinematic_control_pkg/share/kinematic_control_pkg/cmake/kinematic_control_pkg__rosidl_typesupport_cExport.cmake
[19.477s] -- Installing: /home/rinese/RM_prac/install/kinematic_control_pkg/share/kinematic_control_pkg/cmake/kinematic_control_pkg__rosidl_typesupport_cExport-noconfig.cmake
[19.477s] -- Installing: /home/rinese/RM_prac/install/kinematic_control_pkg/share/kinematic_control_pkg/cmake/kinematic_control_pkg__rosidl_typesupport_introspection_cppExport.cmake
[19.477s] -- Installing: /home/rinese/RM_prac/install/kinematic_control_pkg/share/kinematic_control_pkg/cmake/kinematic_control_pkg__rosidl_typesupport_introspection_cppExport-noconfig.cmake
[19.477s] -- Installing: /home/rinese/RM_prac/install/kinematic_control_pkg/share/kinematic_control_pkg/cmake/kinematic_control_pkg__rosidl_typesupport_cppExport.cmake
[19.478s] -- Installing: /home/rinese/RM_prac/install/kinematic_control_pkg/share/kinematic_control_pkg/cmake/kinematic_control_pkg__rosidl_typesupport_cppExport-noconfig.cmake
[19.478s] -- Installing: /home/rinese/RM_prac/install/kinematic_control_pkg/share/kinematic_control_pkg/cmake/export_kinematic_control_pkg__rosidl_generator_pyExport.cmake
[19.478s] -- Installing: /home/rinese/RM_prac/install/kinematic_control_pkg/share/kinematic_control_pkg/cmake/export_kinematic_control_pkg__rosidl_generator_pyExport-noconfig.cmake
[19.478s] -- Installing: /home/rinese/RM_prac/install/kinematic_control_pkg/share/kinematic_control_pkg/cmake/rosidl_cmake-extras.cmake
[19.478s] -- Installing: /home/rinese/RM_prac/install/kinematic_control_pkg/share/kinematic_control_pkg/cmake/ament_cmake_export_dependencies-extras.cmake
[19.478s] -- Installing: /home/rinese/RM_prac/install/kinematic_control_pkg/share/kinematic_control_pkg/cmake/ament_cmake_export_include_directories-extras.cmake
[19.478s] -- Installing: /home/rinese/RM_prac/install/kinematic_control_pkg/share/kinematic_control_pkg/cmake/ament_cmake_export_libraries-extras.cmake
[19.478s] -- Installing: /home/rinese/RM_prac/install/kinematic_control_pkg/share/kinematic_control_pkg/cmake/ament_cmake_export_targets-extras.cmake
[19.478s] -- Installing: /home/rinese/RM_prac/install/kinematic_control_pkg/share/kinematic_control_pkg/cmake/rosidl_cmake_export_typesupport_targets-extras.cmake
[19.478s] -- Installing: /home/rinese/RM_prac/install/kinematic_control_pkg/share/kinematic_control_pkg/cmake/rosidl_cmake_export_typesupport_libraries-extras.cmake
[19.478s] -- Installing: /home/rinese/RM_prac/install/kinematic_control_pkg/share/kinematic_control_pkg/cmake/kinematic_control_pkgConfig.cmake
[19.479s] -- Installing: /home/rinese/RM_prac/install/kinematic_control_pkg/share/kinematic_control_pkg/cmake/kinematic_control_pkgConfig-version.cmake
[19.479s] -- Installing: /home/rinese/RM_prac/install/kinematic_control_pkg/share/kinematic_control_pkg/package.xml
[19.481s] Invoked command in '/home/rinese/RM_prac/build/kinematic_control_pkg' returned '0': CMAKE_PREFIX_PATH=${CMAKE_PREFIX_PATH}:/opt/ros/humble /usr/bin/cmake --install /home/rinese/RM_prac/build/kinematic_control_pkg
