[  2%] Built target pure_pursuit_pkg__cpp
[ 10%] Built target pure_pursuit_pkg__rosidl_generator_c
[ 10%] Built target ament_cmake_python_copy_pure_pursuit_pkg
[ 32%] Built target pure_pursuit_pkg__rosidl_typesupport_c
[ 32%] Built target pure_pursuit_pkg__rosidl_typesupport_cpp
[ 37%] Built target pure_pursuit_pkg__rosidl_typesupport_introspection_c
[ 45%] Built target pure_pursuit_pkg__rosidl_typesupport_introspection_cpp
[ 51%] Built target pure_pursuit_pkg__rosidl_typesupport_fastrtps_cpp
[ 59%] Built target pure_pursuit_pkg__rosidl_typesupport_fastrtps_c
[35m[1mConsolidate compiler generated dependencies of target waypoint_tools_lib[0m
[ 62%] [32mBuilding CXX object CMakeFiles/waypoints_node.dir/src/waypoints_node.cpp.o[0m
[ 64%] [32mBuilding CXX object CMakeFiles/waypoint_tools_lib.dir/src/waypoint_tools/WayPointPathTools.cpp.o[0m
[ 64%] Built target pure_pursuit_pkg
[ 67%] Built target pure_pursuit_pkg__py
[ 70%] [32mBuilding C object CMakeFiles/pure_pursuit_pkg__rosidl_generator_py.dir/rosidl_generator_py/pure_pursuit_pkg/msg/_way_point_path_s.c.o[0m
[ 72%] [32m[1mLinking C shared library rosidl_generator_py/pure_pursuit_pkg/libpure_pursuit_pkg__rosidl_generator_py.so[0m
[ 72%] Built target pure_pursuit_pkg__rosidl_generator_py
[ 75%] [32mBuilding C object CMakeFiles/pure_pursuit_pkg__rosidl_typesupport_fastrtps_c__pyext.dir/rosidl_generator_py/pure_pursuit_pkg/_pure_pursuit_pkg_s.ep.rosidl_typesupport_fastrtps_c.c.o[0m
[ 78%] [32mBuilding C object CMakeFiles/pure_pursuit_pkg__rosidl_typesupport_c__pyext.dir/rosidl_generator_py/pure_pursuit_pkg/_pure_pursuit_pkg_s.ep.rosidl_typesupport_c.c.o[0m
[ 81%] [32mBuilding C object CMakeFiles/pure_pursuit_pkg__rosidl_typesupport_introspection_c__pyext.dir/rosidl_generator_py/pure_pursuit_pkg/_pure_pursuit_pkg_s.ep.rosidl_typesupport_introspection_c.c.o[0m
running egg_info
writing pure_pursuit_pkg.egg-info/PKG-INFO
writing dependency_links to pure_pursuit_pkg.egg-info/dependency_links.txt
writing top-level names to pure_pursuit_pkg.egg-info/top_level.txt
reading manifest file 'pure_pursuit_pkg.egg-info/SOURCES.txt'
writing manifest file 'pure_pursuit_pkg.egg-info/SOURCES.txt'
[ 81%] Built target ament_cmake_python_build_pure_pursuit_pkg_egg
[ 83%] [32m[1mLinking C shared library rosidl_generator_py/pure_pursuit_pkg/pure_pursuit_pkg_s__rosidl_typesupport_c.cpython-310-x86_64-linux-gnu.so[0m
[ 86%] [32m[1mLinking C shared library rosidl_generator_py/pure_pursuit_pkg/pure_pursuit_pkg_s__rosidl_typesupport_fastrtps_c.cpython-310-x86_64-linux-gnu.so[0m
[ 89%] [32m[1mLinking C shared library rosidl_generator_py/pure_pursuit_pkg/pure_pursuit_pkg_s__rosidl_typesupport_introspection_c.cpython-310-x86_64-linux-gnu.so[0m
[ 89%] Built target pure_pursuit_pkg__rosidl_typesupport_c__pyext
[ 89%] Built target pure_pursuit_pkg__rosidl_typesupport_fastrtps_c__pyext
[ 89%] Built target pure_pursuit_pkg__rosidl_typesupport_introspection_c__pyext
