-- The C compiler identification is GNU 11.4.0
-- The CXX compiler identification is GNU 11.4.0
-- Detecting C compiler ABI info
-- Detecting C compiler ABI info - done
-- Check for working C compiler: /usr/bin/cc - skipped
-- Detecting C compile features
-- Detecting C compile features - done
-- Detecting CXX compiler ABI info
-- Detecting CXX compiler ABI info - done
-- Check for working CXX compiler: /usr/bin/c++ - skipped
-- Detecting CXX compile features
-- Detecting CXX compile features - done
-- Found ament_cmake: 1.3.12 (/opt/ros/humble/share/ament_cmake/cmake)
-- Found Python3: /usr/bin/python3 (found version "3.10.12") found components: Interpreter 
-- Found rclcpp: 16.0.15 (/opt/ros/humble/share/rclcpp/cmake)
-- Found rosidl_generator_c: 3.1.7 (/opt/ros/humble/share/rosidl_generator_c/cmake)
-- Found rosidl_adapter: 3.1.7 (/opt/ros/humble/share/rosidl_adapter/cmake)
-- Found rosidl_generator_cpp: 3.1.7 (/opt/ros/humble/share/rosidl_generator_cpp/cmake)
-- Using all available rosidl_typesupport_c: rosidl_typesupport_fastrtps_c;rosidl_typesupport_introspection_c
-- Using all available rosidl_typesupport_cpp: rosidl_typesupport_fastrtps_cpp;rosidl_typesupport_introspection_cpp
-- Found rmw_implementation_cmake: 6.1.2 (/opt/ros/humble/share/rmw_implementation_cmake/cmake)
-- Found rmw_fastrtps_cpp: 6.2.8 (/opt/ros/humble/share/rmw_fastrtps_cpp/cmake)
-- Found OpenSSL: /usr/lib/x86_64-linux-gnu/libcrypto.so (found version "3.0.2")  
-- Found FastRTPS: /opt/ros/humble/include  
-- Using RMW implementation 'rmw_fastrtps_cpp' as default
-- Looking for pthread.h
-- Looking for pthread.h - found
-- Performing Test CMAKE_HAVE_LIBC_PTHREAD
-- Performing Test CMAKE_HAVE_LIBC_PTHREAD - Success
-- Found Threads: TRUE  
-- Found geometry_msgs: 4.9.0 (/opt/ros/humble/share/geometry_msgs/cmake)
-- Found tf2: 0.25.16 (/opt/ros/humble/share/tf2/cmake)
-- Found tf2_geometry_msgs: 0.25.16 (/opt/ros/humble/share/tf2_geometry_msgs/cmake)
-- Found eigen3_cmake_module: 0.1.1 (/opt/ros/humble/share/eigen3_cmake_module/cmake)
-- Found Eigen3: TRUE (found version "3.4.0") 
-- Ensuring Eigen3 include directory is part of orocos-kdl CMake target
-- Found nav_msgs: 4.9.0 (/opt/ros/humble/share/nav_msgs/cmake)
-- Configuring done
-- Generating done
-- Build files have been written to: /home/rinese/RM/RM_prac/build/slam_pkg
[ 50%] [32mBuilding CXX object CMakeFiles/amcl_odom.dir/src/amcl_odom.cpp.o[0m
[100%] [32m[1mLinking CXX executable amcl_odom[0m
[100%] Built target amcl_odom
-- Install configuration: ""
-- Installing: /home/rinese/RM/RM_prac/install/slam_pkg/lib/slam_pkg/amcl_odom
-- Set runtime path of "/home/rinese/RM/RM_prac/install/slam_pkg/lib/slam_pkg/amcl_odom" to ""
-- Installing: /home/rinese/RM/RM_prac/install/slam_pkg/share/slam_pkg/launch
-- Installing: /home/rinese/RM/RM_prac/install/slam_pkg/share/slam_pkg/launch/cartographer.launch.py
-- Installing: /home/rinese/RM/RM_prac/install/slam_pkg/share/slam_pkg/launch/localization.launch.py
-- Installing: /home/rinese/RM/RM_prac/install/slam_pkg/share/ament_index/resource_index/package_run_dependencies/slam_pkg
-- Installing: /home/rinese/RM/RM_prac/install/slam_pkg/share/ament_index/resource_index/parent_prefix_path/slam_pkg
-- Installing: /home/rinese/RM/RM_prac/install/slam_pkg/share/slam_pkg/environment/ament_prefix_path.sh
-- Installing: /home/rinese/RM/RM_prac/install/slam_pkg/share/slam_pkg/environment/ament_prefix_path.dsv
-- Installing: /home/rinese/RM/RM_prac/install/slam_pkg/share/slam_pkg/environment/path.sh
-- Installing: /home/rinese/RM/RM_prac/install/slam_pkg/share/slam_pkg/environment/path.dsv
-- Installing: /home/rinese/RM/RM_prac/install/slam_pkg/share/slam_pkg/local_setup.bash
-- Installing: /home/rinese/RM/RM_prac/install/slam_pkg/share/slam_pkg/local_setup.sh
-- Installing: /home/rinese/RM/RM_prac/install/slam_pkg/share/slam_pkg/local_setup.zsh
-- Installing: /home/rinese/RM/RM_prac/install/slam_pkg/share/slam_pkg/local_setup.dsv
-- Installing: /home/rinese/RM/RM_prac/install/slam_pkg/share/slam_pkg/package.dsv
-- Installing: /home/rinese/RM/RM_prac/install/slam_pkg/share/ament_index/resource_index/packages/slam_pkg
-- Installing: /home/rinese/RM/RM_prac/install/slam_pkg/share/slam_pkg/cmake/slam_pkgConfig.cmake
-- Installing: /home/rinese/RM/RM_prac/install/slam_pkg/share/slam_pkg/cmake/slam_pkgConfig-version.cmake
-- Installing: /home/rinese/RM/RM_prac/install/slam_pkg/share/slam_pkg/package.xml
