[0.006s] Invoking command in '/home/rinese/RM/RM_prac/build/slam_pkg': CMAKE_PREFIX_PATH=/opt/ros/humble /usr/bin/cmake /home/rinese/RM/RM_prac/src/slam_pkg -DCMAKE_INSTALL_PREFIX=/home/rinese/RM/RM_prac/install/slam_pkg
[0.041s] -- The C compiler identification is GNU 11.4.0
[0.079s] -- The CXX compiler identification is GNU 11.4.0
[0.084s] -- Detecting C compiler ABI info
[0.130s] -- Detecting C compiler ABI info - done
[0.138s] -- Check for working C compiler: /usr/bin/cc - skipped
[0.139s] -- Detecting C compile features
[0.139s] -- Detecting C compile features - done
[0.142s] -- Detecting CXX compiler ABI info
[0.198s] -- Detecting CXX compiler ABI info - done
[0.206s] -- Check for working CXX compiler: /usr/bin/c++ - skipped
[0.206s] -- Detecting CXX compile features
[0.206s] -- Detecting CXX compile features - done
[0.209s] -- Found ament_cmake: 1.3.12 (/opt/ros/humble/share/ament_cmake/cmake)
[0.330s] -- Found Python3: /usr/bin/python3 (found version "3.10.12") found components: Interpreter 
[0.394s] -- Found rclcpp: 16.0.15 (/opt/ros/humble/share/rclcpp/cmake)
[0.425s] -- Found rosidl_generator_c: 3.1.7 (/opt/ros/humble/share/rosidl_generator_c/cmake)
[0.428s] -- Found rosidl_adapter: 3.1.7 (/opt/ros/humble/share/rosidl_adapter/cmake)
[0.433s] -- Found rosidl_generator_cpp: 3.1.7 (/opt/ros/humble/share/rosidl_generator_cpp/cmake)
[0.441s] -- Using all available rosidl_typesupport_c: rosidl_typesupport_fastrtps_c;rosidl_typesupport_introspection_c
[0.451s] -- Using all available rosidl_typesupport_cpp: rosidl_typesupport_fastrtps_cpp;rosidl_typesupport_introspection_cpp
[0.479s] -- Found rmw_implementation_cmake: 6.1.2 (/opt/ros/humble/share/rmw_implementation_cmake/cmake)
[0.481s] -- Found rmw_fastrtps_cpp: 6.2.8 (/opt/ros/humble/share/rmw_fastrtps_cpp/cmake)
[0.533s] -- Found OpenSSL: /usr/lib/x86_64-linux-gnu/libcrypto.so (found version "3.0.2")  
[0.551s] -- Found FastRTPS: /opt/ros/humble/include  
[0.579s] -- Using RMW implementation 'rmw_fastrtps_cpp' as default
[0.585s] -- Looking for pthread.h
[0.634s] -- Looking for pthread.h - found
[0.634s] -- Performing Test CMAKE_HAVE_LIBC_PTHREAD
[0.684s] -- Performing Test CMAKE_HAVE_LIBC_PTHREAD - Success
[0.685s] -- Found Threads: TRUE  
[0.720s] -- Found geometry_msgs: 4.9.0 (/opt/ros/humble/share/geometry_msgs/cmake)
[0.729s] -- Found tf2: 0.25.16 (/opt/ros/humble/share/tf2/cmake)
[0.735s] -- Found tf2_geometry_msgs: 0.25.16 (/opt/ros/humble/share/tf2_geometry_msgs/cmake)
[0.744s] -- Found eigen3_cmake_module: 0.1.1 (/opt/ros/humble/share/eigen3_cmake_module/cmake)
[0.745s] -- Found Eigen3: TRUE (found version "3.4.0") 
[0.745s] -- Ensuring Eigen3 include directory is part of orocos-kdl CMake target
[0.804s] -- Found nav_msgs: 4.9.0 (/opt/ros/humble/share/nav_msgs/cmake)
[0.856s] -- Configuring done
[0.864s] -- Generating done
[0.867s] -- Build files have been written to: /home/rinese/RM/RM_prac/build/slam_pkg
[0.876s] Invoked command in '/home/rinese/RM/RM_prac/build/slam_pkg' returned '0': CMAKE_PREFIX_PATH=/opt/ros/humble /usr/bin/cmake /home/rinese/RM/RM_prac/src/slam_pkg -DCMAKE_INSTALL_PREFIX=/home/rinese/RM/RM_prac/install/slam_pkg
[0.877s] Invoking command in '/home/rinese/RM/RM_prac/build/slam_pkg': CMAKE_PREFIX_PATH=/opt/ros/humble /usr/bin/cmake --build /home/rinese/RM/RM_prac/build/slam_pkg -- -j8 -l8
[0.910s] [ 50%] [32mBuilding CXX object CMakeFiles/amcl_odom.dir/src/amcl_odom.cpp.o[0m
[8.156s] [100%] [32m[1mLinking CXX executable amcl_odom[0m
[8.574s] [100%] Built target amcl_odom
[8.584s] Invoked command in '/home/rinese/RM/RM_prac/build/slam_pkg' returned '0': CMAKE_PREFIX_PATH=/opt/ros/humble /usr/bin/cmake --build /home/rinese/RM/RM_prac/build/slam_pkg -- -j8 -l8
[8.592s] Invoking command in '/home/rinese/RM/RM_prac/build/slam_pkg': CMAKE_PREFIX_PATH=/opt/ros/humble /usr/bin/cmake --install /home/rinese/RM/RM_prac/build/slam_pkg
[8.596s] -- Install configuration: ""
[8.596s] -- Installing: /home/rinese/RM/RM_prac/install/slam_pkg/lib/slam_pkg/amcl_odom
[8.599s] -- Set runtime path of "/home/rinese/RM/RM_prac/install/slam_pkg/lib/slam_pkg/amcl_odom" to ""
[8.600s] -- Installing: /home/rinese/RM/RM_prac/install/slam_pkg/share/slam_pkg/launch
[8.600s] -- Installing: /home/rinese/RM/RM_prac/install/slam_pkg/share/slam_pkg/launch/cartographer.launch.py
[8.600s] -- Installing: /home/rinese/RM/RM_prac/install/slam_pkg/share/slam_pkg/launch/localization.launch.py
[8.600s] -- Installing: /home/rinese/RM/RM_prac/install/slam_pkg/share/ament_index/resource_index/package_run_dependencies/slam_pkg
[8.600s] -- Installing: /home/rinese/RM/RM_prac/install/slam_pkg/share/ament_index/resource_index/parent_prefix_path/slam_pkg
[8.600s] -- Installing: /home/rinese/RM/RM_prac/install/slam_pkg/share/slam_pkg/environment/ament_prefix_path.sh
[8.600s] -- Installing: /home/rinese/RM/RM_prac/install/slam_pkg/share/slam_pkg/environment/ament_prefix_path.dsv
[8.600s] -- Installing: /home/rinese/RM/RM_prac/install/slam_pkg/share/slam_pkg/environment/path.sh
[8.600s] -- Installing: /home/rinese/RM/RM_prac/install/slam_pkg/share/slam_pkg/environment/path.dsv
[8.600s] -- Installing: /home/rinese/RM/RM_prac/install/slam_pkg/share/slam_pkg/local_setup.bash
[8.600s] -- Installing: /home/rinese/RM/RM_prac/install/slam_pkg/share/slam_pkg/local_setup.sh
[8.600s] -- Installing: /home/rinese/RM/RM_prac/install/slam_pkg/share/slam_pkg/local_setup.zsh
[8.601s] -- Installing: /home/rinese/RM/RM_prac/install/slam_pkg/share/slam_pkg/local_setup.dsv
[8.601s] -- Installing: /home/rinese/RM/RM_prac/install/slam_pkg/share/slam_pkg/package.dsv
[8.601s] -- Installing: /home/rinese/RM/RM_prac/install/slam_pkg/share/ament_index/resource_index/packages/slam_pkg
[8.601s] -- Installing: /home/rinese/RM/RM_prac/install/slam_pkg/share/slam_pkg/cmake/slam_pkgConfig.cmake
[8.601s] -- Installing: /home/rinese/RM/RM_prac/install/slam_pkg/share/slam_pkg/cmake/slam_pkgConfig-version.cmake
[8.601s] -- Installing: /home/rinese/RM/RM_prac/install/slam_pkg/share/slam_pkg/package.xml
[8.603s] Invoked command in '/home/rinese/RM/RM_prac/build/slam_pkg' returned '0': CMAKE_PREFIX_PATH=/opt/ros/humble /usr/bin/cmake --install /home/rinese/RM/RM_prac/build/slam_pkg
