[0.012s] Invoking command in '/home/rinese/RM_prac/build/upv_maps_pkg': CMAKE_PREFIX_PATH=${CMAKE_PREFIX_PATH}:/opt/ros/humble /usr/bin/cmake /home/rinese/RM_prac/src/upv_maps_pkg -DCMAKE_INSTALL_PREFIX=/home/rinese/RM_prac/install/upv_maps_pkg
[0.079s] -- The C compiler identification is GNU 11.4.0
[0.145s] -- The CXX compiler identification is GNU 11.4.0
[0.153s] -- Detecting C compiler ABI info
[0.227s] -- Detecting C compiler ABI info - done
[0.238s] -- Check for working C compiler: /usr/bin/cc - skipped
[0.238s] -- Detecting C compile features
[0.238s] -- Detecting C compile features - done
[0.241s] -- Detecting CXX compiler ABI info
[0.330s] -- Detecting CXX compiler ABI info - done
[0.341s] -- Check for working CXX compiler: /usr/bin/c++ - skipped
[0.341s] -- Detecting CXX compile features
[0.342s] -- Detecting CXX compile features - done
[0.346s] -- Found ament_cmake: 1.3.13 (/opt/ros/humble/share/ament_cmake/cmake)
[0.483s] -- Found Python3: /usr/bin/python3 (found version "3.10.12") found components: Interpreter 
[0.577s] -- Found ament_lint_auto: 0.12.15 (/opt/ros/humble/share/ament_lint_auto/cmake)
[0.673s] -- Added test 'lint_cmake' to check CMake code style
[0.675s] -- Added test 'xmllint' to check XML markup files
[0.676s] -- Configuring done
[0.679s] -- Generating done
[0.680s] -- Build files have been written to: /home/rinese/RM_prac/build/upv_maps_pkg
[0.685s] Invoked command in '/home/rinese/RM_prac/build/upv_maps_pkg' returned '0': CMAKE_PREFIX_PATH=${CMAKE_PREFIX_PATH}:/opt/ros/humble /usr/bin/cmake /home/rinese/RM_prac/src/upv_maps_pkg -DCMAKE_INSTALL_PREFIX=/home/rinese/RM_prac/install/upv_maps_pkg
[0.686s] Invoking command in '/home/rinese/RM_prac/build/upv_maps_pkg': CMAKE_PREFIX_PATH=${CMAKE_PREFIX_PATH}:/opt/ros/humble /usr/bin/cmake --build /home/rinese/RM_prac/build/upv_maps_pkg -- -j8 -l8
[0.726s] Invoked command in '/home/rinese/RM_prac/build/upv_maps_pkg' returned '0': CMAKE_PREFIX_PATH=${CMAKE_PREFIX_PATH}:/opt/ros/humble /usr/bin/cmake --build /home/rinese/RM_prac/build/upv_maps_pkg -- -j8 -l8
[0.728s] Invoking command in '/home/rinese/RM_prac/build/upv_maps_pkg': CMAKE_PREFIX_PATH=${CMAKE_PREFIX_PATH}:/opt/ros/humble /usr/bin/cmake --install /home/rinese/RM_prac/build/upv_maps_pkg
[0.736s] -- Install configuration: ""
[0.737s] -- Installing: /home/rinese/RM_prac/install/upv_maps_pkg/share/upv_maps_pkg/maps
[0.737s] -- Installing: /home/rinese/RM_prac/install/upv_maps_pkg/share/upv_maps_pkg/maps/coppeliasim
[0.737s] -- Installing: /home/rinese/RM_prac/install/upv_maps_pkg/share/upv_maps_pkg/maps/coppeliasim/coppeliasim_map.yaml
[0.737s] -- Installing: /home/rinese/RM_prac/install/upv_maps_pkg/share/upv_maps_pkg/maps/coppeliasim/coppeliasim_map.pgm
[0.737s] -- Installing: /home/rinese/RM_prac/install/upv_maps_pkg/share/upv_maps_pkg/maps/coppeliasim/speed_mask_coppeliasim_map.pgm
[0.737s] -- Installing: /home/rinese/RM_prac/install/upv_maps_pkg/share/upv_maps_pkg/maps/coppeliasim/speed_mask_coppeliasim_map.yaml
[0.737s] -- Installing: /home/rinese/RM_prac/install/upv_maps_pkg/share/upv_maps_pkg/maps/etsinf
[0.737s] -- Installing: /home/rinese/RM_prac/install/upv_maps_pkg/share/upv_maps_pkg/maps/etsinf/lab_map.pgm
[0.737s] -- Installing: /home/rinese/RM_prac/install/upv_maps_pkg/share/upv_maps_pkg/maps/etsinf/speed_mask_lab_map.pgm
[0.737s] -- Installing: /home/rinese/RM_prac/install/upv_maps_pkg/share/upv_maps_pkg/maps/etsinf/lab_map.yaml
[0.737s] -- Installing: /home/rinese/RM_prac/install/upv_maps_pkg/share/upv_maps_pkg/maps/etsinf/speed_mask_lab_map.yaml
[0.737s] -- Installing: /home/rinese/RM_prac/install/upv_maps_pkg/share/ament_index/resource_index/package_run_dependencies/upv_maps_pkg
[0.738s] -- Installing: /home/rinese/RM_prac/install/upv_maps_pkg/share/ament_index/resource_index/parent_prefix_path/upv_maps_pkg
[0.738s] -- Installing: /home/rinese/RM_prac/install/upv_maps_pkg/share/upv_maps_pkg/environment/ament_prefix_path.sh
[0.738s] -- Installing: /home/rinese/RM_prac/install/upv_maps_pkg/share/upv_maps_pkg/environment/ament_prefix_path.dsv
[0.738s] -- Installing: /home/rinese/RM_prac/install/upv_maps_pkg/share/upv_maps_pkg/environment/path.sh
[0.738s] -- Installing: /home/rinese/RM_prac/install/upv_maps_pkg/share/upv_maps_pkg/environment/path.dsv
[0.738s] -- Installing: /home/rinese/RM_prac/install/upv_maps_pkg/share/upv_maps_pkg/local_setup.bash
[0.738s] -- Installing: /home/rinese/RM_prac/install/upv_maps_pkg/share/upv_maps_pkg/local_setup.sh
[0.738s] -- Installing: /home/rinese/RM_prac/install/upv_maps_pkg/share/upv_maps_pkg/local_setup.zsh
[0.738s] -- Installing: /home/rinese/RM_prac/install/upv_maps_pkg/share/upv_maps_pkg/local_setup.dsv
[0.738s] -- Installing: /home/rinese/RM_prac/install/upv_maps_pkg/share/upv_maps_pkg/package.dsv
[0.738s] -- Installing: /home/rinese/RM_prac/install/upv_maps_pkg/share/ament_index/resource_index/packages/upv_maps_pkg
[0.738s] -- Installing: /home/rinese/RM_prac/install/upv_maps_pkg/share/upv_maps_pkg/cmake/upv_maps_pkgConfig.cmake
[0.739s] -- Installing: /home/rinese/RM_prac/install/upv_maps_pkg/share/upv_maps_pkg/cmake/upv_maps_pkgConfig-version.cmake
[0.739s] -- Installing: /home/rinese/RM_prac/install/upv_maps_pkg/share/upv_maps_pkg/package.xml
[0.741s] Invoked command in '/home/rinese/RM_prac/build/upv_maps_pkg' returned '0': CMAKE_PREFIX_PATH=${CMAKE_PREFIX_PATH}:/opt/ros/humble /usr/bin/cmake --install /home/rinese/RM_prac/build/upv_maps_pkg
