-- The C compiler identification is GNU 11.4.0
-- The CXX compiler identification is GNU 11.4.0
-- Detecting C compiler ABI info
-- Detecting C compiler ABI info - done
-- Check for working C compiler: /usr/bin/cc - skipped
-- Detecting C compile features
-- Detecting C compile features - done
-- Detecting CXX compiler ABI info
-- Detecting CXX compiler ABI info - done
-- Check for working CXX compiler: /usr/bin/c++ - skipped
-- Detecting CXX compile features
-- Detecting CXX compile features - done
-- Found ament_cmake: 1.3.11 (/opt/ros/humble/share/ament_cmake/cmake)
-- Found Python3: /usr/bin/python3 (found version "3.10.12") found components: Interpreter 
-- Found sensor_msgs: 4.2.4 (/opt/ros/humble/share/sensor_msgs/cmake)
-- Found rosidl_generator_c: 3.1.6 (/opt/ros/humble/share/rosidl_generator_c/cmake)
-- Found rosidl_adapter: 3.1.6 (/opt/ros/humble/share/rosidl_adapter/cmake)
-- Found rosidl_generator_cpp: 3.1.6 (/opt/ros/humble/share/rosidl_generator_cpp/cmake)
-- Using all available rosidl_typesupport_c: rosidl_typesupport_fastrtps_c;rosidl_typesupport_introspection_c
-- Using all available rosidl_typesupport_cpp: rosidl_typesupport_fastrtps_cpp;rosidl_typesupport_introspection_cpp
-- Found rclcpp: 16.0.11 (/opt/ros/humble/share/rclcpp/cmake)
-- Found rmw_implementation_cmake: 6.1.2 (/opt/ros/humble/share/rmw_implementation_cmake/cmake)
-- Found rmw_fastrtps_cpp: 6.2.7 (/opt/ros/humble/share/rmw_fastrtps_cpp/cmake)
-- Found OpenSSL: /usr/lib/x86_64-linux-gnu/libcrypto.so (found version "3.0.2")  
-- Found FastRTPS: /opt/ros/humble/include  
-- Using RMW implementation 'rmw_fastrtps_cpp' as default
-- Looking for pthread.h
-- Looking for pthread.h - found
-- Performing Test CMAKE_HAVE_LIBC_PTHREAD
-- Performing Test CMAKE_HAVE_LIBC_PTHREAD - Success
-- Found Threads: TRUE  
-- Found nav_msgs: 4.2.4 (/opt/ros/humble/share/nav_msgs/cmake)
-- Found tf2_ros: 0.25.12 (/opt/ros/humble/share/tf2_ros/cmake)
-- Found tf2_geometry_msgs: 0.25.12 (/opt/ros/humble/share/tf2_geometry_msgs/cmake)
-- Found eigen3_cmake_module: 0.1.1 (/opt/ros/humble/share/eigen3_cmake_module/cmake)
-- Found Eigen3: TRUE (found version "3.4.0") 
-- Ensuring Eigen3 include directory is part of orocos-kdl CMake target
-- Found PkgConfig: /usr/bin/pkg-config (found version "0.29.2") 
-- Found csm: 0.0.0 (/home/leo/RM_prac/install/csm/share/csm/cmake)
-- Found rosidl_default_generators: 1.2.0 (/opt/ros/humble/share/rosidl_default_generators/cmake)
-- Found Boost: /usr/lib/x86_64-linux-gnu/cmake/Boost-1.74.0/BoostConfig.cmake (found version "1.74.0") found components: thread 
-- Found ament_cmake_ros: 0.10.0 (/opt/ros/humble/share/ament_cmake_ros/cmake)
-- Using all available rosidl_typesupport_c: rosidl_typesupport_fastrtps_c;rosidl_typesupport_introspection_c
-- Using all available rosidl_typesupport_cpp: rosidl_typesupport_fastrtps_cpp;rosidl_typesupport_introspection_cpp
-- Found PythonInterp: /usr/bin/python3 (found suitable version "3.10.12", minimum required is "3.6") 
-- Found python_cmake_module: 0.10.0 (/opt/ros/humble/share/python_cmake_module/cmake)
-- Found PythonLibs: /usr/lib/x86_64-linux-gnu/libpython3.10.so (found suitable version "3.10.12", minimum required is "3.5") 
-- Using PYTHON_EXECUTABLE: /usr/bin/python3
-- Using PYTHON_INCLUDE_DIRS: /usr/include/python3.10
-- Using PYTHON_LIBRARIES: /usr/lib/x86_64-linux-gnu/libpython3.10.so
-- Found PythonExtra: .so  
-- Configuring done
-- Generating done
-- Build files have been written to: /home/leo/RM_prac/build/ros2_laser_scan_matcher
[  3%] [34m[1mGenerating C code for ROS interfaces[0m
[  6%] [34m[1mGenerating C++ code for ROS interfaces[0m
[  6%] Built target ament_cmake_python_copy_ros2_laser_scan_matcher
running egg_info
creating ros2_laser_scan_matcher.egg-info
writing ros2_laser_scan_matcher.egg-info/PKG-INFO
writing dependency_links to ros2_laser_scan_matcher.egg-info/dependency_links.txt
writing top-level names to ros2_laser_scan_matcher.egg-info/top_level.txt
writing manifest file 'ros2_laser_scan_matcher.egg-info/SOURCES.txt'
reading manifest file 'ros2_laser_scan_matcher.egg-info/SOURCES.txt'
writing manifest file 'ros2_laser_scan_matcher.egg-info/SOURCES.txt'
[  6%] Built target ament_cmake_python_build_ros2_laser_scan_matcher_egg
[  6%] Built target ros2_laser_scan_matcher__cpp
[  9%] [32mBuilding C object CMakeFiles/ros2_laser_scan_matcher__rosidl_generator_c.dir/rosidl_generator_c/ros2_laser_scan_matcher/srv/detail/reset_odom__functions.c.o[0m
[ 15%] [34m[1mGenerating C++ introspection for ROS interfaces[0m
[ 15%] [34m[1mGenerating C++ type support for eProsima Fast-RTPS[0m
[ 18%] [34m[1mGenerating C++ type support dispatch for ROS interfaces[0m
[ 21%] [32m[1mLinking C shared library libros2_laser_scan_matcher__rosidl_generator_c.so[0m
[ 27%] [32mBuilding CXX object CMakeFiles/ros2_laser_scan_matcher__rosidl_typesupport_cpp.dir/rosidl_typesupport_cpp/ros2_laser_scan_matcher/srv/reset_odom__type_support.cpp.o[0m
[ 27%] [32mBuilding CXX object CMakeFiles/ros2_laser_scan_matcher__rosidl_typesupport_introspection_cpp.dir/rosidl_typesupport_introspection_cpp/ros2_laser_scan_matcher/srv/detail/reset_odom__type_support.cpp.o[0m
[ 27%] Built target ros2_laser_scan_matcher__rosidl_generator_c
[ 30%] [34m[1mGenerating C type support for eProsima Fast-RTPS[0m
[ 33%] [34m[1mGenerating C introspection for ROS interfaces[0m
[ 36%] [34m[1mGenerating C type support dispatch for ROS interfaces[0m
[ 39%] [32mBuilding CXX object CMakeFiles/ros2_laser_scan_matcher__rosidl_typesupport_fastrtps_cpp.dir/rosidl_typesupport_fastrtps_cpp/ros2_laser_scan_matcher/srv/detail/dds_fastrtps/reset_odom__type_support.cpp.o[0m
[ 42%] [32m[1mLinking CXX shared library libros2_laser_scan_matcher__rosidl_typesupport_cpp.so[0m
[ 45%] [32mBuilding CXX object CMakeFiles/ros2_laser_scan_matcher__rosidl_typesupport_c.dir/rosidl_typesupport_c/ros2_laser_scan_matcher/srv/reset_odom__type_support.cpp.o[0m
[ 48%] [32mBuilding C object CMakeFiles/ros2_laser_scan_matcher__rosidl_typesupport_introspection_c.dir/rosidl_typesupport_introspection_c/ros2_laser_scan_matcher/srv/detail/reset_odom__type_support.c.o[0m
[ 51%] [32m[1mLinking CXX shared library libros2_laser_scan_matcher__rosidl_typesupport_c.so[0m
[ 54%] [32mBuilding CXX object CMakeFiles/ros2_laser_scan_matcher__rosidl_typesupport_fastrtps_c.dir/rosidl_typesupport_fastrtps_c/ros2_laser_scan_matcher/srv/detail/reset_odom__type_support_c.cpp.o[0m
[ 57%] [32m[1mLinking C shared library libros2_laser_scan_matcher__rosidl_typesupport_introspection_c.so[0m
[ 60%] [32m[1mLinking CXX shared library libros2_laser_scan_matcher__rosidl_typesupport_introspection_cpp.so[0m
[ 63%] [32m[1mLinking CXX shared library libros2_laser_scan_matcher__rosidl_typesupport_fastrtps_cpp.so[0m
[ 63%] Built target ros2_laser_scan_matcher__rosidl_typesupport_cpp
[ 66%] [32mBuilding CXX object CMakeFiles/laser_scan_matcher.dir/src/laser_scan_matcher.cpp.o[0m
[ 66%] Built target ros2_laser_scan_matcher__rosidl_typesupport_c
[ 66%] Built target ros2_laser_scan_matcher__rosidl_typesupport_introspection_c
[ 66%] Built target ros2_laser_scan_matcher__rosidl_typesupport_introspection_cpp
[ 69%] [32m[1mLinking CXX shared library libros2_laser_scan_matcher__rosidl_typesupport_fastrtps_c.so[0m
[ 69%] Built target ros2_laser_scan_matcher__rosidl_typesupport_fastrtps_cpp
[ 69%] Built target ros2_laser_scan_matcher__rosidl_typesupport_fastrtps_c
[ 69%] Built target ros2_laser_scan_matcher
[ 72%] [34m[1mGenerating Python code for ROS interfaces[0m
[ 72%] Built target ros2_laser_scan_matcher__py
[ 75%] [32mBuilding C object CMakeFiles/ros2_laser_scan_matcher__rosidl_generator_py.dir/rosidl_generator_py/ros2_laser_scan_matcher/srv/_reset_odom_s.c.o[0m
[ 78%] [32m[1mLinking C shared library rosidl_generator_py/ros2_laser_scan_matcher/libros2_laser_scan_matcher__rosidl_generator_py.so[0m
[ 78%] Built target ros2_laser_scan_matcher__rosidl_generator_py
[ 81%] [32mBuilding C object CMakeFiles/ros2_laser_scan_matcher__rosidl_typesupport_c__pyext.dir/rosidl_generator_py/ros2_laser_scan_matcher/_ros2_laser_scan_matcher_s.ep.rosidl_typesupport_c.c.o[0m
[ 84%] [32mBuilding C object CMakeFiles/ros2_laser_scan_matcher__rosidl_typesupport_introspection_c__pyext.dir/rosidl_generator_py/ros2_laser_scan_matcher/_ros2_laser_scan_matcher_s.ep.rosidl_typesupport_introspection_c.c.o[0m
[ 87%] [32mBuilding C object CMakeFiles/ros2_laser_scan_matcher__rosidl_typesupport_fastrtps_c__pyext.dir/rosidl_generator_py/ros2_laser_scan_matcher/_ros2_laser_scan_matcher_s.ep.rosidl_typesupport_fastrtps_c.c.o[0m
[ 90%] [32m[1mLinking C shared library rosidl_generator_py/ros2_laser_scan_matcher/ros2_laser_scan_matcher_s__rosidl_typesupport_fastrtps_c.cpython-310-x86_64-linux-gnu.so[0m
[ 93%] [32m[1mLinking C shared library rosidl_generator_py/ros2_laser_scan_matcher/ros2_laser_scan_matcher_s__rosidl_typesupport_c.cpython-310-x86_64-linux-gnu.so[0m
[ 96%] [32m[1mLinking C shared library rosidl_generator_py/ros2_laser_scan_matcher/ros2_laser_scan_matcher_s__rosidl_typesupport_introspection_c.cpython-310-x86_64-linux-gnu.so[0m
[ 96%] Built target ros2_laser_scan_matcher__rosidl_typesupport_fastrtps_c__pyext
[ 96%] Built target ros2_laser_scan_matcher__rosidl_typesupport_c__pyext
[ 96%] Built target ros2_laser_scan_matcher__rosidl_typesupport_introspection_c__pyext
[100%] [32m[1mLinking CXX executable laser_scan_matcher[0m
[100%] Built target laser_scan_matcher
