[0.030s] Invoking command in '/home/rinese/RM_prac/build/ros2_vfh': CMAKE_PREFIX_PATH=${CMAKE_PREFIX_PATH}:/opt/ros/humble /usr/bin/cmake /home/rinese/RM_prac/src/ros2_vfh -DCMAKE_INSTALL_PREFIX=/home/rinese/RM_prac/install/ros2_vfh
[0.195s] -- The C compiler identification is GNU 11.4.0
[0.376s] -- The CXX compiler identification is GNU 11.4.0
[0.398s] -- Detecting C compiler ABI info
[0.602s] -- Detecting C compiler ABI info - done
[0.626s] -- Check for working C compiler: /usr/bin/cc - skipped
[0.627s] -- Detecting C compile features
[0.627s] -- Detecting C compile features - done
[0.634s] -- Detecting CXX compiler ABI info
[0.890s] -- Detecting CXX compiler ABI info - done
[0.923s] -- Check for working CXX compiler: /usr/bin/c++ - skipped
[0.923s] -- Detecting CXX compile features
[0.926s] -- Detecting CXX compile features - done
[0.937s] -- Found ament_cmake: 1.3.13 (/opt/ros/humble/share/ament_cmake/cmake)
[1.330s] -- Found Python3: /usr/bin/python3 (found version "3.10.12") found components: Interpreter 
[1.548s] -- Found rclcpp: 16.0.18 (/opt/ros/humble/share/rclcpp/cmake)
[1.657s] -- Found rosidl_generator_c: 3.1.8 (/opt/ros/humble/share/rosidl_generator_c/cmake)
[1.670s] -- Found rosidl_adapter: 3.1.8 (/opt/ros/humble/share/rosidl_adapter/cmake)
[1.691s] -- Found rosidl_generator_cpp: 3.1.8 (/opt/ros/humble/share/rosidl_generator_cpp/cmake)
[1.720s] -- Using all available rosidl_typesupport_c: rosidl_typesupport_fastrtps_c;rosidl_typesupport_introspection_c
[1.766s] -- Using all available rosidl_typesupport_cpp: rosidl_typesupport_fastrtps_cpp;rosidl_typesupport_introspection_cpp
[1.878s] -- Found rmw_implementation_cmake: 6.1.2 (/opt/ros/humble/share/rmw_implementation_cmake/cmake)
[1.885s] -- Found rmw_fastrtps_cpp: 6.2.10 (/opt/ros/humble/share/rmw_fastrtps_cpp/cmake)
[2.100s] -- Found OpenSSL: /usr/lib/x86_64-linux-gnu/libcrypto.so (found version "3.0.2")  
[2.175s] -- Found FastRTPS: /opt/ros/humble/include  
[2.274s] -- Using RMW implementation 'rmw_fastrtps_cpp' as default
[2.295s] -- Looking for pthread.h
[2.457s] -- Looking for pthread.h - found
[2.458s] -- Performing Test CMAKE_HAVE_LIBC_PTHREAD
[2.696s] -- Performing Test CMAKE_HAVE_LIBC_PTHREAD - Success
[2.703s] -- Found Threads: TRUE  
[2.923s] -- Found tf2: 0.25.19 (/opt/ros/humble/share/tf2/cmake)
[3.010s] -- Found tf2_geometry_msgs: 0.25.19 (/opt/ros/humble/share/tf2_geometry_msgs/cmake)
[3.130s] -- Found eigen3_cmake_module: 0.1.1 (/opt/ros/humble/share/eigen3_cmake_module/cmake)
[3.132s] -- Found Eigen3: TRUE (found version "3.4.0") 
[3.143s] -- Ensuring Eigen3 include directory is part of orocos-kdl CMake target
[3.388s] -- Found sensor_msgs: 4.9.1 (/opt/ros/humble/share/sensor_msgs/cmake)
[3.453s] -- Found visualization_msgs: 4.9.1 (/opt/ros/humble/share/visualization_msgs/cmake)
[3.501s] -- Found nav_msgs: 4.9.1 (/opt/ros/humble/share/nav_msgs/cmake)
[3.711s] -- Configuring done
[3.759s] -- Generating done
[3.777s] -- Build files have been written to: /home/rinese/RM_prac/build/ros2_vfh
[3.809s] Invoked command in '/home/rinese/RM_prac/build/ros2_vfh' returned '0': CMAKE_PREFIX_PATH=${CMAKE_PREFIX_PATH}:/opt/ros/humble /usr/bin/cmake /home/rinese/RM_prac/src/ros2_vfh -DCMAKE_INSTALL_PREFIX=/home/rinese/RM_prac/install/ros2_vfh
[3.819s] Invoking command in '/home/rinese/RM_prac/build/ros2_vfh': CMAKE_PREFIX_PATH=${CMAKE_PREFIX_PATH}:/opt/ros/humble /usr/bin/cmake --build /home/rinese/RM_prac/build/ros2_vfh -- -j8 -l8
[4.045s] [ 33%] [32mBuilding CXX object CMakeFiles/vfh_node.dir/src/vfh_node.cpp.o[0m
[4.048s] [ 66%] [32mBuilding CXX object CMakeFiles/vfh_node.dir/src/vfh_algorithm.cpp.o[0m
[41.720s] [100%] [32m[1mLinking CXX executable vfh_node[0m
[42.697s] [100%] Built target vfh_node
[42.708s] Invoked command in '/home/rinese/RM_prac/build/ros2_vfh' returned '0': CMAKE_PREFIX_PATH=${CMAKE_PREFIX_PATH}:/opt/ros/humble /usr/bin/cmake --build /home/rinese/RM_prac/build/ros2_vfh -- -j8 -l8
[42.710s] Invoking command in '/home/rinese/RM_prac/build/ros2_vfh': CMAKE_PREFIX_PATH=${CMAKE_PREFIX_PATH}:/opt/ros/humble /usr/bin/cmake --install /home/rinese/RM_prac/build/ros2_vfh
[42.717s] -- Install configuration: ""
[42.717s] -- Installing: /home/rinese/RM_prac/install/ros2_vfh/lib/ros2_vfh/vfh_node
[42.723s] -- Set runtime path of "/home/rinese/RM_prac/install/ros2_vfh/lib/ros2_vfh/vfh_node" to ""
[42.723s] -- Installing: /home/rinese/RM_prac/install/ros2_vfh/share/ros2_vfh/launch
[42.723s] -- Installing: /home/rinese/RM_prac/install/ros2_vfh/share/ros2_vfh/launch/rviz2_map.launch.py
[42.724s] -- Installing: /home/rinese/RM_prac/install/ros2_vfh/share/ros2_vfh/launch/vfh_coppeliasim.launch.py
[42.724s] -- Installing: /home/rinese/RM_prac/install/ros2_vfh/share/ros2_vfh/launch/vfh_no_wandering.launch.py
[42.724s] -- Installing: /home/rinese/RM_prac/install/ros2_vfh/share/ros2_vfh/launch/vfh.launch.py
[42.724s] -- Installing: /home/rinese/RM_prac/install/ros2_vfh/share/ros2_vfh/launch/rviz2_odom.launch.py
[42.724s] -- Installing: /home/rinese/RM_prac/install/ros2_vfh/share/ros2_vfh/rviz
[42.724s] -- Installing: /home/rinese/RM_prac/install/ros2_vfh/share/ros2_vfh/rviz/tb3_map.rviz
[42.724s] -- Installing: /home/rinese/RM_prac/install/ros2_vfh/share/ros2_vfh/rviz/vfh_odom.rviz
[42.725s] -- Installing: /home/rinese/RM_prac/install/ros2_vfh/share/ros2_vfh/rviz/tb3_odom.rviz
[42.725s] -- Installing: /home/rinese/RM_prac/install/ros2_vfh/share/ros2_vfh/rviz/vfh_map.rviz
[42.725s] -- Installing: /home/rinese/RM_prac/install/ros2_vfh/share/ament_index/resource_index/package_run_dependencies/ros2_vfh
[42.725s] -- Installing: /home/rinese/RM_prac/install/ros2_vfh/share/ament_index/resource_index/parent_prefix_path/ros2_vfh
[42.725s] -- Installing: /home/rinese/RM_prac/install/ros2_vfh/share/ros2_vfh/environment/ament_prefix_path.sh
[42.725s] -- Installing: /home/rinese/RM_prac/install/ros2_vfh/share/ros2_vfh/environment/ament_prefix_path.dsv
[42.726s] -- Installing: /home/rinese/RM_prac/install/ros2_vfh/share/ros2_vfh/environment/path.sh
[42.726s] -- Installing: /home/rinese/RM_prac/install/ros2_vfh/share/ros2_vfh/environment/path.dsv
[42.726s] -- Installing: /home/rinese/RM_prac/install/ros2_vfh/share/ros2_vfh/local_setup.bash
[42.726s] -- Installing: /home/rinese/RM_prac/install/ros2_vfh/share/ros2_vfh/local_setup.sh
[42.726s] -- Installing: /home/rinese/RM_prac/install/ros2_vfh/share/ros2_vfh/local_setup.zsh
[42.726s] -- Installing: /home/rinese/RM_prac/install/ros2_vfh/share/ros2_vfh/local_setup.dsv
[42.726s] -- Installing: /home/rinese/RM_prac/install/ros2_vfh/share/ros2_vfh/package.dsv
[42.726s] -- Installing: /home/rinese/RM_prac/install/ros2_vfh/share/ament_index/resource_index/packages/ros2_vfh
[42.726s] -- Installing: /home/rinese/RM_prac/install/ros2_vfh/share/ros2_vfh/cmake/ros2_vfhConfig.cmake
[42.726s] -- Installing: /home/rinese/RM_prac/install/ros2_vfh/share/ros2_vfh/cmake/ros2_vfhConfig-version.cmake
[42.727s] -- Installing: /home/rinese/RM_prac/install/ros2_vfh/share/ros2_vfh/package.xml
[42.729s] Invoked command in '/home/rinese/RM_prac/build/ros2_vfh' returned '0': CMAKE_PREFIX_PATH=${CMAKE_PREFIX_PATH}:/opt/ros/humble /usr/bin/cmake --install /home/rinese/RM_prac/build/ros2_vfh
