[0.028s] Invoking command in '/home/rinese/RM_prac/build/slam_pkg': CMAKE_PREFIX_PATH=${CMAKE_PREFIX_PATH}:/opt/ros/humble /usr/bin/cmake /home/rinese/RM_prac/src/slam_pkg -DCMAKE_INSTALL_PREFIX=/home/rinese/RM_prac/install/slam_pkg
[1.783s] -- The C compiler identification is GNU 11.4.0
[1.783s] -- The CXX compiler identification is GNU 11.4.0
[1.783s] -- Detecting C compiler ABI info
[1.783s] -- Detecting C compiler ABI info - done
[1.783s] -- Check for working C compiler: /usr/bin/cc - skipped
[1.783s] -- Detecting C compile features
[1.783s] -- Detecting C compile features - done
[1.783s] -- Detecting CXX compiler ABI info
[1.783s] -- Detecting CXX compiler ABI info - done
[1.784s] -- Check for working CXX compiler: /usr/bin/c++ - skipped
[1.784s] -- Detecting CXX compile features
[1.784s] -- Detecting CXX compile features - done
[1.784s] -- Found ament_cmake: 1.3.13 (/opt/ros/humble/share/ament_cmake/cmake)
[1.784s] -- Found Python3: /usr/bin/python3 (found version "3.10.12") found components: Interpreter 
[1.808s] -- Found rclcpp: 16.0.18 (/opt/ros/humble/share/rclcpp/cmake)
[1.937s] -- Found rosidl_generator_c: 3.1.8 (/opt/ros/humble/share/rosidl_generator_c/cmake)
[1.952s] -- Found rosidl_adapter: 3.1.8 (/opt/ros/humble/share/rosidl_adapter/cmake)
[1.975s] -- Found rosidl_generator_cpp: 3.1.8 (/opt/ros/humble/share/rosidl_generator_cpp/cmake)
[2.011s] -- Using all available rosidl_typesupport_c: rosidl_typesupport_fastrtps_c;rosidl_typesupport_introspection_c
[2.056s] -- Using all available rosidl_typesupport_cpp: rosidl_typesupport_fastrtps_cpp;rosidl_typesupport_introspection_cpp
[2.174s] -- Found rmw_implementation_cmake: 6.1.2 (/opt/ros/humble/share/rmw_implementation_cmake/cmake)
[2.181s] -- Found rmw_fastrtps_cpp: 6.2.10 (/opt/ros/humble/share/rmw_fastrtps_cpp/cmake)
[2.388s] -- Found OpenSSL: /usr/lib/x86_64-linux-gnu/libcrypto.so (found version "3.0.2")  
[2.481s] -- Found FastRTPS: /opt/ros/humble/include  
[2.618s] -- Using RMW implementation 'rmw_fastrtps_cpp' as default
[2.659s] -- Looking for pthread.h
[2.895s] -- Looking for pthread.h - found
[2.896s] -- Performing Test CMAKE_HAVE_LIBC_PTHREAD
[3.108s] -- Performing Test CMAKE_HAVE_LIBC_PTHREAD - Success
[3.114s] -- Found Threads: TRUE  
[3.309s] -- Found geometry_msgs: 4.9.1 (/opt/ros/humble/share/geometry_msgs/cmake)
[3.361s] -- Found tf2: 0.25.19 (/opt/ros/humble/share/tf2/cmake)
[3.393s] -- Found tf2_geometry_msgs: 0.25.19 (/opt/ros/humble/share/tf2_geometry_msgs/cmake)
[3.440s] -- Found eigen3_cmake_module: 0.1.1 (/opt/ros/humble/share/eigen3_cmake_module/cmake)
[3.442s] -- Found Eigen3: TRUE (found version "3.4.0") 
[3.442s] -- Ensuring Eigen3 include directory is part of orocos-kdl CMake target
[3.703s] -- Found nav_msgs: 4.9.1 (/opt/ros/humble/share/nav_msgs/cmake)
[3.949s] -- Configuring done
[3.986s] -- Generating done
[3.994s] -- Build files have been written to: /home/rinese/RM_prac/build/slam_pkg
[4.150s] Invoked command in '/home/rinese/RM_prac/build/slam_pkg' returned '0': CMAKE_PREFIX_PATH=${CMAKE_PREFIX_PATH}:/opt/ros/humble /usr/bin/cmake /home/rinese/RM_prac/src/slam_pkg -DCMAKE_INSTALL_PREFIX=/home/rinese/RM_prac/install/slam_pkg
[4.165s] Invoking command in '/home/rinese/RM_prac/build/slam_pkg': CMAKE_PREFIX_PATH=${CMAKE_PREFIX_PATH}:/opt/ros/humble /usr/bin/cmake --build /home/rinese/RM_prac/build/slam_pkg -- -j8 -l8
[4.445s] [ 50%] [32mBuilding CXX object CMakeFiles/amcl_odom.dir/src/amcl_odom.cpp.o[0m
[35.053s] [100%] [32m[1mLinking CXX executable amcl_odom[0m
[36.066s] [100%] Built target amcl_odom
[36.082s] Invoked command in '/home/rinese/RM_prac/build/slam_pkg' returned '0': CMAKE_PREFIX_PATH=${CMAKE_PREFIX_PATH}:/opt/ros/humble /usr/bin/cmake --build /home/rinese/RM_prac/build/slam_pkg -- -j8 -l8
[36.084s] Invoking command in '/home/rinese/RM_prac/build/slam_pkg': CMAKE_PREFIX_PATH=${CMAKE_PREFIX_PATH}:/opt/ros/humble /usr/bin/cmake --install /home/rinese/RM_prac/build/slam_pkg
[36.096s] -- Install configuration: ""
[36.097s] -- Installing: /home/rinese/RM_prac/install/slam_pkg/lib/slam_pkg/amcl_odom
[36.104s] -- Set runtime path of "/home/rinese/RM_prac/install/slam_pkg/lib/slam_pkg/amcl_odom" to ""
[36.104s] -- Installing: /home/rinese/RM_prac/install/slam_pkg/share/slam_pkg/launch
[36.105s] -- Installing: /home/rinese/RM_prac/install/slam_pkg/share/slam_pkg/launch/cartographer.launch.py
[36.105s] -- Installing: /home/rinese/RM_prac/install/slam_pkg/share/slam_pkg/launch/localization.launch.py
[36.105s] -- Installing: /home/rinese/RM_prac/install/slam_pkg/share/ament_index/resource_index/package_run_dependencies/slam_pkg
[36.105s] -- Installing: /home/rinese/RM_prac/install/slam_pkg/share/ament_index/resource_index/parent_prefix_path/slam_pkg
[36.105s] -- Installing: /home/rinese/RM_prac/install/slam_pkg/share/slam_pkg/environment/ament_prefix_path.sh
[36.105s] -- Installing: /home/rinese/RM_prac/install/slam_pkg/share/slam_pkg/environment/ament_prefix_path.dsv
[36.106s] -- Installing: /home/rinese/RM_prac/install/slam_pkg/share/slam_pkg/environment/path.sh
[36.106s] -- Installing: /home/rinese/RM_prac/install/slam_pkg/share/slam_pkg/environment/path.dsv
[36.106s] -- Installing: /home/rinese/RM_prac/install/slam_pkg/share/slam_pkg/local_setup.bash
[36.106s] -- Installing: /home/rinese/RM_prac/install/slam_pkg/share/slam_pkg/local_setup.sh
[36.106s] -- Installing: /home/rinese/RM_prac/install/slam_pkg/share/slam_pkg/local_setup.zsh
[36.107s] -- Installing: /home/rinese/RM_prac/install/slam_pkg/share/slam_pkg/local_setup.dsv
[36.107s] -- Installing: /home/rinese/RM_prac/install/slam_pkg/share/slam_pkg/package.dsv
[36.107s] -- Installing: /home/rinese/RM_prac/install/slam_pkg/share/ament_index/resource_index/packages/slam_pkg
[36.107s] -- Installing: /home/rinese/RM_prac/install/slam_pkg/share/slam_pkg/cmake/slam_pkgConfig.cmake
[36.107s] -- Installing: /home/rinese/RM_prac/install/slam_pkg/share/slam_pkg/cmake/slam_pkgConfig-version.cmake
[36.108s] -- Installing: /home/rinese/RM_prac/install/slam_pkg/share/slam_pkg/package.xml
[36.112s] Invoked command in '/home/rinese/RM_prac/build/slam_pkg' returned '0': CMAKE_PREFIX_PATH=${CMAKE_PREFIX_PATH}:/opt/ros/humble /usr/bin/cmake --install /home/rinese/RM_prac/build/slam_pkg
