[0.013s] Invoking command in '/home/leo/RM_prac/build/practica3_pkg': CMAKE_PREFIX_PATH=${CMAKE_PREFIX_PATH}:/opt/ros/humble /usr/bin/cmake /home/leo/RM_prac/src/practica3_pkg -DCMAKE_INSTALL_PREFIX=/home/leo/RM_prac/install/practica3_pkg
[0.130s] -- The C compiler identification is GNU 11.4.0
[0.456s] -- The CXX compiler identification is GNU 11.4.0
[0.732s] -- Detecting C compiler ABI info
[0.807s] -- Detecting C compiler ABI info - done
[0.811s] -- Check for working C compiler: /usr/bin/cc - skipped
[0.811s] -- Detecting C compile features
[0.811s] -- Detecting C compile features - done
[0.813s] -- Detecting CXX compiler ABI info
[0.893s] -- Detecting CXX compiler ABI info - done
[0.896s] -- Check for working CXX compiler: /usr/bin/c++ - skipped
[0.896s] -- Detecting CXX compile features
[0.897s] -- Detecting CXX compile features - done
[0.898s] -- Found ament_cmake: 1.3.9 (/opt/ros/humble/share/ament_cmake/cmake)
[0.961s] -- Found Python3: /usr/bin/python3 (found version "3.10.12") found components: Interpreter 
[0.999s] -- Found rclcpp: 16.0.9 (/opt/ros/humble/share/rclcpp/cmake)
[1.078s] -- Found rosidl_generator_c: 3.1.5 (/opt/ros/humble/share/rosidl_generator_c/cmake)
[1.082s] -- Found rosidl_adapter: 3.1.5 (/opt/ros/humble/share/rosidl_adapter/cmake)
[1.088s] -- Found rosidl_generator_cpp: 3.1.5 (/opt/ros/humble/share/rosidl_generator_cpp/cmake)
[1.099s] -- Using all available rosidl_typesupport_c: rosidl_typesupport_fastrtps_c;rosidl_typesupport_introspection_c
[1.112s] -- Using all available rosidl_typesupport_cpp: rosidl_typesupport_fastrtps_cpp;rosidl_typesupport_introspection_cpp
[1.158s] -- Found rmw_implementation_cmake: 6.1.2 (/opt/ros/humble/share/rmw_implementation_cmake/cmake)
[1.161s] -- Found rmw_fastrtps_cpp: 6.2.6 (/opt/ros/humble/share/rmw_fastrtps_cpp/cmake)
[1.509s] -- Found OpenSSL: /usr/lib/x86_64-linux-gnu/libcrypto.so (found version "3.0.2")  
[2.269s] -- Found FastRTPS: /opt/ros/humble/include  
[3.499s] -- Using RMW implementation 'rmw_fastrtps_cpp' as default
[3.506s] -- Looking for pthread.h
[3.642s] -- Looking for pthread.h - found
[3.643s] -- Performing Test CMAKE_HAVE_LIBC_PTHREAD
[3.766s] -- Performing Test CMAKE_HAVE_LIBC_PTHREAD - Success
[3.767s] -- Found Threads: TRUE  
[3.873s] -- Found geometry_msgs: 4.2.4 (/opt/ros/humble/share/geometry_msgs/cmake)
[3.902s] -- Found tf2: 0.25.7 (/opt/ros/humble/share/tf2/cmake)
[3.911s] -- Found tf2_geometry_msgs: 0.25.7 (/opt/ros/humble/share/tf2_geometry_msgs/cmake)
[3.967s] -- Found eigen3_cmake_module: 0.1.1 (/opt/ros/humble/share/eigen3_cmake_module/cmake)
[3.968s] -- Found Eigen3: TRUE (found version "3.4.0") 
[3.968s] -- Ensuring Eigen3 include directory is part of orocos-kdl CMake target
[4.166s] -- Found ament_lint_auto: 0.12.11 (/opt/ros/humble/share/ament_lint_auto/cmake)
[4.201s] -- Added test 'cppcheck' to perform static code analysis on C / C++ code
[4.201s] -- Configured cppcheck include dirs: 
[4.201s] -- Configured cppcheck exclude dirs and/or files: 
[4.201s] -- Added test 'lint_cmake' to check CMake code style
[4.202s] -- Added test 'uncrustify' to check C / C++ code style
[4.202s] -- Configured uncrustify additional arguments: 
[4.202s] -- Added test 'xmllint' to check XML markup files
[4.203s] -- Configuring done
[4.208s] -- Generating done
[4.209s] -- Build files have been written to: /home/leo/RM_prac/build/practica3_pkg
[4.214s] Invoked command in '/home/leo/RM_prac/build/practica3_pkg' returned '0': CMAKE_PREFIX_PATH=${CMAKE_PREFIX_PATH}:/opt/ros/humble /usr/bin/cmake /home/leo/RM_prac/src/practica3_pkg -DCMAKE_INSTALL_PREFIX=/home/leo/RM_prac/install/practica3_pkg
[4.215s] Invoking command in '/home/leo/RM_prac/build/practica3_pkg': CMAKE_PREFIX_PATH=${CMAKE_PREFIX_PATH}:/opt/ros/humble /usr/bin/cmake --build /home/leo/RM_prac/build/practica3_pkg -- -j32 -l32
[4.236s] [ 50%] [32mBuilding CXX object CMakeFiles/transform_listener.dir/src/transform_listener.cpp.o[0m
[8.084s] [100%] [32m[1mLinking CXX executable transform_listener[0m
[8.300s] [100%] Built target transform_listener
[8.304s] Invoked command in '/home/leo/RM_prac/build/practica3_pkg' returned '0': CMAKE_PREFIX_PATH=${CMAKE_PREFIX_PATH}:/opt/ros/humble /usr/bin/cmake --build /home/leo/RM_prac/build/practica3_pkg -- -j32 -l32
[8.314s] Invoking command in '/home/leo/RM_prac/build/practica3_pkg': CMAKE_PREFIX_PATH=${CMAKE_PREFIX_PATH}:/opt/ros/humble /usr/bin/cmake --install /home/leo/RM_prac/build/practica3_pkg
[8.317s] -- Install configuration: ""
[8.317s] -- Installing: /home/leo/RM_prac/install/practica3_pkg/lib/practica3_pkg/transform_listener
[8.318s] -- Set runtime path of "/home/leo/RM_prac/install/practica3_pkg/lib/practica3_pkg/transform_listener" to ""
[8.318s] -- Installing: /home/leo/RM_prac/install/practica3_pkg/share/ament_index/resource_index/package_run_dependencies/practica3_pkg
[8.319s] -- Installing: /home/leo/RM_prac/install/practica3_pkg/share/ament_index/resource_index/parent_prefix_path/practica3_pkg
[8.319s] -- Installing: /home/leo/RM_prac/install/practica3_pkg/share/practica3_pkg/environment/ament_prefix_path.sh
[8.319s] -- Installing: /home/leo/RM_prac/install/practica3_pkg/share/practica3_pkg/environment/ament_prefix_path.dsv
[8.319s] -- Installing: /home/leo/RM_prac/install/practica3_pkg/share/practica3_pkg/environment/path.sh
[8.319s] -- Installing: /home/leo/RM_prac/install/practica3_pkg/share/practica3_pkg/environment/path.dsv
[8.319s] -- Installing: /home/leo/RM_prac/install/practica3_pkg/share/practica3_pkg/local_setup.bash
[8.319s] -- Installing: /home/leo/RM_prac/install/practica3_pkg/share/practica3_pkg/local_setup.sh
[8.319s] -- Installing: /home/leo/RM_prac/install/practica3_pkg/share/practica3_pkg/local_setup.zsh
[8.319s] -- Installing: /home/leo/RM_prac/install/practica3_pkg/share/practica3_pkg/local_setup.dsv
[8.319s] -- Installing: /home/leo/RM_prac/install/practica3_pkg/share/practica3_pkg/package.dsv
[8.319s] -- Installing: /home/leo/RM_prac/install/practica3_pkg/share/ament_index/resource_index/packages/practica3_pkg
[8.319s] -- Installing: /home/leo/RM_prac/install/practica3_pkg/share/practica3_pkg/cmake/practica3_pkgConfig.cmake
[8.319s] -- Installing: /home/leo/RM_prac/install/practica3_pkg/share/practica3_pkg/cmake/practica3_pkgConfig-version.cmake
[8.320s] -- Installing: /home/leo/RM_prac/install/practica3_pkg/share/practica3_pkg/package.xml
[8.322s] Invoked command in '/home/leo/RM_prac/build/practica3_pkg' returned '0': CMAKE_PREFIX_PATH=${CMAKE_PREFIX_PATH}:/opt/ros/humble /usr/bin/cmake --install /home/leo/RM_prac/build/practica3_pkg
