-- The C compiler identification is GNU 11.4.0
-- The CXX compiler identification is GNU 11.4.0
-- Detecting C compiler ABI info
-- Detecting C compiler ABI info - done
-- Check for working C compiler: /usr/bin/cc - skipped
-- Detecting C compile features
-- Detecting C compile features - done
-- Detecting CXX compiler ABI info
-- Detecting CXX compiler ABI info - done
-- Check for working CXX compiler: /usr/bin/c++ - skipped
-- Detecting CXX compile features
-- Detecting CXX compile features - done
-- Found ament_cmake: 1.3.11 (/opt/ros/humble/share/ament_cmake/cmake)
-- Found Python3: /usr/bin/python3 (found version "3.10.12") found components: Interpreter 
-- Found rclcpp: 16.0.11 (/opt/ros/humble/share/rclcpp/cmake)
-- Found rosidl_generator_c: 3.1.6 (/opt/ros/humble/share/rosidl_generator_c/cmake)
-- Found rosidl_adapter: 3.1.6 (/opt/ros/humble/share/rosidl_adapter/cmake)
-- Found rosidl_generator_cpp: 3.1.6 (/opt/ros/humble/share/rosidl_generator_cpp/cmake)
-- Using all available rosidl_typesupport_c: rosidl_typesupport_fastrtps_c;rosidl_typesupport_introspection_c
-- Using all available rosidl_typesupport_cpp: rosidl_typesupport_fastrtps_cpp;rosidl_typesupport_introspection_cpp
-- Found rmw_implementation_cmake: 6.1.2 (/opt/ros/humble/share/rmw_implementation_cmake/cmake)
-- Found rmw_fastrtps_cpp: 6.2.7 (/opt/ros/humble/share/rmw_fastrtps_cpp/cmake)
-- Found OpenSSL: /usr/lib/x86_64-linux-gnu/libcrypto.so (found version "3.0.2")  
-- Found FastRTPS: /opt/ros/humble/include  
-- Using RMW implementation 'rmw_fastrtps_cpp' as default
-- Looking for pthread.h
-- Looking for pthread.h - found
-- Performing Test CMAKE_HAVE_LIBC_PTHREAD
-- Performing Test CMAKE_HAVE_LIBC_PTHREAD - Success
-- Found Threads: TRUE  
-- Found geometry_msgs: 4.2.4 (/opt/ros/humble/share/geometry_msgs/cmake)
-- Found tf2: 0.25.12 (/opt/ros/humble/share/tf2/cmake)
-- Found tf2_geometry_msgs: 0.25.12 (/opt/ros/humble/share/tf2_geometry_msgs/cmake)
-- Found eigen3_cmake_module: 0.1.1 (/opt/ros/humble/share/eigen3_cmake_module/cmake)
-- Found Eigen3: TRUE (found version "3.4.0") 
-- Ensuring Eigen3 include directory is part of orocos-kdl CMake target
-- Found tf2_eigen: 0.25.12 (/opt/ros/humble/share/tf2_eigen/cmake)
-- Found nav_msgs: 4.2.4 (/opt/ros/humble/share/nav_msgs/cmake)
-- Found laser_geometry: 2.4.0 (/opt/ros/humble/share/laser_geometry/cmake)
-- Found tf2_sensor_msgs: 0.25.12 (/opt/ros/humble/share/tf2_sensor_msgs/cmake)
-- Checking for module 'eigen3'
--   Found eigen3, version 3.4.0
-- Found Eigen: /usr/include/eigen3 (Required is at least version "3.1") 
-- Eigen found (include: /usr/include/eigen3, version: 3.4.0)
-- Checking for module 'flann'
--   Found flann, version 1.9.1
-- Found FLANN: /usr/lib/x86_64-linux-gnu/libflann_cpp.so  
-- FLANN found (include: /usr/include, lib: /usr/lib/x86_64-linux-gnu/libflann_cpp.so)
-- Checking for module 'libusb-1.0'
--   Found libusb-1.0, version 1.0.25
-- Found libusb: /usr/lib/x86_64-linux-gnu/libusb-1.0.so  
-- OpenNI found (version: 1.5.4.0, include: /usr/include/ni, lib: /usr/lib/libOpenNI.so;libusb::libusb)
-- OpenNI2 found (version: 2.2.0.33, include: /usr/include/openni2, lib: /usr/lib/x86_64-linux-gnu/libOpenNI2.so;libusb::libusb)
-- Eigen found (include: /usr/include/eigen3, version: 3.4.0)
-- OpenNI found (version: 1.5.4.0, include: /usr/include/ni, lib: /usr/lib/libOpenNI.so;libusb::libusb)
-- OpenNI2 found (version: 2.2.0.33, include: /usr/include/openni2, lib: /usr/lib/x86_64-linux-gnu/libOpenNI2.so;libusb::libusb)
-- Found Qhull version 8.0.2
-- OpenNI found (version: 1.5.4.0, include: /usr/include/ni, lib: /usr/lib/libOpenNI.so;libusb::libusb)
-- Found PCL_COMMON: /usr/lib/x86_64-linux-gnu/libpcl_common.so  
-- Found PCL_KDTREE: /usr/lib/x86_64-linux-gnu/libpcl_kdtree.so  
-- Found PCL_OCTREE: /usr/lib/x86_64-linux-gnu/libpcl_octree.so  
-- Found PCL_SEARCH: /usr/lib/x86_64-linux-gnu/libpcl_search.so  
-- Found PCL_SAMPLE_CONSENSUS: /usr/lib/x86_64-linux-gnu/libpcl_sample_consensus.so  
-- Found PCL_FILTERS: /usr/lib/x86_64-linux-gnu/libpcl_filters.so  
-- Found PCL_2D: /usr/include/pcl-1.12  
-- Found PCL_GEOMETRY: /usr/include/pcl-1.12  
-- Found PCL_IO: /usr/lib/x86_64-linux-gnu/libpcl_io.so  
-- Found PCL_FEATURES: /usr/lib/x86_64-linux-gnu/libpcl_features.so  
-- Found PCL_ML: /usr/lib/x86_64-linux-gnu/libpcl_ml.so  
-- Found PCL_SEGMENTATION: /usr/lib/x86_64-linux-gnu/libpcl_segmentation.so  
-- Found PCL_VISUALIZATION: /usr/lib/x86_64-linux-gnu/libpcl_visualization.so  
-- Found PCL_SURFACE: /usr/lib/x86_64-linux-gnu/libpcl_surface.so  
-- Found PCL_REGISTRATION: /usr/lib/x86_64-linux-gnu/libpcl_registration.so  
-- Found PCL_KEYPOINTS: /usr/lib/x86_64-linux-gnu/libpcl_keypoints.so  
-- Found PCL_TRACKING: /usr/lib/x86_64-linux-gnu/libpcl_tracking.so  
-- Found PCL_RECOGNITION: /usr/lib/x86_64-linux-gnu/libpcl_recognition.so  
-- Found PCL_STEREO: /usr/lib/x86_64-linux-gnu/libpcl_stereo.so  
-- Found PCL_APPS: /usr/lib/x86_64-linux-gnu/libpcl_apps.so  
-- Found PCL_IN_HAND_SCANNER: /usr/include/pcl-1.12  
-- Found PCL_MODELER: /usr/include/pcl-1.12  
-- Found PCL_POINT_CLOUD_EDITOR: /usr/include/pcl-1.12  
-- Found PCL_OUTOFCORE: /usr/lib/x86_64-linux-gnu/libpcl_outofcore.so  
-- Found PCL_PEOPLE: /usr/lib/x86_64-linux-gnu/libpcl_people.so  
-- Found pcl_conversions: 2.4.5 (/opt/ros/humble/share/pcl_conversions/cmake)
-- Found visualization_msgs: 4.2.4 (/opt/ros/humble/share/visualization_msgs/cmake)
-- Found rosidl_default_generators: 1.2.0 (/opt/ros/humble/share/rosidl_default_generators/cmake)
-- Found ament_cmake_ros: 0.10.0 (/opt/ros/humble/share/ament_cmake_ros/cmake)
-- Using all available rosidl_typesupport_c: rosidl_typesupport_fastrtps_c;rosidl_typesupport_introspection_c
-- Using all available rosidl_typesupport_cpp: rosidl_typesupport_fastrtps_cpp;rosidl_typesupport_introspection_cpp
-- Found PythonInterp: /usr/bin/python3 (found suitable version "3.10.12", minimum required is "3.6") 
-- Found python_cmake_module: 0.10.0 (/opt/ros/humble/share/python_cmake_module/cmake)
-- Found PythonLibs: /usr/lib/x86_64-linux-gnu/libpython3.10.so (found suitable version "3.10.12", minimum required is "3.5") 
-- Using PYTHON_EXECUTABLE: /usr/bin/python3
-- Using PYTHON_INCLUDE_DIRS: /usr/include/python3.10
-- Using PYTHON_LIBRARIES: /usr/lib/x86_64-linux-gnu/libpython3.10.so
-- Found PythonExtra: .so  
-- Configuring done
-- Generating done
-- Build files have been written to: /home/leo/RM_prac/build/practica4_pkg
[  3%] [34m[1mGenerating C code for ROS interfaces[0m
[  6%] [34m[1mGenerating C++ code for ROS interfaces[0m
[  6%] Built target ament_cmake_python_copy_practica4_pkg
running egg_info
creating practica4_pkg.egg-info
writing practica4_pkg.egg-info/PKG-INFO
writing dependency_links to practica4_pkg.egg-info/dependency_links.txt
writing top-level names to practica4_pkg.egg-info/top_level.txt
writing manifest file 'practica4_pkg.egg-info/SOURCES.txt'
reading manifest file 'practica4_pkg.egg-info/SOURCES.txt'
writing manifest file 'practica4_pkg.egg-info/SOURCES.txt'
[  6%] Built target ament_cmake_python_build_practica4_pkg_egg
[  9%] [32mBuilding C object CMakeFiles/practica4_pkg__rosidl_generator_c.dir/rosidl_generator_c/practica4_pkg/srv/detail/reset_map__functions.c.o[0m
[  9%] Built target practica4_pkg__cpp
[ 12%] [34m[1mGenerating C++ type support dispatch for ROS interfaces[0m
[ 15%] [34m[1mGenerating C++ introspection for ROS interfaces[0m
[ 18%] [34m[1mGenerating C++ type support for eProsima Fast-RTPS[0m
[ 21%] [32m[1mLinking C shared library libpractica4_pkg__rosidl_generator_c.so[0m
[ 24%] [32mBuilding CXX object CMakeFiles/practica4_pkg__rosidl_typesupport_cpp.dir/rosidl_typesupport_cpp/practica4_pkg/srv/reset_map__type_support.cpp.o[0m
[ 27%] [32mBuilding CXX object CMakeFiles/practica4_pkg__rosidl_typesupport_introspection_cpp.dir/rosidl_typesupport_introspection_cpp/practica4_pkg/srv/detail/reset_map__type_support.cpp.o[0m
[ 30%] [32mBuilding CXX object CMakeFiles/practica4_pkg__rosidl_typesupport_fastrtps_cpp.dir/rosidl_typesupport_fastrtps_cpp/practica4_pkg/srv/detail/dds_fastrtps/reset_map__type_support.cpp.o[0m
[ 30%] Built target practica4_pkg__rosidl_generator_c
[ 33%] [34m[1mGenerating C type support for eProsima Fast-RTPS[0m
[ 36%] [34m[1mGenerating C type support dispatch for ROS interfaces[0m
[ 39%] [34m[1mGenerating C introspection for ROS interfaces[0m
[ 42%] [32m[1mLinking CXX shared library libpractica4_pkg__rosidl_typesupport_cpp.so[0m
[ 45%] [32mBuilding CXX object CMakeFiles/practica4_pkg__rosidl_typesupport_c.dir/rosidl_typesupport_c/practica4_pkg/srv/reset_map__type_support.cpp.o[0m
[ 48%] [32m[1mLinking CXX shared library libpractica4_pkg__rosidl_typesupport_c.so[0m
[ 51%] [32mBuilding C object CMakeFiles/practica4_pkg__rosidl_typesupport_introspection_c.dir/rosidl_typesupport_introspection_c/practica4_pkg/srv/detail/reset_map__type_support.c.o[0m
[ 54%] [32mBuilding CXX object CMakeFiles/practica4_pkg__rosidl_typesupport_fastrtps_c.dir/rosidl_typesupport_fastrtps_c/practica4_pkg/srv/detail/reset_map__type_support_c.cpp.o[0m
[ 57%] [32m[1mLinking CXX shared library libpractica4_pkg__rosidl_typesupport_introspection_cpp.so[0m
[ 60%] [32m[1mLinking C shared library libpractica4_pkg__rosidl_typesupport_introspection_c.so[0m
[ 63%] [32m[1mLinking CXX shared library libpractica4_pkg__rosidl_typesupport_fastrtps_cpp.so[0m
[ 63%] Built target practica4_pkg__rosidl_typesupport_cpp
[ 66%] [32mBuilding CXX object CMakeFiles/map_pointcloud_node.dir/src/map_pointcloud_node.cpp.o[0m
[ 66%] Built target practica4_pkg__rosidl_typesupport_c
[ 66%] Built target practica4_pkg__rosidl_typesupport_introspection_c
[ 66%] Built target practica4_pkg__rosidl_typesupport_introspection_cpp
[ 66%] Built target practica4_pkg__rosidl_typesupport_fastrtps_cpp
[ 69%] [32m[1mLinking CXX shared library libpractica4_pkg__rosidl_typesupport_fastrtps_c.so[0m
[ 69%] Built target practica4_pkg__rosidl_typesupport_fastrtps_c
[ 69%] Built target practica4_pkg
[ 72%] [34m[1mGenerating Python code for ROS interfaces[0m
[ 72%] Built target practica4_pkg__py
[ 75%] [32mBuilding C object CMakeFiles/practica4_pkg__rosidl_generator_py.dir/rosidl_generator_py/practica4_pkg/srv/_reset_map_s.c.o[0m
[ 78%] [32m[1mLinking C shared library rosidl_generator_py/practica4_pkg/libpractica4_pkg__rosidl_generator_py.so[0m
[ 78%] Built target practica4_pkg__rosidl_generator_py
[ 84%] [32mBuilding C object CMakeFiles/practica4_pkg__rosidl_typesupport_introspection_c__pyext.dir/rosidl_generator_py/practica4_pkg/_practica4_pkg_s.ep.rosidl_typesupport_introspection_c.c.o[0m
[ 84%] [32mBuilding C object CMakeFiles/practica4_pkg__rosidl_typesupport_fastrtps_c__pyext.dir/rosidl_generator_py/practica4_pkg/_practica4_pkg_s.ep.rosidl_typesupport_fastrtps_c.c.o[0m
[ 87%] [32mBuilding C object CMakeFiles/practica4_pkg__rosidl_typesupport_c__pyext.dir/rosidl_generator_py/practica4_pkg/_practica4_pkg_s.ep.rosidl_typesupport_c.c.o[0m
[ 90%] [32m[1mLinking C shared library rosidl_generator_py/practica4_pkg/practica4_pkg_s__rosidl_typesupport_fastrtps_c.cpython-310-x86_64-linux-gnu.so[0m
[ 93%] [32m[1mLinking C shared library rosidl_generator_py/practica4_pkg/practica4_pkg_s__rosidl_typesupport_introspection_c.cpython-310-x86_64-linux-gnu.so[0m
[ 96%] [32m[1mLinking C shared library rosidl_generator_py/practica4_pkg/practica4_pkg_s__rosidl_typesupport_c.cpython-310-x86_64-linux-gnu.so[0m
[ 96%] Built target practica4_pkg__rosidl_typesupport_fastrtps_c__pyext
[ 96%] Built target practica4_pkg__rosidl_typesupport_c__pyext
[ 96%] Built target practica4_pkg__rosidl_typesupport_introspection_c__pyext
[100%] [32m[1mLinking CXX executable map_pointcloud_node[0m
[100%] Built target map_pointcloud_node
-- Install configuration: ""
-- Installing: /home/leo/RM_prac/install/practica4_pkg/share/ament_index/resource_index/rosidl_interfaces/practica4_pkg
-- Installing: /home/leo/RM_prac/install/practica4_pkg/include/practica4_pkg/practica4_pkg
-- Installing: /home/leo/RM_prac/install/practica4_pkg/include/practica4_pkg/practica4_pkg/msg
-- Installing: /home/leo/RM_prac/install/practica4_pkg/include/practica4_pkg/practica4_pkg/msg/rosidl_generator_c__visibility_control.h
-- Installing: /home/leo/RM_prac/install/practica4_pkg/include/practica4_pkg/practica4_pkg/srv
-- Installing: /home/leo/RM_prac/install/practica4_pkg/include/practica4_pkg/practica4_pkg/srv/reset_map.h
-- Installing: /home/leo/RM_prac/install/practica4_pkg/include/practica4_pkg/practica4_pkg/srv/detail
-- Installing: /home/leo/RM_prac/install/practica4_pkg/include/practica4_pkg/practica4_pkg/srv/detail/reset_map__struct.h
-- Installing: /home/leo/RM_prac/install/practica4_pkg/include/practica4_pkg/practica4_pkg/srv/detail/reset_map__functions.h
-- Installing: /home/leo/RM_prac/install/practica4_pkg/include/practica4_pkg/practica4_pkg/srv/detail/reset_map__functions.c
-- Installing: /home/leo/RM_prac/install/practica4_pkg/include/practica4_pkg/practica4_pkg/srv/detail/reset_map__type_support.h
-- Installing: /home/leo/RM_prac/install/practica4_pkg/share/practica4_pkg/environment/library_path.sh
-- Installing: /home/leo/RM_prac/install/practica4_pkg/share/practica4_pkg/environment/library_path.dsv
-- Installing: /home/leo/RM_prac/install/practica4_pkg/lib/libpractica4_pkg__rosidl_generator_c.so
-- Set runtime path of "/home/leo/RM_prac/install/practica4_pkg/lib/libpractica4_pkg__rosidl_generator_c.so" to ""
-- Up-to-date: /home/leo/RM_prac/install/practica4_pkg/include/practica4_pkg/practica4_pkg
-- Up-to-date: /home/leo/RM_prac/install/practica4_pkg/include/practica4_pkg/practica4_pkg/msg
-- Installing: /home/leo/RM_prac/install/practica4_pkg/include/practica4_pkg/practica4_pkg/msg/rosidl_typesupport_fastrtps_c__visibility_control.h
-- Up-to-date: /home/leo/RM_prac/install/practica4_pkg/include/practica4_pkg/practica4_pkg/srv
-- Up-to-date: /home/leo/RM_prac/install/practica4_pkg/include/practica4_pkg/practica4_pkg/srv/detail
-- Installing: /home/leo/RM_prac/install/practica4_pkg/include/practica4_pkg/practica4_pkg/srv/detail/reset_map__rosidl_typesupport_fastrtps_c.h
-- Installing: /home/leo/RM_prac/install/practica4_pkg/lib/libpractica4_pkg__rosidl_typesupport_fastrtps_c.so
-- Set runtime path of "/home/leo/RM_prac/install/practica4_pkg/lib/libpractica4_pkg__rosidl_typesupport_fastrtps_c.so" to ""
-- Up-to-date: /home/leo/RM_prac/install/practica4_pkg/include/practica4_pkg/practica4_pkg
-- Up-to-date: /home/leo/RM_prac/install/practica4_pkg/include/practica4_pkg/practica4_pkg/msg
-- Installing: /home/leo/RM_prac/install/practica4_pkg/include/practica4_pkg/practica4_pkg/msg/rosidl_generator_cpp__visibility_control.hpp
-- Up-to-date: /home/leo/RM_prac/install/practica4_pkg/include/practica4_pkg/practica4_pkg/srv
-- Installing: /home/leo/RM_prac/install/practica4_pkg/include/practica4_pkg/practica4_pkg/srv/reset_map.hpp
-- Up-to-date: /home/leo/RM_prac/install/practica4_pkg/include/practica4_pkg/practica4_pkg/srv/detail
-- Installing: /home/leo/RM_prac/install/practica4_pkg/include/practica4_pkg/practica4_pkg/srv/detail/reset_map__type_support.hpp
-- Installing: /home/leo/RM_prac/install/practica4_pkg/include/practica4_pkg/practica4_pkg/srv/detail/reset_map__builder.hpp
-- Installing: /home/leo/RM_prac/install/practica4_pkg/include/practica4_pkg/practica4_pkg/srv/detail/reset_map__traits.hpp
-- Installing: /home/leo/RM_prac/install/practica4_pkg/include/practica4_pkg/practica4_pkg/srv/detail/reset_map__struct.hpp
-- Up-to-date: /home/leo/RM_prac/install/practica4_pkg/include/practica4_pkg/practica4_pkg
-- Up-to-date: /home/leo/RM_prac/install/practica4_pkg/include/practica4_pkg/practica4_pkg/msg
-- Installing: /home/leo/RM_prac/install/practica4_pkg/include/practica4_pkg/practica4_pkg/msg/rosidl_typesupport_fastrtps_cpp__visibility_control.h
-- Up-to-date: /home/leo/RM_prac/install/practica4_pkg/include/practica4_pkg/practica4_pkg/srv
-- Up-to-date: /home/leo/RM_prac/install/practica4_pkg/include/practica4_pkg/practica4_pkg/srv/detail
-- Installing: /home/leo/RM_prac/install/practica4_pkg/include/practica4_pkg/practica4_pkg/srv/detail/dds_fastrtps
-- Installing: /home/leo/RM_prac/install/practica4_pkg/include/practica4_pkg/practica4_pkg/srv/detail/reset_map__rosidl_typesupport_fastrtps_cpp.hpp
-- Installing: /home/leo/RM_prac/install/practica4_pkg/lib/libpractica4_pkg__rosidl_typesupport_fastrtps_cpp.so
-- Set runtime path of "/home/leo/RM_prac/install/practica4_pkg/lib/libpractica4_pkg__rosidl_typesupport_fastrtps_cpp.so" to ""
-- Up-to-date: /home/leo/RM_prac/install/practica4_pkg/include/practica4_pkg/practica4_pkg
-- Up-to-date: /home/leo/RM_prac/install/practica4_pkg/include/practica4_pkg/practica4_pkg/msg
-- Installing: /home/leo/RM_prac/install/practica4_pkg/include/practica4_pkg/practica4_pkg/msg/rosidl_typesupport_introspection_c__visibility_control.h
-- Up-to-date: /home/leo/RM_prac/install/practica4_pkg/include/practica4_pkg/practica4_pkg/srv
-- Up-to-date: /home/leo/RM_prac/install/practica4_pkg/include/practica4_pkg/practica4_pkg/srv/detail
-- Installing: /home/leo/RM_prac/install/practica4_pkg/include/practica4_pkg/practica4_pkg/srv/detail/reset_map__rosidl_typesupport_introspection_c.h
-- Installing: /home/leo/RM_prac/install/practica4_pkg/include/practica4_pkg/practica4_pkg/srv/detail/reset_map__type_support.c
-- Installing: /home/leo/RM_prac/install/practica4_pkg/lib/libpractica4_pkg__rosidl_typesupport_introspection_c.so
-- Set runtime path of "/home/leo/RM_prac/install/practica4_pkg/lib/libpractica4_pkg__rosidl_typesupport_introspection_c.so" to ""
-- Installing: /home/leo/RM_prac/install/practica4_pkg/lib/libpractica4_pkg__rosidl_typesupport_c.so
-- Set runtime path of "/home/leo/RM_prac/install/practica4_pkg/lib/libpractica4_pkg__rosidl_typesupport_c.so" to ""
-- Up-to-date: /home/leo/RM_prac/install/practica4_pkg/include/practica4_pkg/practica4_pkg
-- Up-to-date: /home/leo/RM_prac/install/practica4_pkg/include/practica4_pkg/practica4_pkg/srv
-- Up-to-date: /home/leo/RM_prac/install/practica4_pkg/include/practica4_pkg/practica4_pkg/srv/detail
-- Installing: /home/leo/RM_prac/install/practica4_pkg/include/practica4_pkg/practica4_pkg/srv/detail/reset_map__type_support.cpp
-- Installing: /home/leo/RM_prac/install/practica4_pkg/include/practica4_pkg/practica4_pkg/srv/detail/reset_map__rosidl_typesupport_introspection_cpp.hpp
-- Installing: /home/leo/RM_prac/install/practica4_pkg/lib/libpractica4_pkg__rosidl_typesupport_introspection_cpp.so
-- Set runtime path of "/home/leo/RM_prac/install/practica4_pkg/lib/libpractica4_pkg__rosidl_typesupport_introspection_cpp.so" to ""
-- Installing: /home/leo/RM_prac/install/practica4_pkg/lib/libpractica4_pkg__rosidl_typesupport_cpp.so
-- Set runtime path of "/home/leo/RM_prac/install/practica4_pkg/lib/libpractica4_pkg__rosidl_typesupport_cpp.so" to ""
-- Installing: /home/leo/RM_prac/install/practica4_pkg/share/practica4_pkg/environment/pythonpath.sh
-- Installing: /home/leo/RM_prac/install/practica4_pkg/share/practica4_pkg/environment/pythonpath.dsv
-- Installing: /home/leo/RM_prac/install/practica4_pkg/local/lib/python3.10/dist-packages/practica4_pkg-0.0.0-py3.10.egg-info
-- Installing: /home/leo/RM_prac/install/practica4_pkg/local/lib/python3.10/dist-packages/practica4_pkg-0.0.0-py3.10.egg-info/SOURCES.txt
-- Installing: /home/leo/RM_prac/install/practica4_pkg/local/lib/python3.10/dist-packages/practica4_pkg-0.0.0-py3.10.egg-info/dependency_links.txt
-- Installing: /home/leo/RM_prac/install/practica4_pkg/local/lib/python3.10/dist-packages/practica4_pkg-0.0.0-py3.10.egg-info/PKG-INFO
-- Installing: /home/leo/RM_prac/install/practica4_pkg/local/lib/python3.10/dist-packages/practica4_pkg-0.0.0-py3.10.egg-info/top_level.txt
-- Installing: /home/leo/RM_prac/install/practica4_pkg/local/lib/python3.10/dist-packages/practica4_pkg
-- Installing: /home/leo/RM_prac/install/practica4_pkg/local/lib/python3.10/dist-packages/practica4_pkg/practica4_pkg_s__rosidl_typesupport_c.cpython-310-x86_64-linux-gnu.so
-- Installing: /home/leo/RM_prac/install/practica4_pkg/local/lib/python3.10/dist-packages/practica4_pkg/_practica4_pkg_s.ep.rosidl_typesupport_c.c
-- Installing: /home/leo/RM_prac/install/practica4_pkg/local/lib/python3.10/dist-packages/practica4_pkg/__init__.py
-- Installing: /home/leo/RM_prac/install/practica4_pkg/local/lib/python3.10/dist-packages/practica4_pkg/practica4_pkg_s__rosidl_typesupport_fastrtps_c.cpython-310-x86_64-linux-gnu.so
-- Installing: /home/leo/RM_prac/install/practica4_pkg/local/lib/python3.10/dist-packages/practica4_pkg/_practica4_pkg_s.ep.rosidl_typesupport_fastrtps_c.c
-- Installing: /home/leo/RM_prac/install/practica4_pkg/local/lib/python3.10/dist-packages/practica4_pkg/_practica4_pkg_s.ep.rosidl_typesupport_introspection_c.c
-- Installing: /home/leo/RM_prac/install/practica4_pkg/local/lib/python3.10/dist-packages/practica4_pkg/srv
-- Installing: /home/leo/RM_prac/install/practica4_pkg/local/lib/python3.10/dist-packages/practica4_pkg/srv/_reset_map_s.c
-- Installing: /home/leo/RM_prac/install/practica4_pkg/local/lib/python3.10/dist-packages/practica4_pkg/srv/__init__.py
-- Installing: /home/leo/RM_prac/install/practica4_pkg/local/lib/python3.10/dist-packages/practica4_pkg/srv/_reset_map.py
-- Installing: /home/leo/RM_prac/install/practica4_pkg/local/lib/python3.10/dist-packages/practica4_pkg/practica4_pkg_s__rosidl_typesupport_introspection_c.cpython-310-x86_64-linux-gnu.so
-- Installing: /home/leo/RM_prac/install/practica4_pkg/local/lib/python3.10/dist-packages/practica4_pkg/libpractica4_pkg__rosidl_generator_py.so
Listing '/home/leo/RM_prac/install/practica4_pkg/local/lib/python3.10/dist-packages/practica4_pkg'...
Compiling '/home/leo/RM_prac/install/practica4_pkg/local/lib/python3.10/dist-packages/practica4_pkg/__init__.py'...
Listing '/home/leo/RM_prac/install/practica4_pkg/local/lib/python3.10/dist-packages/practica4_pkg/srv'...
Compiling '/home/leo/RM_prac/install/practica4_pkg/local/lib/python3.10/dist-packages/practica4_pkg/srv/__init__.py'...
Compiling '/home/leo/RM_prac/install/practica4_pkg/local/lib/python3.10/dist-packages/practica4_pkg/srv/_reset_map.py'...
-- Installing: /home/leo/RM_prac/install/practica4_pkg/local/lib/python3.10/dist-packages/practica4_pkg/practica4_pkg_s__rosidl_typesupport_fastrtps_c.cpython-310-x86_64-linux-gnu.so
-- Set runtime path of "/home/leo/RM_prac/install/practica4_pkg/local/lib/python3.10/dist-packages/practica4_pkg/practica4_pkg_s__rosidl_typesupport_fastrtps_c.cpython-310-x86_64-linux-gnu.so" to ""
-- Installing: /home/leo/RM_prac/install/practica4_pkg/local/lib/python3.10/dist-packages/practica4_pkg/practica4_pkg_s__rosidl_typesupport_introspection_c.cpython-310-x86_64-linux-gnu.so
-- Set runtime path of "/home/leo/RM_prac/install/practica4_pkg/local/lib/python3.10/dist-packages/practica4_pkg/practica4_pkg_s__rosidl_typesupport_introspection_c.cpython-310-x86_64-linux-gnu.so" to ""
-- Installing: /home/leo/RM_prac/install/practica4_pkg/local/lib/python3.10/dist-packages/practica4_pkg/practica4_pkg_s__rosidl_typesupport_c.cpython-310-x86_64-linux-gnu.so
-- Set runtime path of "/home/leo/RM_prac/install/practica4_pkg/local/lib/python3.10/dist-packages/practica4_pkg/practica4_pkg_s__rosidl_typesupport_c.cpython-310-x86_64-linux-gnu.so" to ""
-- Installing: /home/leo/RM_prac/install/practica4_pkg/lib/libpractica4_pkg__rosidl_generator_py.so
-- Set runtime path of "/home/leo/RM_prac/install/practica4_pkg/lib/libpractica4_pkg__rosidl_generator_py.so" to ""
-- Installing: /home/leo/RM_prac/install/practica4_pkg/share/practica4_pkg/srv/ResetMap.idl
-- Installing: /home/leo/RM_prac/install/practica4_pkg/share/practica4_pkg/srv/ResetMap.srv
-- Installing: /home/leo/RM_prac/install/practica4_pkg/share/practica4_pkg/srv/ResetMap_Request.msg
-- Installing: /home/leo/RM_prac/install/practica4_pkg/share/practica4_pkg/srv/ResetMap_Response.msg
-- Installing: /home/leo/RM_prac/install/practica4_pkg/lib/practica4_pkg/map_pointcloud_node
-- Set runtime path of "/home/leo/RM_prac/install/practica4_pkg/lib/practica4_pkg/map_pointcloud_node" to ""
-- Installing: /home/leo/RM_prac/install/practica4_pkg/share/practica4_pkg/launch
-- Installing: /home/leo/RM_prac/install/practica4_pkg/share/practica4_pkg/launch/practica4_odom.launch.py
-- Installing: /home/leo/RM_prac/install/practica4_pkg/share/practica4_pkg/launch/practica4_scan_matching.launch.py
