[0.025s] Invoking command in '/home/leo/RM_prac/build/practica4_pkg': CMAKE_PREFIX_PATH=/opt/ros/humble /usr/bin/cmake /home/leo/RM_prac/src/practica4_pkg -DCMAKE_INSTALL_PREFIX=/home/leo/RM_prac/install/practica4_pkg
[0.370s] -- The C compiler identification is GNU 11.4.0
[1.269s] -- The CXX compiler identification is GNU 11.4.0
[1.868s] -- Detecting C compiler ABI info
[2.194s] -- Detecting C compiler ABI info - done
[2.200s] -- Check for working C compiler: /usr/bin/cc - skipped
[2.200s] -- Detecting C compile features
[2.201s] -- Detecting C compile features - done
[2.205s] -- Detecting CXX compiler ABI info
[2.489s] -- Detecting CXX compiler ABI info - done
[2.498s] -- Check for working CXX compiler: /usr/bin/c++ - skipped
[2.498s] -- Detecting CXX compile features
[2.499s] -- Detecting CXX compile features - done
[2.501s] -- Found ament_cmake: 1.3.11 (/opt/ros/humble/share/ament_cmake/cmake)
[2.666s] -- Found Python3: /usr/bin/python3 (found version "3.10.12") found components: Interpreter 
[2.775s] -- Found rclcpp: 16.0.11 (/opt/ros/humble/share/rclcpp/cmake)
[3.034s] -- Found rosidl_generator_c: 3.1.6 (/opt/ros/humble/share/rosidl_generator_c/cmake)
[3.038s] -- Found rosidl_adapter: 3.1.6 (/opt/ros/humble/share/rosidl_adapter/cmake)
[3.046s] -- Found rosidl_generator_cpp: 3.1.6 (/opt/ros/humble/share/rosidl_generator_cpp/cmake)
[3.061s] -- Using all available rosidl_typesupport_c: rosidl_typesupport_fastrtps_c;rosidl_typesupport_introspection_c
[3.082s] -- Using all available rosidl_typesupport_cpp: rosidl_typesupport_fastrtps_cpp;rosidl_typesupport_introspection_cpp
[3.143s] -- Found rmw_implementation_cmake: 6.1.2 (/opt/ros/humble/share/rmw_implementation_cmake/cmake)
[3.148s] -- Found rmw_fastrtps_cpp: 6.2.7 (/opt/ros/humble/share/rmw_fastrtps_cpp/cmake)
[4.274s] -- Found OpenSSL: /usr/lib/x86_64-linux-gnu/libcrypto.so (found version "3.0.2")  
[7.173s] -- Found FastRTPS: /opt/ros/humble/include  
[9.315s] -- Using RMW implementation 'rmw_fastrtps_cpp' as default
[9.322s] -- Looking for pthread.h
[9.552s] -- Looking for pthread.h - found
[9.552s] -- Performing Test CMAKE_HAVE_LIBC_PTHREAD
[9.783s] -- Performing Test CMAKE_HAVE_LIBC_PTHREAD - Success
[9.784s] -- Found Threads: TRUE  
[9.837s] -- Found geometry_msgs: 4.2.4 (/opt/ros/humble/share/geometry_msgs/cmake)
[9.852s] -- Found tf2: 0.25.12 (/opt/ros/humble/share/tf2/cmake)
[9.860s] -- Found tf2_geometry_msgs: 0.25.12 (/opt/ros/humble/share/tf2_geometry_msgs/cmake)
[9.975s] -- Found eigen3_cmake_module: 0.1.1 (/opt/ros/humble/share/eigen3_cmake_module/cmake)
[9.977s] -- Found Eigen3: TRUE (found version "3.4.0") 
[9.977s] -- Ensuring Eigen3 include directory is part of orocos-kdl CMake target
[10.140s] -- Found tf2_eigen: 0.25.12 (/opt/ros/humble/share/tf2_eigen/cmake)
[10.140s] -- Found nav_msgs: 4.2.4 (/opt/ros/humble/share/nav_msgs/cmake)
[10.168s] -- Found laser_geometry: 2.4.0 (/opt/ros/humble/share/laser_geometry/cmake)
[10.273s] -- Found tf2_sensor_msgs: 0.25.12 (/opt/ros/humble/share/tf2_sensor_msgs/cmake)
[10.329s] -- Checking for module 'eigen3'
[10.433s] --   Found eigen3, version 3.4.0
[10.691s] -- Found Eigen: /usr/include/eigen3 (Required is at least version "3.1") 
[10.692s] -- Eigen found (include: /usr/include/eigen3, version: 3.4.0)
[13.804s] -- Checking for module 'flann'
[13.897s] --   Found flann, version 1.9.1
[15.025s] -- Found FLANN: /usr/lib/x86_64-linux-gnu/libflann_cpp.so  
[15.025s] -- FLANN found (include: /usr/include, lib: /usr/lib/x86_64-linux-gnu/libflann_cpp.so)
[29.661s] -- Checking for module 'libusb-1.0'
[29.677s] --   Found libusb-1.0, version 1.0.25
[29.911s] -- Found libusb: /usr/lib/x86_64-linux-gnu/libusb-1.0.so  
[29.913s] -- OpenNI found (version: 1.5.4.0, include: /usr/include/ni, lib: /usr/lib/libOpenNI.so;libusb::libusb)
[30.363s] -- OpenNI2 found (version: 2.2.0.33, include: /usr/include/openni2, lib: /usr/lib/x86_64-linux-gnu/libOpenNI2.so;libusb::libusb)
[36.135s] -- Eigen found (include: /usr/include/eigen3, version: 3.4.0)
[36.140s] -- OpenNI found (version: 1.5.4.0, include: /usr/include/ni, lib: /usr/lib/libOpenNI.so;libusb::libusb)
[36.145s] -- OpenNI2 found (version: 2.2.0.33, include: /usr/include/openni2, lib: /usr/lib/x86_64-linux-gnu/libOpenNI2.so;libusb::libusb)
[41.677s] -- Found Qhull version 8.0.2
[46.842s] -- OpenNI found (version: 1.5.4.0, include: /usr/include/ni, lib: /usr/lib/libOpenNI.so;libusb::libusb)
[52.074s] -- Found PCL_COMMON: /usr/lib/x86_64-linux-gnu/libpcl_common.so  
[52.075s] -- Found PCL_KDTREE: /usr/lib/x86_64-linux-gnu/libpcl_kdtree.so  
[52.075s] -- Found PCL_OCTREE: /usr/lib/x86_64-linux-gnu/libpcl_octree.so  
[52.076s] -- Found PCL_SEARCH: /usr/lib/x86_64-linux-gnu/libpcl_search.so  
[52.077s] -- Found PCL_SAMPLE_CONSENSUS: /usr/lib/x86_64-linux-gnu/libpcl_sample_consensus.so  
[52.077s] -- Found PCL_FILTERS: /usr/lib/x86_64-linux-gnu/libpcl_filters.so  
[52.078s] -- Found PCL_2D: /usr/include/pcl-1.12  
[52.078s] -- Found PCL_GEOMETRY: /usr/include/pcl-1.12  
[52.079s] -- Found PCL_IO: /usr/lib/x86_64-linux-gnu/libpcl_io.so  
[52.080s] -- Found PCL_FEATURES: /usr/lib/x86_64-linux-gnu/libpcl_features.so  
[52.080s] -- Found PCL_ML: /usr/lib/x86_64-linux-gnu/libpcl_ml.so  
[52.081s] -- Found PCL_SEGMENTATION: /usr/lib/x86_64-linux-gnu/libpcl_segmentation.so  
[52.082s] -- Found PCL_VISUALIZATION: /usr/lib/x86_64-linux-gnu/libpcl_visualization.so  
[52.083s] -- Found PCL_SURFACE: /usr/lib/x86_64-linux-gnu/libpcl_surface.so  
[52.083s] -- Found PCL_REGISTRATION: /usr/lib/x86_64-linux-gnu/libpcl_registration.so  
[52.084s] -- Found PCL_KEYPOINTS: /usr/lib/x86_64-linux-gnu/libpcl_keypoints.so  
[52.085s] -- Found PCL_TRACKING: /usr/lib/x86_64-linux-gnu/libpcl_tracking.so  
[52.086s] -- Found PCL_RECOGNITION: /usr/lib/x86_64-linux-gnu/libpcl_recognition.so  
[52.086s] -- Found PCL_STEREO: /usr/lib/x86_64-linux-gnu/libpcl_stereo.so  
[52.087s] -- Found PCL_APPS: /usr/lib/x86_64-linux-gnu/libpcl_apps.so  
[52.088s] -- Found PCL_IN_HAND_SCANNER: /usr/include/pcl-1.12  
[52.088s] -- Found PCL_MODELER: /usr/include/pcl-1.12  
[52.099s] -- Found PCL_POINT_CLOUD_EDITOR: /usr/include/pcl-1.12  
[52.100s] -- Found PCL_OUTOFCORE: /usr/lib/x86_64-linux-gnu/libpcl_outofcore.so  
[52.101s] -- Found PCL_PEOPLE: /usr/lib/x86_64-linux-gnu/libpcl_people.so  
[52.103s] -- Found pcl_conversions: 2.4.5 (/opt/ros/humble/share/pcl_conversions/cmake)
[52.131s] -- Found visualization_msgs: 4.2.4 (/opt/ros/humble/share/visualization_msgs/cmake)
[52.147s] -- Found rosidl_default_generators: 1.2.0 (/opt/ros/humble/share/rosidl_default_generators/cmake)
[52.368s] -- Found ament_cmake_ros: 0.10.0 (/opt/ros/humble/share/ament_cmake_ros/cmake)
[52.611s] -- Using all available rosidl_typesupport_c: rosidl_typesupport_fastrtps_c;rosidl_typesupport_introspection_c
[52.705s] -- Using all available rosidl_typesupport_cpp: rosidl_typesupport_fastrtps_cpp;rosidl_typesupport_introspection_cpp
[53.023s] -- Found PythonInterp: /usr/bin/python3 (found suitable version "3.10.12", minimum required is "3.6") 
[53.024s] -- Found python_cmake_module: 0.10.0 (/opt/ros/humble/share/python_cmake_module/cmake)
[53.955s] -- Found PythonLibs: /usr/lib/x86_64-linux-gnu/libpython3.10.so (found suitable version "3.10.12", minimum required is "3.5") 
[53.956s] -- Using PYTHON_EXECUTABLE: /usr/bin/python3
[53.956s] -- Using PYTHON_INCLUDE_DIRS: /usr/include/python3.10
[53.956s] -- Using PYTHON_LIBRARIES: /usr/lib/x86_64-linux-gnu/libpython3.10.so
[53.974s] -- Found PythonExtra: .so  
[54.116s] -- Configuring done
[54.201s] -- Generating done
[54.217s] -- Build files have been written to: /home/leo/RM_prac/build/practica4_pkg
[54.243s] Invoked command in '/home/leo/RM_prac/build/practica4_pkg' returned '0': CMAKE_PREFIX_PATH=/opt/ros/humble /usr/bin/cmake /home/leo/RM_prac/src/practica4_pkg -DCMAKE_INSTALL_PREFIX=/home/leo/RM_prac/install/practica4_pkg
[54.244s] Invoking command in '/home/leo/RM_prac/build/practica4_pkg': CMAKE_PREFIX_PATH=/opt/ros/humble /usr/bin/cmake --build /home/leo/RM_prac/build/practica4_pkg -- -j8 -l8
[54.278s] [  3%] [34m[1mGenerating C code for ROS interfaces[0m
[54.286s] [  6%] [34m[1mGenerating C++ code for ROS interfaces[0m
[54.294s] [  6%] Built target ament_cmake_python_copy_practica4_pkg
[54.517s] running egg_info
[54.518s] creating practica4_pkg.egg-info
[54.518s] writing practica4_pkg.egg-info/PKG-INFO
[54.519s] writing dependency_links to practica4_pkg.egg-info/dependency_links.txt
[54.519s] writing top-level names to practica4_pkg.egg-info/top_level.txt
[54.519s] writing manifest file 'practica4_pkg.egg-info/SOURCES.txt'
[54.521s] reading manifest file 'practica4_pkg.egg-info/SOURCES.txt'
[54.522s] writing manifest file 'practica4_pkg.egg-info/SOURCES.txt'
[54.546s] [  6%] Built target ament_cmake_python_build_practica4_pkg_egg
[54.595s] [  9%] [32mBuilding C object CMakeFiles/practica4_pkg__rosidl_generator_c.dir/rosidl_generator_c/practica4_pkg/srv/detail/reset_map__functions.c.o[0m
[54.600s] [  9%] Built target practica4_pkg__cpp
[54.607s] [ 12%] [34m[1mGenerating C++ type support dispatch for ROS interfaces[0m
[54.607s] [ 15%] [34m[1mGenerating C++ introspection for ROS interfaces[0m
[54.610s] [ 18%] [34m[1mGenerating C++ type support for eProsima Fast-RTPS[0m
[54.654s] [ 21%] [32m[1mLinking C shared library libpractica4_pkg__rosidl_generator_c.so[0m
[54.909s] [ 24%] [32mBuilding CXX object CMakeFiles/practica4_pkg__rosidl_typesupport_cpp.dir/rosidl_typesupport_cpp/practica4_pkg/srv/reset_map__type_support.cpp.o[0m
[54.929s] [ 27%] [32mBuilding CXX object CMakeFiles/practica4_pkg__rosidl_typesupport_introspection_cpp.dir/rosidl_typesupport_introspection_cpp/practica4_pkg/srv/detail/reset_map__type_support.cpp.o[0m
[54.942s] [ 30%] [32mBuilding CXX object CMakeFiles/practica4_pkg__rosidl_typesupport_fastrtps_cpp.dir/rosidl_typesupport_fastrtps_cpp/practica4_pkg/srv/detail/dds_fastrtps/reset_map__type_support.cpp.o[0m
[54.942s] [ 30%] Built target practica4_pkg__rosidl_generator_c
[54.951s] [ 33%] [34m[1mGenerating C type support for eProsima Fast-RTPS[0m
[54.951s] [ 36%] [34m[1mGenerating C type support dispatch for ROS interfaces[0m
[54.952s] [ 39%] [34m[1mGenerating C introspection for ROS interfaces[0m
[55.206s] [ 42%] [32m[1mLinking CXX shared library libpractica4_pkg__rosidl_typesupport_cpp.so[0m
[55.288s] [ 45%] [32mBuilding CXX object CMakeFiles/practica4_pkg__rosidl_typesupport_c.dir/rosidl_typesupport_c/practica4_pkg/srv/reset_map__type_support.cpp.o[0m
[55.332s] [ 48%] [32m[1mLinking CXX shared library libpractica4_pkg__rosidl_typesupport_c.so[0m
[55.353s] [ 51%] [32mBuilding C object CMakeFiles/practica4_pkg__rosidl_typesupport_introspection_c.dir/rosidl_typesupport_introspection_c/practica4_pkg/srv/detail/reset_map__type_support.c.o[0m
[55.362s] [ 54%] [32mBuilding CXX object CMakeFiles/practica4_pkg__rosidl_typesupport_fastrtps_c.dir/rosidl_typesupport_fastrtps_c/practica4_pkg/srv/detail/reset_map__type_support_c.cpp.o[0m
[55.381s] [ 57%] [32m[1mLinking CXX shared library libpractica4_pkg__rosidl_typesupport_introspection_cpp.so[0m
[55.389s] [ 60%] [32m[1mLinking C shared library libpractica4_pkg__rosidl_typesupport_introspection_c.so[0m
[55.427s] [ 63%] [32m[1mLinking CXX shared library libpractica4_pkg__rosidl_typesupport_fastrtps_cpp.so[0m
[55.486s] [ 63%] Built target practica4_pkg__rosidl_typesupport_cpp
[55.504s] [ 66%] [32mBuilding CXX object CMakeFiles/map_pointcloud_node.dir/src/map_pointcloud_node.cpp.o[0m
[55.563s] [ 66%] Built target practica4_pkg__rosidl_typesupport_c
[55.613s] [ 66%] Built target practica4_pkg__rosidl_typesupport_introspection_c
[55.663s] [ 66%] Built target practica4_pkg__rosidl_typesupport_introspection_cpp
[55.713s] [ 66%] Built target practica4_pkg__rosidl_typesupport_fastrtps_cpp
[55.742s] [ 69%] [32m[1mLinking CXX shared library libpractica4_pkg__rosidl_typesupport_fastrtps_c.so[0m
[56.100s] [ 69%] Built target practica4_pkg__rosidl_typesupport_fastrtps_c
[56.117s] [ 69%] Built target practica4_pkg
[56.137s] [ 72%] [34m[1mGenerating Python code for ROS interfaces[0m
[56.509s] [ 72%] Built target practica4_pkg__py
[56.529s] [ 75%] [32mBuilding C object CMakeFiles/practica4_pkg__rosidl_generator_py.dir/rosidl_generator_py/practica4_pkg/srv/_reset_map_s.c.o[0m
[56.622s] [ 78%] [32m[1mLinking C shared library rosidl_generator_py/practica4_pkg/libpractica4_pkg__rosidl_generator_py.so[0m
[56.941s] [ 78%] Built target practica4_pkg__rosidl_generator_py
[56.959s] [ 84%] [32mBuilding C object CMakeFiles/practica4_pkg__rosidl_typesupport_introspection_c__pyext.dir/rosidl_generator_py/practica4_pkg/_practica4_pkg_s.ep.rosidl_typesupport_introspection_c.c.o[0m
[56.959s] [ 84%] [32mBuilding C object CMakeFiles/practica4_pkg__rosidl_typesupport_fastrtps_c__pyext.dir/rosidl_generator_py/practica4_pkg/_practica4_pkg_s.ep.rosidl_typesupport_fastrtps_c.c.o[0m
[56.960s] [ 87%] [32mBuilding C object CMakeFiles/practica4_pkg__rosidl_typesupport_c__pyext.dir/rosidl_generator_py/practica4_pkg/_practica4_pkg_s.ep.rosidl_typesupport_c.c.o[0m
[57.055s] [ 90%] [32m[1mLinking C shared library rosidl_generator_py/practica4_pkg/practica4_pkg_s__rosidl_typesupport_fastrtps_c.cpython-310-x86_64-linux-gnu.so[0m
[57.075s] [ 93%] [32m[1mLinking C shared library rosidl_generator_py/practica4_pkg/practica4_pkg_s__rosidl_typesupport_introspection_c.cpython-310-x86_64-linux-gnu.so[0m
[57.075s] [ 96%] [32m[1mLinking C shared library rosidl_generator_py/practica4_pkg/practica4_pkg_s__rosidl_typesupport_c.cpython-310-x86_64-linux-gnu.so[0m
[57.275s] [ 96%] Built target practica4_pkg__rosidl_typesupport_fastrtps_c__pyext
[57.278s] [ 96%] Built target practica4_pkg__rosidl_typesupport_c__pyext
[57.325s] [ 96%] Built target practica4_pkg__rosidl_typesupport_introspection_c__pyext
[68.652s] [100%] [32m[1mLinking CXX executable map_pointcloud_node[0m
[69.768s] [100%] Built target map_pointcloud_node
[69.776s] Invoked command in '/home/leo/RM_prac/build/practica4_pkg' returned '0': CMAKE_PREFIX_PATH=/opt/ros/humble /usr/bin/cmake --build /home/leo/RM_prac/build/practica4_pkg -- -j8 -l8
[69.778s] Invoking command in '/home/leo/RM_prac/build/practica4_pkg': CMAKE_PREFIX_PATH=/opt/ros/humble /usr/bin/cmake --install /home/leo/RM_prac/build/practica4_pkg
[69.783s] -- Install configuration: ""
[69.783s] -- Installing: /home/leo/RM_prac/install/practica4_pkg/share/ament_index/resource_index/rosidl_interfaces/practica4_pkg
[69.784s] -- Installing: /home/leo/RM_prac/install/practica4_pkg/include/practica4_pkg/practica4_pkg
[69.784s] -- Installing: /home/leo/RM_prac/install/practica4_pkg/include/practica4_pkg/practica4_pkg/msg
[69.784s] -- Installing: /home/leo/RM_prac/install/practica4_pkg/include/practica4_pkg/practica4_pkg/msg/rosidl_generator_c__visibility_control.h
[69.785s] -- Installing: /home/leo/RM_prac/install/practica4_pkg/include/practica4_pkg/practica4_pkg/srv
[69.785s] -- Installing: /home/leo/RM_prac/install/practica4_pkg/include/practica4_pkg/practica4_pkg/srv/reset_map.h
[69.785s] -- Installing: /home/leo/RM_prac/install/practica4_pkg/include/practica4_pkg/practica4_pkg/srv/detail
[69.785s] -- Installing: /home/leo/RM_prac/install/practica4_pkg/include/practica4_pkg/practica4_pkg/srv/detail/reset_map__struct.h
[69.785s] -- Installing: /home/leo/RM_prac/install/practica4_pkg/include/practica4_pkg/practica4_pkg/srv/detail/reset_map__functions.h
[69.785s] -- Installing: /home/leo/RM_prac/install/practica4_pkg/include/practica4_pkg/practica4_pkg/srv/detail/reset_map__functions.c
[69.785s] -- Installing: /home/leo/RM_prac/install/practica4_pkg/include/practica4_pkg/practica4_pkg/srv/detail/reset_map__type_support.h
[69.785s] -- Installing: /home/leo/RM_prac/install/practica4_pkg/share/practica4_pkg/environment/library_path.sh
[69.785s] -- Installing: /home/leo/RM_prac/install/practica4_pkg/share/practica4_pkg/environment/library_path.dsv
[69.785s] -- Installing: /home/leo/RM_prac/install/practica4_pkg/lib/libpractica4_pkg__rosidl_generator_c.so
[69.786s] -- Set runtime path of "/home/leo/RM_prac/install/practica4_pkg/lib/libpractica4_pkg__rosidl_generator_c.so" to ""
[69.786s] -- Up-to-date: /home/leo/RM_prac/install/practica4_pkg/include/practica4_pkg/practica4_pkg
[69.786s] -- Up-to-date: /home/leo/RM_prac/install/practica4_pkg/include/practica4_pkg/practica4_pkg/msg
[69.786s] -- Installing: /home/leo/RM_prac/install/practica4_pkg/include/practica4_pkg/practica4_pkg/msg/rosidl_typesupport_fastrtps_c__visibility_control.h
[69.786s] -- Up-to-date: /home/leo/RM_prac/install/practica4_pkg/include/practica4_pkg/practica4_pkg/srv
[69.786s] -- Up-to-date: /home/leo/RM_prac/install/practica4_pkg/include/practica4_pkg/practica4_pkg/srv/detail
[69.786s] -- Installing: /home/leo/RM_prac/install/practica4_pkg/include/practica4_pkg/practica4_pkg/srv/detail/reset_map__rosidl_typesupport_fastrtps_c.h
[69.786s] -- Installing: /home/leo/RM_prac/install/practica4_pkg/lib/libpractica4_pkg__rosidl_typesupport_fastrtps_c.so
[69.787s] -- Set runtime path of "/home/leo/RM_prac/install/practica4_pkg/lib/libpractica4_pkg__rosidl_typesupport_fastrtps_c.so" to ""
[69.787s] -- Up-to-date: /home/leo/RM_prac/install/practica4_pkg/include/practica4_pkg/practica4_pkg
[69.787s] -- Up-to-date: /home/leo/RM_prac/install/practica4_pkg/include/practica4_pkg/practica4_pkg/msg
[69.787s] -- Installing: /home/leo/RM_prac/install/practica4_pkg/include/practica4_pkg/practica4_pkg/msg/rosidl_generator_cpp__visibility_control.hpp
[69.787s] -- Up-to-date: /home/leo/RM_prac/install/practica4_pkg/include/practica4_pkg/practica4_pkg/srv
[69.787s] -- Installing: /home/leo/RM_prac/install/practica4_pkg/include/practica4_pkg/practica4_pkg/srv/reset_map.hpp
[69.787s] -- Up-to-date: /home/leo/RM_prac/install/practica4_pkg/include/practica4_pkg/practica4_pkg/srv/detail
[69.787s] -- Installing: /home/leo/RM_prac/install/practica4_pkg/include/practica4_pkg/practica4_pkg/srv/detail/reset_map__type_support.hpp
[69.788s] -- Installing: /home/leo/RM_prac/install/practica4_pkg/include/practica4_pkg/practica4_pkg/srv/detail/reset_map__builder.hpp
[69.788s] -- Installing: /home/leo/RM_prac/install/practica4_pkg/include/practica4_pkg/practica4_pkg/srv/detail/reset_map__traits.hpp
[69.788s] -- Installing: /home/leo/RM_prac/install/practica4_pkg/include/practica4_pkg/practica4_pkg/srv/detail/reset_map__struct.hpp
[69.788s] -- Up-to-date: /home/leo/RM_prac/install/practica4_pkg/include/practica4_pkg/practica4_pkg
[69.788s] -- Up-to-date: /home/leo/RM_prac/install/practica4_pkg/include/practica4_pkg/practica4_pkg/msg
[69.788s] -- Installing: /home/leo/RM_prac/install/practica4_pkg/include/practica4_pkg/practica4_pkg/msg/rosidl_typesupport_fastrtps_cpp__visibility_control.h
[69.788s] -- Up-to-date: /home/leo/RM_prac/install/practica4_pkg/include/practica4_pkg/practica4_pkg/srv
[69.788s] -- Up-to-date: /home/leo/RM_prac/install/practica4_pkg/include/practica4_pkg/practica4_pkg/srv/detail
[69.788s] -- Installing: /home/leo/RM_prac/install/practica4_pkg/include/practica4_pkg/practica4_pkg/srv/detail/dds_fastrtps
[69.788s] -- Installing: /home/leo/RM_prac/install/practica4_pkg/include/practica4_pkg/practica4_pkg/srv/detail/reset_map__rosidl_typesupport_fastrtps_cpp.hpp
[69.789s] -- Installing: /home/leo/RM_prac/install/practica4_pkg/lib/libpractica4_pkg__rosidl_typesupport_fastrtps_cpp.so
[69.789s] -- Set runtime path of "/home/leo/RM_prac/install/practica4_pkg/lib/libpractica4_pkg__rosidl_typesupport_fastrtps_cpp.so" to ""
[69.789s] -- Up-to-date: /home/leo/RM_prac/install/practica4_pkg/include/practica4_pkg/practica4_pkg
[69.789s] -- Up-to-date: /home/leo/RM_prac/install/practica4_pkg/include/practica4_pkg/practica4_pkg/msg
[69.789s] -- Installing: /home/leo/RM_prac/install/practica4_pkg/include/practica4_pkg/practica4_pkg/msg/rosidl_typesupport_introspection_c__visibility_control.h
[69.789s] -- Up-to-date: /home/leo/RM_prac/install/practica4_pkg/include/practica4_pkg/practica4_pkg/srv
[69.789s] -- Up-to-date: /home/leo/RM_prac/install/practica4_pkg/include/practica4_pkg/practica4_pkg/srv/detail
[69.789s] -- Installing: /home/leo/RM_prac/install/practica4_pkg/include/practica4_pkg/practica4_pkg/srv/detail/reset_map__rosidl_typesupport_introspection_c.h
[69.790s] -- Installing: /home/leo/RM_prac/install/practica4_pkg/include/practica4_pkg/practica4_pkg/srv/detail/reset_map__type_support.c
[69.790s] -- Installing: /home/leo/RM_prac/install/practica4_pkg/lib/libpractica4_pkg__rosidl_typesupport_introspection_c.so
[69.790s] -- Set runtime path of "/home/leo/RM_prac/install/practica4_pkg/lib/libpractica4_pkg__rosidl_typesupport_introspection_c.so" to ""
[69.790s] -- Installing: /home/leo/RM_prac/install/practica4_pkg/lib/libpractica4_pkg__rosidl_typesupport_c.so
[69.790s] -- Set runtime path of "/home/leo/RM_prac/install/practica4_pkg/lib/libpractica4_pkg__rosidl_typesupport_c.so" to ""
[69.790s] -- Up-to-date: /home/leo/RM_prac/install/practica4_pkg/include/practica4_pkg/practica4_pkg
[69.790s] -- Up-to-date: /home/leo/RM_prac/install/practica4_pkg/include/practica4_pkg/practica4_pkg/srv
[69.790s] -- Up-to-date: /home/leo/RM_prac/install/practica4_pkg/include/practica4_pkg/practica4_pkg/srv/detail
[69.790s] -- Installing: /home/leo/RM_prac/install/practica4_pkg/include/practica4_pkg/practica4_pkg/srv/detail/reset_map__type_support.cpp
[69.790s] -- Installing: /home/leo/RM_prac/install/practica4_pkg/include/practica4_pkg/practica4_pkg/srv/detail/reset_map__rosidl_typesupport_introspection_cpp.hpp
[69.791s] -- Installing: /home/leo/RM_prac/install/practica4_pkg/lib/libpractica4_pkg__rosidl_typesupport_introspection_cpp.so
[69.791s] -- Set runtime path of "/home/leo/RM_prac/install/practica4_pkg/lib/libpractica4_pkg__rosidl_typesupport_introspection_cpp.so" to ""
[69.791s] -- Installing: /home/leo/RM_prac/install/practica4_pkg/lib/libpractica4_pkg__rosidl_typesupport_cpp.so
[69.791s] -- Set runtime path of "/home/leo/RM_prac/install/practica4_pkg/lib/libpractica4_pkg__rosidl_typesupport_cpp.so" to ""
[69.791s] -- Installing: /home/leo/RM_prac/install/practica4_pkg/share/practica4_pkg/environment/pythonpath.sh
[69.791s] -- Installing: /home/leo/RM_prac/install/practica4_pkg/share/practica4_pkg/environment/pythonpath.dsv
[69.792s] -- Installing: /home/leo/RM_prac/install/practica4_pkg/local/lib/python3.10/dist-packages/practica4_pkg-0.0.0-py3.10.egg-info
[69.792s] -- Installing: /home/leo/RM_prac/install/practica4_pkg/local/lib/python3.10/dist-packages/practica4_pkg-0.0.0-py3.10.egg-info/SOURCES.txt
[69.792s] -- Installing: /home/leo/RM_prac/install/practica4_pkg/local/lib/python3.10/dist-packages/practica4_pkg-0.0.0-py3.10.egg-info/dependency_links.txt
[69.792s] -- Installing: /home/leo/RM_prac/install/practica4_pkg/local/lib/python3.10/dist-packages/practica4_pkg-0.0.0-py3.10.egg-info/PKG-INFO
[69.792s] -- Installing: /home/leo/RM_prac/install/practica4_pkg/local/lib/python3.10/dist-packages/practica4_pkg-0.0.0-py3.10.egg-info/top_level.txt
[69.792s] -- Installing: /home/leo/RM_prac/install/practica4_pkg/local/lib/python3.10/dist-packages/practica4_pkg
[69.793s] -- Installing: /home/leo/RM_prac/install/practica4_pkg/local/lib/python3.10/dist-packages/practica4_pkg/practica4_pkg_s__rosidl_typesupport_c.cpython-310-x86_64-linux-gnu.so
[69.793s] -- Installing: /home/leo/RM_prac/install/practica4_pkg/local/lib/python3.10/dist-packages/practica4_pkg/_practica4_pkg_s.ep.rosidl_typesupport_c.c
[69.793s] -- Installing: /home/leo/RM_prac/install/practica4_pkg/local/lib/python3.10/dist-packages/practica4_pkg/__init__.py
[69.793s] -- Installing: /home/leo/RM_prac/install/practica4_pkg/local/lib/python3.10/dist-packages/practica4_pkg/practica4_pkg_s__rosidl_typesupport_fastrtps_c.cpython-310-x86_64-linux-gnu.so
[69.793s] -- Installing: /home/leo/RM_prac/install/practica4_pkg/local/lib/python3.10/dist-packages/practica4_pkg/_practica4_pkg_s.ep.rosidl_typesupport_fastrtps_c.c
[69.793s] -- Installing: /home/leo/RM_prac/install/practica4_pkg/local/lib/python3.10/dist-packages/practica4_pkg/_practica4_pkg_s.ep.rosidl_typesupport_introspection_c.c
[69.793s] -- Installing: /home/leo/RM_prac/install/practica4_pkg/local/lib/python3.10/dist-packages/practica4_pkg/srv
[69.793s] -- Installing: /home/leo/RM_prac/install/practica4_pkg/local/lib/python3.10/dist-packages/practica4_pkg/srv/_reset_map_s.c
[69.794s] -- Installing: /home/leo/RM_prac/install/practica4_pkg/local/lib/python3.10/dist-packages/practica4_pkg/srv/__init__.py
[69.794s] -- Installing: /home/leo/RM_prac/install/practica4_pkg/local/lib/python3.10/dist-packages/practica4_pkg/srv/_reset_map.py
[69.794s] -- Installing: /home/leo/RM_prac/install/practica4_pkg/local/lib/python3.10/dist-packages/practica4_pkg/practica4_pkg_s__rosidl_typesupport_introspection_c.cpython-310-x86_64-linux-gnu.so
[69.794s] -- Installing: /home/leo/RM_prac/install/practica4_pkg/local/lib/python3.10/dist-packages/practica4_pkg/libpractica4_pkg__rosidl_generator_py.so
[69.817s] Listing '/home/leo/RM_prac/install/practica4_pkg/local/lib/python3.10/dist-packages/practica4_pkg'...
[69.817s] Compiling '/home/leo/RM_prac/install/practica4_pkg/local/lib/python3.10/dist-packages/practica4_pkg/__init__.py'...
[69.817s] Listing '/home/leo/RM_prac/install/practica4_pkg/local/lib/python3.10/dist-packages/practica4_pkg/srv'...
[69.817s] Compiling '/home/leo/RM_prac/install/practica4_pkg/local/lib/python3.10/dist-packages/practica4_pkg/srv/__init__.py'...
[69.817s] Compiling '/home/leo/RM_prac/install/practica4_pkg/local/lib/python3.10/dist-packages/practica4_pkg/srv/_reset_map.py'...
[69.820s] -- Installing: /home/leo/RM_prac/install/practica4_pkg/local/lib/python3.10/dist-packages/practica4_pkg/practica4_pkg_s__rosidl_typesupport_fastrtps_c.cpython-310-x86_64-linux-gnu.so
[69.820s] -- Set runtime path of "/home/leo/RM_prac/install/practica4_pkg/local/lib/python3.10/dist-packages/practica4_pkg/practica4_pkg_s__rosidl_typesupport_fastrtps_c.cpython-310-x86_64-linux-gnu.so" to ""
[69.821s] -- Installing: /home/leo/RM_prac/install/practica4_pkg/local/lib/python3.10/dist-packages/practica4_pkg/practica4_pkg_s__rosidl_typesupport_introspection_c.cpython-310-x86_64-linux-gnu.so
[69.821s] -- Set runtime path of "/home/leo/RM_prac/install/practica4_pkg/local/lib/python3.10/dist-packages/practica4_pkg/practica4_pkg_s__rosidl_typesupport_introspection_c.cpython-310-x86_64-linux-gnu.so" to ""
[69.821s] -- Installing: /home/leo/RM_prac/install/practica4_pkg/local/lib/python3.10/dist-packages/practica4_pkg/practica4_pkg_s__rosidl_typesupport_c.cpython-310-x86_64-linux-gnu.so
[69.821s] -- Set runtime path of "/home/leo/RM_prac/install/practica4_pkg/local/lib/python3.10/dist-packages/practica4_pkg/practica4_pkg_s__rosidl_typesupport_c.cpython-310-x86_64-linux-gnu.so" to ""
[69.821s] -- Installing: /home/leo/RM_prac/install/practica4_pkg/lib/libpractica4_pkg__rosidl_generator_py.so
[69.822s] -- Set runtime path of "/home/leo/RM_prac/install/practica4_pkg/lib/libpractica4_pkg__rosidl_generator_py.so" to ""
[69.822s] -- Installing: /home/leo/RM_prac/install/practica4_pkg/share/practica4_pkg/srv/ResetMap.idl
[69.822s] -- Installing: /home/leo/RM_prac/install/practica4_pkg/share/practica4_pkg/srv/ResetMap.srv
[69.822s] -- Installing: /home/leo/RM_prac/install/practica4_pkg/share/practica4_pkg/srv/ResetMap_Request.msg
[69.822s] -- Installing: /home/leo/RM_prac/install/practica4_pkg/share/practica4_pkg/srv/ResetMap_Response.msg
[69.822s] -- Installing: /home/leo/RM_prac/install/practica4_pkg/lib/practica4_pkg/map_pointcloud_node
[69.825s] -- Set runtime path of "/home/leo/RM_prac/install/practica4_pkg/lib/practica4_pkg/map_pointcloud_node" to ""
[69.825s] -- Installing: /home/leo/RM_prac/install/practica4_pkg/share/practica4_pkg/launch
[69.826s] -- Installing: /home/leo/RM_prac/install/practica4_pkg/share/practica4_pkg/launch/practica4_odom.launch.py
[69.826s] -- Installing: /home/leo/RM_prac/install/practica4_pkg/share/practica4_pkg/launch/practica4_scan_matching.launch.py
[69.827s] [31mCMake Error at cmake_install.cmake:395 (file):
[69.827s]   file INSTALL cannot find "/home/leo/RM_prac/src/practica4_pkg/rviz": No
[69.827s]   such file or directory.
[69.827s] 
[69.827s] [0m
[69.829s] Invoked command in '/home/leo/RM_prac/build/practica4_pkg' returned '1': CMAKE_PREFIX_PATH=/opt/ros/humble /usr/bin/cmake --install /home/leo/RM_prac/build/practica4_pkg
