[0.007s] Invoking command in '/home/rinese/RM/RM_prac/build/intro_ros_pkg': CMAKE_PREFIX_PATH=/opt/ros/humble /usr/bin/cmake /home/rinese/RM/RM_prac/src/intro_ros_pkg -DCMAKE_INSTALL_PREFIX=/home/rinese/RM/RM_prac/install/intro_ros_pkg
[0.077s] -- The C compiler identification is GNU 11.4.0
[0.130s] -- The CXX compiler identification is GNU 11.4.0
[0.137s] -- Detecting C compiler ABI info
[0.186s] -- Detecting C compiler ABI info - done
[0.191s] -- Check for working C compiler: /usr/bin/cc - skipped
[0.191s] -- Detecting C compile features
[0.192s] -- Detecting C compile features - done
[0.194s] -- Detecting CXX compiler ABI info
[0.249s] -- Detecting CXX compiler ABI info - done
[0.254s] -- Check for working CXX compiler: /usr/bin/c++ - skipped
[0.254s] -- Detecting CXX compile features
[0.254s] -- Detecting CXX compile features - done
[0.258s] -- Found ament_cmake: 1.3.12 (/opt/ros/humble/share/ament_cmake/cmake)
[0.363s] -- Found Python3: /usr/bin/python3 (found version "3.10.12") found components: Interpreter 
[0.440s] -- Found rclcpp: 16.0.15 (/opt/ros/humble/share/rclcpp/cmake)
[0.476s] -- Found rosidl_generator_c: 3.1.7 (/opt/ros/humble/share/rosidl_generator_c/cmake)
[0.480s] -- Found rosidl_adapter: 3.1.7 (/opt/ros/humble/share/rosidl_adapter/cmake)
[0.488s] -- Found rosidl_generator_cpp: 3.1.7 (/opt/ros/humble/share/rosidl_generator_cpp/cmake)
[0.499s] -- Using all available rosidl_typesupport_c: rosidl_typesupport_fastrtps_c;rosidl_typesupport_introspection_c
[0.512s] -- Using all available rosidl_typesupport_cpp: rosidl_typesupport_fastrtps_cpp;rosidl_typesupport_introspection_cpp
[0.550s] -- Found rmw_implementation_cmake: 6.1.2 (/opt/ros/humble/share/rmw_implementation_cmake/cmake)
[0.552s] -- Found rmw_fastrtps_cpp: 6.2.8 (/opt/ros/humble/share/rmw_fastrtps_cpp/cmake)
[0.618s] -- Found OpenSSL: /usr/lib/x86_64-linux-gnu/libcrypto.so (found version "3.0.2")  
[0.638s] -- Found FastRTPS: /opt/ros/humble/include  
[0.665s] -- Using RMW implementation 'rmw_fastrtps_cpp' as default
[0.674s] -- Looking for pthread.h
[0.722s] -- Looking for pthread.h - found
[0.722s] -- Performing Test CMAKE_HAVE_LIBC_PTHREAD
[0.775s] -- Performing Test CMAKE_HAVE_LIBC_PTHREAD - Success
[0.776s] -- Found Threads: TRUE  
[0.823s] -- Found tf2_geometry_msgs: 0.25.16 (/opt/ros/humble/share/tf2_geometry_msgs/cmake)
[0.847s] -- Found eigen3_cmake_module: 0.1.1 (/opt/ros/humble/share/eigen3_cmake_module/cmake)
[0.848s] -- Found Eigen3: TRUE (found version "3.4.0") 
[0.848s] -- Ensuring Eigen3 include directory is part of orocos-kdl CMake target
[0.944s] -- Found ament_lint_auto: 0.12.14 (/opt/ros/humble/share/ament_lint_auto/cmake)
[1.001s] -- Added test 'cppcheck' to perform static code analysis on C / C++ code
[1.001s] -- Configured cppcheck include dirs: 
[1.001s] -- Configured cppcheck exclude dirs and/or files: 
[1.002s] -- Added test 'flake8' to check Python code syntax and style conventions
[1.002s] -- Added test 'lint_cmake' to check CMake code style
[1.002s] -- Added test 'pep257' to check Python code against some of the docstring style conventions in PEP 257
[1.003s] -- Added test 'uncrustify' to check C / C++ code style
[1.003s] -- Configured uncrustify additional arguments: 
[1.003s] -- Added test 'xmllint' to check XML markup files
[1.004s] -- Configuring done
[1.015s] -- Generating done
[1.019s] -- Build files have been written to: /home/rinese/RM/RM_prac/build/intro_ros_pkg
[1.026s] Invoked command in '/home/rinese/RM/RM_prac/build/intro_ros_pkg' returned '0': CMAKE_PREFIX_PATH=/opt/ros/humble /usr/bin/cmake /home/rinese/RM/RM_prac/src/intro_ros_pkg -DCMAKE_INSTALL_PREFIX=/home/rinese/RM/RM_prac/install/intro_ros_pkg
[1.028s] Invoking command in '/home/rinese/RM/RM_prac/build/intro_ros_pkg': CMAKE_PREFIX_PATH=/opt/ros/humble /usr/bin/cmake --build /home/rinese/RM/RM_prac/build/intro_ros_pkg -- -j8 -l8
[1.060s] [ 25%] [32mBuilding CXX object CMakeFiles/publisher.dir/src/publisher_node.cpp.o[0m
[1.060s] [ 50%] [32mBuilding CXX object CMakeFiles/subscriber.dir/src/subscriber_node.cpp.o[0m
[4.332s] [ 75%] [32m[1mLinking CXX executable publisher[0m
[4.536s] [ 75%] Built target publisher
[6.724s] [100%] [32m[1mLinking CXX executable subscriber[0m
[7.023s] [100%] Built target subscriber
[7.033s] Invoked command in '/home/rinese/RM/RM_prac/build/intro_ros_pkg' returned '0': CMAKE_PREFIX_PATH=/opt/ros/humble /usr/bin/cmake --build /home/rinese/RM/RM_prac/build/intro_ros_pkg -- -j8 -l8
[7.041s] Invoking command in '/home/rinese/RM/RM_prac/build/intro_ros_pkg': CMAKE_PREFIX_PATH=/opt/ros/humble /usr/bin/cmake --install /home/rinese/RM/RM_prac/build/intro_ros_pkg
[7.046s] -- Install configuration: ""
[7.046s] -- Installing: /home/rinese/RM/RM_prac/install/intro_ros_pkg/lib/intro_ros_pkg/publisher
[7.047s] -- Set runtime path of "/home/rinese/RM/RM_prac/install/intro_ros_pkg/lib/intro_ros_pkg/publisher" to ""
[7.047s] -- Installing: /home/rinese/RM/RM_prac/install/intro_ros_pkg/lib/intro_ros_pkg/subscriber
[7.049s] -- Set runtime path of "/home/rinese/RM/RM_prac/install/intro_ros_pkg/lib/intro_ros_pkg/subscriber" to ""
[7.049s] -- Installing: /home/rinese/RM/RM_prac/install/intro_ros_pkg/share/intro_ros_pkg//launch
[7.049s] -- Installing: /home/rinese/RM/RM_prac/install/intro_ros_pkg/share/intro_ros_pkg//launch/intro_ros_param.launch.py
[7.049s] -- Installing: /home/rinese/RM/RM_prac/install/intro_ros_pkg/share/intro_ros_pkg//launch/intro_ros_remap.launch.py
[7.049s] -- Installing: /home/rinese/RM/RM_prac/install/intro_ros_pkg/share/intro_ros_pkg//launch/intro_ros.launch.py
[7.049s] -- Installing: /home/rinese/RM/RM_prac/install/intro_ros_pkg/share/ament_index/resource_index/package_run_dependencies/intro_ros_pkg
[7.049s] -- Installing: /home/rinese/RM/RM_prac/install/intro_ros_pkg/share/ament_index/resource_index/parent_prefix_path/intro_ros_pkg
[7.049s] -- Installing: /home/rinese/RM/RM_prac/install/intro_ros_pkg/share/intro_ros_pkg/environment/ament_prefix_path.sh
[7.049s] -- Installing: /home/rinese/RM/RM_prac/install/intro_ros_pkg/share/intro_ros_pkg/environment/ament_prefix_path.dsv
[7.049s] -- Installing: /home/rinese/RM/RM_prac/install/intro_ros_pkg/share/intro_ros_pkg/environment/path.sh
[7.049s] -- Installing: /home/rinese/RM/RM_prac/install/intro_ros_pkg/share/intro_ros_pkg/environment/path.dsv
[7.049s] -- Installing: /home/rinese/RM/RM_prac/install/intro_ros_pkg/share/intro_ros_pkg/local_setup.bash
[7.049s] -- Installing: /home/rinese/RM/RM_prac/install/intro_ros_pkg/share/intro_ros_pkg/local_setup.sh
[7.049s] -- Installing: /home/rinese/RM/RM_prac/install/intro_ros_pkg/share/intro_ros_pkg/local_setup.zsh
[7.049s] -- Installing: /home/rinese/RM/RM_prac/install/intro_ros_pkg/share/intro_ros_pkg/local_setup.dsv
[7.049s] -- Installing: /home/rinese/RM/RM_prac/install/intro_ros_pkg/share/intro_ros_pkg/package.dsv
[7.050s] -- Installing: /home/rinese/RM/RM_prac/install/intro_ros_pkg/share/ament_index/resource_index/packages/intro_ros_pkg
[7.050s] -- Installing: /home/rinese/RM/RM_prac/install/intro_ros_pkg/share/intro_ros_pkg/cmake/intro_ros_pkgConfig.cmake
[7.050s] -- Installing: /home/rinese/RM/RM_prac/install/intro_ros_pkg/share/intro_ros_pkg/cmake/intro_ros_pkgConfig-version.cmake
[7.050s] -- Installing: /home/rinese/RM/RM_prac/install/intro_ros_pkg/share/intro_ros_pkg/package.xml
[7.051s] Invoked command in '/home/rinese/RM/RM_prac/build/intro_ros_pkg' returned '0': CMAKE_PREFIX_PATH=/opt/ros/humble /usr/bin/cmake --install /home/rinese/RM/RM_prac/build/intro_ros_pkg
